2024-07-27 11:51:52,015 [INFO] Activator:176 - 


2024-07-27 11:51:52,021 [INFO] Activator:177 - !SESSION log4j initialized
2024-07-27 11:51:56,829 [INFO] LogOutputStream:77 - [STDOUT_REDIRECT] 
2024-07-27 11:51:57,603 [ERROR] ConfigurationRetriever:142 - IOException on connection: sw-center.st.com
2024-07-27 11:51:57,604 [ERROR] ConfigurationRetriever:142 - IOException on connection: sw-center.st.com
2024-07-27 11:51:57,604 [ERROR] ConfigurationRetriever:142 - IOException on connection: sw-center.st.com
2024-07-27 11:51:58,102 [INFO] ApplicationProperties:184 - Using Application install path: C:\ST\STM32CubeIDE_1.15.1\STM32CubeIDE\plugins\com.st.stm32cube.common.mx_6.11.1.202404110753
2024-07-27 11:51:58,123 [INFO] DbMcusXml:78 - Set database path to: C:\ST\STM32CubeIDE_1.15.1\STM32CubeIDE\plugins\com.st.stm32cube.common.mx_6.11.1.202404110753\\db\/mcu/
2024-07-27 11:51:58,123 [INFO] ApiDb:274 - Set plugin database path to: C:\ST\STM32CubeIDE_1.15.1\STM32CubeIDE\plugins\com.st.stm32cube.common.mx_6.11.1.202404110753\\db\/plugins/boardmanager/
2024-07-27 11:51:58,123 [WARN] ApiDb:259 - Overriding images path with different value:  => C:\ST\STM32CubeIDE_1.15.1\STM32CubeIDE\plugins\com.st.stm32cube.common.mx_6.11.1.202404110753\\db\/plugins/mcufinder/images/
2024-07-27 11:51:58,130 [INFO] ApiDb:250 - Set database path to: C:\Users\bhadula.kishor\.stmcufinder\plugins\mcufinder//mcu/
2024-07-27 11:51:58,132 [INFO] DbMcusAds:125 - Set database path to: C:\Users\bhadula.kishor\.stmcufinder\plugins\mcufinder//mcu/
2024-07-27 11:51:58,135 [INFO] CrossReferenceDbSqlite:203 - Set database path to: C:\Users\bhadula.kishor\.stmcufinder\plugins\mcufinder//mcu/cs/
2024-07-27 11:51:58,259 [INFO] RulesReader:64 - Compatibility file has been processed (297 Rules)
2024-07-27 11:51:58,408 [INFO] DbMcusXml:78 - Set database path to: C:\ST\STM32CubeIDE_1.15.1\STM32CubeIDE\plugins\com.st.stm32cube.common.mx_6.11.1.202404110753\\db\/mcu/
2024-07-27 11:51:58,408 [INFO] ApiDb:274 - Set plugin database path to: C:\ST\STM32CubeIDE_1.15.1\STM32CubeIDE\plugins\com.st.stm32cube.common.mx_6.11.1.202404110753\\db\/plugins/boardmanager/
2024-07-27 11:51:58,408 [INFO] ApiDb:261 - Set plugin images path to: C:\ST\STM32CubeIDE_1.15.1\STM32CubeIDE\plugins\com.st.stm32cube.common.mx_6.11.1.202404110753\\db\/plugins/mcufinder/images/
2024-07-27 11:51:58,408 [WARN] DbFile:41 - Overriding database path with different value: C:\Users\bhadula.kishor\.stmcufinder\plugins\mcufinder/ => C:\Users\bhadula.kishor\.stmcufinder\plugins\mcufinder
2024-07-27 11:51:58,408 [INFO] ApiDb:250 - Set database path to: C:\Users\bhadula.kishor\.stmcufinder\plugins\mcufinder//mcu/
2024-07-27 11:51:58,408 [WARN] DbFile:41 - Overriding database path with different value: C:\Users\bhadula.kishor\.stmcufinder\plugins\mcufinder/ => C:\Users\bhadula.kishor\.stmcufinder\plugins\mcufinder
2024-07-27 11:51:58,408 [INFO] DbMcusAds:125 - Set database path to: C:\Users\bhadula.kishor\.stmcufinder\plugins\mcufinder//mcu/
2024-07-27 11:51:58,409 [WARN] DbFile:41 - Overriding database path with different value: C:\Users\bhadula.kishor\.stmcufinder\plugins\mcufinder/ => C:\Users\bhadula.kishor\.stmcufinder\plugins\mcufinder
2024-07-27 11:51:58,409 [WARN] DbFile:41 - Overriding database path with different value: C:\Users\bhadula.kishor\.stmcufinder\plugins\mcufinder/ => C:\Users\bhadula.kishor\.stmcufinder\plugins\mcufinder
2024-07-27 11:51:58,409 [INFO] CrossReferenceDbSqlite:203 - Set database path to: C:\Users\bhadula.kishor\.stmcufinder\plugins\mcufinder//mcu/cs/
2024-07-27 11:51:58,509 [INFO] MainPanel:264 - HeapMemory: 268435456
2024-07-27 11:51:58,581 [INFO] DbMcusXml:78 - Set database path to: C:\ST\STM32CubeIDE_1.15.1\STM32CubeIDE\plugins\com.st.stm32cube.common.mx_6.11.1.202404110753\\db\/mcu/
2024-07-27 11:51:58,581 [INFO] ApiDb:274 - Set plugin database path to: C:\ST\STM32CubeIDE_1.15.1\STM32CubeIDE\plugins\com.st.stm32cube.common.mx_6.11.1.202404110753\\db\/plugins/boardmanager/
2024-07-27 11:51:58,582 [INFO] ApiDb:261 - Set plugin images path to: C:\ST\STM32CubeIDE_1.15.1\STM32CubeIDE\plugins\com.st.stm32cube.common.mx_6.11.1.202404110753\\db\/plugins/mcufinder/images/
2024-07-27 11:51:58,582 [WARN] DbFile:41 - Overriding database path with different value: C:\Users\bhadula.kishor\.stmcufinder\plugins\mcufinder/ => C:\Users\bhadula.kishor\.stmcufinder\plugins\mcufinder
2024-07-27 11:51:58,582 [INFO] ApiDb:250 - Set database path to: C:\Users\bhadula.kishor\.stmcufinder\plugins\mcufinder//mcu/
2024-07-27 11:51:58,582 [WARN] DbFile:41 - Overriding database path with different value: C:\Users\bhadula.kishor\.stmcufinder\plugins\mcufinder/ => C:\Users\bhadula.kishor\.stmcufinder\plugins\mcufinder
2024-07-27 11:51:58,582 [INFO] DbMcusAds:125 - Set database path to: C:\Users\bhadula.kishor\.stmcufinder\plugins\mcufinder//mcu/
2024-07-27 11:51:58,582 [WARN] DbFile:41 - Overriding database path with different value: C:\Users\bhadula.kishor\.stmcufinder\plugins\mcufinder/ => C:\Users\bhadula.kishor\.stmcufinder\plugins\mcufinder
2024-07-27 11:51:58,582 [WARN] DbFile:41 - Overriding database path with different value: C:\Users\bhadula.kishor\.stmcufinder\plugins\mcufinder/ => C:\Users\bhadula.kishor\.stmcufinder\plugins\mcufinder
2024-07-27 11:51:58,582 [INFO] CrossReferenceDbSqlite:203 - Set database path to: C:\Users\bhadula.kishor\.stmcufinder\plugins\mcufinder//mcu/cs/
2024-07-27 11:51:58,596 [INFO] ApplicationProperties:184 - Using Application install path: C:\ST\STM32CubeIDE_1.15.1\STM32CubeIDE\plugins\com.st.stm32cube.common.mx_6.11.1.202404110753
2024-07-27 11:51:58,598 [INFO] PluginManage:196 - Search for loadable plugins [exclusion list=, ]
2024-07-27 11:51:58,599 [INFO] PluginManage:310 - Check plugin analytics
2024-07-27 11:51:58,840 [INFO] AnalyticsPlugin:253 - Accepted Software Licenses: 
2024-07-27 11:51:58,840 [INFO] AnalyticsPlugin:255 - Accepted CMSIS Pack Licenses: 
2024-07-27 11:51:58,840 [INFO] AnalyticsPlugin:257 - Accepted Firmware Licenses: 
2024-07-27 11:51:58,847 [INFO] PluginManage:359 - Loaded plugin analytics (category:tool,tabindex:-1)
2024-07-27 11:51:58,847 [ERROR] ConfigurationRetriever:142 - IOException on connection: sw-center.st.com
2024-07-27 11:51:58,848 [ERROR] ConfigurationRetriever:142 - IOException on connection: sw-center.st.com
2024-07-27 11:51:58,848 [ERROR] ConfigurationRetriever:142 - IOException on connection: sw-center.st.com
2024-07-27 11:51:58,849 [INFO] PluginManage:310 - Check plugin cadmodel
2024-07-27 11:51:58,859 [INFO] CADModel:105 - Init CAD model plugin
2024-07-27 11:51:58,859 [INFO] PluginManage:359 - Loaded plugin cadmodel (category:power,tabindex:5)
2024-07-27 11:51:58,859 [INFO] PluginManage:310 - Check plugin clock
2024-07-27 11:51:58,877 [INFO] PluginManage:359 - Loaded plugin clock (category:base,tabindex:2)
2024-07-27 11:51:58,877 [INFO] PluginManage:310 - Check plugin ddr
2024-07-27 11:51:58,880 [INFO] PluginManage:359 - Loaded plugin ddr (category:tool,tabindex:6)
2024-07-27 11:51:58,881 [INFO] PluginManage:310 - Check plugin filemanager
2024-07-27 11:51:59,055 [INFO] PluginManage:359 - Loaded plugin filemanager (category:base,tabindex:10)
2024-07-27 11:51:59,055 [INFO] PluginManage:310 - Check plugin ipmanager
2024-07-27 11:51:59,064 [INFO] PluginManage:359 - Loaded plugin ipmanager (category:base,tabindex:5)
2024-07-27 11:51:59,064 [INFO] PluginManage:310 - Check plugin lpbam
2024-07-27 11:51:59,073 [INFO] PluginManage:359 - Loaded plugin lpbam (category:base,tabindex:0)
2024-07-27 11:51:59,073 [INFO] PluginManage:310 - Check plugin memorymap
2024-07-27 11:51:59,088 [INFO] PluginManage:359 - Loaded plugin memorymap (category:base,tabindex:4)
2024-07-27 11:51:59,088 [INFO] PluginManage:310 - Check plugin pinoutandconfiguration
2024-07-27 11:51:59,096 [INFO] PluginManage:359 - Loaded plugin pinoutandconfiguration (category:base,tabindex:1)
2024-07-27 11:51:59,096 [INFO] PluginManage:310 - Check plugin pinoutconfig
2024-07-27 11:51:59,237 [WARN] SupportedApi:132 - Cannot load RTOS API schema: s4s-elt-must-match.1: The content of 'definitions' must match (annotation?, (simpleType | complexType)?, (unique | key | keyref)*)). A problem was found starting at: attribute.
2024-07-27 11:51:59,385 [INFO] PluginManage:359 - Loaded plugin pinoutconfig (category:base,tabindex:0)
2024-07-27 11:51:59,385 [INFO] PluginManage:310 - Check plugin power
2024-07-27 11:51:59,406 [INFO] PluginManage:359 - Loaded plugin power (category:power,tabindex:4)
2024-07-27 11:51:59,406 [INFO] PluginManage:310 - Check plugin projectmanager
2024-07-27 11:51:59,434 [INFO] PluginManage:359 - Loaded plugin projectmanager (category:projectmanager,tabindex:3)
2024-07-27 11:51:59,434 [INFO] PluginManage:310 - Check plugin thirdparty
2024-07-27 11:51:59,642 [WARN] IntegrityCheckThread:84 - waiting for thirdparty lock release [integrity check]
2024-07-27 11:51:59,642 [INFO] IntegrityCheckThread:86 - entering critical section [integrity check]
2024-07-27 11:51:59,643 [INFO] PluginManage:359 - Loaded plugin thirdparty (category:base,tabindex:-1)
2024-07-27 11:51:59,643 [INFO] PluginManage:310 - Check plugin tools
2024-07-27 11:51:59,643 [INFO] ThirdPartyUpdaterWithRetryManager:70 - Updater plugin not ready yet. [1/15]
2024-07-27 11:51:59,648 [INFO] PluginManage:359 - Loaded plugin tools (category:base,tabindex:7)
2024-07-27 11:51:59,648 [INFO] PluginManage:310 - Check plugin tutovideos
2024-07-27 11:51:59,877 [INFO] PluginManage:359 - Loaded plugin tutovideos (category:base,tabindex:-1)
2024-07-27 11:51:59,877 [INFO] PluginManage:310 - Check plugin updater
2024-07-27 11:51:59,893 [INFO] PluginManage:359 - Loaded plugin updater (category:base,tabindex:12)
2024-07-27 11:51:59,893 [INFO] PluginManage:310 - Check plugin userauth
2024-07-27 11:51:59,901 [INFO] UserAuth:114 - Init User Auth plugin
2024-07-27 11:51:59,901 [INFO] PluginManage:359 - Loaded plugin userauth (category:base,tabindex:14)
2024-07-27 11:51:59,902 [INFO] PluginManage:283 - PluginManage : Loaded plugins [17]
2024-07-27 11:52:00,174 [INFO] PinOutPanel:1561 - setPackage(No Configuration,No Configuration)
2024-07-27 11:52:00,274 [INFO] CADModel:165 - CPN selected for project level
2024-07-27 11:52:00,274 [INFO] CADModel:114 - Register for checkConnection events
2024-07-27 11:52:00,293 [INFO] IPUIPlugin:80 - create IPUIPlugin
2024-07-27 11:52:00,293 [INFO] PluginManager:220 - loadIPPluginJar : add adc
2024-07-27 11:52:00,296 [INFO] IPUIPlugin:80 - create IPUIPlugin
2024-07-27 11:52:00,296 [INFO] PluginManager:220 - loadIPPluginJar : add aes
2024-07-27 11:52:00,300 [INFO] IPUIPlugin:80 - create IPUIPlugin
2024-07-27 11:52:00,300 [INFO] PluginManager:220 - loadIPPluginJar : add can
2024-07-27 11:52:00,302 [INFO] IPUIPlugin:80 - create IPUIPlugin
2024-07-27 11:52:00,303 [INFO] PluginManager:220 - loadIPPluginJar : add comp
2024-07-27 11:52:00,306 [INFO] IPUIPlugin:80 - create IPUIPlugin
2024-07-27 11:52:00,306 [INFO] PluginManager:220 - loadIPPluginJar : add cryp
2024-07-27 11:52:00,308 [INFO] IPUIPlugin:80 - create IPUIPlugin
2024-07-27 11:52:00,308 [INFO] PluginManager:220 - loadIPPluginJar : add dfsdm
2024-07-27 11:52:00,321 [INFO] IPUIPlugin:80 - create IPUIPlugin
2024-07-27 11:52:00,322 [INFO] PluginManager:220 - loadIPPluginJar : add dma
2024-07-27 11:52:00,325 [INFO] IPUIPlugin:80 - create IPUIPlugin
2024-07-27 11:52:00,325 [INFO] PluginManager:220 - loadIPPluginJar : add dma3
2024-07-27 11:52:00,328 [INFO] IPUIPlugin:80 - create IPUIPlugin
2024-07-27 11:52:00,329 [INFO] PluginManager:220 - loadIPPluginJar : add extmemmanager
2024-07-27 11:52:00,331 [INFO] IPUIPlugin:80 - create IPUIPlugin
2024-07-27 11:52:00,331 [INFO] PluginManager:220 - loadIPPluginJar : add fatfs
2024-07-27 11:52:00,334 [INFO] IPUIPlugin:80 - create IPUIPlugin
2024-07-27 11:52:00,334 [INFO] PluginManager:220 - loadIPPluginJar : add fmc
2024-07-27 11:52:00,340 [INFO] IPUIPlugin:80 - create IPUIPlugin
2024-07-27 11:52:00,340 [INFO] PluginManager:220 - loadIPPluginJar : add freertos
2024-07-27 11:52:00,342 [INFO] IPUIPlugin:80 - create IPUIPlugin
2024-07-27 11:52:00,342 [INFO] PluginManager:220 - loadIPPluginJar : add genericplugin
2024-07-27 11:52:00,345 [INFO] IPUIPlugin:80 - create IPUIPlugin
2024-07-27 11:52:00,345 [INFO] PluginManager:220 - loadIPPluginJar : add gfxmmu
2024-07-27 11:52:00,350 [INFO] IPUIPlugin:80 - create IPUIPlugin
2024-07-27 11:52:00,350 [INFO] PluginManager:220 - loadIPPluginJar : add gic
2024-07-27 11:52:00,354 [INFO] IPUIPlugin:80 - create IPUIPlugin
2024-07-27 11:52:00,354 [INFO] PluginManager:220 - loadIPPluginJar : add gpio
2024-07-27 11:52:00,357 [INFO] IPUIPlugin:80 - create IPUIPlugin
2024-07-27 11:52:00,357 [INFO] PluginManager:220 - loadIPPluginJar : add gtzc
2024-07-27 11:52:00,360 [INFO] IPUIPlugin:80 - create IPUIPlugin
2024-07-27 11:52:00,360 [INFO] PluginManager:220 - loadIPPluginJar : add hash
2024-07-27 11:52:00,362 [INFO] IPUIPlugin:80 - create IPUIPlugin
2024-07-27 11:52:00,363 [INFO] PluginManager:220 - loadIPPluginJar : add i2c
2024-07-27 11:52:00,365 [INFO] IPUIPlugin:80 - create IPUIPlugin
2024-07-27 11:52:00,365 [INFO] PluginManager:220 - loadIPPluginJar : add i2s
2024-07-27 11:52:00,368 [INFO] IPUIPlugin:80 - create IPUIPlugin
2024-07-27 11:52:00,368 [INFO] PluginManager:220 - loadIPPluginJar : add i3c
2024-07-27 11:52:00,372 [INFO] IPUIPlugin:80 - create IPUIPlugin
2024-07-27 11:52:00,372 [INFO] PluginManager:220 - loadIPPluginJar : add ipddr
2024-07-27 11:52:00,380 [INFO] IPUIPlugin:80 - create IPUIPlugin
2024-07-27 11:52:00,380 [INFO] PluginManager:220 - loadIPPluginJar : add linkedlist
2024-07-27 11:52:00,383 [INFO] IPUIPlugin:80 - create IPUIPlugin
2024-07-27 11:52:00,383 [INFO] PluginManager:220 - loadIPPluginJar : add lorawan
2024-07-27 11:52:00,385 [INFO] IPUIPlugin:80 - create IPUIPlugin
2024-07-27 11:52:00,385 [INFO] PluginManager:220 - loadIPPluginJar : add ltdc
2024-07-27 11:52:00,390 [INFO] IPUIPlugin:80 - create IPUIPlugin
2024-07-27 11:52:00,391 [INFO] PluginManager:220 - loadIPPluginJar : add mdma
2024-07-27 11:52:00,395 [INFO] IPUIPlugin:80 - create IPUIPlugin
2024-07-27 11:52:00,395 [INFO] PluginManager:220 - loadIPPluginJar : add nvic
2024-07-27 11:52:00,398 [INFO] IPUIPlugin:80 - create IPUIPlugin
2024-07-27 11:52:00,398 [INFO] PluginManager:220 - loadIPPluginJar : add opamp
2024-07-27 11:52:00,401 [INFO] IPUIPlugin:80 - create IPUIPlugin
2024-07-27 11:52:00,402 [INFO] PluginManager:220 - loadIPPluginJar : add openamp
2024-07-27 11:52:00,404 [INFO] IPUIPlugin:80 - create IPUIPlugin
2024-07-27 11:52:00,404 [INFO] PluginManager:220 - loadIPPluginJar : add pdm2pcm
2024-07-27 11:52:00,410 [INFO] IPUIPlugin:80 - create IPUIPlugin
2024-07-27 11:52:00,412 [INFO] PluginManager:220 - loadIPPluginJar : add plateformsettings
2024-07-27 11:52:00,413 [INFO] IPUIPlugin:80 - create IPUIPlugin
2024-07-27 11:52:00,413 [INFO] PluginManager:220 - loadIPPluginJar : add quadspi
2024-07-27 11:52:00,416 [INFO] IPUIPlugin:80 - create IPUIPlugin
2024-07-27 11:52:00,416 [INFO] PluginManager:220 - loadIPPluginJar : add resmgrutility
2024-07-27 11:52:00,419 [INFO] IPUIPlugin:80 - create IPUIPlugin
2024-07-27 11:52:00,419 [INFO] PluginManager:220 - loadIPPluginJar : add sai
2024-07-27 11:52:00,422 [INFO] IPUIPlugin:80 - create IPUIPlugin
2024-07-27 11:52:00,422 [INFO] PluginManager:220 - loadIPPluginJar : add spi
2024-07-27 11:52:00,427 [INFO] IPUIPlugin:80 - create IPUIPlugin
2024-07-27 11:52:00,427 [INFO] PluginManager:220 - loadIPPluginJar : add stm32_wpan
2024-07-27 11:52:00,428 [INFO] IPUIPlugin:80 - create IPUIPlugin
2024-07-27 11:52:00,429 [INFO] PluginManager:220 - loadIPPluginJar : add tim
2024-07-27 11:52:00,431 [INFO] IPUIPlugin:80 - create IPUIPlugin
2024-07-27 11:52:00,431 [INFO] PluginManager:220 - loadIPPluginJar : add touchsensing
2024-07-27 11:52:00,433 [INFO] IPUIPlugin:80 - create IPUIPlugin
2024-07-27 11:52:00,433 [INFO] PluginManager:220 - loadIPPluginJar : add tracer_emb
2024-07-27 11:52:00,434 [INFO] IPUIPlugin:80 - create IPUIPlugin
2024-07-27 11:52:00,434 [INFO] PluginManager:220 - loadIPPluginJar : add ts
2024-07-27 11:52:00,436 [INFO] IPUIPlugin:80 - create IPUIPlugin
2024-07-27 11:52:00,436 [INFO] PluginManager:220 - loadIPPluginJar : add tsc
2024-07-27 11:52:00,438 [INFO] IPUIPlugin:80 - create IPUIPlugin
2024-07-27 11:52:00,438 [INFO] PluginManager:220 - loadIPPluginJar : add ucpd
2024-07-27 11:52:00,440 [INFO] IPUIPlugin:80 - create IPUIPlugin
2024-07-27 11:52:00,440 [INFO] PluginManager:220 - loadIPPluginJar : add usart
2024-07-27 11:52:00,442 [INFO] IPUIPlugin:80 - create IPUIPlugin
2024-07-27 11:52:00,442 [INFO] PluginManager:220 - loadIPPluginJar : add usbx
2024-07-27 11:52:00,562 [INFO] CADModel:165 - CPN selected for project level
2024-07-27 11:52:00,563 [INFO] CADModel:114 - Register for checkConnection events
2024-07-27 11:52:00,563 [FATAL] Updater:308 - Updater called before beeing initialized
2024-07-27 11:52:00,563 [ERROR] CADModel:125 - Updater not yet initialized, retry later 
2024-07-27 11:52:00,696 [INFO] CADModel:165 - CPN selected for project level
2024-07-27 11:52:00,697 [INFO] CADModel:114 - Register for checkConnection events
2024-07-27 11:52:00,697 [FATAL] Updater:308 - Updater called before beeing initialized
2024-07-27 11:52:00,697 [ERROR] CADModel:125 - Updater not yet initialized, retry later 
2024-07-27 11:52:00,700 [FATAL] Updater:308 - Updater called before beeing initialized
2024-07-27 11:52:00,827 [FATAL] Updater:308 - Updater called before beeing initialized
2024-07-27 11:52:00,832 [INFO] DbMcusAds:53 - JSON generation date=Thu May 16 14:52:00 IST 2024 (1715851320852)
2024-07-27 11:52:00,833 [FATAL] Updater:308 - Updater called before beeing initialized
2024-07-27 11:52:00,866 [WARN] DetailPanel:346 - Failed to get advertising image, set to default
2024-07-27 11:52:00,937 [FATAL] Updater:308 - Updater called before beeing initialized
2024-07-27 11:52:00,938 [FATAL] Updater:308 - Updater called before beeing initialized
2024-07-27 11:52:00,938 [FATAL] Updater:308 - Updater called before beeing initialized
2024-07-27 11:52:00,939 [WARN] DetailPanel:346 - Failed to get advertising image, set to default
2024-07-27 11:52:00,939 [FATAL] Updater:308 - Updater called before beeing initialized
2024-07-27 11:52:00,979 [ERROR] Updater:1120 - MainUpdater not yet initialized. External WinMGr cannot be set.
2024-07-27 11:52:00,980 [INFO] Updater:1056 - Updater Version found : 6.11.1
2024-07-27 11:52:00,998 [INFO] ApplicationProperties:184 - Using Application install path: C:\ST\STM32CubeIDE_1.15.1\STM32CubeIDE\plugins\com.st.stm32cube.common.mx_6.11.1.202404110753
2024-07-27 11:52:01,273 [INFO] MainUpdater:2873 - connection check result : 22
2024-07-27 11:52:01,273 [INFO] MainUpdater:290 - Updater Check For Update Now.
2024-07-27 11:52:01,274 [INFO] MicroXplorer:498 - Change Database Version : DB.6.0.111
2024-07-27 11:52:01,307 [INFO] McuFinderGlobals:63 - Set McuFinder mode to 2 (CubeIDE integrated)
2024-07-27 11:52:01,307 [INFO] UserAuth:179 - activating auth plugin
2024-07-27 11:52:01,311 [INFO] UserAuth:415 - Internet connection configuration mode: 2
2024-07-27 11:52:01,329 [INFO] UserAuth:415 - Internet connection configuration mode: 2
2024-07-27 11:52:01,464 [INFO] CheckServerUpdateThread:120 - End of CheckServer Thread
2024-07-27 11:52:02,841 [WARN] PackLoader:240 - Cannot read IP mode file for STMicroelectronics.FP-SNS-MOTENVWB1.1.4.0
2024-07-27 11:52:02,855 [WARN] PackLoader:240 - Cannot read IP mode file for STMicroelectronics.X-CUBE-SMBUS.2.1.0
2024-07-27 11:52:02,860 [WARN] PackLoader:240 - Cannot read IP mode file for STMicroelectronics.X-CUBE-TOUCHGFX.4.23.2
2024-07-27 11:52:02,889 [WARN] PackLoader:240 - Cannot read IP mode file for STMicroelectronics.X-CUBE-AZRTOS-F7.1.1.0
2024-07-27 11:52:02,900 [WARN] PackLoader:240 - Cannot read IP mode file for STMicroelectronics.FP-SNS-FLIGHT1.5.0.2
2024-07-27 11:52:02,910 [WARN] PackLoader:240 - Cannot read IP mode file for STMicroelectronics.X-CUBE-DISPLAY.3.0.0
2024-07-27 11:52:02,932 [WARN] PackLoader:240 - Cannot read IP mode file for STMicroelectronics.X-CUBE-BLE1.7.0.0
2024-07-27 11:52:02,939 [WARN] PackLoader:240 - Cannot read IP mode file for emotas.I-CUBE-CANOPEN.1.3.0
2024-07-27 11:52:02,948 [WARN] PackLoader:240 - Cannot read IP mode file for STMicroelectronics.X-CUBE-BLEMGR.3.1.0
2024-07-27 11:52:02,956 [WARN] PackLoader:240 - Cannot read IP mode file for STMicroelectronics.FP-SNS-SMARTAG2.1.2.0
2024-07-27 11:52:02,972 [INFO] LogOutputStream:77 - [STDOUT_REDIRECT] 1 : Invalid condition id : UX_CORESTACK_Condition cause : null
2024-07-27 11:52:02,973 [INFO] LogOutputStream:77 - [STDOUT_REDIRECT] 1 : Invalid condition id : UX_CORESTACK_Condition cause : null
2024-07-27 11:52:02,975 [INFO] LogOutputStream:77 - [STDOUT_REDIRECT] 1 : Invalid condition id : UX_CORESTACK_Condition cause : null
2024-07-27 11:52:02,976 [INFO] LogOutputStream:77 - [STDOUT_REDIRECT] 1 : Invalid condition id : UX_CORESTACK_Condition cause : null
2024-07-27 11:52:02,978 [INFO] LogOutputStream:77 - [STDOUT_REDIRECT] 1 : Invalid condition id : UX_CORESTACK_Condition cause : null
2024-07-27 11:52:02,980 [WARN] PackLoader:240 - Cannot read IP mode file for STMicroelectronics.X-CUBE-AZRTOS-WL.2.0.0
2024-07-27 11:52:02,986 [WARN] PackLoader:240 - Cannot read IP mode file for STMicroelectronics.FP-SNS-MOTENV1.5.0.0
2024-07-27 11:52:02,992 [WARN] PackLoader:240 - Cannot read IP mode file for wolfSSL.I-CUBE-wolfMQTT.1.19.0
2024-07-27 11:52:03,007 [WARN] PackLoader:240 - Cannot read IP mode file for WES.I-CUBE-Cesium.1.3.0
2024-07-27 11:52:03,014 [WARN] PackLoader:240 - Cannot read IP mode file for STMicroelectronics.X-CUBE-BLE2.3.3.0
2024-07-27 11:52:03,021 [WARN] PackLoader:240 - Cannot read IP mode file for STMicroelectronics.X-CUBE-TCPP.4.1.0
2024-07-27 11:52:03,058 [WARN] PackLoader:240 - Cannot read IP mode file for STMicroelectronics.X-CUBE-AZRTOS-G0.1.1.0
2024-07-27 11:52:03,092 [WARN] PackLoader:240 - Cannot read IP mode file for STMicroelectronics.X-CUBE-SAFEA1.1.2.2
2024-07-27 11:52:03,103 [WARN] PackLoader:240 - Cannot read IP mode file for STMicroelectronics.X-CUBE-NFC4.3.0.0
2024-07-27 11:52:03,128 [WARN] PackLoader:240 - Cannot read IP mode file for EmbeddedOffice.I-CUBE-FS-RTOS.1.0.1
2024-07-27 11:52:03,128 [ERROR] ConditionMgr:805 - Attr not supported : Dmpu
2024-07-27 11:52:03,128 [ERROR] ConditionMgr:805 - Attr not supported : Dmpu
2024-07-27 11:52:03,128 [ERROR] ConditionMgr:805 - Attr not supported : Dmpu
2024-07-27 11:52:03,129 [ERROR] ConditionMgr:805 - Attr not supported : Dmpu
2024-07-27 11:52:03,129 [ERROR] ConditionMgr:805 - Attr not supported : Dmpu
2024-07-27 11:52:03,129 [ERROR] ConditionMgr:805 - Attr not supported : Dmpu
2024-07-27 11:52:03,129 [ERROR] ConditionMgr:805 - Attr not supported : Dmpu
2024-07-27 11:52:03,129 [ERROR] ConditionMgr:805 - Attr not supported : Dmpu
2024-07-27 11:52:03,129 [ERROR] ConditionMgr:805 - Attr not supported : Dmpu
2024-07-27 11:52:03,129 [ERROR] ConditionMgr:805 - Attr not supported : Dmpu
2024-07-27 11:52:03,129 [ERROR] ConditionMgr:805 - Attr not supported : Dmpu
2024-07-27 11:52:03,129 [ERROR] ConditionMgr:805 - Attr not supported : Dmpu
2024-07-27 11:52:03,129 [ERROR] ConditionMgr:805 - Attr not supported : Dmpu
2024-07-27 11:52:03,129 [ERROR] ConditionMgr:805 - Attr not supported : Dmpu
2024-07-27 11:52:03,129 [ERROR] ConditionMgr:805 - Attr not supported : Dmpu
2024-07-27 11:52:03,129 [ERROR] ConditionMgr:805 - Attr not supported : Dmpu
2024-07-27 11:52:03,129 [ERROR] ConditionMgr:805 - Attr not supported : Dmpu
2024-07-27 11:52:03,129 [ERROR] ConditionMgr:805 - Attr not supported : Dmpu
2024-07-27 11:52:03,129 [ERROR] ConditionMgr:805 - Attr not supported : Dmpu
2024-07-27 11:52:03,129 [ERROR] ConditionMgr:805 - Attr not supported : Dmpu
2024-07-27 11:52:03,129 [ERROR] ConditionMgr:805 - Attr not supported : Dmpu
2024-07-27 11:52:03,129 [ERROR] ConditionMgr:805 - Attr not supported : Dmpu
2024-07-27 11:52:03,129 [ERROR] ConditionMgr:805 - Attr not supported : Dmpu
2024-07-27 11:52:03,129 [ERROR] ConditionMgr:805 - Attr not supported : Dmpu
2024-07-27 11:52:03,129 [ERROR] ConditionMgr:805 - Attr not supported : Dmpu
2024-07-27 11:52:03,129 [ERROR] ConditionMgr:805 - Attr not supported : Dmpu
2024-07-27 11:52:03,129 [ERROR] ConditionMgr:805 - Attr not supported : Dmpu
2024-07-27 11:52:03,130 [ERROR] ConditionMgr:805 - Attr not supported : Dmpu
2024-07-27 11:52:03,130 [ERROR] ConditionMgr:805 - Attr not supported : Dmpu
2024-07-27 11:52:03,130 [ERROR] ConditionMgr:805 - Attr not supported : Dmpu
2024-07-27 11:52:03,130 [ERROR] ConditionMgr:805 - Attr not supported : Dmpu
2024-07-27 11:52:03,130 [ERROR] ConditionMgr:805 - Attr not supported : Dmpu
2024-07-27 11:52:03,130 [ERROR] ConditionMgr:805 - Attr not supported : Dmpu
2024-07-27 11:52:03,130 [ERROR] ConditionMgr:805 - Attr not supported : Dmpu
2024-07-27 11:52:03,130 [ERROR] ConditionMgr:805 - Attr not supported : Dmpu
2024-07-27 11:52:03,130 [ERROR] ConditionMgr:805 - Attr not supported : Dmpu
2024-07-27 11:52:03,130 [ERROR] ConditionMgr:805 - Attr not supported : Dmpu
2024-07-27 11:52:03,130 [ERROR] ConditionMgr:805 - Attr not supported : Dmpu
2024-07-27 11:52:03,130 [ERROR] ConditionMgr:805 - Attr not supported : Dmpu
2024-07-27 11:52:03,130 [ERROR] ConditionMgr:805 - Attr not supported : Dmpu
2024-07-27 11:52:03,130 [ERROR] ConditionMgr:805 - Attr not supported : Dmpu
2024-07-27 11:52:03,130 [ERROR] ConditionMgr:805 - Attr not supported : Dmpu
2024-07-27 11:52:03,130 [ERROR] ConditionMgr:805 - Attr not supported : Dmpu
2024-07-27 11:52:03,130 [ERROR] ConditionMgr:805 - Attr not supported : Dmpu
2024-07-27 11:52:03,130 [ERROR] ConditionMgr:805 - Attr not supported : Dmpu
2024-07-27 11:52:03,130 [ERROR] ConditionMgr:805 - Attr not supported : Dmpu
2024-07-27 11:52:03,131 [ERROR] ConditionMgr:805 - Attr not supported : Dmpu
2024-07-27 11:52:03,131 [ERROR] ConditionMgr:805 - Attr not supported : Dmpu
2024-07-27 11:52:03,131 [ERROR] ConditionMgr:805 - Attr not supported : Dmpu
2024-07-27 11:52:03,131 [ERROR] ConditionMgr:805 - Attr not supported : Dmpu
2024-07-27 11:52:03,131 [ERROR] ConditionMgr:805 - Attr not supported : Dmpu
2024-07-27 11:52:03,131 [ERROR] ConditionMgr:805 - Attr not supported : Dmpu
2024-07-27 11:52:03,131 [ERROR] ConditionMgr:805 - Attr not supported : Dmpu
2024-07-27 11:52:03,131 [ERROR] ConditionMgr:805 - Attr not supported : Dmpu
2024-07-27 11:52:03,131 [ERROR] ConditionMgr:805 - Attr not supported : Dmpu
2024-07-27 11:52:03,131 [ERROR] ConditionMgr:805 - Attr not supported : Dmpu
2024-07-27 11:52:03,131 [ERROR] ConditionMgr:805 - Attr not supported : Dmpu
2024-07-27 11:52:03,131 [ERROR] ConditionMgr:805 - Attr not supported : Dmpu
2024-07-27 11:52:03,131 [ERROR] ConditionMgr:805 - Attr not supported : Dmpu
2024-07-27 11:52:03,131 [ERROR] ConditionMgr:805 - Attr not supported : Dmpu
2024-07-27 11:52:03,131 [ERROR] ConditionMgr:805 - Attr not supported : Dmpu
2024-07-27 11:52:03,131 [ERROR] ConditionMgr:805 - Attr not supported : Dmpu
2024-07-27 11:52:03,131 [ERROR] ConditionMgr:805 - Attr not supported : Dmpu
2024-07-27 11:52:03,131 [ERROR] ConditionMgr:805 - Attr not supported : Dmpu
2024-07-27 11:52:03,137 [WARN] PackLoader:240 - Cannot read IP mode file for RealThread.X-CUBE-RT-Thread_Nano.4.1.1
2024-07-27 11:52:03,142 [WARN] PackLoader:240 - Cannot read IP mode file for wolfSSL.I-CUBE-wolfSSL.5.7.0
2024-07-27 11:52:03,146 [WARN] PackLoader:240 - Cannot read IP mode file for STMicroelectronics.FP-ATR-SIGFOX1.3.2.0
2024-07-27 11:52:03,154 [WARN] PackLoader:240 - Cannot read IP mode file for STMicroelectronics.X-CUBE-EEPRMA1.5.1.0
2024-07-27 11:52:03,163 [WARN] PackLoader:240 - Cannot read IP mode file for ITTIA_DB.I-CUBE-ITTIADB.8.9.0
2024-07-27 11:52:03,197 [WARN] PackLoader:240 - Cannot read IP mode file for SEGGER.I-CUBE-embOS.1.3.1
2024-07-27 11:52:03,232 [WARN] PackLoader:240 - Cannot read IP mode file for STMicroelectronics.X-CUBE-ALGOBUILD.1.4.0
2024-07-27 11:52:03,238 [WARN] PackLoader:240 - Cannot read IP mode file for STMicroelectronics.X-CUBE-GNSS1.6.0.0
2024-07-27 11:52:03,259 [WARN] PackLoader:240 - Cannot read IP mode file for STMicroelectronics.X-CUBE-AZRTOS-F4.1.1.0
2024-07-27 11:52:03,267 [WARN] PackLoader:240 - Cannot read IP mode file for STMicroelectronics.X-CUBE-FREERTOS.1.2.0
2024-07-27 11:52:03,290 [WARN] PackLoader:240 - Cannot read IP mode file for STMicroelectronics.X-CUBE-AZRTOS-L5.2.0.0
2024-07-27 11:52:03,299 [WARN] PackLoader:240 - Cannot read IP mode file for STMicroelectronics.X-CUBE-NFC6.3.1.0
2024-07-27 11:52:03,308 [WARN] PackLoader:240 - Cannot read IP mode file for STMicroelectronics.X-CUBE-DPower.1.2.0
2024-07-27 11:52:03,312 [WARN] PackLoader:240 - Cannot read IP mode file for STMicroelectronics.X-CUBE-AI.9.0.0
2024-07-27 11:52:03,324 [WARN] PackLoader:240 - Cannot read IP mode file for STMicroelectronics.X-CUBE-NFC7.1.0.1
2024-07-27 11:52:03,328 [WARN] PackLoader:240 - Cannot read IP mode file for wolfSSL.I-CUBE-wolfTPM.3.2.0
2024-07-27 11:52:03,351 [WARN] ConditionMgr:438 - getConditionDescription Invalid condition id : LAN8742 Phy interface Condition cause : null
2024-07-27 11:52:03,352 [WARN] PackLoader:240 - Cannot read IP mode file for STMicroelectronics.X-CUBE-AZRTOS-L4.2.0.0
2024-07-27 11:52:03,353 [WARN] ConditionMgr:1039 - genDependencies : Invalid condition id : LAN8742 Phy interface Condition cause : null
2024-07-27 11:52:03,353 [WARN] ConditionMgr:1039 - genDependencies : Invalid condition id : LAN8742 Phy interface Condition cause : null
2024-07-27 11:52:03,353 [WARN] ConditionMgr:1039 - genDependencies : Invalid condition id : LAN8742 Phy interface Condition cause : null
2024-07-27 11:52:03,364 [WARN] PackLoader:240 - Cannot read IP mode file for STMicroelectronics.X-CUBE-SFXS2LP1.4.0.0
2024-07-27 11:52:03,375 [WARN] ConditionMgr:438 - getConditionDescription Invalid condition id : UX DEVICE CLASS RTOS Condition cause : null
2024-07-27 11:52:03,375 [WARN] ConditionMgr:438 - getConditionDescription Invalid condition id : UX DEVICE CLASS RTOS Condition cause : null
2024-07-27 11:52:03,377 [WARN] PackLoader:240 - Cannot read IP mode file for STMicroelectronics.X-CUBE-AZRTOS-WB.2.0.0
2024-07-27 11:52:03,377 [WARN] ConditionMgr:1039 - genDependencies : Invalid condition id : UX DEVICE CLASS RTOS Condition cause : null
2024-07-27 11:52:03,377 [WARN] ConditionMgr:1039 - genDependencies : Invalid condition id : UX DEVICE CLASS RTOS Condition cause : null
2024-07-27 11:52:03,378 [WARN] ConditionMgr:1039 - genDependencies : Invalid condition id : UX DEVICE CLASS RTOS Condition cause : null
2024-07-27 11:52:03,378 [WARN] ConditionMgr:1039 - genDependencies : Invalid condition id : UX DEVICE CLASS RTOS Condition cause : null
2024-07-27 11:52:03,378 [WARN] ConditionMgr:1039 - genDependencies : Invalid condition id : UX DEVICE CLASS RTOS Condition cause : null
2024-07-27 11:52:03,385 [WARN] PackLoader:240 - Cannot read IP mode file for STMicroelectronics.FP-SNS-STBOX1.2.0.0
2024-07-27 11:52:03,394 [WARN] PackLoader:240 - Cannot read IP mode file for STMicroelectronics.X-CUBE-SUBG2.5.0.0
2024-07-27 11:52:03,402 [WARN] PackLoader:240 - Cannot read IP mode file for Cesanta.I-CUBE-Mongoose.7.13.0
2024-07-27 11:52:03,414 [WARN] PackLoader:240 - Cannot read IP mode file for STMicroelectronics.X-CUBE-AZRTOS-G4.2.0.0
2024-07-27 11:52:03,419 [WARN] PackLoader:240 - Cannot read IP mode file for STMicroelectronics.X-CUBE-ISPU.2.0.0
2024-07-27 11:52:03,423 [WARN] PackLoader:240 - Cannot read IP mode file for STMicroelectronics.X-CUBE-ALS.1.0.2
2024-07-27 11:52:03,452 [WARN] PackLoader:240 - Cannot read IP mode file for STMicroelectronics.X-CUBE-MEMS1.10.0.0
2024-07-27 11:52:03,558 [WARN] PackLoader:240 - Cannot read IP mode file for STMicroelectronics.X-CUBE-TOUCHGFX.4.24.0
2024-07-27 11:52:03,563 [WARN] PackLoader:240 - Cannot read IP mode file for portGmbH.I-Cube-SoM-uGOAL.1.1.0
2024-07-27 11:52:03,602 [WARN] PackLoader:240 - Cannot read IP mode file for STMicroelectronics.X-CUBE-AZRTOS-H7RS.1.0.0
2024-07-27 11:52:03,609 [WARN] PackLoader:240 - Cannot read IP mode file for STMicroelectronics.FP-ATR-ASTRA1.2.0.0
2024-07-27 11:52:03,621 [WARN] PackLoader:240 - Cannot read IP mode file for STMicroelectronics.X-CUBE-TOF1.3.4.1
2024-07-27 11:52:03,644 [WARN] PackLoader:240 - Cannot read IP mode file for STMicroelectronics.X-CUBE-AZRTOS-H7.3.2.0
2024-07-27 11:52:03,656 [WARN] PackLoader:240 - Cannot read IP mode file for Infineon.AIROC-Wi-Fi-Bluetooth-STM32.1.6.0
2024-07-27 11:52:03,664 [WARN] PackLoader:240 - Cannot read IP mode file for wolfSSL.I-CUBE-wolfSSH.1.4.17
2024-07-27 11:52:03,666 [INFO] ThirdParty:978 - Integrity check success = true
2024-07-27 11:52:03,666 [INFO] IntegrityCheckThread:100 - exiting critical section [integrity check]
2024-07-27 11:52:03,666 [INFO] IntegrityCheckThread:103 - End integrity checks thread
2024-07-27 11:58:14,898 [ERROR] ConfigurationRetriever:142 - IOException on connection: sw-center.st.com
2024-07-27 11:58:14,898 [ERROR] ConfigurationRetriever:142 - IOException on connection: sw-center.st.com
2024-07-27 11:58:14,899 [ERROR] ConfigurationRetriever:142 - IOException on connection: sw-center.st.com
