2024-06-24 10:31:54,346 [INFO] Activator:176 - 


2024-06-24 10:31:54,352 [INFO] Activator:177 - !SESSION log4j initialized
2024-06-24 10:31:58,457 [INFO] LogOutputStream:77 - [STDOUT_REDIRECT] 
2024-06-24 10:31:59,672 [INFO] ApplicationProperties:184 - Using Application install path: C:\ST\STM32CubeIDE_1.15.1\STM32CubeIDE\plugins\com.st.stm32cube.common.mx_6.11.1.202404110753
2024-06-24 10:31:59,699 [INFO] DbMcusXml:78 - Set database path to: C:\ST\STM32CubeIDE_1.15.1\STM32CubeIDE\plugins\com.st.stm32cube.common.mx_6.11.1.202404110753\\db\/mcu/
2024-06-24 10:31:59,699 [INFO] ApiDb:274 - Set plugin database path to: C:\ST\STM32CubeIDE_1.15.1\STM32CubeIDE\plugins\com.st.stm32cube.common.mx_6.11.1.202404110753\\db\/plugins/boardmanager/
2024-06-24 10:31:59,700 [WARN] ApiDb:259 - Overriding images path with different value:  => C:\ST\STM32CubeIDE_1.15.1\STM32CubeIDE\plugins\com.st.stm32cube.common.mx_6.11.1.202404110753\\db\/plugins/mcufinder/images/
2024-06-24 10:31:59,713 [INFO] ApiDb:250 - Set database path to: C:\Users\bhadula.kishor\.stmcufinder\plugins\mcufinder//mcu/
2024-06-24 10:31:59,715 [INFO] DbMcusAds:125 - Set database path to: C:\Users\bhadula.kishor\.stmcufinder\plugins\mcufinder//mcu/
2024-06-24 10:31:59,719 [INFO] CrossReferenceDbSqlite:203 - Set database path to: C:\Users\bhadula.kishor\.stmcufinder\plugins\mcufinder//mcu/cs/
2024-06-24 10:31:59,920 [INFO] RulesReader:64 - Compatibility file has been processed (297 Rules)
2024-06-24 10:32:00,097 [INFO] DbMcusXml:78 - Set database path to: C:\ST\STM32CubeIDE_1.15.1\STM32CubeIDE\plugins\com.st.stm32cube.common.mx_6.11.1.202404110753\\db\/mcu/
2024-06-24 10:32:00,097 [INFO] ApiDb:274 - Set plugin database path to: C:\ST\STM32CubeIDE_1.15.1\STM32CubeIDE\plugins\com.st.stm32cube.common.mx_6.11.1.202404110753\\db\/plugins/boardmanager/
2024-06-24 10:32:00,098 [INFO] ApiDb:261 - Set plugin images path to: C:\ST\STM32CubeIDE_1.15.1\STM32CubeIDE\plugins\com.st.stm32cube.common.mx_6.11.1.202404110753\\db\/plugins/mcufinder/images/
2024-06-24 10:32:00,098 [WARN] DbFile:41 - Overriding database path with different value: C:\Users\bhadula.kishor\.stmcufinder\plugins\mcufinder/ => C:\Users\bhadula.kishor\.stmcufinder\plugins\mcufinder
2024-06-24 10:32:00,098 [INFO] ApiDb:250 - Set database path to: C:\Users\bhadula.kishor\.stmcufinder\plugins\mcufinder//mcu/
2024-06-24 10:32:00,098 [WARN] DbFile:41 - Overriding database path with different value: C:\Users\bhadula.kishor\.stmcufinder\plugins\mcufinder/ => C:\Users\bhadula.kishor\.stmcufinder\plugins\mcufinder
2024-06-24 10:32:00,098 [INFO] DbMcusAds:125 - Set database path to: C:\Users\bhadula.kishor\.stmcufinder\plugins\mcufinder//mcu/
2024-06-24 10:32:00,099 [WARN] DbFile:41 - Overriding database path with different value: C:\Users\bhadula.kishor\.stmcufinder\plugins\mcufinder/ => C:\Users\bhadula.kishor\.stmcufinder\plugins\mcufinder
2024-06-24 10:32:00,099 [WARN] DbFile:41 - Overriding database path with different value: C:\Users\bhadula.kishor\.stmcufinder\plugins\mcufinder/ => C:\Users\bhadula.kishor\.stmcufinder\plugins\mcufinder
2024-06-24 10:32:00,099 [INFO] CrossReferenceDbSqlite:203 - Set database path to: C:\Users\bhadula.kishor\.stmcufinder\plugins\mcufinder//mcu/cs/
2024-06-24 10:32:00,187 [INFO] MainPanel:264 - HeapMemory: 268435456
2024-06-24 10:32:00,277 [INFO] DbMcusXml:78 - Set database path to: C:\ST\STM32CubeIDE_1.15.1\STM32CubeIDE\plugins\com.st.stm32cube.common.mx_6.11.1.202404110753\\db\/mcu/
2024-06-24 10:32:00,278 [INFO] ApiDb:274 - Set plugin database path to: C:\ST\STM32CubeIDE_1.15.1\STM32CubeIDE\plugins\com.st.stm32cube.common.mx_6.11.1.202404110753\\db\/plugins/boardmanager/
2024-06-24 10:32:00,278 [INFO] ApiDb:261 - Set plugin images path to: C:\ST\STM32CubeIDE_1.15.1\STM32CubeIDE\plugins\com.st.stm32cube.common.mx_6.11.1.202404110753\\db\/plugins/mcufinder/images/
2024-06-24 10:32:00,278 [WARN] DbFile:41 - Overriding database path with different value: C:\Users\bhadula.kishor\.stmcufinder\plugins\mcufinder/ => C:\Users\bhadula.kishor\.stmcufinder\plugins\mcufinder
2024-06-24 10:32:00,278 [INFO] ApiDb:250 - Set database path to: C:\Users\bhadula.kishor\.stmcufinder\plugins\mcufinder//mcu/
2024-06-24 10:32:00,278 [WARN] DbFile:41 - Overriding database path with different value: C:\Users\bhadula.kishor\.stmcufinder\plugins\mcufinder/ => C:\Users\bhadula.kishor\.stmcufinder\plugins\mcufinder
2024-06-24 10:32:00,279 [INFO] DbMcusAds:125 - Set database path to: C:\Users\bhadula.kishor\.stmcufinder\plugins\mcufinder//mcu/
2024-06-24 10:32:00,279 [WARN] DbFile:41 - Overriding database path with different value: C:\Users\bhadula.kishor\.stmcufinder\plugins\mcufinder/ => C:\Users\bhadula.kishor\.stmcufinder\plugins\mcufinder
2024-06-24 10:32:00,279 [WARN] DbFile:41 - Overriding database path with different value: C:\Users\bhadula.kishor\.stmcufinder\plugins\mcufinder/ => C:\Users\bhadula.kishor\.stmcufinder\plugins\mcufinder
2024-06-24 10:32:00,279 [INFO] CrossReferenceDbSqlite:203 - Set database path to: C:\Users\bhadula.kishor\.stmcufinder\plugins\mcufinder//mcu/cs/
2024-06-24 10:32:00,299 [INFO] ApplicationProperties:184 - Using Application install path: C:\ST\STM32CubeIDE_1.15.1\STM32CubeIDE\plugins\com.st.stm32cube.common.mx_6.11.1.202404110753
2024-06-24 10:32:00,300 [INFO] PluginManage:196 - Search for loadable plugins [exclusion list=, ]
2024-06-24 10:32:00,302 [INFO] PluginManage:310 - Check plugin analytics
2024-06-24 10:32:00,526 [INFO] AnalyticsPlugin:253 - Accepted Software Licenses: 
2024-06-24 10:32:00,526 [INFO] AnalyticsPlugin:255 - Accepted CMSIS Pack Licenses: 
2024-06-24 10:32:00,527 [INFO] AnalyticsPlugin:257 - Accepted Firmware Licenses: 
2024-06-24 10:32:00,531 [INFO] PluginManage:359 - Loaded plugin analytics (category:tool,tabindex:-1)
2024-06-24 10:32:00,532 [INFO] PluginManage:310 - Check plugin cadmodel
2024-06-24 10:32:00,540 [INFO] CADModel:105 - Init CAD model plugin
2024-06-24 10:32:00,540 [INFO] PluginManage:359 - Loaded plugin cadmodel (category:power,tabindex:5)
2024-06-24 10:32:00,541 [INFO] PluginManage:310 - Check plugin clock
2024-06-24 10:32:00,560 [INFO] PluginManage:359 - Loaded plugin clock (category:base,tabindex:2)
2024-06-24 10:32:00,560 [INFO] PluginManage:310 - Check plugin ddr
2024-06-24 10:32:00,568 [INFO] PluginManage:359 - Loaded plugin ddr (category:tool,tabindex:6)
2024-06-24 10:32:00,569 [INFO] PluginManage:310 - Check plugin filemanager
2024-06-24 10:32:00,761 [INFO] PluginManage:359 - Loaded plugin filemanager (category:base,tabindex:10)
2024-06-24 10:32:00,761 [INFO] PluginManage:310 - Check plugin ipmanager
2024-06-24 10:32:00,770 [INFO] PluginManage:359 - Loaded plugin ipmanager (category:base,tabindex:5)
2024-06-24 10:32:00,770 [INFO] PluginManage:310 - Check plugin lpbam
2024-06-24 10:32:00,778 [INFO] PluginManage:359 - Loaded plugin lpbam (category:base,tabindex:0)
2024-06-24 10:32:00,778 [INFO] PluginManage:310 - Check plugin memorymap
2024-06-24 10:32:00,791 [INFO] PluginManage:359 - Loaded plugin memorymap (category:base,tabindex:4)
2024-06-24 10:32:00,791 [INFO] PluginManage:310 - Check plugin pinoutandconfiguration
2024-06-24 10:32:00,798 [INFO] PluginManage:359 - Loaded plugin pinoutandconfiguration (category:base,tabindex:1)
2024-06-24 10:32:00,798 [INFO] PluginManage:310 - Check plugin pinoutconfig
2024-06-24 10:32:00,874 [WARN] SupportedApi:132 - Cannot load RTOS API schema: s4s-elt-must-match.1: The content of 'definitions' must match (annotation?, (simpleType | complexType)?, (unique | key | keyref)*)). A problem was found starting at: attribute.
2024-06-24 10:32:00,984 [INFO] PluginManage:359 - Loaded plugin pinoutconfig (category:base,tabindex:0)
2024-06-24 10:32:00,984 [INFO] PluginManage:310 - Check plugin power
2024-06-24 10:32:00,992 [INFO] PluginManage:359 - Loaded plugin power (category:power,tabindex:4)
2024-06-24 10:32:00,992 [INFO] PluginManage:310 - Check plugin projectmanager
2024-06-24 10:32:01,008 [INFO] PluginManage:359 - Loaded plugin projectmanager (category:projectmanager,tabindex:3)
2024-06-24 10:32:01,008 [INFO] PluginManage:310 - Check plugin thirdparty
2024-06-24 10:32:01,138 [WARN] IntegrityCheckThread:84 - waiting for thirdparty lock release [integrity check]
2024-06-24 10:32:01,138 [INFO] IntegrityCheckThread:86 - entering critical section [integrity check]
2024-06-24 10:32:01,139 [INFO] ThirdPartyUpdaterWithRetryManager:70 - Updater plugin not ready yet. [1/15]
2024-06-24 10:32:01,139 [INFO] PluginManage:359 - Loaded plugin thirdparty (category:base,tabindex:-1)
2024-06-24 10:32:01,139 [INFO] PluginManage:310 - Check plugin tools
2024-06-24 10:32:01,143 [INFO] PluginManage:359 - Loaded plugin tools (category:base,tabindex:7)
2024-06-24 10:32:01,143 [INFO] PluginManage:310 - Check plugin tutovideos
2024-06-24 10:32:01,308 [INFO] PluginManage:359 - Loaded plugin tutovideos (category:base,tabindex:-1)
2024-06-24 10:32:01,308 [INFO] PluginManage:310 - Check plugin updater
2024-06-24 10:32:01,317 [INFO] PluginManage:359 - Loaded plugin updater (category:base,tabindex:12)
2024-06-24 10:32:01,317 [INFO] PluginManage:310 - Check plugin userauth
2024-06-24 10:32:01,322 [INFO] UserAuth:114 - Init User Auth plugin
2024-06-24 10:32:01,322 [INFO] PluginManage:359 - Loaded plugin userauth (category:base,tabindex:14)
2024-06-24 10:32:01,323 [INFO] PluginManage:283 - PluginManage : Loaded plugins [17]
2024-06-24 10:32:01,553 [INFO] PinOutPanel:1561 - setPackage(No Configuration,No Configuration)
2024-06-24 10:32:01,662 [INFO] CADModel:165 - CPN selected for project level
2024-06-24 10:32:01,662 [INFO] CADModel:114 - Register for checkConnection events
2024-06-24 10:32:01,681 [INFO] IPUIPlugin:80 - create IPUIPlugin
2024-06-24 10:32:01,681 [INFO] PluginManager:220 - loadIPPluginJar : add adc
2024-06-24 10:32:01,683 [INFO] IPUIPlugin:80 - create IPUIPlugin
2024-06-24 10:32:01,684 [INFO] PluginManager:220 - loadIPPluginJar : add aes
2024-06-24 10:32:01,687 [INFO] IPUIPlugin:80 - create IPUIPlugin
2024-06-24 10:32:01,687 [INFO] PluginManager:220 - loadIPPluginJar : add can
2024-06-24 10:32:01,688 [INFO] IPUIPlugin:80 - create IPUIPlugin
2024-06-24 10:32:01,689 [INFO] PluginManager:220 - loadIPPluginJar : add comp
2024-06-24 10:32:01,691 [INFO] IPUIPlugin:80 - create IPUIPlugin
2024-06-24 10:32:01,691 [INFO] PluginManager:220 - loadIPPluginJar : add cryp
2024-06-24 10:32:01,694 [INFO] IPUIPlugin:80 - create IPUIPlugin
2024-06-24 10:32:01,694 [INFO] PluginManager:220 - loadIPPluginJar : add dfsdm
2024-06-24 10:32:01,700 [INFO] IPUIPlugin:80 - create IPUIPlugin
2024-06-24 10:32:01,700 [INFO] PluginManager:220 - loadIPPluginJar : add dma
2024-06-24 10:32:01,703 [INFO] IPUIPlugin:80 - create IPUIPlugin
2024-06-24 10:32:01,703 [INFO] PluginManager:220 - loadIPPluginJar : add dma3
2024-06-24 10:32:01,705 [INFO] IPUIPlugin:80 - create IPUIPlugin
2024-06-24 10:32:01,705 [INFO] PluginManager:220 - loadIPPluginJar : add extmemmanager
2024-06-24 10:32:01,707 [INFO] IPUIPlugin:80 - create IPUIPlugin
2024-06-24 10:32:01,707 [INFO] PluginManager:220 - loadIPPluginJar : add fatfs
2024-06-24 10:32:01,711 [INFO] IPUIPlugin:80 - create IPUIPlugin
2024-06-24 10:32:01,711 [INFO] PluginManager:220 - loadIPPluginJar : add fmc
2024-06-24 10:32:01,719 [INFO] IPUIPlugin:80 - create IPUIPlugin
2024-06-24 10:32:01,720 [INFO] PluginManager:220 - loadIPPluginJar : add freertos
2024-06-24 10:32:01,721 [INFO] IPUIPlugin:80 - create IPUIPlugin
2024-06-24 10:32:01,722 [INFO] PluginManager:220 - loadIPPluginJar : add genericplugin
2024-06-24 10:32:01,724 [INFO] IPUIPlugin:80 - create IPUIPlugin
2024-06-24 10:32:01,724 [INFO] PluginManager:220 - loadIPPluginJar : add gfxmmu
2024-06-24 10:32:01,729 [INFO] IPUIPlugin:80 - create IPUIPlugin
2024-06-24 10:32:01,729 [INFO] PluginManager:220 - loadIPPluginJar : add gic
2024-06-24 10:32:01,733 [INFO] IPUIPlugin:80 - create IPUIPlugin
2024-06-24 10:32:01,733 [INFO] PluginManager:220 - loadIPPluginJar : add gpio
2024-06-24 10:32:01,735 [INFO] IPUIPlugin:80 - create IPUIPlugin
2024-06-24 10:32:01,736 [INFO] PluginManager:220 - loadIPPluginJar : add gtzc
2024-06-24 10:32:01,738 [INFO] IPUIPlugin:80 - create IPUIPlugin
2024-06-24 10:32:01,738 [INFO] PluginManager:220 - loadIPPluginJar : add hash
2024-06-24 10:32:01,740 [INFO] IPUIPlugin:80 - create IPUIPlugin
2024-06-24 10:32:01,740 [INFO] PluginManager:220 - loadIPPluginJar : add i2c
2024-06-24 10:32:01,743 [INFO] IPUIPlugin:80 - create IPUIPlugin
2024-06-24 10:32:01,743 [INFO] PluginManager:220 - loadIPPluginJar : add i2s
2024-06-24 10:32:01,746 [INFO] IPUIPlugin:80 - create IPUIPlugin
2024-06-24 10:32:01,746 [INFO] PluginManager:220 - loadIPPluginJar : add i3c
2024-06-24 10:32:01,750 [INFO] IPUIPlugin:80 - create IPUIPlugin
2024-06-24 10:32:01,750 [INFO] PluginManager:220 - loadIPPluginJar : add ipddr
2024-06-24 10:32:01,759 [INFO] IPUIPlugin:80 - create IPUIPlugin
2024-06-24 10:32:01,759 [INFO] PluginManager:220 - loadIPPluginJar : add linkedlist
2024-06-24 10:32:01,762 [INFO] IPUIPlugin:80 - create IPUIPlugin
2024-06-24 10:32:01,763 [INFO] PluginManager:220 - loadIPPluginJar : add lorawan
2024-06-24 10:32:01,766 [INFO] IPUIPlugin:80 - create IPUIPlugin
2024-06-24 10:32:01,766 [INFO] PluginManager:220 - loadIPPluginJar : add ltdc
2024-06-24 10:32:01,775 [INFO] IPUIPlugin:80 - create IPUIPlugin
2024-06-24 10:32:01,776 [INFO] PluginManager:220 - loadIPPluginJar : add mdma
2024-06-24 10:32:01,780 [INFO] IPUIPlugin:80 - create IPUIPlugin
2024-06-24 10:32:01,781 [INFO] PluginManager:220 - loadIPPluginJar : add nvic
2024-06-24 10:32:01,784 [INFO] IPUIPlugin:80 - create IPUIPlugin
2024-06-24 10:32:01,784 [INFO] PluginManager:220 - loadIPPluginJar : add opamp
2024-06-24 10:32:01,787 [INFO] IPUIPlugin:80 - create IPUIPlugin
2024-06-24 10:32:01,787 [INFO] PluginManager:220 - loadIPPluginJar : add openamp
2024-06-24 10:32:01,790 [INFO] IPUIPlugin:80 - create IPUIPlugin
2024-06-24 10:32:01,790 [INFO] PluginManager:220 - loadIPPluginJar : add pdm2pcm
2024-06-24 10:32:01,796 [INFO] IPUIPlugin:80 - create IPUIPlugin
2024-06-24 10:32:01,799 [INFO] PluginManager:220 - loadIPPluginJar : add plateformsettings
2024-06-24 10:32:01,799 [INFO] IPUIPlugin:80 - create IPUIPlugin
2024-06-24 10:32:01,800 [INFO] PluginManager:220 - loadIPPluginJar : add quadspi
2024-06-24 10:32:01,804 [INFO] IPUIPlugin:80 - create IPUIPlugin
2024-06-24 10:32:01,804 [INFO] PluginManager:220 - loadIPPluginJar : add resmgrutility
2024-06-24 10:32:01,807 [INFO] IPUIPlugin:80 - create IPUIPlugin
2024-06-24 10:32:01,807 [INFO] PluginManager:220 - loadIPPluginJar : add sai
2024-06-24 10:32:01,809 [INFO] IPUIPlugin:80 - create IPUIPlugin
2024-06-24 10:32:01,809 [INFO] PluginManager:220 - loadIPPluginJar : add spi
2024-06-24 10:32:01,812 [INFO] IPUIPlugin:80 - create IPUIPlugin
2024-06-24 10:32:01,812 [INFO] PluginManager:220 - loadIPPluginJar : add stm32_wpan
2024-06-24 10:32:01,814 [INFO] IPUIPlugin:80 - create IPUIPlugin
2024-06-24 10:32:01,815 [INFO] PluginManager:220 - loadIPPluginJar : add tim
2024-06-24 10:32:01,818 [INFO] IPUIPlugin:80 - create IPUIPlugin
2024-06-24 10:32:01,818 [INFO] PluginManager:220 - loadIPPluginJar : add touchsensing
2024-06-24 10:32:01,820 [INFO] IPUIPlugin:80 - create IPUIPlugin
2024-06-24 10:32:01,821 [INFO] PluginManager:220 - loadIPPluginJar : add tracer_emb
2024-06-24 10:32:01,823 [INFO] IPUIPlugin:80 - create IPUIPlugin
2024-06-24 10:32:01,823 [INFO] PluginManager:220 - loadIPPluginJar : add ts
2024-06-24 10:32:01,824 [INFO] IPUIPlugin:80 - create IPUIPlugin
2024-06-24 10:32:01,825 [INFO] PluginManager:220 - loadIPPluginJar : add tsc
2024-06-24 10:32:01,826 [INFO] IPUIPlugin:80 - create IPUIPlugin
2024-06-24 10:32:01,826 [INFO] PluginManager:220 - loadIPPluginJar : add ucpd
2024-06-24 10:32:01,829 [INFO] IPUIPlugin:80 - create IPUIPlugin
2024-06-24 10:32:01,829 [INFO] PluginManager:220 - loadIPPluginJar : add usart
2024-06-24 10:32:01,831 [INFO] IPUIPlugin:80 - create IPUIPlugin
2024-06-24 10:32:01,831 [INFO] PluginManager:220 - loadIPPluginJar : add usbx
2024-06-24 10:32:01,973 [INFO] CADModel:165 - CPN selected for project level
2024-06-24 10:32:01,973 [INFO] CADModel:114 - Register for checkConnection events
2024-06-24 10:32:01,973 [FATAL] Updater:308 - Updater called before beeing initialized
2024-06-24 10:32:01,973 [ERROR] CADModel:125 - Updater not yet initialized, retry later 
2024-06-24 10:32:02,127 [INFO] CADModel:165 - CPN selected for project level
2024-06-24 10:32:02,127 [INFO] CADModel:114 - Register for checkConnection events
2024-06-24 10:32:02,128 [FATAL] Updater:308 - Updater called before beeing initialized
2024-06-24 10:32:02,128 [ERROR] CADModel:125 - Updater not yet initialized, retry later 
2024-06-24 10:32:02,134 [FATAL] Updater:308 - Updater called before beeing initialized
2024-06-24 10:32:02,297 [FATAL] Updater:308 - Updater called before beeing initialized
2024-06-24 10:32:02,302 [INFO] DbMcusAds:53 - JSON generation date=Thu May 16 14:52:00 IST 2024 (1715851320852)
2024-06-24 10:32:02,303 [FATAL] Updater:308 - Updater called before beeing initialized
2024-06-24 10:32:02,357 [WARN] DetailPanel:346 - Failed to get advertising image, set to default
2024-06-24 10:32:02,450 [FATAL] Updater:308 - Updater called before beeing initialized
2024-06-24 10:32:02,453 [FATAL] Updater:308 - Updater called before beeing initialized
2024-06-24 10:32:02,453 [FATAL] Updater:308 - Updater called before beeing initialized
2024-06-24 10:32:02,453 [WARN] DetailPanel:346 - Failed to get advertising image, set to default
2024-06-24 10:32:02,454 [FATAL] Updater:308 - Updater called before beeing initialized
2024-06-24 10:32:02,510 [ERROR] Updater:1120 - MainUpdater not yet initialized. External WinMGr cannot be set.
2024-06-24 10:32:02,513 [INFO] Updater:1056 - Updater Version found : 6.11.1
2024-06-24 10:32:02,535 [INFO] ApplicationProperties:184 - Using Application install path: C:\ST\STM32CubeIDE_1.15.1\STM32CubeIDE\plugins\com.st.stm32cube.common.mx_6.11.1.202404110753
2024-06-24 10:32:02,839 [INFO] MainUpdater:2873 - connection check result : 10
2024-06-24 10:32:02,839 [INFO] MainUpdater:3567 - Updater definition file requires update
2024-06-24 10:32:02,841 [INFO] MainUpdater:290 - Updater Check For Update Now.
2024-06-24 10:32:02,841 [INFO] MicroXplorer:498 - Change Database Version : DB.6.0.111
2024-06-24 10:32:02,845 [INFO] McuFinderGlobals:63 - Set McuFinder mode to 2 (CubeIDE integrated)
2024-06-24 10:32:02,845 [INFO] UserAuth:179 - activating auth plugin
2024-06-24 10:32:02,847 [INFO] UserAuth:415 - Internet connection configuration mode: 1
2024-06-24 10:32:02,858 [INFO] JxBrowserEngine:152 - Initiate JxBrowser Engine with user profile folder
2024-06-24 10:32:02,881 [INFO] ServerAccessManage:473 - Download File updaters.zip
2024-06-24 10:32:03,027 [INFO] FileExtend:240 - Unzip File : updaters.zip
2024-06-24 10:32:03,028 [INFO] FileExtend:255 - Standard Zip Deflate
2024-06-24 10:32:03,824 [INFO] ServerAccessManage:473 - Download File PacksControlFlags.xml
2024-06-24 10:32:03,882 [INFO] ServerAccessManage:473 - Download File cubemx.pidx
2024-06-24 10:32:03,982 [INFO] LoadServerUpdatesThread:375 - End of LoadServerUpdate Thread
2024-06-24 10:32:04,140 [WARN] MainUpdater:1194 - Updater busy. Cannot search thirdparties
2024-06-24 10:32:04,140 [INFO] ThirdPartyUpdaterWithRetryManager:96 - Updater plugin is busy. [1/15]
2024-06-24 10:32:04,156 [INFO] CheckServerUpdateThread:120 - End of CheckServer Thread
2024-06-24 10:32:05,025 [INFO] WebApp:161 - Instantiating new browser for Auth
2024-06-24 10:32:05,836 [INFO] WebApp:779 - Register for checkConnection events
2024-06-24 10:32:05,836 [INFO] WebApp:414 - Apply proxy settings
2024-06-24 10:32:05,837 [INFO] WebApp:499 - Chromium requires no authentication
2024-06-24 10:32:05,844 [INFO] WebApp:442 - Direct internet connection detected
2024-06-24 10:32:05,987 [INFO] WebApp:192 - Starting web application
2024-06-24 10:32:05,987 [INFO] WebApp:544 - Web application path used C:\ST\STM32CubeIDE_1.15.1\STM32CubeIDE\plugins\com.st.stm32cube.common.mx_6.11.1.202404110753\db\plugins\mcufinder\reactClient1\index.html
2024-06-24 10:32:07,293 [WARN] PackLoader:240 - Cannot read IP mode file for STMicroelectronics.FP-SNS-MOTENVWB1.1.4.0
2024-06-24 10:32:07,306 [WARN] PackLoader:240 - Cannot read IP mode file for STMicroelectronics.X-CUBE-SMBUS.2.1.0
2024-06-24 10:32:07,311 [WARN] PackLoader:240 - Cannot read IP mode file for STMicroelectronics.X-CUBE-TOUCHGFX.4.23.2
2024-06-24 10:32:07,339 [WARN] PackLoader:240 - Cannot read IP mode file for STMicroelectronics.X-CUBE-AZRTOS-F7.1.1.0
2024-06-24 10:32:07,352 [WARN] PackLoader:240 - Cannot read IP mode file for STMicroelectronics.FP-SNS-FLIGHT1.5.0.2
2024-06-24 10:32:07,367 [WARN] PackLoader:240 - Cannot read IP mode file for STMicroelectronics.X-CUBE-DISPLAY.3.0.0
2024-06-24 10:32:07,388 [WARN] PackLoader:240 - Cannot read IP mode file for STMicroelectronics.X-CUBE-BLE1.7.0.0
2024-06-24 10:32:07,396 [WARN] PackLoader:240 - Cannot read IP mode file for emotas.I-CUBE-CANOPEN.1.3.0
2024-06-24 10:32:07,409 [WARN] PackLoader:240 - Cannot read IP mode file for STMicroelectronics.X-CUBE-BLEMGR.3.1.0
2024-06-24 10:32:07,420 [WARN] PackLoader:240 - Cannot read IP mode file for STMicroelectronics.FP-SNS-SMARTAG2.1.2.0
2024-06-24 10:32:07,432 [INFO] LogOutputStream:77 - [STDOUT_REDIRECT] 1 : Invalid condition id : UX_CORESTACK_Condition cause : null
2024-06-24 10:32:07,433 [INFO] LogOutputStream:77 - [STDOUT_REDIRECT] 1 : Invalid condition id : UX_CORESTACK_Condition cause : null
2024-06-24 10:32:07,434 [INFO] LogOutputStream:77 - [STDOUT_REDIRECT] 1 : Invalid condition id : UX_CORESTACK_Condition cause : null
2024-06-24 10:32:07,436 [INFO] LogOutputStream:77 - [STDOUT_REDIRECT] 1 : Invalid condition id : UX_CORESTACK_Condition cause : null
2024-06-24 10:32:07,438 [INFO] LogOutputStream:77 - [STDOUT_REDIRECT] 1 : Invalid condition id : UX_CORESTACK_Condition cause : null
2024-06-24 10:32:07,443 [WARN] PackLoader:240 - Cannot read IP mode file for STMicroelectronics.X-CUBE-AZRTOS-WL.2.0.0
2024-06-24 10:32:07,452 [WARN] PackLoader:240 - Cannot read IP mode file for STMicroelectronics.FP-SNS-MOTENV1.5.0.0
2024-06-24 10:32:07,460 [WARN] PackLoader:240 - Cannot read IP mode file for wolfSSL.I-CUBE-wolfMQTT.1.19.0
2024-06-24 10:32:07,472 [WARN] PackLoader:240 - Cannot read IP mode file for WES.I-CUBE-Cesium.1.3.0
2024-06-24 10:32:07,481 [WARN] PackLoader:240 - Cannot read IP mode file for STMicroelectronics.X-CUBE-BLE2.3.3.0
2024-06-24 10:32:07,491 [WARN] PackLoader:240 - Cannot read IP mode file for STMicroelectronics.X-CUBE-TCPP.4.1.0
2024-06-24 10:32:07,519 [WARN] PackLoader:240 - Cannot read IP mode file for STMicroelectronics.X-CUBE-AZRTOS-G0.1.1.0
2024-06-24 10:32:07,532 [WARN] PackLoader:240 - Cannot read IP mode file for STMicroelectronics.X-CUBE-SAFEA1.1.2.2
2024-06-24 10:32:07,543 [WARN] PackLoader:240 - Cannot read IP mode file for STMicroelectronics.X-CUBE-NFC4.3.0.0
2024-06-24 10:32:07,550 [WARN] PackLoader:240 - Cannot read IP mode file for wolfSSL.I-CUBE-wolfSSL.5.7.0
2024-06-24 10:32:07,558 [WARN] PackLoader:240 - Cannot read IP mode file for STMicroelectronics.FP-ATR-SIGFOX1.3.2.0
2024-06-24 10:32:07,570 [WARN] PackLoader:240 - Cannot read IP mode file for STMicroelectronics.X-CUBE-EEPRMA1.5.1.0
2024-06-24 10:32:07,581 [WARN] PackLoader:240 - Cannot read IP mode file for ITTIA_DB.I-CUBE-ITTIADB.8.9.0
2024-06-24 10:32:07,636 [WARN] PackLoader:240 - Cannot read IP mode file for SEGGER.I-CUBE-embOS.1.3.1
2024-06-24 10:32:07,686 [WARN] PackLoader:240 - Cannot read IP mode file for STMicroelectronics.X-CUBE-ALGOBUILD.1.4.0
2024-06-24 10:32:07,695 [WARN] PackLoader:240 - Cannot read IP mode file for STMicroelectronics.X-CUBE-GNSS1.6.0.0
2024-06-24 10:32:07,715 [WARN] PackLoader:240 - Cannot read IP mode file for STMicroelectronics.X-CUBE-AZRTOS-F4.1.1.0
2024-06-24 10:32:07,725 [WARN] PackLoader:240 - Cannot read IP mode file for STMicroelectronics.X-CUBE-FREERTOS.1.2.0
2024-06-24 10:32:07,745 [WARN] PackLoader:240 - Cannot read IP mode file for STMicroelectronics.X-CUBE-AZRTOS-L5.2.0.0
2024-06-24 10:32:07,755 [WARN] PackLoader:240 - Cannot read IP mode file for STMicroelectronics.X-CUBE-NFC6.3.1.0
2024-06-24 10:32:07,763 [WARN] PackLoader:240 - Cannot read IP mode file for STMicroelectronics.X-CUBE-AI.9.0.0
2024-06-24 10:32:07,770 [WARN] PackLoader:240 - Cannot read IP mode file for STMicroelectronics.X-CUBE-NFC7.1.0.1
2024-06-24 10:32:07,790 [WARN] ConditionMgr:438 - getConditionDescription Invalid condition id : LAN8742 Phy interface Condition cause : null
2024-06-24 10:32:07,790 [WARN] PackLoader:240 - Cannot read IP mode file for STMicroelectronics.X-CUBE-AZRTOS-L4.2.0.0
2024-06-24 10:32:07,793 [WARN] ConditionMgr:1039 - genDependencies : Invalid condition id : LAN8742 Phy interface Condition cause : null
2024-06-24 10:32:07,794 [WARN] ConditionMgr:1039 - genDependencies : Invalid condition id : LAN8742 Phy interface Condition cause : null
2024-06-24 10:32:07,794 [WARN] ConditionMgr:1039 - genDependencies : Invalid condition id : LAN8742 Phy interface Condition cause : null
2024-06-24 10:32:07,803 [WARN] PackLoader:240 - Cannot read IP mode file for STMicroelectronics.X-CUBE-SFXS2LP1.4.0.0
2024-06-24 10:32:07,819 [WARN] ConditionMgr:438 - getConditionDescription Invalid condition id : UX DEVICE CLASS RTOS Condition cause : null
2024-06-24 10:32:07,820 [WARN] ConditionMgr:438 - getConditionDescription Invalid condition id : UX DEVICE CLASS RTOS Condition cause : null
2024-06-24 10:32:07,822 [WARN] PackLoader:240 - Cannot read IP mode file for STMicroelectronics.X-CUBE-AZRTOS-WB.2.0.0
2024-06-24 10:32:07,822 [WARN] ConditionMgr:1039 - genDependencies : Invalid condition id : UX DEVICE CLASS RTOS Condition cause : null
2024-06-24 10:32:07,822 [WARN] ConditionMgr:1039 - genDependencies : Invalid condition id : UX DEVICE CLASS RTOS Condition cause : null
2024-06-24 10:32:07,823 [WARN] ConditionMgr:1039 - genDependencies : Invalid condition id : UX DEVICE CLASS RTOS Condition cause : null
2024-06-24 10:32:07,823 [WARN] ConditionMgr:1039 - genDependencies : Invalid condition id : UX DEVICE CLASS RTOS Condition cause : null
2024-06-24 10:32:07,823 [WARN] ConditionMgr:1039 - genDependencies : Invalid condition id : UX DEVICE CLASS RTOS Condition cause : null
2024-06-24 10:32:07,834 [WARN] PackLoader:240 - Cannot read IP mode file for STMicroelectronics.X-CUBE-SUBG2.5.0.0
2024-06-24 10:32:07,844 [WARN] PackLoader:240 - Cannot read IP mode file for Cesanta.I-CUBE-Mongoose.7.13.0
2024-06-24 10:32:07,859 [WARN] PackLoader:240 - Cannot read IP mode file for STMicroelectronics.X-CUBE-AZRTOS-G4.2.0.0
2024-06-24 10:32:07,866 [WARN] PackLoader:240 - Cannot read IP mode file for STMicroelectronics.X-CUBE-ISPU.2.0.0
2024-06-24 10:32:07,873 [WARN] PackLoader:240 - Cannot read IP mode file for STMicroelectronics.X-CUBE-ALS.1.0.2
2024-06-24 10:32:07,923 [WARN] PackLoader:240 - Cannot read IP mode file for STMicroelectronics.X-CUBE-MEMS1.10.0.0
2024-06-24 10:32:08,062 [WARN] PackLoader:240 - Cannot read IP mode file for portGmbH.I-Cube-SoM-uGOAL.1.1.0
2024-06-24 10:32:08,080 [WARN] PackLoader:240 - Cannot read IP mode file for STMicroelectronics.X-CUBE-AZRTOS-H7RS.1.0.0
2024-06-24 10:32:08,086 [WARN] PackLoader:240 - Cannot read IP mode file for STMicroelectronics.FP-ATR-ASTRA1.2.0.0
2024-06-24 10:32:08,096 [WARN] PackLoader:240 - Cannot read IP mode file for STMicroelectronics.X-CUBE-TOF1.3.4.1
2024-06-24 10:32:08,123 [WARN] PackLoader:240 - Cannot read IP mode file for STMicroelectronics.X-CUBE-AZRTOS-H7.3.2.0
2024-06-24 10:32:08,139 [WARN] PackLoader:240 - Cannot read IP mode file for Infineon.AIROC-Wi-Fi-Bluetooth-STM32.1.6.0
2024-06-24 10:32:08,142 [INFO] ThirdParty:978 - Integrity check success = true
2024-06-24 10:32:08,142 [INFO] IntegrityCheckThread:100 - exiting critical section [integrity check]
2024-06-24 10:32:08,143 [INFO] IntegrityCheckThread:103 - End integrity checks thread
2024-06-24 17:28:39,293 [ERROR] ConfigurationRetriever:142 - IOException on connection: sw-center.st.com
2024-06-24 17:28:39,296 [ERROR] ConfigurationRetriever:142 - IOException on connection: sw-center.st.com
2024-06-24 17:28:39,297 [ERROR] ConfigurationRetriever:142 - IOException on connection: sw-center.st.com
2024-06-24 17:28:40,114 [ERROR] LogOutputStream:75 - [STDERR_REDIRECT] 
