2024-06-19 13:11:36,372 [INFO] Activator:176 - 


2024-06-19 13:11:36,372 [INFO] Activator:177 - !SESSION log4j initialized
2024-06-19 13:11:40,838 [INFO] LogOutputStream:77 - [STDOUT_REDIRECT] 
2024-06-19 13:11:41,417 [ERROR] ConfigurationRetriever:142 - IOException on connection: sw-center.st.com
2024-06-19 13:11:41,418 [ERROR] ConfigurationRetriever:142 - IOException on connection: sw-center.st.com
2024-06-19 13:11:41,419 [ERROR] ConfigurationRetriever:142 - IOException on connection: sw-center.st.com
2024-06-19 13:11:41,732 [INFO] ApplicationProperties:184 - Using Application install path: C:\ST\STM32CubeIDE_1.15.1\STM32CubeIDE\plugins\com.st.stm32cube.common.mx_6.11.1.202404110753
2024-06-19 13:11:41,750 [INFO] DbMcusXml:78 - Set database path to: C:\ST\STM32CubeIDE_1.15.1\STM32CubeIDE\plugins\com.st.stm32cube.common.mx_6.11.1.202404110753\\db\/mcu/
2024-06-19 13:11:41,750 [INFO] ApiDb:274 - Set plugin database path to: C:\ST\STM32CubeIDE_1.15.1\STM32CubeIDE\plugins\com.st.stm32cube.common.mx_6.11.1.202404110753\\db\/plugins/boardmanager/
2024-06-19 13:11:41,750 [WARN] ApiDb:259 - Overriding images path with different value:  => C:\ST\STM32CubeIDE_1.15.1\STM32CubeIDE\plugins\com.st.stm32cube.common.mx_6.11.1.202404110753\\db\/plugins/mcufinder/images/
2024-06-19 13:11:41,758 [INFO] ApiDb:250 - Set database path to: C:\Users\bhadula.kishor\.stmcufinder\plugins\mcufinder//mcu/
2024-06-19 13:11:41,759 [INFO] DbMcusAds:125 - Set database path to: C:\Users\bhadula.kishor\.stmcufinder\plugins\mcufinder//mcu/
2024-06-19 13:11:41,760 [INFO] CrossReferenceDbSqlite:203 - Set database path to: C:\Users\bhadula.kishor\.stmcufinder\plugins\mcufinder//mcu/cs/
2024-06-19 13:11:41,875 [INFO] RulesReader:64 - Compatibility file has been processed (297 Rules)
2024-06-19 13:11:42,005 [INFO] DbMcusXml:78 - Set database path to: C:\ST\STM32CubeIDE_1.15.1\STM32CubeIDE\plugins\com.st.stm32cube.common.mx_6.11.1.202404110753\\db\/mcu/
2024-06-19 13:11:42,005 [INFO] ApiDb:274 - Set plugin database path to: C:\ST\STM32CubeIDE_1.15.1\STM32CubeIDE\plugins\com.st.stm32cube.common.mx_6.11.1.202404110753\\db\/plugins/boardmanager/
2024-06-19 13:11:42,005 [INFO] ApiDb:261 - Set plugin images path to: C:\ST\STM32CubeIDE_1.15.1\STM32CubeIDE\plugins\com.st.stm32cube.common.mx_6.11.1.202404110753\\db\/plugins/mcufinder/images/
2024-06-19 13:11:42,006 [WARN] DbFile:41 - Overriding database path with different value: C:\Users\bhadula.kishor\.stmcufinder\plugins\mcufinder/ => C:\Users\bhadula.kishor\.stmcufinder\plugins\mcufinder
2024-06-19 13:11:42,006 [INFO] ApiDb:250 - Set database path to: C:\Users\bhadula.kishor\.stmcufinder\plugins\mcufinder//mcu/
2024-06-19 13:11:42,006 [WARN] DbFile:41 - Overriding database path with different value: C:\Users\bhadula.kishor\.stmcufinder\plugins\mcufinder/ => C:\Users\bhadula.kishor\.stmcufinder\plugins\mcufinder
2024-06-19 13:11:42,006 [INFO] DbMcusAds:125 - Set database path to: C:\Users\bhadula.kishor\.stmcufinder\plugins\mcufinder//mcu/
2024-06-19 13:11:42,006 [WARN] DbFile:41 - Overriding database path with different value: C:\Users\bhadula.kishor\.stmcufinder\plugins\mcufinder/ => C:\Users\bhadula.kishor\.stmcufinder\plugins\mcufinder
2024-06-19 13:11:42,006 [WARN] DbFile:41 - Overriding database path with different value: C:\Users\bhadula.kishor\.stmcufinder\plugins\mcufinder/ => C:\Users\bhadula.kishor\.stmcufinder\plugins\mcufinder
2024-06-19 13:11:42,006 [INFO] CrossReferenceDbSqlite:203 - Set database path to: C:\Users\bhadula.kishor\.stmcufinder\plugins\mcufinder//mcu/cs/
2024-06-19 13:11:42,092 [INFO] MainPanel:264 - HeapMemory: 268435456
2024-06-19 13:11:42,166 [INFO] DbMcusXml:78 - Set database path to: C:\ST\STM32CubeIDE_1.15.1\STM32CubeIDE\plugins\com.st.stm32cube.common.mx_6.11.1.202404110753\\db\/mcu/
2024-06-19 13:11:42,166 [INFO] ApiDb:274 - Set plugin database path to: C:\ST\STM32CubeIDE_1.15.1\STM32CubeIDE\plugins\com.st.stm32cube.common.mx_6.11.1.202404110753\\db\/plugins/boardmanager/
2024-06-19 13:11:42,166 [INFO] ApiDb:261 - Set plugin images path to: C:\ST\STM32CubeIDE_1.15.1\STM32CubeIDE\plugins\com.st.stm32cube.common.mx_6.11.1.202404110753\\db\/plugins/mcufinder/images/
2024-06-19 13:11:42,167 [WARN] DbFile:41 - Overriding database path with different value: C:\Users\bhadula.kishor\.stmcufinder\plugins\mcufinder/ => C:\Users\bhadula.kishor\.stmcufinder\plugins\mcufinder
2024-06-19 13:11:42,167 [INFO] ApiDb:250 - Set database path to: C:\Users\bhadula.kishor\.stmcufinder\plugins\mcufinder//mcu/
2024-06-19 13:11:42,167 [WARN] DbFile:41 - Overriding database path with different value: C:\Users\bhadula.kishor\.stmcufinder\plugins\mcufinder/ => C:\Users\bhadula.kishor\.stmcufinder\plugins\mcufinder
2024-06-19 13:11:42,167 [INFO] DbMcusAds:125 - Set database path to: C:\Users\bhadula.kishor\.stmcufinder\plugins\mcufinder//mcu/
2024-06-19 13:11:42,167 [WARN] DbFile:41 - Overriding database path with different value: C:\Users\bhadula.kishor\.stmcufinder\plugins\mcufinder/ => C:\Users\bhadula.kishor\.stmcufinder\plugins\mcufinder
2024-06-19 13:11:42,167 [WARN] DbFile:41 - Overriding database path with different value: C:\Users\bhadula.kishor\.stmcufinder\plugins\mcufinder/ => C:\Users\bhadula.kishor\.stmcufinder\plugins\mcufinder
2024-06-19 13:11:42,167 [INFO] CrossReferenceDbSqlite:203 - Set database path to: C:\Users\bhadula.kishor\.stmcufinder\plugins\mcufinder//mcu/cs/
2024-06-19 13:11:42,180 [INFO] ApplicationProperties:184 - Using Application install path: C:\ST\STM32CubeIDE_1.15.1\STM32CubeIDE\plugins\com.st.stm32cube.common.mx_6.11.1.202404110753
2024-06-19 13:11:42,181 [INFO] PluginManage:196 - Search for loadable plugins [exclusion list=, ]
2024-06-19 13:11:42,182 [INFO] PluginManage:310 - Check plugin analytics
2024-06-19 13:11:42,364 [INFO] AnalyticsPlugin:253 - Accepted Software Licenses: 
2024-06-19 13:11:42,364 [INFO] AnalyticsPlugin:255 - Accepted CMSIS Pack Licenses: 
2024-06-19 13:11:42,364 [INFO] AnalyticsPlugin:257 - Accepted Firmware Licenses: 
2024-06-19 13:11:42,368 [INFO] PluginManage:359 - Loaded plugin analytics (category:tool,tabindex:-1)
2024-06-19 13:11:42,368 [ERROR] ConfigurationRetriever:142 - IOException on connection: sw-center.st.com
2024-06-19 13:11:42,369 [INFO] PluginManage:310 - Check plugin cadmodel
2024-06-19 13:11:42,369 [ERROR] ConfigurationRetriever:142 - IOException on connection: sw-center.st.com
2024-06-19 13:11:42,369 [ERROR] ConfigurationRetriever:142 - IOException on connection: sw-center.st.com
2024-06-19 13:11:42,376 [INFO] CADModel:105 - Init CAD model plugin
2024-06-19 13:11:42,377 [INFO] PluginManage:359 - Loaded plugin cadmodel (category:power,tabindex:5)
2024-06-19 13:11:42,377 [INFO] PluginManage:310 - Check plugin clock
2024-06-19 13:11:42,396 [INFO] PluginManage:359 - Loaded plugin clock (category:base,tabindex:2)
2024-06-19 13:11:42,396 [INFO] PluginManage:310 - Check plugin ddr
2024-06-19 13:11:42,399 [INFO] PluginManage:359 - Loaded plugin ddr (category:tool,tabindex:6)
2024-06-19 13:11:42,400 [INFO] PluginManage:310 - Check plugin filemanager
2024-06-19 13:11:42,545 [INFO] PluginManage:359 - Loaded plugin filemanager (category:base,tabindex:10)
2024-06-19 13:11:42,545 [INFO] PluginManage:310 - Check plugin ipmanager
2024-06-19 13:11:42,552 [INFO] PluginManage:359 - Loaded plugin ipmanager (category:base,tabindex:5)
2024-06-19 13:11:42,552 [INFO] PluginManage:310 - Check plugin lpbam
2024-06-19 13:11:42,558 [INFO] PluginManage:359 - Loaded plugin lpbam (category:base,tabindex:0)
2024-06-19 13:11:42,558 [INFO] PluginManage:310 - Check plugin memorymap
2024-06-19 13:11:42,566 [INFO] PluginManage:359 - Loaded plugin memorymap (category:base,tabindex:4)
2024-06-19 13:11:42,567 [INFO] PluginManage:310 - Check plugin pinoutandconfiguration
2024-06-19 13:11:42,572 [INFO] PluginManage:359 - Loaded plugin pinoutandconfiguration (category:base,tabindex:1)
2024-06-19 13:11:42,572 [INFO] PluginManage:310 - Check plugin pinoutconfig
2024-06-19 13:11:42,635 [WARN] SupportedApi:132 - Cannot load RTOS API schema: s4s-elt-must-match.1: The content of 'definitions' must match (annotation?, (simpleType | complexType)?, (unique | key | keyref)*)). A problem was found starting at: attribute.
2024-06-19 13:11:42,734 [INFO] PluginManage:359 - Loaded plugin pinoutconfig (category:base,tabindex:0)
2024-06-19 13:11:42,734 [INFO] PluginManage:310 - Check plugin power
2024-06-19 13:11:42,741 [INFO] PluginManage:359 - Loaded plugin power (category:power,tabindex:4)
2024-06-19 13:11:42,742 [INFO] PluginManage:310 - Check plugin projectmanager
2024-06-19 13:11:42,755 [INFO] PluginManage:359 - Loaded plugin projectmanager (category:projectmanager,tabindex:3)
2024-06-19 13:11:42,755 [INFO] PluginManage:310 - Check plugin thirdparty
2024-06-19 13:11:42,872 [WARN] IntegrityCheckThread:84 - waiting for thirdparty lock release [integrity check]
2024-06-19 13:11:42,872 [INFO] IntegrityCheckThread:86 - entering critical section [integrity check]
2024-06-19 13:11:42,873 [INFO] ThirdPartyUpdaterWithRetryManager:70 - Updater plugin not ready yet. [1/15]
2024-06-19 13:11:42,873 [INFO] PluginManage:359 - Loaded plugin thirdparty (category:base,tabindex:-1)
2024-06-19 13:11:42,873 [INFO] PluginManage:310 - Check plugin tools
2024-06-19 13:11:42,877 [INFO] PluginManage:359 - Loaded plugin tools (category:base,tabindex:7)
2024-06-19 13:11:42,878 [INFO] PluginManage:310 - Check plugin tutovideos
2024-06-19 13:11:43,011 [INFO] PluginManage:359 - Loaded plugin tutovideos (category:base,tabindex:-1)
2024-06-19 13:11:43,011 [INFO] PluginManage:310 - Check plugin updater
2024-06-19 13:11:43,020 [INFO] PluginManage:359 - Loaded plugin updater (category:base,tabindex:12)
2024-06-19 13:11:43,020 [INFO] PluginManage:310 - Check plugin userauth
2024-06-19 13:11:43,025 [INFO] UserAuth:114 - Init User Auth plugin
2024-06-19 13:11:43,025 [INFO] PluginManage:359 - Loaded plugin userauth (category:base,tabindex:14)
2024-06-19 13:11:43,025 [INFO] PluginManage:283 - PluginManage : Loaded plugins [17]
2024-06-19 13:11:43,198 [INFO] PinOutPanel:1561 - setPackage(No Configuration,No Configuration)
2024-06-19 13:11:43,260 [INFO] CADModel:165 - CPN selected for project level
2024-06-19 13:11:43,260 [INFO] CADModel:114 - Register for checkConnection events
2024-06-19 13:11:43,271 [INFO] IPUIPlugin:80 - create IPUIPlugin
2024-06-19 13:11:43,271 [INFO] PluginManager:220 - loadIPPluginJar : add adc
2024-06-19 13:11:43,273 [INFO] IPUIPlugin:80 - create IPUIPlugin
2024-06-19 13:11:43,273 [INFO] PluginManager:220 - loadIPPluginJar : add aes
2024-06-19 13:11:43,276 [INFO] IPUIPlugin:80 - create IPUIPlugin
2024-06-19 13:11:43,276 [INFO] PluginManager:220 - loadIPPluginJar : add can
2024-06-19 13:11:43,277 [INFO] IPUIPlugin:80 - create IPUIPlugin
2024-06-19 13:11:43,277 [INFO] PluginManager:220 - loadIPPluginJar : add comp
2024-06-19 13:11:43,278 [INFO] IPUIPlugin:80 - create IPUIPlugin
2024-06-19 13:11:43,278 [INFO] PluginManager:220 - loadIPPluginJar : add cryp
2024-06-19 13:11:43,280 [INFO] IPUIPlugin:80 - create IPUIPlugin
2024-06-19 13:11:43,280 [INFO] PluginManager:220 - loadIPPluginJar : add dfsdm
2024-06-19 13:11:43,284 [INFO] IPUIPlugin:80 - create IPUIPlugin
2024-06-19 13:11:43,284 [INFO] PluginManager:220 - loadIPPluginJar : add dma
2024-06-19 13:11:43,285 [INFO] IPUIPlugin:80 - create IPUIPlugin
2024-06-19 13:11:43,286 [INFO] PluginManager:220 - loadIPPluginJar : add dma3
2024-06-19 13:11:43,287 [INFO] IPUIPlugin:80 - create IPUIPlugin
2024-06-19 13:11:43,287 [INFO] PluginManager:220 - loadIPPluginJar : add extmemmanager
2024-06-19 13:11:43,288 [INFO] IPUIPlugin:80 - create IPUIPlugin
2024-06-19 13:11:43,288 [INFO] PluginManager:220 - loadIPPluginJar : add fatfs
2024-06-19 13:11:43,292 [INFO] IPUIPlugin:80 - create IPUIPlugin
2024-06-19 13:11:43,292 [INFO] PluginManager:220 - loadIPPluginJar : add fmc
2024-06-19 13:11:43,294 [INFO] IPUIPlugin:80 - create IPUIPlugin
2024-06-19 13:11:43,295 [INFO] PluginManager:220 - loadIPPluginJar : add freertos
2024-06-19 13:11:43,295 [INFO] IPUIPlugin:80 - create IPUIPlugin
2024-06-19 13:11:43,296 [INFO] PluginManager:220 - loadIPPluginJar : add genericplugin
2024-06-19 13:11:43,297 [INFO] IPUIPlugin:80 - create IPUIPlugin
2024-06-19 13:11:43,297 [INFO] PluginManager:220 - loadIPPluginJar : add gfxmmu
2024-06-19 13:11:43,301 [INFO] IPUIPlugin:80 - create IPUIPlugin
2024-06-19 13:11:43,301 [INFO] PluginManager:220 - loadIPPluginJar : add gic
2024-06-19 13:11:43,303 [INFO] IPUIPlugin:80 - create IPUIPlugin
2024-06-19 13:11:43,303 [INFO] PluginManager:220 - loadIPPluginJar : add gpio
2024-06-19 13:11:43,305 [INFO] IPUIPlugin:80 - create IPUIPlugin
2024-06-19 13:11:43,305 [INFO] PluginManager:220 - loadIPPluginJar : add gtzc
2024-06-19 13:11:43,307 [INFO] IPUIPlugin:80 - create IPUIPlugin
2024-06-19 13:11:43,307 [INFO] PluginManager:220 - loadIPPluginJar : add hash
2024-06-19 13:11:43,309 [INFO] IPUIPlugin:80 - create IPUIPlugin
2024-06-19 13:11:43,309 [INFO] PluginManager:220 - loadIPPluginJar : add i2c
2024-06-19 13:11:43,311 [INFO] IPUIPlugin:80 - create IPUIPlugin
2024-06-19 13:11:43,311 [INFO] PluginManager:220 - loadIPPluginJar : add i2s
2024-06-19 13:11:43,314 [INFO] IPUIPlugin:80 - create IPUIPlugin
2024-06-19 13:11:43,314 [INFO] PluginManager:220 - loadIPPluginJar : add i3c
2024-06-19 13:11:43,316 [INFO] IPUIPlugin:80 - create IPUIPlugin
2024-06-19 13:11:43,316 [INFO] PluginManager:220 - loadIPPluginJar : add ipddr
2024-06-19 13:11:43,321 [INFO] IPUIPlugin:80 - create IPUIPlugin
2024-06-19 13:11:43,321 [INFO] PluginManager:220 - loadIPPluginJar : add linkedlist
2024-06-19 13:11:43,323 [INFO] IPUIPlugin:80 - create IPUIPlugin
2024-06-19 13:11:43,323 [INFO] PluginManager:220 - loadIPPluginJar : add lorawan
2024-06-19 13:11:43,325 [INFO] IPUIPlugin:80 - create IPUIPlugin
2024-06-19 13:11:43,325 [INFO] PluginManager:220 - loadIPPluginJar : add ltdc
2024-06-19 13:11:43,329 [INFO] IPUIPlugin:80 - create IPUIPlugin
2024-06-19 13:11:43,329 [INFO] PluginManager:220 - loadIPPluginJar : add mdma
2024-06-19 13:11:43,334 [INFO] IPUIPlugin:80 - create IPUIPlugin
2024-06-19 13:11:43,334 [INFO] PluginManager:220 - loadIPPluginJar : add nvic
2024-06-19 13:11:43,336 [INFO] IPUIPlugin:80 - create IPUIPlugin
2024-06-19 13:11:43,336 [INFO] PluginManager:220 - loadIPPluginJar : add opamp
2024-06-19 13:11:43,338 [INFO] IPUIPlugin:80 - create IPUIPlugin
2024-06-19 13:11:43,338 [INFO] PluginManager:220 - loadIPPluginJar : add openamp
2024-06-19 13:11:43,340 [INFO] IPUIPlugin:80 - create IPUIPlugin
2024-06-19 13:11:43,340 [INFO] PluginManager:220 - loadIPPluginJar : add pdm2pcm
2024-06-19 13:11:43,345 [INFO] IPUIPlugin:80 - create IPUIPlugin
2024-06-19 13:11:43,346 [INFO] PluginManager:220 - loadIPPluginJar : add plateformsettings
2024-06-19 13:11:43,347 [INFO] IPUIPlugin:80 - create IPUIPlugin
2024-06-19 13:11:43,348 [INFO] PluginManager:220 - loadIPPluginJar : add quadspi
2024-06-19 13:11:43,351 [INFO] IPUIPlugin:80 - create IPUIPlugin
2024-06-19 13:11:43,351 [INFO] PluginManager:220 - loadIPPluginJar : add resmgrutility
2024-06-19 13:11:43,354 [INFO] IPUIPlugin:80 - create IPUIPlugin
2024-06-19 13:11:43,354 [INFO] PluginManager:220 - loadIPPluginJar : add sai
2024-06-19 13:11:43,356 [INFO] IPUIPlugin:80 - create IPUIPlugin
2024-06-19 13:11:43,356 [INFO] PluginManager:220 - loadIPPluginJar : add spi
2024-06-19 13:11:43,359 [INFO] IPUIPlugin:80 - create IPUIPlugin
2024-06-19 13:11:43,359 [INFO] PluginManager:220 - loadIPPluginJar : add stm32_wpan
2024-06-19 13:11:43,361 [INFO] IPUIPlugin:80 - create IPUIPlugin
2024-06-19 13:11:43,361 [INFO] PluginManager:220 - loadIPPluginJar : add tim
2024-06-19 13:11:43,363 [INFO] IPUIPlugin:80 - create IPUIPlugin
2024-06-19 13:11:43,363 [INFO] PluginManager:220 - loadIPPluginJar : add touchsensing
2024-06-19 13:11:43,365 [INFO] IPUIPlugin:80 - create IPUIPlugin
2024-06-19 13:11:43,365 [INFO] PluginManager:220 - loadIPPluginJar : add tracer_emb
2024-06-19 13:11:43,366 [INFO] IPUIPlugin:80 - create IPUIPlugin
2024-06-19 13:11:43,367 [INFO] PluginManager:220 - loadIPPluginJar : add ts
2024-06-19 13:11:43,368 [INFO] IPUIPlugin:80 - create IPUIPlugin
2024-06-19 13:11:43,368 [INFO] PluginManager:220 - loadIPPluginJar : add tsc
2024-06-19 13:11:43,370 [INFO] IPUIPlugin:80 - create IPUIPlugin
2024-06-19 13:11:43,370 [INFO] PluginManager:220 - loadIPPluginJar : add ucpd
2024-06-19 13:11:43,373 [INFO] IPUIPlugin:80 - create IPUIPlugin
2024-06-19 13:11:43,373 [INFO] PluginManager:220 - loadIPPluginJar : add usart
2024-06-19 13:11:43,375 [INFO] IPUIPlugin:80 - create IPUIPlugin
2024-06-19 13:11:43,375 [INFO] PluginManager:220 - loadIPPluginJar : add usbx
2024-06-19 13:11:43,488 [INFO] CADModel:165 - CPN selected for project level
2024-06-19 13:11:43,488 [INFO] CADModel:114 - Register for checkConnection events
2024-06-19 13:11:43,488 [FATAL] Updater:308 - Updater called before beeing initialized
2024-06-19 13:11:43,489 [ERROR] CADModel:125 - Updater not yet initialized, retry later 
2024-06-19 13:11:43,614 [INFO] CADModel:165 - CPN selected for project level
2024-06-19 13:11:43,614 [INFO] CADModel:114 - Register for checkConnection events
2024-06-19 13:11:43,614 [FATAL] Updater:308 - Updater called before beeing initialized
2024-06-19 13:11:43,614 [ERROR] CADModel:125 - Updater not yet initialized, retry later 
2024-06-19 13:11:43,616 [FATAL] Updater:308 - Updater called before beeing initialized
2024-06-19 13:11:43,695 [FATAL] Updater:308 - Updater called before beeing initialized
2024-06-19 13:11:43,698 [INFO] DbMcusAds:53 - JSON generation date=Thu May 16 14:52:00 IST 2024 (1715851320852)
2024-06-19 13:11:43,698 [FATAL] Updater:308 - Updater called before beeing initialized
2024-06-19 13:11:43,730 [WARN] DetailPanel:346 - Failed to get advertising image, set to default
2024-06-19 13:11:43,792 [FATAL] Updater:308 - Updater called before beeing initialized
2024-06-19 13:11:43,793 [FATAL] Updater:308 - Updater called before beeing initialized
2024-06-19 13:11:43,793 [FATAL] Updater:308 - Updater called before beeing initialized
2024-06-19 13:11:43,794 [WARN] DetailPanel:346 - Failed to get advertising image, set to default
2024-06-19 13:11:43,794 [FATAL] Updater:308 - Updater called before beeing initialized
2024-06-19 13:11:43,832 [ERROR] Updater:1120 - MainUpdater not yet initialized. External WinMGr cannot be set.
2024-06-19 13:11:43,833 [INFO] Updater:1056 - Updater Version found : 6.11.1
2024-06-19 13:11:43,850 [INFO] ApplicationProperties:184 - Using Application install path: C:\ST\STM32CubeIDE_1.15.1\STM32CubeIDE\plugins\com.st.stm32cube.common.mx_6.11.1.202404110753
2024-06-19 13:11:44,119 [INFO] MainUpdater:2873 - connection check result : 22
2024-06-19 13:11:44,120 [INFO] MainUpdater:290 - Updater Check For Update Now.
2024-06-19 13:11:44,120 [INFO] MicroXplorer:498 - Change Database Version : DB.6.0.111
2024-06-19 13:11:44,135 [INFO] McuFinderGlobals:63 - Set McuFinder mode to 2 (CubeIDE integrated)
2024-06-19 13:11:44,135 [INFO] UserAuth:179 - activating auth plugin
2024-06-19 13:11:44,138 [INFO] UserAuth:415 - Internet connection configuration mode: 2
2024-06-19 13:11:44,158 [INFO] UserAuth:415 - Internet connection configuration mode: 2
2024-06-19 13:11:44,290 [INFO] CheckServerUpdateThread:120 - End of CheckServer Thread
2024-06-19 13:11:46,013 [WARN] PackLoader:240 - Cannot read IP mode file for STMicroelectronics.FP-SNS-MOTENVWB1.1.4.0
2024-06-19 13:11:46,025 [WARN] PackLoader:240 - Cannot read IP mode file for STMicroelectronics.X-CUBE-SMBUS.2.1.0
2024-06-19 13:11:46,030 [WARN] PackLoader:240 - Cannot read IP mode file for STMicroelectronics.X-CUBE-TOUCHGFX.4.23.2
2024-06-19 13:11:46,052 [WARN] PackLoader:240 - Cannot read IP mode file for STMicroelectronics.X-CUBE-AZRTOS-F7.1.1.0
2024-06-19 13:11:46,063 [WARN] PackLoader:240 - Cannot read IP mode file for STMicroelectronics.FP-SNS-FLIGHT1.5.0.2
2024-06-19 13:11:46,073 [WARN] PackLoader:240 - Cannot read IP mode file for STMicroelectronics.X-CUBE-DISPLAY.3.0.0
2024-06-19 13:11:46,090 [WARN] PackLoader:240 - Cannot read IP mode file for STMicroelectronics.X-CUBE-BLE1.7.0.0
2024-06-19 13:11:46,096 [WARN] PackLoader:240 - Cannot read IP mode file for emotas.I-CUBE-CANOPEN.1.3.0
2024-06-19 13:11:46,108 [WARN] PackLoader:240 - Cannot read IP mode file for STMicroelectronics.X-CUBE-BLEMGR.3.1.0
2024-06-19 13:11:46,116 [WARN] PackLoader:240 - Cannot read IP mode file for STMicroelectronics.FP-SNS-SMARTAG2.1.2.0
2024-06-19 13:11:46,128 [INFO] LogOutputStream:77 - [STDOUT_REDIRECT] 1 : Invalid condition id : UX_CORESTACK_Condition cause : null
2024-06-19 13:11:46,129 [INFO] LogOutputStream:77 - [STDOUT_REDIRECT] 1 : Invalid condition id : UX_CORESTACK_Condition cause : null
2024-06-19 13:11:46,131 [INFO] LogOutputStream:77 - [STDOUT_REDIRECT] 1 : Invalid condition id : UX_CORESTACK_Condition cause : null
2024-06-19 13:11:46,132 [INFO] LogOutputStream:77 - [STDOUT_REDIRECT] 1 : Invalid condition id : UX_CORESTACK_Condition cause : null
2024-06-19 13:11:46,133 [INFO] LogOutputStream:77 - [STDOUT_REDIRECT] 1 : Invalid condition id : UX_CORESTACK_Condition cause : null
2024-06-19 13:11:46,137 [WARN] PackLoader:240 - Cannot read IP mode file for STMicroelectronics.X-CUBE-AZRTOS-WL.2.0.0
2024-06-19 13:11:46,143 [WARN] PackLoader:240 - Cannot read IP mode file for STMicroelectronics.FP-SNS-MOTENV1.5.0.0
2024-06-19 13:11:46,148 [WARN] PackLoader:240 - Cannot read IP mode file for wolfSSL.I-CUBE-wolfMQTT.1.19.0
2024-06-19 13:11:46,159 [WARN] PackLoader:240 - Cannot read IP mode file for WES.I-CUBE-Cesium.1.3.0
2024-06-19 13:11:46,164 [WARN] PackLoader:240 - Cannot read IP mode file for STMicroelectronics.X-CUBE-BLE2.3.3.0
2024-06-19 13:11:46,170 [WARN] PackLoader:240 - Cannot read IP mode file for STMicroelectronics.X-CUBE-TCPP.4.1.0
2024-06-19 13:11:46,186 [WARN] PackLoader:240 - Cannot read IP mode file for STMicroelectronics.X-CUBE-AZRTOS-G0.1.1.0
2024-06-19 13:11:46,196 [WARN] PackLoader:240 - Cannot read IP mode file for STMicroelectronics.X-CUBE-SAFEA1.1.2.2
2024-06-19 13:11:46,204 [WARN] PackLoader:240 - Cannot read IP mode file for STMicroelectronics.X-CUBE-NFC4.3.0.0
2024-06-19 13:11:46,209 [WARN] PackLoader:240 - Cannot read IP mode file for wolfSSL.I-CUBE-wolfSSL.5.7.0
2024-06-19 13:11:46,212 [WARN] PackLoader:240 - Cannot read IP mode file for STMicroelectronics.FP-ATR-SIGFOX1.3.2.0
2024-06-19 13:11:46,218 [WARN] PackLoader:240 - Cannot read IP mode file for STMicroelectronics.X-CUBE-EEPRMA1.5.1.0
2024-06-19 13:11:46,225 [WARN] PackLoader:240 - Cannot read IP mode file for ITTIA_DB.I-CUBE-ITTIADB.8.9.0
2024-06-19 13:11:46,264 [WARN] PackLoader:240 - Cannot read IP mode file for SEGGER.I-CUBE-embOS.1.3.1
2024-06-19 13:11:46,315 [WARN] PackLoader:240 - Cannot read IP mode file for STMicroelectronics.X-CUBE-ALGOBUILD.1.4.0
2024-06-19 13:11:46,320 [WARN] PackLoader:240 - Cannot read IP mode file for STMicroelectronics.X-CUBE-GNSS1.6.0.0
2024-06-19 13:11:46,335 [WARN] PackLoader:240 - Cannot read IP mode file for STMicroelectronics.X-CUBE-AZRTOS-F4.1.1.0
2024-06-19 13:11:46,344 [WARN] PackLoader:240 - Cannot read IP mode file for STMicroelectronics.X-CUBE-FREERTOS.1.2.0
2024-06-19 13:11:46,358 [WARN] PackLoader:240 - Cannot read IP mode file for STMicroelectronics.X-CUBE-AZRTOS-L5.2.0.0
2024-06-19 13:11:46,367 [WARN] PackLoader:240 - Cannot read IP mode file for STMicroelectronics.X-CUBE-NFC6.3.1.0
2024-06-19 13:11:46,374 [WARN] PackLoader:240 - Cannot read IP mode file for STMicroelectronics.X-CUBE-AI.9.0.0
2024-06-19 13:11:46,379 [WARN] PackLoader:240 - Cannot read IP mode file for STMicroelectronics.X-CUBE-NFC7.1.0.1
2024-06-19 13:11:46,393 [WARN] ConditionMgr:438 - getConditionDescription Invalid condition id : LAN8742 Phy interface Condition cause : null
2024-06-19 13:11:46,393 [WARN] PackLoader:240 - Cannot read IP mode file for STMicroelectronics.X-CUBE-AZRTOS-L4.2.0.0
2024-06-19 13:11:46,394 [WARN] ConditionMgr:1039 - genDependencies : Invalid condition id : LAN8742 Phy interface Condition cause : null
2024-06-19 13:11:46,394 [WARN] ConditionMgr:1039 - genDependencies : Invalid condition id : LAN8742 Phy interface Condition cause : null
2024-06-19 13:11:46,395 [WARN] ConditionMgr:1039 - genDependencies : Invalid condition id : LAN8742 Phy interface Condition cause : null
2024-06-19 13:11:46,401 [WARN] PackLoader:240 - Cannot read IP mode file for STMicroelectronics.X-CUBE-SFXS2LP1.4.0.0
2024-06-19 13:11:46,412 [WARN] ConditionMgr:438 - getConditionDescription Invalid condition id : UX DEVICE CLASS RTOS Condition cause : null
2024-06-19 13:11:46,412 [WARN] ConditionMgr:438 - getConditionDescription Invalid condition id : UX DEVICE CLASS RTOS Condition cause : null
2024-06-19 13:11:46,414 [WARN] PackLoader:240 - Cannot read IP mode file for STMicroelectronics.X-CUBE-AZRTOS-WB.2.0.0
2024-06-19 13:11:46,414 [WARN] ConditionMgr:1039 - genDependencies : Invalid condition id : UX DEVICE CLASS RTOS Condition cause : null
2024-06-19 13:11:46,414 [WARN] ConditionMgr:1039 - genDependencies : Invalid condition id : UX DEVICE CLASS RTOS Condition cause : null
2024-06-19 13:11:46,415 [WARN] ConditionMgr:1039 - genDependencies : Invalid condition id : UX DEVICE CLASS RTOS Condition cause : null
2024-06-19 13:11:46,415 [WARN] ConditionMgr:1039 - genDependencies : Invalid condition id : UX DEVICE CLASS RTOS Condition cause : null
2024-06-19 13:11:46,415 [WARN] ConditionMgr:1039 - genDependencies : Invalid condition id : UX DEVICE CLASS RTOS Condition cause : null
2024-06-19 13:11:46,424 [WARN] PackLoader:240 - Cannot read IP mode file for STMicroelectronics.X-CUBE-SUBG2.5.0.0
2024-06-19 13:11:46,431 [WARN] PackLoader:240 - Cannot read IP mode file for Cesanta.I-CUBE-Mongoose.7.13.0
2024-06-19 13:11:46,442 [WARN] PackLoader:240 - Cannot read IP mode file for STMicroelectronics.X-CUBE-AZRTOS-G4.2.0.0
2024-06-19 13:11:46,448 [WARN] PackLoader:240 - Cannot read IP mode file for STMicroelectronics.X-CUBE-ISPU.2.0.0
2024-06-19 13:11:46,453 [WARN] PackLoader:240 - Cannot read IP mode file for STMicroelectronics.X-CUBE-ALS.1.0.2
2024-06-19 13:11:46,488 [WARN] PackLoader:240 - Cannot read IP mode file for STMicroelectronics.X-CUBE-MEMS1.10.0.0
2024-06-19 13:11:46,593 [WARN] PackLoader:240 - Cannot read IP mode file for portGmbH.I-Cube-SoM-uGOAL.1.1.0
2024-06-19 13:11:46,608 [WARN] PackLoader:240 - Cannot read IP mode file for STMicroelectronics.X-CUBE-AZRTOS-H7RS.1.0.0
2024-06-19 13:11:46,615 [WARN] PackLoader:240 - Cannot read IP mode file for STMicroelectronics.FP-ATR-ASTRA1.2.0.0
2024-06-19 13:11:46,626 [WARN] PackLoader:240 - Cannot read IP mode file for STMicroelectronics.X-CUBE-TOF1.3.4.1
2024-06-19 13:11:46,653 [WARN] PackLoader:240 - Cannot read IP mode file for STMicroelectronics.X-CUBE-AZRTOS-H7.3.2.0
2024-06-19 13:11:46,667 [WARN] PackLoader:240 - Cannot read IP mode file for Infineon.AIROC-Wi-Fi-Bluetooth-STM32.1.6.0
2024-06-19 13:11:46,671 [INFO] ThirdParty:978 - Integrity check success = true
2024-06-19 13:11:46,671 [INFO] IntegrityCheckThread:100 - exiting critical section [integrity check]
2024-06-19 13:11:46,671 [INFO] IntegrityCheckThread:103 - End integrity checks thread
2024-06-19 15:38:29,880 [ERROR] ConfigurationRetriever:142 - IOException on connection: Read timed out
2024-06-19 15:38:31,894 [ERROR] ConfigurationRetriever:142 - IOException on connection: Read timed out
2024-06-19 15:51:33,906 [INFO] Activator:176 - 


2024-06-19 15:51:33,910 [INFO] Activator:177 - !SESSION log4j initialized
2024-06-19 15:51:38,006 [INFO] LogOutputStream:77 - [STDOUT_REDIRECT] 
2024-06-19 15:51:38,796 [ERROR] ConfigurationRetriever:142 - IOException on connection: sw-center.st.com
2024-06-19 15:51:38,797 [ERROR] ConfigurationRetriever:142 - IOException on connection: sw-center.st.com
2024-06-19 15:51:38,798 [ERROR] ConfigurationRetriever:142 - IOException on connection: sw-center.st.com
2024-06-19 15:51:39,108 [INFO] ApplicationProperties:184 - Using Application install path: C:\ST\STM32CubeIDE_1.15.1\STM32CubeIDE\plugins\com.st.stm32cube.common.mx_6.11.1.202404110753
2024-06-19 15:51:39,124 [INFO] DbMcusXml:78 - Set database path to: C:\ST\STM32CubeIDE_1.15.1\STM32CubeIDE\plugins\com.st.stm32cube.common.mx_6.11.1.202404110753\\db\/mcu/
2024-06-19 15:51:39,124 [INFO] ApiDb:274 - Set plugin database path to: C:\ST\STM32CubeIDE_1.15.1\STM32CubeIDE\plugins\com.st.stm32cube.common.mx_6.11.1.202404110753\\db\/plugins/boardmanager/
2024-06-19 15:51:39,124 [WARN] ApiDb:259 - Overriding images path with different value:  => C:\ST\STM32CubeIDE_1.15.1\STM32CubeIDE\plugins\com.st.stm32cube.common.mx_6.11.1.202404110753\\db\/plugins/mcufinder/images/
2024-06-19 15:51:39,130 [INFO] ApiDb:250 - Set database path to: C:\Users\bhadula.kishor\.stmcufinder\plugins\mcufinder//mcu/
2024-06-19 15:51:39,131 [INFO] DbMcusAds:125 - Set database path to: C:\Users\bhadula.kishor\.stmcufinder\plugins\mcufinder//mcu/
2024-06-19 15:51:39,132 [INFO] CrossReferenceDbSqlite:203 - Set database path to: C:\Users\bhadula.kishor\.stmcufinder\plugins\mcufinder//mcu/cs/
2024-06-19 15:51:39,218 [INFO] RulesReader:64 - Compatibility file has been processed (297 Rules)
2024-06-19 15:51:39,296 [INFO] DbMcusXml:78 - Set database path to: C:\ST\STM32CubeIDE_1.15.1\STM32CubeIDE\plugins\com.st.stm32cube.common.mx_6.11.1.202404110753\\db\/mcu/
2024-06-19 15:51:39,297 [INFO] ApiDb:274 - Set plugin database path to: C:\ST\STM32CubeIDE_1.15.1\STM32CubeIDE\plugins\com.st.stm32cube.common.mx_6.11.1.202404110753\\db\/plugins/boardmanager/
2024-06-19 15:51:39,297 [INFO] ApiDb:261 - Set plugin images path to: C:\ST\STM32CubeIDE_1.15.1\STM32CubeIDE\plugins\com.st.stm32cube.common.mx_6.11.1.202404110753\\db\/plugins/mcufinder/images/
2024-06-19 15:51:39,297 [WARN] DbFile:41 - Overriding database path with different value: C:\Users\bhadula.kishor\.stmcufinder\plugins\mcufinder/ => C:\Users\bhadula.kishor\.stmcufinder\plugins\mcufinder
2024-06-19 15:51:39,297 [INFO] ApiDb:250 - Set database path to: C:\Users\bhadula.kishor\.stmcufinder\plugins\mcufinder//mcu/
2024-06-19 15:51:39,297 [WARN] DbFile:41 - Overriding database path with different value: C:\Users\bhadula.kishor\.stmcufinder\plugins\mcufinder/ => C:\Users\bhadula.kishor\.stmcufinder\plugins\mcufinder
2024-06-19 15:51:39,297 [INFO] DbMcusAds:125 - Set database path to: C:\Users\bhadula.kishor\.stmcufinder\plugins\mcufinder//mcu/
2024-06-19 15:51:39,297 [WARN] DbFile:41 - Overriding database path with different value: C:\Users\bhadula.kishor\.stmcufinder\plugins\mcufinder/ => C:\Users\bhadula.kishor\.stmcufinder\plugins\mcufinder
2024-06-19 15:51:39,298 [WARN] DbFile:41 - Overriding database path with different value: C:\Users\bhadula.kishor\.stmcufinder\plugins\mcufinder/ => C:\Users\bhadula.kishor\.stmcufinder\plugins\mcufinder
2024-06-19 15:51:39,298 [INFO] CrossReferenceDbSqlite:203 - Set database path to: C:\Users\bhadula.kishor\.stmcufinder\plugins\mcufinder//mcu/cs/
2024-06-19 15:51:39,375 [INFO] MainPanel:264 - HeapMemory: 268435456
2024-06-19 15:51:39,453 [INFO] DbMcusXml:78 - Set database path to: C:\ST\STM32CubeIDE_1.15.1\STM32CubeIDE\plugins\com.st.stm32cube.common.mx_6.11.1.202404110753\\db\/mcu/
2024-06-19 15:51:39,453 [INFO] ApiDb:274 - Set plugin database path to: C:\ST\STM32CubeIDE_1.15.1\STM32CubeIDE\plugins\com.st.stm32cube.common.mx_6.11.1.202404110753\\db\/plugins/boardmanager/
2024-06-19 15:51:39,454 [INFO] ApiDb:261 - Set plugin images path to: C:\ST\STM32CubeIDE_1.15.1\STM32CubeIDE\plugins\com.st.stm32cube.common.mx_6.11.1.202404110753\\db\/plugins/mcufinder/images/
2024-06-19 15:51:39,455 [WARN] DbFile:41 - Overriding database path with different value: C:\Users\bhadula.kishor\.stmcufinder\plugins\mcufinder/ => C:\Users\bhadula.kishor\.stmcufinder\plugins\mcufinder
2024-06-19 15:51:39,455 [INFO] ApiDb:250 - Set database path to: C:\Users\bhadula.kishor\.stmcufinder\plugins\mcufinder//mcu/
2024-06-19 15:51:39,455 [WARN] DbFile:41 - Overriding database path with different value: C:\Users\bhadula.kishor\.stmcufinder\plugins\mcufinder/ => C:\Users\bhadula.kishor\.stmcufinder\plugins\mcufinder
2024-06-19 15:51:39,455 [INFO] DbMcusAds:125 - Set database path to: C:\Users\bhadula.kishor\.stmcufinder\plugins\mcufinder//mcu/
2024-06-19 15:51:39,455 [WARN] DbFile:41 - Overriding database path with different value: C:\Users\bhadula.kishor\.stmcufinder\plugins\mcufinder/ => C:\Users\bhadula.kishor\.stmcufinder\plugins\mcufinder
2024-06-19 15:51:39,456 [WARN] DbFile:41 - Overriding database path with different value: C:\Users\bhadula.kishor\.stmcufinder\plugins\mcufinder/ => C:\Users\bhadula.kishor\.stmcufinder\plugins\mcufinder
2024-06-19 15:51:39,456 [INFO] CrossReferenceDbSqlite:203 - Set database path to: C:\Users\bhadula.kishor\.stmcufinder\plugins\mcufinder//mcu/cs/
2024-06-19 15:51:39,474 [INFO] ApplicationProperties:184 - Using Application install path: C:\ST\STM32CubeIDE_1.15.1\STM32CubeIDE\plugins\com.st.stm32cube.common.mx_6.11.1.202404110753
2024-06-19 15:51:39,476 [INFO] PluginManage:196 - Search for loadable plugins [exclusion list=, ]
2024-06-19 15:51:39,477 [INFO] PluginManage:310 - Check plugin analytics
2024-06-19 15:51:39,693 [INFO] AnalyticsPlugin:253 - Accepted Software Licenses: 
2024-06-19 15:51:39,694 [INFO] AnalyticsPlugin:255 - Accepted CMSIS Pack Licenses: 
2024-06-19 15:51:39,694 [INFO] AnalyticsPlugin:257 - Accepted Firmware Licenses: 
2024-06-19 15:51:39,699 [INFO] PluginManage:359 - Loaded plugin analytics (category:tool,tabindex:-1)
2024-06-19 15:51:39,700 [ERROR] ConfigurationRetriever:142 - IOException on connection: sw-center.st.com
2024-06-19 15:51:39,700 [INFO] PluginManage:310 - Check plugin cadmodel
2024-06-19 15:51:39,701 [ERROR] ConfigurationRetriever:142 - IOException on connection: sw-center.st.com
2024-06-19 15:51:39,701 [ERROR] ConfigurationRetriever:142 - IOException on connection: sw-center.st.com
2024-06-19 15:51:39,710 [INFO] CADModel:105 - Init CAD model plugin
2024-06-19 15:51:39,710 [INFO] PluginManage:359 - Loaded plugin cadmodel (category:power,tabindex:5)
2024-06-19 15:51:39,711 [INFO] PluginManage:310 - Check plugin clock
2024-06-19 15:51:39,725 [INFO] PluginManage:359 - Loaded plugin clock (category:base,tabindex:2)
2024-06-19 15:51:39,726 [INFO] PluginManage:310 - Check plugin ddr
2024-06-19 15:51:39,728 [INFO] PluginManage:359 - Loaded plugin ddr (category:tool,tabindex:6)
2024-06-19 15:51:39,728 [INFO] PluginManage:310 - Check plugin filemanager
2024-06-19 15:51:39,872 [INFO] PluginManage:359 - Loaded plugin filemanager (category:base,tabindex:10)
2024-06-19 15:51:39,872 [INFO] PluginManage:310 - Check plugin ipmanager
2024-06-19 15:51:39,881 [INFO] PluginManage:359 - Loaded plugin ipmanager (category:base,tabindex:5)
2024-06-19 15:51:39,881 [INFO] PluginManage:310 - Check plugin lpbam
2024-06-19 15:51:39,889 [INFO] PluginManage:359 - Loaded plugin lpbam (category:base,tabindex:0)
2024-06-19 15:51:39,890 [INFO] PluginManage:310 - Check plugin memorymap
2024-06-19 15:51:39,901 [INFO] PluginManage:359 - Loaded plugin memorymap (category:base,tabindex:4)
2024-06-19 15:51:39,901 [INFO] PluginManage:310 - Check plugin pinoutandconfiguration
2024-06-19 15:51:39,906 [INFO] PluginManage:359 - Loaded plugin pinoutandconfiguration (category:base,tabindex:1)
2024-06-19 15:51:39,907 [INFO] PluginManage:310 - Check plugin pinoutconfig
2024-06-19 15:51:39,974 [WARN] SupportedApi:132 - Cannot load RTOS API schema: s4s-elt-must-match.1: The content of 'definitions' must match (annotation?, (simpleType | complexType)?, (unique | key | keyref)*)). A problem was found starting at: attribute.
2024-06-19 15:51:40,087 [INFO] PluginManage:359 - Loaded plugin pinoutconfig (category:base,tabindex:0)
2024-06-19 15:51:40,087 [INFO] PluginManage:310 - Check plugin power
2024-06-19 15:51:40,097 [INFO] PluginManage:359 - Loaded plugin power (category:power,tabindex:4)
2024-06-19 15:51:40,097 [INFO] PluginManage:310 - Check plugin projectmanager
2024-06-19 15:51:40,110 [INFO] PluginManage:359 - Loaded plugin projectmanager (category:projectmanager,tabindex:3)
2024-06-19 15:51:40,110 [INFO] PluginManage:310 - Check plugin thirdparty
2024-06-19 15:51:40,222 [INFO] PluginManage:359 - Loaded plugin thirdparty (category:base,tabindex:-1)
2024-06-19 15:51:40,222 [WARN] IntegrityCheckThread:84 - waiting for thirdparty lock release [integrity check]
2024-06-19 15:51:40,222 [INFO] PluginManage:310 - Check plugin tools
2024-06-19 15:51:40,222 [INFO] IntegrityCheckThread:86 - entering critical section [integrity check]
2024-06-19 15:51:40,223 [INFO] ThirdPartyUpdaterWithRetryManager:70 - Updater plugin not ready yet. [1/15]
2024-06-19 15:51:40,226 [INFO] PluginManage:359 - Loaded plugin tools (category:base,tabindex:7)
2024-06-19 15:51:40,226 [INFO] PluginManage:310 - Check plugin tutovideos
2024-06-19 15:51:40,377 [INFO] PluginManage:359 - Loaded plugin tutovideos (category:base,tabindex:-1)
2024-06-19 15:51:40,377 [INFO] PluginManage:310 - Check plugin updater
2024-06-19 15:51:40,386 [INFO] PluginManage:359 - Loaded plugin updater (category:base,tabindex:12)
2024-06-19 15:51:40,386 [INFO] PluginManage:310 - Check plugin userauth
2024-06-19 15:51:40,391 [INFO] UserAuth:114 - Init User Auth plugin
2024-06-19 15:51:40,391 [INFO] PluginManage:359 - Loaded plugin userauth (category:base,tabindex:14)
2024-06-19 15:51:40,391 [INFO] PluginManage:283 - PluginManage : Loaded plugins [17]
2024-06-19 15:51:40,609 [INFO] PinOutPanel:1561 - setPackage(No Configuration,No Configuration)
2024-06-19 15:51:40,700 [INFO] CADModel:165 - CPN selected for project level
2024-06-19 15:51:40,702 [INFO] CADModel:114 - Register for checkConnection events
2024-06-19 15:51:40,723 [INFO] IPUIPlugin:80 - create IPUIPlugin
2024-06-19 15:51:40,723 [INFO] PluginManager:220 - loadIPPluginJar : add adc
2024-06-19 15:51:40,726 [INFO] IPUIPlugin:80 - create IPUIPlugin
2024-06-19 15:51:40,726 [INFO] PluginManager:220 - loadIPPluginJar : add aes
2024-06-19 15:51:40,730 [INFO] IPUIPlugin:80 - create IPUIPlugin
2024-06-19 15:51:40,730 [INFO] PluginManager:220 - loadIPPluginJar : add can
2024-06-19 15:51:40,733 [INFO] IPUIPlugin:80 - create IPUIPlugin
2024-06-19 15:51:40,733 [INFO] PluginManager:220 - loadIPPluginJar : add comp
2024-06-19 15:51:40,737 [INFO] IPUIPlugin:80 - create IPUIPlugin
2024-06-19 15:51:40,737 [INFO] PluginManager:220 - loadIPPluginJar : add cryp
2024-06-19 15:51:40,740 [INFO] IPUIPlugin:80 - create IPUIPlugin
2024-06-19 15:51:40,740 [INFO] PluginManager:220 - loadIPPluginJar : add dfsdm
2024-06-19 15:51:40,747 [INFO] IPUIPlugin:80 - create IPUIPlugin
2024-06-19 15:51:40,747 [INFO] PluginManager:220 - loadIPPluginJar : add dma
2024-06-19 15:51:40,751 [INFO] IPUIPlugin:80 - create IPUIPlugin
2024-06-19 15:51:40,751 [INFO] PluginManager:220 - loadIPPluginJar : add dma3
2024-06-19 15:51:40,754 [INFO] IPUIPlugin:80 - create IPUIPlugin
2024-06-19 15:51:40,754 [INFO] PluginManager:220 - loadIPPluginJar : add extmemmanager
2024-06-19 15:51:40,755 [INFO] IPUIPlugin:80 - create IPUIPlugin
2024-06-19 15:51:40,755 [INFO] PluginManager:220 - loadIPPluginJar : add fatfs
2024-06-19 15:51:40,760 [INFO] IPUIPlugin:80 - create IPUIPlugin
2024-06-19 15:51:40,760 [INFO] PluginManager:220 - loadIPPluginJar : add fmc
2024-06-19 15:51:40,767 [INFO] IPUIPlugin:80 - create IPUIPlugin
2024-06-19 15:51:40,767 [INFO] PluginManager:220 - loadIPPluginJar : add freertos
2024-06-19 15:51:40,769 [INFO] IPUIPlugin:80 - create IPUIPlugin
2024-06-19 15:51:40,769 [INFO] PluginManager:220 - loadIPPluginJar : add genericplugin
2024-06-19 15:51:40,771 [INFO] IPUIPlugin:80 - create IPUIPlugin
2024-06-19 15:51:40,771 [INFO] PluginManager:220 - loadIPPluginJar : add gfxmmu
2024-06-19 15:51:40,776 [INFO] IPUIPlugin:80 - create IPUIPlugin
2024-06-19 15:51:40,776 [INFO] PluginManager:220 - loadIPPluginJar : add gic
2024-06-19 15:51:40,780 [INFO] IPUIPlugin:80 - create IPUIPlugin
2024-06-19 15:51:40,780 [INFO] PluginManager:220 - loadIPPluginJar : add gpio
2024-06-19 15:51:40,783 [INFO] IPUIPlugin:80 - create IPUIPlugin
2024-06-19 15:51:40,783 [INFO] PluginManager:220 - loadIPPluginJar : add gtzc
2024-06-19 15:51:40,786 [INFO] IPUIPlugin:80 - create IPUIPlugin
2024-06-19 15:51:40,786 [INFO] PluginManager:220 - loadIPPluginJar : add hash
2024-06-19 15:51:40,789 [INFO] IPUIPlugin:80 - create IPUIPlugin
2024-06-19 15:51:40,789 [INFO] PluginManager:220 - loadIPPluginJar : add i2c
2024-06-19 15:51:40,792 [INFO] IPUIPlugin:80 - create IPUIPlugin
2024-06-19 15:51:40,792 [INFO] PluginManager:220 - loadIPPluginJar : add i2s
2024-06-19 15:51:40,795 [INFO] IPUIPlugin:80 - create IPUIPlugin
2024-06-19 15:51:40,795 [INFO] PluginManager:220 - loadIPPluginJar : add i3c
2024-06-19 15:51:40,798 [INFO] IPUIPlugin:80 - create IPUIPlugin
2024-06-19 15:51:40,798 [INFO] PluginManager:220 - loadIPPluginJar : add ipddr
2024-06-19 15:51:40,806 [INFO] IPUIPlugin:80 - create IPUIPlugin
2024-06-19 15:51:40,806 [INFO] PluginManager:220 - loadIPPluginJar : add linkedlist
2024-06-19 15:51:40,809 [INFO] IPUIPlugin:80 - create IPUIPlugin
2024-06-19 15:51:40,809 [INFO] PluginManager:220 - loadIPPluginJar : add lorawan
2024-06-19 15:51:40,811 [INFO] IPUIPlugin:80 - create IPUIPlugin
2024-06-19 15:51:40,811 [INFO] PluginManager:220 - loadIPPluginJar : add ltdc
2024-06-19 15:51:40,818 [INFO] IPUIPlugin:80 - create IPUIPlugin
2024-06-19 15:51:40,818 [INFO] PluginManager:220 - loadIPPluginJar : add mdma
2024-06-19 15:51:40,822 [INFO] IPUIPlugin:80 - create IPUIPlugin
2024-06-19 15:51:40,822 [INFO] PluginManager:220 - loadIPPluginJar : add nvic
2024-06-19 15:51:40,825 [INFO] IPUIPlugin:80 - create IPUIPlugin
2024-06-19 15:51:40,825 [INFO] PluginManager:220 - loadIPPluginJar : add opamp
2024-06-19 15:51:40,827 [INFO] IPUIPlugin:80 - create IPUIPlugin
2024-06-19 15:51:40,827 [INFO] PluginManager:220 - loadIPPluginJar : add openamp
2024-06-19 15:51:40,830 [INFO] IPUIPlugin:80 - create IPUIPlugin
2024-06-19 15:51:40,830 [INFO] PluginManager:220 - loadIPPluginJar : add pdm2pcm
2024-06-19 15:51:40,835 [INFO] IPUIPlugin:80 - create IPUIPlugin
2024-06-19 15:51:40,837 [INFO] PluginManager:220 - loadIPPluginJar : add plateformsettings
2024-06-19 15:51:40,839 [INFO] IPUIPlugin:80 - create IPUIPlugin
2024-06-19 15:51:40,839 [INFO] PluginManager:220 - loadIPPluginJar : add quadspi
2024-06-19 15:51:40,842 [INFO] IPUIPlugin:80 - create IPUIPlugin
2024-06-19 15:51:40,842 [INFO] PluginManager:220 - loadIPPluginJar : add resmgrutility
2024-06-19 15:51:40,844 [INFO] IPUIPlugin:80 - create IPUIPlugin
2024-06-19 15:51:40,844 [INFO] PluginManager:220 - loadIPPluginJar : add sai
2024-06-19 15:51:40,846 [INFO] IPUIPlugin:80 - create IPUIPlugin
2024-06-19 15:51:40,846 [INFO] PluginManager:220 - loadIPPluginJar : add spi
2024-06-19 15:51:40,851 [INFO] IPUIPlugin:80 - create IPUIPlugin
2024-06-19 15:51:40,851 [INFO] PluginManager:220 - loadIPPluginJar : add stm32_wpan
2024-06-19 15:51:40,852 [INFO] IPUIPlugin:80 - create IPUIPlugin
2024-06-19 15:51:40,852 [INFO] PluginManager:220 - loadIPPluginJar : add tim
2024-06-19 15:51:40,855 [INFO] IPUIPlugin:80 - create IPUIPlugin
2024-06-19 15:51:40,855 [INFO] PluginManager:220 - loadIPPluginJar : add touchsensing
2024-06-19 15:51:40,857 [INFO] IPUIPlugin:80 - create IPUIPlugin
2024-06-19 15:51:40,857 [INFO] PluginManager:220 - loadIPPluginJar : add tracer_emb
2024-06-19 15:51:40,859 [INFO] IPUIPlugin:80 - create IPUIPlugin
2024-06-19 15:51:40,859 [INFO] PluginManager:220 - loadIPPluginJar : add ts
2024-06-19 15:51:40,860 [INFO] IPUIPlugin:80 - create IPUIPlugin
2024-06-19 15:51:40,860 [INFO] PluginManager:220 - loadIPPluginJar : add tsc
2024-06-19 15:51:40,862 [INFO] IPUIPlugin:80 - create IPUIPlugin
2024-06-19 15:51:40,862 [INFO] PluginManager:220 - loadIPPluginJar : add ucpd
2024-06-19 15:51:40,866 [INFO] IPUIPlugin:80 - create IPUIPlugin
2024-06-19 15:51:40,866 [INFO] PluginManager:220 - loadIPPluginJar : add usart
2024-06-19 15:51:40,868 [INFO] IPUIPlugin:80 - create IPUIPlugin
2024-06-19 15:51:40,869 [INFO] PluginManager:220 - loadIPPluginJar : add usbx
2024-06-19 15:51:40,991 [INFO] CADModel:165 - CPN selected for project level
2024-06-19 15:51:40,991 [INFO] CADModel:114 - Register for checkConnection events
2024-06-19 15:51:40,991 [FATAL] Updater:308 - Updater called before beeing initialized
2024-06-19 15:51:40,991 [ERROR] CADModel:125 - Updater not yet initialized, retry later 
2024-06-19 15:51:41,123 [INFO] CADModel:165 - CPN selected for project level
2024-06-19 15:51:41,123 [INFO] CADModel:114 - Register for checkConnection events
2024-06-19 15:51:41,123 [FATAL] Updater:308 - Updater called before beeing initialized
2024-06-19 15:51:41,123 [ERROR] CADModel:125 - Updater not yet initialized, retry later 
2024-06-19 15:51:41,126 [FATAL] Updater:308 - Updater called before beeing initialized
2024-06-19 15:51:41,209 [FATAL] Updater:308 - Updater called before beeing initialized
2024-06-19 15:51:41,212 [INFO] DbMcusAds:53 - JSON generation date=Thu May 16 14:52:00 IST 2024 (1715851320852)
2024-06-19 15:51:41,212 [FATAL] Updater:308 - Updater called before beeing initialized
2024-06-19 15:51:41,249 [WARN] DetailPanel:346 - Failed to get advertising image, set to default
2024-06-19 15:51:41,320 [FATAL] Updater:308 - Updater called before beeing initialized
2024-06-19 15:51:41,322 [FATAL] Updater:308 - Updater called before beeing initialized
2024-06-19 15:51:41,322 [FATAL] Updater:308 - Updater called before beeing initialized
2024-06-19 15:51:41,322 [WARN] DetailPanel:346 - Failed to get advertising image, set to default
2024-06-19 15:51:41,322 [FATAL] Updater:308 - Updater called before beeing initialized
2024-06-19 15:51:41,369 [ERROR] Updater:1120 - MainUpdater not yet initialized. External WinMGr cannot be set.
2024-06-19 15:51:41,372 [INFO] Updater:1056 - Updater Version found : 6.11.1
2024-06-19 15:51:41,388 [INFO] ApplicationProperties:184 - Using Application install path: C:\ST\STM32CubeIDE_1.15.1\STM32CubeIDE\plugins\com.st.stm32cube.common.mx_6.11.1.202404110753
2024-06-19 15:51:41,642 [INFO] MainUpdater:2873 - connection check result : 22
2024-06-19 15:51:41,643 [INFO] MainUpdater:290 - Updater Check For Update Now.
2024-06-19 15:51:41,643 [INFO] MicroXplorer:498 - Change Database Version : DB.6.0.111
2024-06-19 15:51:41,660 [INFO] McuFinderGlobals:63 - Set McuFinder mode to 2 (CubeIDE integrated)
2024-06-19 15:51:41,660 [INFO] UserAuth:179 - activating auth plugin
2024-06-19 15:51:41,664 [INFO] UserAuth:415 - Internet connection configuration mode: 2
2024-06-19 15:51:41,684 [INFO] UserAuth:415 - Internet connection configuration mode: 2
2024-06-19 15:51:41,825 [INFO] CheckServerUpdateThread:120 - End of CheckServer Thread
2024-06-19 15:51:43,366 [WARN] PackLoader:240 - Cannot read IP mode file for STMicroelectronics.FP-SNS-MOTENVWB1.1.4.0
2024-06-19 15:51:43,381 [WARN] PackLoader:240 - Cannot read IP mode file for STMicroelectronics.X-CUBE-SMBUS.2.1.0
2024-06-19 15:51:43,385 [WARN] PackLoader:240 - Cannot read IP mode file for STMicroelectronics.X-CUBE-TOUCHGFX.4.23.2
2024-06-19 15:51:43,411 [WARN] PackLoader:240 - Cannot read IP mode file for STMicroelectronics.X-CUBE-AZRTOS-F7.1.1.0
2024-06-19 15:51:43,420 [WARN] PackLoader:240 - Cannot read IP mode file for STMicroelectronics.FP-SNS-FLIGHT1.5.0.2
2024-06-19 15:51:43,430 [WARN] PackLoader:240 - Cannot read IP mode file for STMicroelectronics.X-CUBE-DISPLAY.3.0.0
2024-06-19 15:51:43,449 [WARN] PackLoader:240 - Cannot read IP mode file for STMicroelectronics.X-CUBE-BLE1.7.0.0
2024-06-19 15:51:43,457 [WARN] PackLoader:240 - Cannot read IP mode file for emotas.I-CUBE-CANOPEN.1.3.0
2024-06-19 15:51:43,471 [WARN] PackLoader:240 - Cannot read IP mode file for STMicroelectronics.X-CUBE-BLEMGR.3.1.0
2024-06-19 15:51:43,480 [WARN] PackLoader:240 - Cannot read IP mode file for STMicroelectronics.FP-SNS-SMARTAG2.1.2.0
2024-06-19 15:51:43,490 [INFO] LogOutputStream:77 - [STDOUT_REDIRECT] 1 : Invalid condition id : UX_CORESTACK_Condition cause : null
2024-06-19 15:51:43,491 [INFO] LogOutputStream:77 - [STDOUT_REDIRECT] 1 : Invalid condition id : UX_CORESTACK_Condition cause : null
2024-06-19 15:51:43,493 [INFO] LogOutputStream:77 - [STDOUT_REDIRECT] 1 : Invalid condition id : UX_CORESTACK_Condition cause : null
2024-06-19 15:51:43,495 [INFO] LogOutputStream:77 - [STDOUT_REDIRECT] 1 : Invalid condition id : UX_CORESTACK_Condition cause : null
2024-06-19 15:51:43,496 [INFO] LogOutputStream:77 - [STDOUT_REDIRECT] 1 : Invalid condition id : UX_CORESTACK_Condition cause : null
2024-06-19 15:51:43,500 [WARN] PackLoader:240 - Cannot read IP mode file for STMicroelectronics.X-CUBE-AZRTOS-WL.2.0.0
2024-06-19 15:51:43,506 [WARN] PackLoader:240 - Cannot read IP mode file for STMicroelectronics.FP-SNS-MOTENV1.5.0.0
2024-06-19 15:51:43,512 [WARN] PackLoader:240 - Cannot read IP mode file for wolfSSL.I-CUBE-wolfMQTT.1.19.0
2024-06-19 15:51:43,524 [WARN] PackLoader:240 - Cannot read IP mode file for WES.I-CUBE-Cesium.1.3.0
2024-06-19 15:51:43,529 [WARN] PackLoader:240 - Cannot read IP mode file for STMicroelectronics.X-CUBE-BLE2.3.3.0
2024-06-19 15:51:43,536 [WARN] PackLoader:240 - Cannot read IP mode file for STMicroelectronics.X-CUBE-TCPP.4.1.0
2024-06-19 15:51:43,551 [WARN] PackLoader:240 - Cannot read IP mode file for STMicroelectronics.X-CUBE-AZRTOS-G0.1.1.0
2024-06-19 15:51:43,560 [WARN] PackLoader:240 - Cannot read IP mode file for STMicroelectronics.X-CUBE-SAFEA1.1.2.2
2024-06-19 15:51:43,568 [WARN] PackLoader:240 - Cannot read IP mode file for STMicroelectronics.X-CUBE-NFC4.3.0.0
2024-06-19 15:51:43,573 [WARN] PackLoader:240 - Cannot read IP mode file for wolfSSL.I-CUBE-wolfSSL.5.7.0
2024-06-19 15:51:43,576 [WARN] PackLoader:240 - Cannot read IP mode file for STMicroelectronics.FP-ATR-SIGFOX1.3.2.0
2024-06-19 15:51:43,583 [WARN] PackLoader:240 - Cannot read IP mode file for STMicroelectronics.X-CUBE-EEPRMA1.5.1.0
2024-06-19 15:51:43,590 [WARN] PackLoader:240 - Cannot read IP mode file for ITTIA_DB.I-CUBE-ITTIADB.8.9.0
2024-06-19 15:51:43,640 [WARN] PackLoader:240 - Cannot read IP mode file for SEGGER.I-CUBE-embOS.1.3.1
2024-06-19 15:51:43,683 [WARN] PackLoader:240 - Cannot read IP mode file for STMicroelectronics.X-CUBE-ALGOBUILD.1.4.0
2024-06-19 15:51:43,688 [WARN] PackLoader:240 - Cannot read IP mode file for STMicroelectronics.X-CUBE-GNSS1.6.0.0
2024-06-19 15:51:43,701 [WARN] PackLoader:240 - Cannot read IP mode file for STMicroelectronics.X-CUBE-AZRTOS-F4.1.1.0
2024-06-19 15:51:43,709 [WARN] PackLoader:240 - Cannot read IP mode file for STMicroelectronics.X-CUBE-FREERTOS.1.2.0
2024-06-19 15:51:43,722 [WARN] PackLoader:240 - Cannot read IP mode file for STMicroelectronics.X-CUBE-AZRTOS-L5.2.0.0
2024-06-19 15:51:43,731 [WARN] PackLoader:240 - Cannot read IP mode file for STMicroelectronics.X-CUBE-NFC6.3.1.0
2024-06-19 15:51:43,738 [WARN] PackLoader:240 - Cannot read IP mode file for STMicroelectronics.X-CUBE-AI.9.0.0
2024-06-19 15:51:43,747 [WARN] PackLoader:240 - Cannot read IP mode file for STMicroelectronics.X-CUBE-NFC7.1.0.1
2024-06-19 15:51:43,769 [WARN] ConditionMgr:438 - getConditionDescription Invalid condition id : LAN8742 Phy interface Condition cause : null
2024-06-19 15:51:43,770 [WARN] PackLoader:240 - Cannot read IP mode file for STMicroelectronics.X-CUBE-AZRTOS-L4.2.0.0
2024-06-19 15:51:43,772 [WARN] ConditionMgr:1039 - genDependencies : Invalid condition id : LAN8742 Phy interface Condition cause : null
2024-06-19 15:51:43,772 [WARN] ConditionMgr:1039 - genDependencies : Invalid condition id : LAN8742 Phy interface Condition cause : null
2024-06-19 15:51:43,773 [WARN] ConditionMgr:1039 - genDependencies : Invalid condition id : LAN8742 Phy interface Condition cause : null
2024-06-19 15:51:43,784 [WARN] PackLoader:240 - Cannot read IP mode file for STMicroelectronics.X-CUBE-SFXS2LP1.4.0.0
2024-06-19 15:51:43,801 [WARN] ConditionMgr:438 - getConditionDescription Invalid condition id : UX DEVICE CLASS RTOS Condition cause : null
2024-06-19 15:51:43,801 [WARN] ConditionMgr:438 - getConditionDescription Invalid condition id : UX DEVICE CLASS RTOS Condition cause : null
2024-06-19 15:51:43,803 [WARN] PackLoader:240 - Cannot read IP mode file for STMicroelectronics.X-CUBE-AZRTOS-WB.2.0.0
2024-06-19 15:51:43,803 [WARN] ConditionMgr:1039 - genDependencies : Invalid condition id : UX DEVICE CLASS RTOS Condition cause : null
2024-06-19 15:51:43,803 [WARN] ConditionMgr:1039 - genDependencies : Invalid condition id : UX DEVICE CLASS RTOS Condition cause : null
2024-06-19 15:51:43,804 [WARN] ConditionMgr:1039 - genDependencies : Invalid condition id : UX DEVICE CLASS RTOS Condition cause : null
2024-06-19 15:51:43,804 [WARN] ConditionMgr:1039 - genDependencies : Invalid condition id : UX DEVICE CLASS RTOS Condition cause : null
2024-06-19 15:51:43,804 [WARN] ConditionMgr:1039 - genDependencies : Invalid condition id : UX DEVICE CLASS RTOS Condition cause : null
2024-06-19 15:51:43,816 [WARN] PackLoader:240 - Cannot read IP mode file for STMicroelectronics.X-CUBE-SUBG2.5.0.0
2024-06-19 15:51:43,830 [WARN] PackLoader:240 - Cannot read IP mode file for Cesanta.I-CUBE-Mongoose.7.13.0
2024-06-19 15:51:43,871 [WARN] PackLoader:240 - Cannot read IP mode file for STMicroelectronics.X-CUBE-AZRTOS-G4.2.0.0
2024-06-19 15:51:43,881 [WARN] PackLoader:240 - Cannot read IP mode file for STMicroelectronics.X-CUBE-ISPU.2.0.0
2024-06-19 15:51:43,898 [WARN] PackLoader:240 - Cannot read IP mode file for STMicroelectronics.X-CUBE-ALS.1.0.2
2024-06-19 15:51:43,932 [WARN] PackLoader:240 - Cannot read IP mode file for STMicroelectronics.X-CUBE-MEMS1.10.0.0
2024-06-19 15:51:44,037 [WARN] PackLoader:240 - Cannot read IP mode file for portGmbH.I-Cube-SoM-uGOAL.1.1.0
2024-06-19 15:51:44,049 [WARN] PackLoader:240 - Cannot read IP mode file for STMicroelectronics.X-CUBE-AZRTOS-H7RS.1.0.0
2024-06-19 15:51:44,060 [WARN] PackLoader:240 - Cannot read IP mode file for STMicroelectronics.FP-ATR-ASTRA1.2.0.0
2024-06-19 15:51:44,081 [WARN] PackLoader:240 - Cannot read IP mode file for STMicroelectronics.X-CUBE-TOF1.3.4.1
2024-06-19 15:51:44,118 [WARN] PackLoader:240 - Cannot read IP mode file for STMicroelectronics.X-CUBE-AZRTOS-H7.3.2.0
2024-06-19 15:51:44,133 [WARN] PackLoader:240 - Cannot read IP mode file for Infineon.AIROC-Wi-Fi-Bluetooth-STM32.1.6.0
2024-06-19 15:51:44,140 [INFO] ThirdParty:978 - Integrity check success = true
2024-06-19 15:51:44,140 [INFO] IntegrityCheckThread:100 - exiting critical section [integrity check]
2024-06-19 15:51:44,140 [INFO] IntegrityCheckThread:103 - End integrity checks thread
2024-06-19 16:00:05,210 [ERROR] ConfigurationRetriever:142 - IOException on connection: Read timed out
2024-06-19 16:00:07,233 [ERROR] ConfigurationRetriever:142 - IOException on connection: Read timed out
2024-06-19 16:00:09,246 [ERROR] ConfigurationRetriever:142 - IOException on connection: Read timed out
