2024-07-15 10:31:43,361 [INFO] Activator:176 - 


2024-07-15 10:31:43,367 [INFO] Activator:177 - !SESSION log4j initialized
2024-07-15 10:31:47,386 [INFO] LogOutputStream:77 - [STDOUT_REDIRECT] 
2024-07-15 10:31:48,738 [INFO] ApplicationProperties:184 - Using Application install path: C:\ST\STM32CubeIDE_1.15.1\STM32CubeIDE\plugins\com.st.stm32cube.common.mx_6.11.1.202404110753
2024-07-15 10:31:48,758 [INFO] DbMcusXml:78 - Set database path to: C:\ST\STM32CubeIDE_1.15.1\STM32CubeIDE\plugins\com.st.stm32cube.common.mx_6.11.1.202404110753\\db\/mcu/
2024-07-15 10:31:48,758 [INFO] ApiDb:274 - Set plugin database path to: C:\ST\STM32CubeIDE_1.15.1\STM32CubeIDE\plugins\com.st.stm32cube.common.mx_6.11.1.202404110753\\db\/plugins/boardmanager/
2024-07-15 10:31:48,759 [WARN] ApiDb:259 - Overriding images path with different value:  => C:\ST\STM32CubeIDE_1.15.1\STM32CubeIDE\plugins\com.st.stm32cube.common.mx_6.11.1.202404110753\\db\/plugins/mcufinder/images/
2024-07-15 10:31:48,767 [INFO] ApiDb:250 - Set database path to: C:\Users\bhadula.kishor\.stmcufinder\plugins\mcufinder//mcu/
2024-07-15 10:31:48,768 [INFO] DbMcusAds:125 - Set database path to: C:\Users\bhadula.kishor\.stmcufinder\plugins\mcufinder//mcu/
2024-07-15 10:31:48,772 [INFO] CrossReferenceDbSqlite:203 - Set database path to: C:\Users\bhadula.kishor\.stmcufinder\plugins\mcufinder//mcu/cs/
2024-07-15 10:31:48,914 [INFO] RulesReader:64 - Compatibility file has been processed (297 Rules)
2024-07-15 10:31:49,032 [INFO] DbMcusXml:78 - Set database path to: C:\ST\STM32CubeIDE_1.15.1\STM32CubeIDE\plugins\com.st.stm32cube.common.mx_6.11.1.202404110753\\db\/mcu/
2024-07-15 10:31:49,033 [INFO] ApiDb:274 - Set plugin database path to: C:\ST\STM32CubeIDE_1.15.1\STM32CubeIDE\plugins\com.st.stm32cube.common.mx_6.11.1.202404110753\\db\/plugins/boardmanager/
2024-07-15 10:31:49,033 [INFO] ApiDb:261 - Set plugin images path to: C:\ST\STM32CubeIDE_1.15.1\STM32CubeIDE\plugins\com.st.stm32cube.common.mx_6.11.1.202404110753\\db\/plugins/mcufinder/images/
2024-07-15 10:31:49,033 [WARN] DbFile:41 - Overriding database path with different value: C:\Users\bhadula.kishor\.stmcufinder\plugins\mcufinder/ => C:\Users\bhadula.kishor\.stmcufinder\plugins\mcufinder
2024-07-15 10:31:49,033 [INFO] ApiDb:250 - Set database path to: C:\Users\bhadula.kishor\.stmcufinder\plugins\mcufinder//mcu/
2024-07-15 10:31:49,033 [WARN] DbFile:41 - Overriding database path with different value: C:\Users\bhadula.kishor\.stmcufinder\plugins\mcufinder/ => C:\Users\bhadula.kishor\.stmcufinder\plugins\mcufinder
2024-07-15 10:31:49,033 [INFO] DbMcusAds:125 - Set database path to: C:\Users\bhadula.kishor\.stmcufinder\plugins\mcufinder//mcu/
2024-07-15 10:31:49,033 [WARN] DbFile:41 - Overriding database path with different value: C:\Users\bhadula.kishor\.stmcufinder\plugins\mcufinder/ => C:\Users\bhadula.kishor\.stmcufinder\plugins\mcufinder
2024-07-15 10:31:49,033 [WARN] DbFile:41 - Overriding database path with different value: C:\Users\bhadula.kishor\.stmcufinder\plugins\mcufinder/ => C:\Users\bhadula.kishor\.stmcufinder\plugins\mcufinder
2024-07-15 10:31:49,033 [INFO] CrossReferenceDbSqlite:203 - Set database path to: C:\Users\bhadula.kishor\.stmcufinder\plugins\mcufinder//mcu/cs/
2024-07-15 10:31:49,103 [INFO] MainPanel:264 - HeapMemory: 268435456
2024-07-15 10:31:49,186 [INFO] DbMcusXml:78 - Set database path to: C:\ST\STM32CubeIDE_1.15.1\STM32CubeIDE\plugins\com.st.stm32cube.common.mx_6.11.1.202404110753\\db\/mcu/
2024-07-15 10:31:49,187 [INFO] ApiDb:274 - Set plugin database path to: C:\ST\STM32CubeIDE_1.15.1\STM32CubeIDE\plugins\com.st.stm32cube.common.mx_6.11.1.202404110753\\db\/plugins/boardmanager/
2024-07-15 10:31:49,187 [INFO] ApiDb:261 - Set plugin images path to: C:\ST\STM32CubeIDE_1.15.1\STM32CubeIDE\plugins\com.st.stm32cube.common.mx_6.11.1.202404110753\\db\/plugins/mcufinder/images/
2024-07-15 10:31:49,187 [WARN] DbFile:41 - Overriding database path with different value: C:\Users\bhadula.kishor\.stmcufinder\plugins\mcufinder/ => C:\Users\bhadula.kishor\.stmcufinder\plugins\mcufinder
2024-07-15 10:31:49,188 [INFO] ApiDb:250 - Set database path to: C:\Users\bhadula.kishor\.stmcufinder\plugins\mcufinder//mcu/
2024-07-15 10:31:49,188 [WARN] DbFile:41 - Overriding database path with different value: C:\Users\bhadula.kishor\.stmcufinder\plugins\mcufinder/ => C:\Users\bhadula.kishor\.stmcufinder\plugins\mcufinder
2024-07-15 10:31:49,188 [INFO] DbMcusAds:125 - Set database path to: C:\Users\bhadula.kishor\.stmcufinder\plugins\mcufinder//mcu/
2024-07-15 10:31:49,188 [WARN] DbFile:41 - Overriding database path with different value: C:\Users\bhadula.kishor\.stmcufinder\plugins\mcufinder/ => C:\Users\bhadula.kishor\.stmcufinder\plugins\mcufinder
2024-07-15 10:31:49,188 [WARN] DbFile:41 - Overriding database path with different value: C:\Users\bhadula.kishor\.stmcufinder\plugins\mcufinder/ => C:\Users\bhadula.kishor\.stmcufinder\plugins\mcufinder
2024-07-15 10:31:49,188 [INFO] CrossReferenceDbSqlite:203 - Set database path to: C:\Users\bhadula.kishor\.stmcufinder\plugins\mcufinder//mcu/cs/
2024-07-15 10:31:49,205 [INFO] ApplicationProperties:184 - Using Application install path: C:\ST\STM32CubeIDE_1.15.1\STM32CubeIDE\plugins\com.st.stm32cube.common.mx_6.11.1.202404110753
2024-07-15 10:31:49,206 [INFO] PluginManage:196 - Search for loadable plugins [exclusion list=, ]
2024-07-15 10:31:49,207 [INFO] PluginManage:310 - Check plugin analytics
2024-07-15 10:31:49,454 [INFO] AnalyticsPlugin:253 - Accepted Software Licenses: 
2024-07-15 10:31:49,454 [INFO] AnalyticsPlugin:255 - Accepted CMSIS Pack Licenses: 
2024-07-15 10:31:49,454 [INFO] AnalyticsPlugin:257 - Accepted Firmware Licenses: 
2024-07-15 10:31:49,459 [INFO] PluginManage:359 - Loaded plugin analytics (category:tool,tabindex:-1)
2024-07-15 10:31:49,460 [INFO] PluginManage:310 - Check plugin cadmodel
2024-07-15 10:31:49,468 [INFO] CADModel:105 - Init CAD model plugin
2024-07-15 10:31:49,469 [INFO] PluginManage:359 - Loaded plugin cadmodel (category:power,tabindex:5)
2024-07-15 10:31:49,469 [INFO] PluginManage:310 - Check plugin clock
2024-07-15 10:31:49,491 [INFO] PluginManage:359 - Loaded plugin clock (category:base,tabindex:2)
2024-07-15 10:31:49,491 [INFO] PluginManage:310 - Check plugin ddr
2024-07-15 10:31:49,497 [INFO] PluginManage:359 - Loaded plugin ddr (category:tool,tabindex:6)
2024-07-15 10:31:49,497 [INFO] PluginManage:310 - Check plugin filemanager
2024-07-15 10:31:49,669 [INFO] PluginManage:359 - Loaded plugin filemanager (category:base,tabindex:10)
2024-07-15 10:31:49,670 [INFO] PluginManage:310 - Check plugin ipmanager
2024-07-15 10:31:49,678 [INFO] PluginManage:359 - Loaded plugin ipmanager (category:base,tabindex:5)
2024-07-15 10:31:49,678 [INFO] PluginManage:310 - Check plugin lpbam
2024-07-15 10:31:49,687 [INFO] PluginManage:359 - Loaded plugin lpbam (category:base,tabindex:0)
2024-07-15 10:31:49,687 [INFO] PluginManage:310 - Check plugin memorymap
2024-07-15 10:31:49,703 [INFO] PluginManage:359 - Loaded plugin memorymap (category:base,tabindex:4)
2024-07-15 10:31:49,703 [INFO] PluginManage:310 - Check plugin pinoutandconfiguration
2024-07-15 10:31:49,711 [INFO] PluginManage:359 - Loaded plugin pinoutandconfiguration (category:base,tabindex:1)
2024-07-15 10:31:49,711 [INFO] PluginManage:310 - Check plugin pinoutconfig
2024-07-15 10:31:49,792 [WARN] SupportedApi:132 - Cannot load RTOS API schema: s4s-elt-must-match.1: The content of 'definitions' must match (annotation?, (simpleType | complexType)?, (unique | key | keyref)*)). A problem was found starting at: attribute.
2024-07-15 10:31:49,912 [INFO] PluginManage:359 - Loaded plugin pinoutconfig (category:base,tabindex:0)
2024-07-15 10:31:49,912 [INFO] PluginManage:310 - Check plugin power
2024-07-15 10:31:49,921 [INFO] PluginManage:359 - Loaded plugin power (category:power,tabindex:4)
2024-07-15 10:31:49,921 [INFO] PluginManage:310 - Check plugin projectmanager
2024-07-15 10:31:49,934 [INFO] PluginManage:359 - Loaded plugin projectmanager (category:projectmanager,tabindex:3)
2024-07-15 10:31:49,935 [INFO] PluginManage:310 - Check plugin thirdparty
2024-07-15 10:31:50,057 [WARN] IntegrityCheckThread:84 - waiting for thirdparty lock release [integrity check]
2024-07-15 10:31:50,058 [INFO] IntegrityCheckThread:86 - entering critical section [integrity check]
2024-07-15 10:31:50,058 [INFO] PluginManage:359 - Loaded plugin thirdparty (category:base,tabindex:-1)
2024-07-15 10:31:50,058 [INFO] PluginManage:310 - Check plugin tools
2024-07-15 10:31:50,058 [INFO] ThirdPartyUpdaterWithRetryManager:70 - Updater plugin not ready yet. [1/15]
2024-07-15 10:31:50,061 [INFO] PluginManage:359 - Loaded plugin tools (category:base,tabindex:7)
2024-07-15 10:31:50,061 [INFO] PluginManage:310 - Check plugin tutovideos
2024-07-15 10:31:50,196 [INFO] PluginManage:359 - Loaded plugin tutovideos (category:base,tabindex:-1)
2024-07-15 10:31:50,197 [INFO] PluginManage:310 - Check plugin updater
2024-07-15 10:31:50,206 [INFO] PluginManage:359 - Loaded plugin updater (category:base,tabindex:12)
2024-07-15 10:31:50,206 [INFO] PluginManage:310 - Check plugin userauth
2024-07-15 10:31:50,211 [INFO] UserAuth:114 - Init User Auth plugin
2024-07-15 10:31:50,211 [INFO] PluginManage:359 - Loaded plugin userauth (category:base,tabindex:14)
2024-07-15 10:31:50,211 [INFO] PluginManage:283 - PluginManage : Loaded plugins [17]
2024-07-15 10:31:50,393 [INFO] PinOutPanel:1561 - setPackage(No Configuration,No Configuration)
2024-07-15 10:31:50,481 [INFO] CADModel:165 - CPN selected for project level
2024-07-15 10:31:50,481 [INFO] CADModel:114 - Register for checkConnection events
2024-07-15 10:31:50,499 [INFO] IPUIPlugin:80 - create IPUIPlugin
2024-07-15 10:31:50,499 [INFO] PluginManager:220 - loadIPPluginJar : add adc
2024-07-15 10:31:50,502 [INFO] IPUIPlugin:80 - create IPUIPlugin
2024-07-15 10:31:50,502 [INFO] PluginManager:220 - loadIPPluginJar : add aes
2024-07-15 10:31:50,505 [INFO] IPUIPlugin:80 - create IPUIPlugin
2024-07-15 10:31:50,505 [INFO] PluginManager:220 - loadIPPluginJar : add can
2024-07-15 10:31:50,507 [INFO] IPUIPlugin:80 - create IPUIPlugin
2024-07-15 10:31:50,507 [INFO] PluginManager:220 - loadIPPluginJar : add comp
2024-07-15 10:31:50,510 [INFO] IPUIPlugin:80 - create IPUIPlugin
2024-07-15 10:31:50,510 [INFO] PluginManager:220 - loadIPPluginJar : add cryp
2024-07-15 10:31:50,512 [INFO] IPUIPlugin:80 - create IPUIPlugin
2024-07-15 10:31:50,512 [INFO] PluginManager:220 - loadIPPluginJar : add dfsdm
2024-07-15 10:31:50,518 [INFO] IPUIPlugin:80 - create IPUIPlugin
2024-07-15 10:31:50,518 [INFO] PluginManager:220 - loadIPPluginJar : add dma
2024-07-15 10:31:50,520 [INFO] IPUIPlugin:80 - create IPUIPlugin
2024-07-15 10:31:50,520 [INFO] PluginManager:220 - loadIPPluginJar : add dma3
2024-07-15 10:31:50,522 [INFO] IPUIPlugin:80 - create IPUIPlugin
2024-07-15 10:31:50,522 [INFO] PluginManager:220 - loadIPPluginJar : add extmemmanager
2024-07-15 10:31:50,524 [INFO] IPUIPlugin:80 - create IPUIPlugin
2024-07-15 10:31:50,524 [INFO] PluginManager:220 - loadIPPluginJar : add fatfs
2024-07-15 10:31:50,527 [INFO] IPUIPlugin:80 - create IPUIPlugin
2024-07-15 10:31:50,527 [INFO] PluginManager:220 - loadIPPluginJar : add fmc
2024-07-15 10:31:50,532 [INFO] IPUIPlugin:80 - create IPUIPlugin
2024-07-15 10:31:50,532 [INFO] PluginManager:220 - loadIPPluginJar : add freertos
2024-07-15 10:31:50,533 [INFO] IPUIPlugin:80 - create IPUIPlugin
2024-07-15 10:31:50,533 [INFO] PluginManager:220 - loadIPPluginJar : add genericplugin
2024-07-15 10:31:50,535 [INFO] IPUIPlugin:80 - create IPUIPlugin
2024-07-15 10:31:50,535 [INFO] PluginManager:220 - loadIPPluginJar : add gfxmmu
2024-07-15 10:31:50,539 [INFO] IPUIPlugin:80 - create IPUIPlugin
2024-07-15 10:31:50,539 [INFO] PluginManager:220 - loadIPPluginJar : add gic
2024-07-15 10:31:50,542 [INFO] IPUIPlugin:80 - create IPUIPlugin
2024-07-15 10:31:50,542 [INFO] PluginManager:220 - loadIPPluginJar : add gpio
2024-07-15 10:31:50,545 [INFO] IPUIPlugin:80 - create IPUIPlugin
2024-07-15 10:31:50,545 [INFO] PluginManager:220 - loadIPPluginJar : add gtzc
2024-07-15 10:31:50,546 [INFO] IPUIPlugin:80 - create IPUIPlugin
2024-07-15 10:31:50,546 [INFO] PluginManager:220 - loadIPPluginJar : add hash
2024-07-15 10:31:50,549 [INFO] IPUIPlugin:80 - create IPUIPlugin
2024-07-15 10:31:50,549 [INFO] PluginManager:220 - loadIPPluginJar : add i2c
2024-07-15 10:31:50,550 [INFO] IPUIPlugin:80 - create IPUIPlugin
2024-07-15 10:31:50,550 [INFO] PluginManager:220 - loadIPPluginJar : add i2s
2024-07-15 10:31:50,553 [INFO] IPUIPlugin:80 - create IPUIPlugin
2024-07-15 10:31:50,553 [INFO] PluginManager:220 - loadIPPluginJar : add i3c
2024-07-15 10:31:50,555 [INFO] IPUIPlugin:80 - create IPUIPlugin
2024-07-15 10:31:50,555 [INFO] PluginManager:220 - loadIPPluginJar : add ipddr
2024-07-15 10:31:50,561 [INFO] IPUIPlugin:80 - create IPUIPlugin
2024-07-15 10:31:50,561 [INFO] PluginManager:220 - loadIPPluginJar : add linkedlist
2024-07-15 10:31:50,563 [INFO] IPUIPlugin:80 - create IPUIPlugin
2024-07-15 10:31:50,563 [INFO] PluginManager:220 - loadIPPluginJar : add lorawan
2024-07-15 10:31:50,564 [INFO] IPUIPlugin:80 - create IPUIPlugin
2024-07-15 10:31:50,565 [INFO] PluginManager:220 - loadIPPluginJar : add ltdc
2024-07-15 10:31:50,569 [INFO] IPUIPlugin:80 - create IPUIPlugin
2024-07-15 10:31:50,569 [INFO] PluginManager:220 - loadIPPluginJar : add mdma
2024-07-15 10:31:50,572 [INFO] IPUIPlugin:80 - create IPUIPlugin
2024-07-15 10:31:50,572 [INFO] PluginManager:220 - loadIPPluginJar : add nvic
2024-07-15 10:31:50,574 [INFO] IPUIPlugin:80 - create IPUIPlugin
2024-07-15 10:31:50,574 [INFO] PluginManager:220 - loadIPPluginJar : add opamp
2024-07-15 10:31:50,577 [INFO] IPUIPlugin:80 - create IPUIPlugin
2024-07-15 10:31:50,577 [INFO] PluginManager:220 - loadIPPluginJar : add openamp
2024-07-15 10:31:50,579 [INFO] IPUIPlugin:80 - create IPUIPlugin
2024-07-15 10:31:50,579 [INFO] PluginManager:220 - loadIPPluginJar : add pdm2pcm
2024-07-15 10:31:50,584 [INFO] IPUIPlugin:80 - create IPUIPlugin
2024-07-15 10:31:50,586 [INFO] PluginManager:220 - loadIPPluginJar : add plateformsettings
2024-07-15 10:31:50,588 [INFO] IPUIPlugin:80 - create IPUIPlugin
2024-07-15 10:31:50,588 [INFO] PluginManager:220 - loadIPPluginJar : add quadspi
2024-07-15 10:31:50,591 [INFO] IPUIPlugin:80 - create IPUIPlugin
2024-07-15 10:31:50,591 [INFO] PluginManager:220 - loadIPPluginJar : add resmgrutility
2024-07-15 10:31:50,593 [INFO] IPUIPlugin:80 - create IPUIPlugin
2024-07-15 10:31:50,593 [INFO] PluginManager:220 - loadIPPluginJar : add sai
2024-07-15 10:31:50,595 [INFO] IPUIPlugin:80 - create IPUIPlugin
2024-07-15 10:31:50,595 [INFO] PluginManager:220 - loadIPPluginJar : add spi
2024-07-15 10:31:50,598 [INFO] IPUIPlugin:80 - create IPUIPlugin
2024-07-15 10:31:50,599 [INFO] PluginManager:220 - loadIPPluginJar : add stm32_wpan
2024-07-15 10:31:50,600 [INFO] IPUIPlugin:80 - create IPUIPlugin
2024-07-15 10:31:50,600 [INFO] PluginManager:220 - loadIPPluginJar : add tim
2024-07-15 10:31:50,602 [INFO] IPUIPlugin:80 - create IPUIPlugin
2024-07-15 10:31:50,602 [INFO] PluginManager:220 - loadIPPluginJar : add touchsensing
2024-07-15 10:31:50,604 [INFO] IPUIPlugin:80 - create IPUIPlugin
2024-07-15 10:31:50,604 [INFO] PluginManager:220 - loadIPPluginJar : add tracer_emb
2024-07-15 10:31:50,605 [INFO] IPUIPlugin:80 - create IPUIPlugin
2024-07-15 10:31:50,606 [INFO] PluginManager:220 - loadIPPluginJar : add ts
2024-07-15 10:31:50,607 [INFO] IPUIPlugin:80 - create IPUIPlugin
2024-07-15 10:31:50,607 [INFO] PluginManager:220 - loadIPPluginJar : add tsc
2024-07-15 10:31:50,608 [INFO] IPUIPlugin:80 - create IPUIPlugin
2024-07-15 10:31:50,608 [INFO] PluginManager:220 - loadIPPluginJar : add ucpd
2024-07-15 10:31:50,610 [INFO] IPUIPlugin:80 - create IPUIPlugin
2024-07-15 10:31:50,610 [INFO] PluginManager:220 - loadIPPluginJar : add usart
2024-07-15 10:31:50,612 [INFO] IPUIPlugin:80 - create IPUIPlugin
2024-07-15 10:31:50,612 [INFO] PluginManager:220 - loadIPPluginJar : add usbx
2024-07-15 10:31:50,727 [INFO] CADModel:165 - CPN selected for project level
2024-07-15 10:31:50,727 [INFO] CADModel:114 - Register for checkConnection events
2024-07-15 10:31:50,727 [FATAL] Updater:308 - Updater called before beeing initialized
2024-07-15 10:31:50,727 [ERROR] CADModel:125 - Updater not yet initialized, retry later 
2024-07-15 10:31:50,843 [INFO] CADModel:165 - CPN selected for project level
2024-07-15 10:31:50,843 [INFO] CADModel:114 - Register for checkConnection events
2024-07-15 10:31:50,843 [FATAL] Updater:308 - Updater called before beeing initialized
2024-07-15 10:31:50,844 [ERROR] CADModel:125 - Updater not yet initialized, retry later 
2024-07-15 10:31:50,846 [FATAL] Updater:308 - Updater called before beeing initialized
2024-07-15 10:31:50,963 [FATAL] Updater:308 - Updater called before beeing initialized
2024-07-15 10:31:50,967 [INFO] DbMcusAds:53 - JSON generation date=Thu May 16 14:52:00 IST 2024 (1715851320852)
2024-07-15 10:31:50,967 [FATAL] Updater:308 - Updater called before beeing initialized
2024-07-15 10:31:51,005 [WARN] DetailPanel:346 - Failed to get advertising image, set to default
2024-07-15 10:31:51,066 [FATAL] Updater:308 - Updater called before beeing initialized
2024-07-15 10:31:51,067 [FATAL] Updater:308 - Updater called before beeing initialized
2024-07-15 10:31:51,068 [FATAL] Updater:308 - Updater called before beeing initialized
2024-07-15 10:31:51,068 [WARN] DetailPanel:346 - Failed to get advertising image, set to default
2024-07-15 10:31:51,068 [FATAL] Updater:308 - Updater called before beeing initialized
2024-07-15 10:31:51,109 [ERROR] Updater:1120 - MainUpdater not yet initialized. External WinMGr cannot be set.
2024-07-15 10:31:51,111 [INFO] Updater:1056 - Updater Version found : 6.11.1
2024-07-15 10:31:51,126 [INFO] ApplicationProperties:184 - Using Application install path: C:\ST\STM32CubeIDE_1.15.1\STM32CubeIDE\plugins\com.st.stm32cube.common.mx_6.11.1.202404110753
2024-07-15 10:31:51,399 [INFO] MainUpdater:2873 - connection check result : 10
2024-07-15 10:31:51,399 [INFO] MainUpdater:290 - Updater Check For Update Now.
2024-07-15 10:31:51,399 [INFO] MicroXplorer:498 - Change Database Version : DB.6.0.111
2024-07-15 10:31:51,424 [INFO] McuFinderGlobals:63 - Set McuFinder mode to 2 (CubeIDE integrated)
2024-07-15 10:31:51,425 [INFO] UserAuth:179 - activating auth plugin
2024-07-15 10:31:51,428 [INFO] UserAuth:415 - Internet connection configuration mode: 1
2024-07-15 10:31:51,467 [INFO] JxBrowserEngine:152 - Initiate JxBrowser Engine with user profile folder
2024-07-15 10:31:51,575 [INFO] CheckServerUpdateThread:120 - End of CheckServer Thread
2024-07-15 10:31:53,318 [WARN] PackLoader:240 - Cannot read IP mode file for STMicroelectronics.FP-SNS-MOTENVWB1.1.4.0
2024-07-15 10:31:53,351 [WARN] PackLoader:240 - Cannot read IP mode file for STMicroelectronics.X-CUBE-SMBUS.2.1.0
2024-07-15 10:31:53,361 [WARN] PackLoader:240 - Cannot read IP mode file for STMicroelectronics.X-CUBE-TOUCHGFX.4.23.2
2024-07-15 10:31:53,401 [WARN] PackLoader:240 - Cannot read IP mode file for STMicroelectronics.X-CUBE-AZRTOS-F7.1.1.0
2024-07-15 10:31:53,413 [WARN] PackLoader:240 - Cannot read IP mode file for STMicroelectronics.FP-SNS-FLIGHT1.5.0.2
2024-07-15 10:31:53,425 [WARN] PackLoader:240 - Cannot read IP mode file for STMicroelectronics.X-CUBE-DISPLAY.3.0.0
2024-07-15 10:31:53,450 [WARN] PackLoader:240 - Cannot read IP mode file for STMicroelectronics.X-CUBE-BLE1.7.0.0
2024-07-15 10:31:53,461 [WARN] PackLoader:240 - Cannot read IP mode file for emotas.I-CUBE-CANOPEN.1.3.0
2024-07-15 10:31:53,478 [WARN] PackLoader:240 - Cannot read IP mode file for STMicroelectronics.X-CUBE-BLEMGR.3.1.0
2024-07-15 10:31:53,493 [WARN] PackLoader:240 - Cannot read IP mode file for STMicroelectronics.FP-SNS-SMARTAG2.1.2.0
2024-07-15 10:31:53,503 [INFO] LogOutputStream:77 - [STDOUT_REDIRECT] 1 : Invalid condition id : UX_CORESTACK_Condition cause : null
2024-07-15 10:31:53,504 [INFO] LogOutputStream:77 - [STDOUT_REDIRECT] 1 : Invalid condition id : UX_CORESTACK_Condition cause : null
2024-07-15 10:31:53,505 [INFO] LogOutputStream:77 - [STDOUT_REDIRECT] 1 : Invalid condition id : UX_CORESTACK_Condition cause : null
2024-07-15 10:31:53,507 [INFO] LogOutputStream:77 - [STDOUT_REDIRECT] 1 : Invalid condition id : UX_CORESTACK_Condition cause : null
2024-07-15 10:31:53,509 [INFO] LogOutputStream:77 - [STDOUT_REDIRECT] 1 : Invalid condition id : UX_CORESTACK_Condition cause : null
2024-07-15 10:31:53,512 [WARN] PackLoader:240 - Cannot read IP mode file for STMicroelectronics.X-CUBE-AZRTOS-WL.2.0.0
2024-07-15 10:31:53,519 [WARN] PackLoader:240 - Cannot read IP mode file for STMicroelectronics.FP-SNS-MOTENV1.5.0.0
2024-07-15 10:31:53,524 [WARN] PackLoader:240 - Cannot read IP mode file for wolfSSL.I-CUBE-wolfMQTT.1.19.0
2024-07-15 10:31:53,535 [WARN] PackLoader:240 - Cannot read IP mode file for WES.I-CUBE-Cesium.1.3.0
2024-07-15 10:31:53,541 [WARN] PackLoader:240 - Cannot read IP mode file for STMicroelectronics.X-CUBE-BLE2.3.3.0
2024-07-15 10:31:53,549 [WARN] PackLoader:240 - Cannot read IP mode file for STMicroelectronics.X-CUBE-TCPP.4.1.0
2024-07-15 10:31:53,574 [WARN] PackLoader:240 - Cannot read IP mode file for STMicroelectronics.X-CUBE-AZRTOS-G0.1.1.0
2024-07-15 10:31:53,585 [WARN] PackLoader:240 - Cannot read IP mode file for STMicroelectronics.X-CUBE-SAFEA1.1.2.2
2024-07-15 10:31:53,592 [WARN] PackLoader:240 - Cannot read IP mode file for STMicroelectronics.X-CUBE-NFC4.3.0.0
2024-07-15 10:31:53,604 [WARN] PackLoader:240 - Cannot read IP mode file for EmbeddedOffice.I-CUBE-FS-RTOS.1.0.1
2024-07-15 10:31:53,605 [ERROR] ConditionMgr:805 - Attr not supported : Dmpu
2024-07-15 10:31:53,605 [ERROR] ConditionMgr:805 - Attr not supported : Dmpu
2024-07-15 10:31:53,605 [ERROR] ConditionMgr:805 - Attr not supported : Dmpu
2024-07-15 10:31:53,605 [ERROR] ConditionMgr:805 - Attr not supported : Dmpu
2024-07-15 10:31:53,606 [ERROR] ConditionMgr:805 - Attr not supported : Dmpu
2024-07-15 10:31:53,606 [ERROR] ConditionMgr:805 - Attr not supported : Dmpu
2024-07-15 10:31:53,606 [ERROR] ConditionMgr:805 - Attr not supported : Dmpu
2024-07-15 10:31:53,606 [ERROR] ConditionMgr:805 - Attr not supported : Dmpu
2024-07-15 10:31:53,606 [ERROR] ConditionMgr:805 - Attr not supported : Dmpu
2024-07-15 10:31:53,606 [ERROR] ConditionMgr:805 - Attr not supported : Dmpu
2024-07-15 10:31:53,607 [ERROR] ConditionMgr:805 - Attr not supported : Dmpu
2024-07-15 10:31:53,607 [ERROR] ConditionMgr:805 - Attr not supported : Dmpu
2024-07-15 10:31:53,607 [ERROR] ConditionMgr:805 - Attr not supported : Dmpu
2024-07-15 10:31:53,607 [ERROR] ConditionMgr:805 - Attr not supported : Dmpu
2024-07-15 10:31:53,607 [ERROR] ConditionMgr:805 - Attr not supported : Dmpu
2024-07-15 10:31:53,607 [ERROR] ConditionMgr:805 - Attr not supported : Dmpu
2024-07-15 10:31:53,607 [ERROR] ConditionMgr:805 - Attr not supported : Dmpu
2024-07-15 10:31:53,607 [ERROR] ConditionMgr:805 - Attr not supported : Dmpu
2024-07-15 10:31:53,607 [ERROR] ConditionMgr:805 - Attr not supported : Dmpu
2024-07-15 10:31:53,607 [ERROR] ConditionMgr:805 - Attr not supported : Dmpu
2024-07-15 10:31:53,607 [ERROR] ConditionMgr:805 - Attr not supported : Dmpu
2024-07-15 10:31:53,607 [ERROR] ConditionMgr:805 - Attr not supported : Dmpu
2024-07-15 10:31:53,607 [ERROR] ConditionMgr:805 - Attr not supported : Dmpu
2024-07-15 10:31:53,607 [ERROR] ConditionMgr:805 - Attr not supported : Dmpu
2024-07-15 10:31:53,607 [ERROR] ConditionMgr:805 - Attr not supported : Dmpu
2024-07-15 10:31:53,608 [ERROR] ConditionMgr:805 - Attr not supported : Dmpu
2024-07-15 10:31:53,608 [ERROR] ConditionMgr:805 - Attr not supported : Dmpu
2024-07-15 10:31:53,608 [ERROR] ConditionMgr:805 - Attr not supported : Dmpu
2024-07-15 10:31:53,608 [ERROR] ConditionMgr:805 - Attr not supported : Dmpu
2024-07-15 10:31:53,608 [ERROR] ConditionMgr:805 - Attr not supported : Dmpu
2024-07-15 10:31:53,608 [ERROR] ConditionMgr:805 - Attr not supported : Dmpu
2024-07-15 10:31:53,608 [ERROR] ConditionMgr:805 - Attr not supported : Dmpu
2024-07-15 10:31:53,608 [ERROR] ConditionMgr:805 - Attr not supported : Dmpu
2024-07-15 10:31:53,608 [ERROR] ConditionMgr:805 - Attr not supported : Dmpu
2024-07-15 10:31:53,608 [ERROR] ConditionMgr:805 - Attr not supported : Dmpu
2024-07-15 10:31:53,608 [ERROR] ConditionMgr:805 - Attr not supported : Dmpu
2024-07-15 10:31:53,608 [ERROR] ConditionMgr:805 - Attr not supported : Dmpu
2024-07-15 10:31:53,608 [ERROR] ConditionMgr:805 - Attr not supported : Dmpu
2024-07-15 10:31:53,608 [ERROR] ConditionMgr:805 - Attr not supported : Dmpu
2024-07-15 10:31:53,608 [ERROR] ConditionMgr:805 - Attr not supported : Dmpu
2024-07-15 10:31:53,608 [ERROR] ConditionMgr:805 - Attr not supported : Dmpu
2024-07-15 10:31:53,608 [ERROR] ConditionMgr:805 - Attr not supported : Dmpu
2024-07-15 10:31:53,608 [ERROR] ConditionMgr:805 - Attr not supported : Dmpu
2024-07-15 10:31:53,608 [ERROR] ConditionMgr:805 - Attr not supported : Dmpu
2024-07-15 10:31:53,609 [ERROR] ConditionMgr:805 - Attr not supported : Dmpu
2024-07-15 10:31:53,609 [ERROR] ConditionMgr:805 - Attr not supported : Dmpu
2024-07-15 10:31:53,609 [ERROR] ConditionMgr:805 - Attr not supported : Dmpu
2024-07-15 10:31:53,609 [ERROR] ConditionMgr:805 - Attr not supported : Dmpu
2024-07-15 10:31:53,609 [ERROR] ConditionMgr:805 - Attr not supported : Dmpu
2024-07-15 10:31:53,609 [ERROR] ConditionMgr:805 - Attr not supported : Dmpu
2024-07-15 10:31:53,609 [ERROR] ConditionMgr:805 - Attr not supported : Dmpu
2024-07-15 10:31:53,609 [ERROR] ConditionMgr:805 - Attr not supported : Dmpu
2024-07-15 10:31:53,609 [ERROR] ConditionMgr:805 - Attr not supported : Dmpu
2024-07-15 10:31:53,609 [ERROR] ConditionMgr:805 - Attr not supported : Dmpu
2024-07-15 10:31:53,609 [ERROR] ConditionMgr:805 - Attr not supported : Dmpu
2024-07-15 10:31:53,609 [ERROR] ConditionMgr:805 - Attr not supported : Dmpu
2024-07-15 10:31:53,609 [ERROR] ConditionMgr:805 - Attr not supported : Dmpu
2024-07-15 10:31:53,609 [ERROR] ConditionMgr:805 - Attr not supported : Dmpu
2024-07-15 10:31:53,609 [ERROR] ConditionMgr:805 - Attr not supported : Dmpu
2024-07-15 10:31:53,609 [ERROR] ConditionMgr:805 - Attr not supported : Dmpu
2024-07-15 10:31:53,609 [ERROR] ConditionMgr:805 - Attr not supported : Dmpu
2024-07-15 10:31:53,609 [ERROR] ConditionMgr:805 - Attr not supported : Dmpu
2024-07-15 10:31:53,609 [ERROR] ConditionMgr:805 - Attr not supported : Dmpu
2024-07-15 10:31:53,609 [ERROR] ConditionMgr:805 - Attr not supported : Dmpu
2024-07-15 10:31:53,615 [WARN] PackLoader:240 - Cannot read IP mode file for wolfSSL.I-CUBE-wolfSSL.5.7.0
2024-07-15 10:31:53,621 [WARN] PackLoader:240 - Cannot read IP mode file for STMicroelectronics.FP-ATR-SIGFOX1.3.2.0
2024-07-15 10:31:53,628 [WARN] PackLoader:240 - Cannot read IP mode file for STMicroelectronics.X-CUBE-EEPRMA1.5.1.0
2024-07-15 10:31:53,637 [WARN] PackLoader:240 - Cannot read IP mode file for ITTIA_DB.I-CUBE-ITTIADB.8.9.0
2024-07-15 10:31:53,668 [WARN] PackLoader:240 - Cannot read IP mode file for SEGGER.I-CUBE-embOS.1.3.1
2024-07-15 10:31:53,702 [WARN] PackLoader:240 - Cannot read IP mode file for STMicroelectronics.X-CUBE-ALGOBUILD.1.4.0
2024-07-15 10:31:53,708 [WARN] PackLoader:240 - Cannot read IP mode file for STMicroelectronics.X-CUBE-GNSS1.6.0.0
2024-07-15 10:31:53,721 [WARN] PackLoader:240 - Cannot read IP mode file for STMicroelectronics.X-CUBE-AZRTOS-F4.1.1.0
2024-07-15 10:31:53,730 [WARN] PackLoader:240 - Cannot read IP mode file for STMicroelectronics.X-CUBE-FREERTOS.1.2.0
2024-07-15 10:31:53,747 [WARN] PackLoader:240 - Cannot read IP mode file for STMicroelectronics.X-CUBE-AZRTOS-L5.2.0.0
2024-07-15 10:31:53,756 [WARN] PackLoader:240 - Cannot read IP mode file for STMicroelectronics.X-CUBE-NFC6.3.1.0
2024-07-15 10:31:53,763 [WARN] PackLoader:240 - Cannot read IP mode file for STMicroelectronics.X-CUBE-DPower.1.2.0
2024-07-15 10:31:53,767 [WARN] PackLoader:240 - Cannot read IP mode file for STMicroelectronics.X-CUBE-AI.9.0.0
2024-07-15 10:31:53,773 [WARN] PackLoader:240 - Cannot read IP mode file for STMicroelectronics.X-CUBE-NFC7.1.0.1
2024-07-15 10:31:53,778 [WARN] PackLoader:240 - Cannot read IP mode file for wolfSSL.I-CUBE-wolfTPM.3.2.0
2024-07-15 10:31:53,801 [WARN] ConditionMgr:438 - getConditionDescription Invalid condition id : LAN8742 Phy interface Condition cause : null
2024-07-15 10:31:53,802 [WARN] PackLoader:240 - Cannot read IP mode file for STMicroelectronics.X-CUBE-AZRTOS-L4.2.0.0
2024-07-15 10:31:53,803 [WARN] ConditionMgr:1039 - genDependencies : Invalid condition id : LAN8742 Phy interface Condition cause : null
2024-07-15 10:31:53,803 [WARN] ConditionMgr:1039 - genDependencies : Invalid condition id : LAN8742 Phy interface Condition cause : null
2024-07-15 10:31:53,804 [WARN] ConditionMgr:1039 - genDependencies : Invalid condition id : LAN8742 Phy interface Condition cause : null
2024-07-15 10:31:53,812 [WARN] PackLoader:240 - Cannot read IP mode file for STMicroelectronics.X-CUBE-SFXS2LP1.4.0.0
2024-07-15 10:31:53,824 [WARN] ConditionMgr:438 - getConditionDescription Invalid condition id : UX DEVICE CLASS RTOS Condition cause : null
2024-07-15 10:31:53,824 [WARN] ConditionMgr:438 - getConditionDescription Invalid condition id : UX DEVICE CLASS RTOS Condition cause : null
2024-07-15 10:31:53,826 [WARN] PackLoader:240 - Cannot read IP mode file for STMicroelectronics.X-CUBE-AZRTOS-WB.2.0.0
2024-07-15 10:31:53,827 [WARN] ConditionMgr:1039 - genDependencies : Invalid condition id : UX DEVICE CLASS RTOS Condition cause : null
2024-07-15 10:31:53,827 [WARN] ConditionMgr:1039 - genDependencies : Invalid condition id : UX DEVICE CLASS RTOS Condition cause : null
2024-07-15 10:31:53,827 [WARN] ConditionMgr:1039 - genDependencies : Invalid condition id : UX DEVICE CLASS RTOS Condition cause : null
2024-07-15 10:31:53,828 [WARN] ConditionMgr:1039 - genDependencies : Invalid condition id : UX DEVICE CLASS RTOS Condition cause : null
2024-07-15 10:31:53,828 [WARN] ConditionMgr:1039 - genDependencies : Invalid condition id : UX DEVICE CLASS RTOS Condition cause : null
2024-07-15 10:31:53,838 [WARN] PackLoader:240 - Cannot read IP mode file for STMicroelectronics.X-CUBE-SUBG2.5.0.0
2024-07-15 10:31:53,850 [WARN] PackLoader:240 - Cannot read IP mode file for Cesanta.I-CUBE-Mongoose.7.13.0
2024-07-15 10:31:53,861 [WARN] PackLoader:240 - Cannot read IP mode file for STMicroelectronics.X-CUBE-AZRTOS-G4.2.0.0
2024-07-15 10:31:53,868 [WARN] PackLoader:240 - Cannot read IP mode file for STMicroelectronics.X-CUBE-ISPU.2.0.0
2024-07-15 10:31:53,873 [WARN] PackLoader:240 - Cannot read IP mode file for STMicroelectronics.X-CUBE-ALS.1.0.2
2024-07-15 10:31:53,905 [WARN] PackLoader:240 - Cannot read IP mode file for STMicroelectronics.X-CUBE-MEMS1.10.0.0
2024-07-15 10:31:54,012 [WARN] PackLoader:240 - Cannot read IP mode file for STMicroelectronics.X-CUBE-TOUCHGFX.4.24.0
2024-07-15 10:31:54,022 [WARN] PackLoader:240 - Cannot read IP mode file for portGmbH.I-Cube-SoM-uGOAL.1.1.0
2024-07-15 10:31:54,038 [WARN] PackLoader:240 - Cannot read IP mode file for STMicroelectronics.X-CUBE-AZRTOS-H7RS.1.0.0
2024-07-15 10:31:54,046 [WARN] PackLoader:240 - Cannot read IP mode file for STMicroelectronics.FP-ATR-ASTRA1.2.0.0
2024-07-15 10:31:54,057 [WARN] PackLoader:240 - Cannot read IP mode file for STMicroelectronics.X-CUBE-TOF1.3.4.1
2024-07-15 10:31:54,081 [INFO] WebApp:161 - Instantiating new browser for Auth
2024-07-15 10:31:54,082 [WARN] PackLoader:240 - Cannot read IP mode file for STMicroelectronics.X-CUBE-AZRTOS-H7.3.2.0
2024-07-15 10:31:54,094 [WARN] PackLoader:240 - Cannot read IP mode file for Infineon.AIROC-Wi-Fi-Bluetooth-STM32.1.6.0
2024-07-15 10:31:54,099 [INFO] ThirdParty:978 - Integrity check success = true
2024-07-15 10:31:54,100 [INFO] IntegrityCheckThread:100 - exiting critical section [integrity check]
2024-07-15 10:31:54,100 [INFO] IntegrityCheckThread:103 - End integrity checks thread
2024-07-15 10:31:55,618 [INFO] WebApp:779 - Register for checkConnection events
2024-07-15 10:31:55,619 [INFO] WebApp:414 - Apply proxy settings
2024-07-15 10:31:55,619 [INFO] WebApp:499 - Chromium requires no authentication
2024-07-15 10:31:55,625 [INFO] WebApp:442 - Direct internet connection detected
2024-07-15 10:31:55,744 [INFO] WebApp:192 - Starting web application
2024-07-15 10:31:55,744 [INFO] WebApp:544 - Web application path used C:\ST\STM32CubeIDE_1.15.1\STM32CubeIDE\plugins\com.st.stm32cube.common.mx_6.11.1.202404110753\db\plugins\mcufinder\reactClient1\index.html
2024-07-15 16:32:54,356 [ERROR] LogOutputStream:75 - [STDERR_REDIRECT] 
