2024-07-14 16:46:53,585 [INFO] Activator:176 - 


2024-07-14 16:46:53,591 [INFO] Activator:177 - !SESSION log4j initialized
2024-07-14 16:47:09,783 [INFO] LogOutputStream:77 - [STDOUT_REDIRECT] 
2024-07-14 16:47:21,733 [INFO] ApplicationProperties:184 - Using Application install path: C:\ST\STM32CubeIDE_1.15.1\STM32CubeIDE\plugins\com.st.stm32cube.common.mx_6.11.1.202404110753
2024-07-14 16:47:21,757 [INFO] DbMcusXml:78 - Set database path to: C:\ST\STM32CubeIDE_1.15.1\STM32CubeIDE\plugins\com.st.stm32cube.common.mx_6.11.1.202404110753\\db\/mcu/
2024-07-14 16:47:21,757 [INFO] ApiDb:274 - Set plugin database path to: C:\ST\STM32CubeIDE_1.15.1\STM32CubeIDE\plugins\com.st.stm32cube.common.mx_6.11.1.202404110753\\db\/plugins/boardmanager/
2024-07-14 16:47:21,757 [WARN] ApiDb:259 - Overriding images path with different value:  => C:\ST\STM32CubeIDE_1.15.1\STM32CubeIDE\plugins\com.st.stm32cube.common.mx_6.11.1.202404110753\\db\/plugins/mcufinder/images/
2024-07-14 16:47:21,764 [INFO] ApiDb:250 - Set database path to: C:\Users\bhadula.kishor\.stmcufinder\plugins\mcufinder//mcu/
2024-07-14 16:47:21,765 [INFO] DbMcusAds:125 - Set database path to: C:\Users\bhadula.kishor\.stmcufinder\plugins\mcufinder//mcu/
2024-07-14 16:47:21,767 [INFO] CrossReferenceDbSqlite:203 - Set database path to: C:\Users\bhadula.kishor\.stmcufinder\plugins\mcufinder//mcu/cs/
2024-07-14 16:47:21,888 [INFO] RulesReader:64 - Compatibility file has been processed (297 Rules)
2024-07-14 16:47:22,019 [INFO] DbMcusXml:78 - Set database path to: C:\ST\STM32CubeIDE_1.15.1\STM32CubeIDE\plugins\com.st.stm32cube.common.mx_6.11.1.202404110753\\db\/mcu/
2024-07-14 16:47:22,019 [INFO] ApiDb:274 - Set plugin database path to: C:\ST\STM32CubeIDE_1.15.1\STM32CubeIDE\plugins\com.st.stm32cube.common.mx_6.11.1.202404110753\\db\/plugins/boardmanager/
2024-07-14 16:47:22,019 [INFO] ApiDb:261 - Set plugin images path to: C:\ST\STM32CubeIDE_1.15.1\STM32CubeIDE\plugins\com.st.stm32cube.common.mx_6.11.1.202404110753\\db\/plugins/mcufinder/images/
2024-07-14 16:47:22,020 [WARN] DbFile:41 - Overriding database path with different value: C:\Users\bhadula.kishor\.stmcufinder\plugins\mcufinder/ => C:\Users\bhadula.kishor\.stmcufinder\plugins\mcufinder
2024-07-14 16:47:22,020 [INFO] ApiDb:250 - Set database path to: C:\Users\bhadula.kishor\.stmcufinder\plugins\mcufinder//mcu/
2024-07-14 16:47:22,020 [WARN] DbFile:41 - Overriding database path with different value: C:\Users\bhadula.kishor\.stmcufinder\plugins\mcufinder/ => C:\Users\bhadula.kishor\.stmcufinder\plugins\mcufinder
2024-07-14 16:47:22,020 [INFO] DbMcusAds:125 - Set database path to: C:\Users\bhadula.kishor\.stmcufinder\plugins\mcufinder//mcu/
2024-07-14 16:47:22,020 [WARN] DbFile:41 - Overriding database path with different value: C:\Users\bhadula.kishor\.stmcufinder\plugins\mcufinder/ => C:\Users\bhadula.kishor\.stmcufinder\plugins\mcufinder
2024-07-14 16:47:22,020 [WARN] DbFile:41 - Overriding database path with different value: C:\Users\bhadula.kishor\.stmcufinder\plugins\mcufinder/ => C:\Users\bhadula.kishor\.stmcufinder\plugins\mcufinder
2024-07-14 16:47:22,020 [INFO] CrossReferenceDbSqlite:203 - Set database path to: C:\Users\bhadula.kishor\.stmcufinder\plugins\mcufinder//mcu/cs/
2024-07-14 16:47:22,094 [INFO] MainPanel:264 - HeapMemory: 268435456
2024-07-14 16:47:22,162 [INFO] DbMcusXml:78 - Set database path to: C:\ST\STM32CubeIDE_1.15.1\STM32CubeIDE\plugins\com.st.stm32cube.common.mx_6.11.1.202404110753\\db\/mcu/
2024-07-14 16:47:22,163 [INFO] ApiDb:274 - Set plugin database path to: C:\ST\STM32CubeIDE_1.15.1\STM32CubeIDE\plugins\com.st.stm32cube.common.mx_6.11.1.202404110753\\db\/plugins/boardmanager/
2024-07-14 16:47:22,163 [INFO] ApiDb:261 - Set plugin images path to: C:\ST\STM32CubeIDE_1.15.1\STM32CubeIDE\plugins\com.st.stm32cube.common.mx_6.11.1.202404110753\\db\/plugins/mcufinder/images/
2024-07-14 16:47:22,163 [WARN] DbFile:41 - Overriding database path with different value: C:\Users\bhadula.kishor\.stmcufinder\plugins\mcufinder/ => C:\Users\bhadula.kishor\.stmcufinder\plugins\mcufinder
2024-07-14 16:47:22,163 [INFO] ApiDb:250 - Set database path to: C:\Users\bhadula.kishor\.stmcufinder\plugins\mcufinder//mcu/
2024-07-14 16:47:22,163 [WARN] DbFile:41 - Overriding database path with different value: C:\Users\bhadula.kishor\.stmcufinder\plugins\mcufinder/ => C:\Users\bhadula.kishor\.stmcufinder\plugins\mcufinder
2024-07-14 16:47:22,163 [INFO] DbMcusAds:125 - Set database path to: C:\Users\bhadula.kishor\.stmcufinder\plugins\mcufinder//mcu/
2024-07-14 16:47:22,163 [WARN] DbFile:41 - Overriding database path with different value: C:\Users\bhadula.kishor\.stmcufinder\plugins\mcufinder/ => C:\Users\bhadula.kishor\.stmcufinder\plugins\mcufinder
2024-07-14 16:47:22,163 [WARN] DbFile:41 - Overriding database path with different value: C:\Users\bhadula.kishor\.stmcufinder\plugins\mcufinder/ => C:\Users\bhadula.kishor\.stmcufinder\plugins\mcufinder
2024-07-14 16:47:22,163 [INFO] CrossReferenceDbSqlite:203 - Set database path to: C:\Users\bhadula.kishor\.stmcufinder\plugins\mcufinder//mcu/cs/
2024-07-14 16:47:22,177 [INFO] ApplicationProperties:184 - Using Application install path: C:\ST\STM32CubeIDE_1.15.1\STM32CubeIDE\plugins\com.st.stm32cube.common.mx_6.11.1.202404110753
2024-07-14 16:47:22,179 [INFO] PluginManage:196 - Search for loadable plugins [exclusion list=, ]
2024-07-14 16:47:22,180 [INFO] PluginManage:310 - Check plugin analytics
2024-07-14 16:47:22,402 [INFO] AnalyticsPlugin:253 - Accepted Software Licenses: 
2024-07-14 16:47:22,402 [INFO] AnalyticsPlugin:255 - Accepted CMSIS Pack Licenses: 
2024-07-14 16:47:22,402 [INFO] AnalyticsPlugin:257 - Accepted Firmware Licenses: 
2024-07-14 16:47:22,407 [INFO] PluginManage:359 - Loaded plugin analytics (category:tool,tabindex:-1)
2024-07-14 16:47:22,408 [INFO] PluginManage:310 - Check plugin cadmodel
2024-07-14 16:47:22,418 [INFO] CADModel:105 - Init CAD model plugin
2024-07-14 16:47:22,418 [INFO] PluginManage:359 - Loaded plugin cadmodel (category:power,tabindex:5)
2024-07-14 16:47:22,419 [INFO] PluginManage:310 - Check plugin clock
2024-07-14 16:47:22,437 [INFO] PluginManage:359 - Loaded plugin clock (category:base,tabindex:2)
2024-07-14 16:47:22,437 [INFO] PluginManage:310 - Check plugin ddr
2024-07-14 16:47:22,440 [INFO] PluginManage:359 - Loaded plugin ddr (category:tool,tabindex:6)
2024-07-14 16:47:22,440 [INFO] PluginManage:310 - Check plugin filemanager
2024-07-14 16:47:22,590 [INFO] PluginManage:359 - Loaded plugin filemanager (category:base,tabindex:10)
2024-07-14 16:47:22,591 [INFO] PluginManage:310 - Check plugin ipmanager
2024-07-14 16:47:22,598 [INFO] PluginManage:359 - Loaded plugin ipmanager (category:base,tabindex:5)
2024-07-14 16:47:22,599 [INFO] PluginManage:310 - Check plugin lpbam
2024-07-14 16:47:22,606 [INFO] PluginManage:359 - Loaded plugin lpbam (category:base,tabindex:0)
2024-07-14 16:47:22,606 [INFO] PluginManage:310 - Check plugin memorymap
2024-07-14 16:47:22,619 [INFO] PluginManage:359 - Loaded plugin memorymap (category:base,tabindex:4)
2024-07-14 16:47:22,620 [INFO] PluginManage:310 - Check plugin pinoutandconfiguration
2024-07-14 16:47:22,627 [INFO] PluginManage:359 - Loaded plugin pinoutandconfiguration (category:base,tabindex:1)
2024-07-14 16:47:22,628 [INFO] PluginManage:310 - Check plugin pinoutconfig
2024-07-14 16:47:22,706 [WARN] SupportedApi:132 - Cannot load RTOS API schema: s4s-elt-must-match.1: The content of 'definitions' must match (annotation?, (simpleType | complexType)?, (unique | key | keyref)*)). A problem was found starting at: attribute.
2024-07-14 16:47:22,820 [INFO] PluginManage:359 - Loaded plugin pinoutconfig (category:base,tabindex:0)
2024-07-14 16:47:22,820 [INFO] PluginManage:310 - Check plugin power
2024-07-14 16:47:22,829 [INFO] PluginManage:359 - Loaded plugin power (category:power,tabindex:4)
2024-07-14 16:47:22,829 [INFO] PluginManage:310 - Check plugin projectmanager
2024-07-14 16:47:22,843 [INFO] PluginManage:359 - Loaded plugin projectmanager (category:projectmanager,tabindex:3)
2024-07-14 16:47:22,843 [INFO] PluginManage:310 - Check plugin thirdparty
2024-07-14 16:47:22,962 [WARN] IntegrityCheckThread:84 - waiting for thirdparty lock release [integrity check]
2024-07-14 16:47:22,962 [INFO] IntegrityCheckThread:86 - entering critical section [integrity check]
2024-07-14 16:47:22,963 [INFO] PluginManage:359 - Loaded plugin thirdparty (category:base,tabindex:-1)
2024-07-14 16:47:22,963 [INFO] ThirdPartyUpdaterWithRetryManager:70 - Updater plugin not ready yet. [1/15]
2024-07-14 16:47:22,963 [INFO] PluginManage:310 - Check plugin tools
2024-07-14 16:47:22,968 [INFO] PluginManage:359 - Loaded plugin tools (category:base,tabindex:7)
2024-07-14 16:47:22,968 [INFO] PluginManage:310 - Check plugin tutovideos
2024-07-14 16:47:23,125 [INFO] PluginManage:359 - Loaded plugin tutovideos (category:base,tabindex:-1)
2024-07-14 16:47:23,125 [INFO] PluginManage:310 - Check plugin updater
2024-07-14 16:47:23,134 [INFO] PluginManage:359 - Loaded plugin updater (category:base,tabindex:12)
2024-07-14 16:47:23,135 [INFO] PluginManage:310 - Check plugin userauth
2024-07-14 16:47:23,140 [INFO] UserAuth:114 - Init User Auth plugin
2024-07-14 16:47:23,140 [INFO] PluginManage:359 - Loaded plugin userauth (category:base,tabindex:14)
2024-07-14 16:47:23,141 [INFO] PluginManage:283 - PluginManage : Loaded plugins [17]
2024-07-14 16:47:23,424 [INFO] PinOutPanel:1561 - setPackage(No Configuration,No Configuration)
2024-07-14 16:47:23,512 [INFO] CADModel:165 - CPN selected for project level
2024-07-14 16:47:23,512 [INFO] CADModel:114 - Register for checkConnection events
2024-07-14 16:47:23,529 [INFO] IPUIPlugin:80 - create IPUIPlugin
2024-07-14 16:47:23,529 [INFO] PluginManager:220 - loadIPPluginJar : add adc
2024-07-14 16:47:23,531 [INFO] IPUIPlugin:80 - create IPUIPlugin
2024-07-14 16:47:23,531 [INFO] PluginManager:220 - loadIPPluginJar : add aes
2024-07-14 16:47:23,534 [INFO] IPUIPlugin:80 - create IPUIPlugin
2024-07-14 16:47:23,534 [INFO] PluginManager:220 - loadIPPluginJar : add can
2024-07-14 16:47:23,536 [INFO] IPUIPlugin:80 - create IPUIPlugin
2024-07-14 16:47:23,536 [INFO] PluginManager:220 - loadIPPluginJar : add comp
2024-07-14 16:47:23,539 [INFO] IPUIPlugin:80 - create IPUIPlugin
2024-07-14 16:47:23,539 [INFO] PluginManager:220 - loadIPPluginJar : add cryp
2024-07-14 16:47:23,541 [INFO] IPUIPlugin:80 - create IPUIPlugin
2024-07-14 16:47:23,541 [INFO] PluginManager:220 - loadIPPluginJar : add dfsdm
2024-07-14 16:47:23,548 [INFO] IPUIPlugin:80 - create IPUIPlugin
2024-07-14 16:47:23,549 [INFO] PluginManager:220 - loadIPPluginJar : add dma
2024-07-14 16:47:23,552 [INFO] IPUIPlugin:80 - create IPUIPlugin
2024-07-14 16:47:23,552 [INFO] PluginManager:220 - loadIPPluginJar : add dma3
2024-07-14 16:47:23,561 [INFO] IPUIPlugin:80 - create IPUIPlugin
2024-07-14 16:47:23,561 [INFO] PluginManager:220 - loadIPPluginJar : add extmemmanager
2024-07-14 16:47:23,565 [INFO] IPUIPlugin:80 - create IPUIPlugin
2024-07-14 16:47:23,565 [INFO] PluginManager:220 - loadIPPluginJar : add fatfs
2024-07-14 16:47:23,569 [INFO] IPUIPlugin:80 - create IPUIPlugin
2024-07-14 16:47:23,569 [INFO] PluginManager:220 - loadIPPluginJar : add fmc
2024-07-14 16:47:23,574 [INFO] IPUIPlugin:80 - create IPUIPlugin
2024-07-14 16:47:23,574 [INFO] PluginManager:220 - loadIPPluginJar : add freertos
2024-07-14 16:47:23,575 [INFO] IPUIPlugin:80 - create IPUIPlugin
2024-07-14 16:47:23,575 [INFO] PluginManager:220 - loadIPPluginJar : add genericplugin
2024-07-14 16:47:23,578 [INFO] IPUIPlugin:80 - create IPUIPlugin
2024-07-14 16:47:23,578 [INFO] PluginManager:220 - loadIPPluginJar : add gfxmmu
2024-07-14 16:47:23,582 [INFO] IPUIPlugin:80 - create IPUIPlugin
2024-07-14 16:47:23,582 [INFO] PluginManager:220 - loadIPPluginJar : add gic
2024-07-14 16:47:23,586 [INFO] IPUIPlugin:80 - create IPUIPlugin
2024-07-14 16:47:23,586 [INFO] PluginManager:220 - loadIPPluginJar : add gpio
2024-07-14 16:47:23,588 [INFO] IPUIPlugin:80 - create IPUIPlugin
2024-07-14 16:47:23,588 [INFO] PluginManager:220 - loadIPPluginJar : add gtzc
2024-07-14 16:47:23,590 [INFO] IPUIPlugin:80 - create IPUIPlugin
2024-07-14 16:47:23,590 [INFO] PluginManager:220 - loadIPPluginJar : add hash
2024-07-14 16:47:23,592 [INFO] IPUIPlugin:80 - create IPUIPlugin
2024-07-14 16:47:23,592 [INFO] PluginManager:220 - loadIPPluginJar : add i2c
2024-07-14 16:47:23,594 [INFO] IPUIPlugin:80 - create IPUIPlugin
2024-07-14 16:47:23,594 [INFO] PluginManager:220 - loadIPPluginJar : add i2s
2024-07-14 16:47:23,597 [INFO] IPUIPlugin:80 - create IPUIPlugin
2024-07-14 16:47:23,597 [INFO] PluginManager:220 - loadIPPluginJar : add i3c
2024-07-14 16:47:23,599 [INFO] IPUIPlugin:80 - create IPUIPlugin
2024-07-14 16:47:23,599 [INFO] PluginManager:220 - loadIPPluginJar : add ipddr
2024-07-14 16:47:23,605 [INFO] IPUIPlugin:80 - create IPUIPlugin
2024-07-14 16:47:23,606 [INFO] PluginManager:220 - loadIPPluginJar : add linkedlist
2024-07-14 16:47:23,608 [INFO] IPUIPlugin:80 - create IPUIPlugin
2024-07-14 16:47:23,608 [INFO] PluginManager:220 - loadIPPluginJar : add lorawan
2024-07-14 16:47:23,609 [INFO] IPUIPlugin:80 - create IPUIPlugin
2024-07-14 16:47:23,609 [INFO] PluginManager:220 - loadIPPluginJar : add ltdc
2024-07-14 16:47:23,614 [INFO] IPUIPlugin:80 - create IPUIPlugin
2024-07-14 16:47:23,614 [INFO] PluginManager:220 - loadIPPluginJar : add mdma
2024-07-14 16:47:23,617 [INFO] IPUIPlugin:80 - create IPUIPlugin
2024-07-14 16:47:23,617 [INFO] PluginManager:220 - loadIPPluginJar : add nvic
2024-07-14 16:47:23,619 [INFO] IPUIPlugin:80 - create IPUIPlugin
2024-07-14 16:47:23,620 [INFO] PluginManager:220 - loadIPPluginJar : add opamp
2024-07-14 16:47:23,622 [INFO] IPUIPlugin:80 - create IPUIPlugin
2024-07-14 16:47:23,622 [INFO] PluginManager:220 - loadIPPluginJar : add openamp
2024-07-14 16:47:23,625 [INFO] IPUIPlugin:80 - create IPUIPlugin
2024-07-14 16:47:23,625 [INFO] PluginManager:220 - loadIPPluginJar : add pdm2pcm
2024-07-14 16:47:23,629 [INFO] IPUIPlugin:80 - create IPUIPlugin
2024-07-14 16:47:23,631 [INFO] PluginManager:220 - loadIPPluginJar : add plateformsettings
2024-07-14 16:47:23,632 [INFO] IPUIPlugin:80 - create IPUIPlugin
2024-07-14 16:47:23,632 [INFO] PluginManager:220 - loadIPPluginJar : add quadspi
2024-07-14 16:47:23,635 [INFO] IPUIPlugin:80 - create IPUIPlugin
2024-07-14 16:47:23,635 [INFO] PluginManager:220 - loadIPPluginJar : add resmgrutility
2024-07-14 16:47:23,638 [INFO] IPUIPlugin:80 - create IPUIPlugin
2024-07-14 16:47:23,638 [INFO] PluginManager:220 - loadIPPluginJar : add sai
2024-07-14 16:47:23,640 [INFO] IPUIPlugin:80 - create IPUIPlugin
2024-07-14 16:47:23,640 [INFO] PluginManager:220 - loadIPPluginJar : add spi
2024-07-14 16:47:23,644 [INFO] IPUIPlugin:80 - create IPUIPlugin
2024-07-14 16:47:23,644 [INFO] PluginManager:220 - loadIPPluginJar : add stm32_wpan
2024-07-14 16:47:23,645 [INFO] IPUIPlugin:80 - create IPUIPlugin
2024-07-14 16:47:23,645 [INFO] PluginManager:220 - loadIPPluginJar : add tim
2024-07-14 16:47:23,648 [INFO] IPUIPlugin:80 - create IPUIPlugin
2024-07-14 16:47:23,648 [INFO] PluginManager:220 - loadIPPluginJar : add touchsensing
2024-07-14 16:47:23,651 [INFO] IPUIPlugin:80 - create IPUIPlugin
2024-07-14 16:47:23,651 [INFO] PluginManager:220 - loadIPPluginJar : add tracer_emb
2024-07-14 16:47:23,653 [INFO] IPUIPlugin:80 - create IPUIPlugin
2024-07-14 16:47:23,653 [INFO] PluginManager:220 - loadIPPluginJar : add ts
2024-07-14 16:47:23,655 [INFO] IPUIPlugin:80 - create IPUIPlugin
2024-07-14 16:47:23,655 [INFO] PluginManager:220 - loadIPPluginJar : add tsc
2024-07-14 16:47:23,656 [INFO] IPUIPlugin:80 - create IPUIPlugin
2024-07-14 16:47:23,657 [INFO] PluginManager:220 - loadIPPluginJar : add ucpd
2024-07-14 16:47:23,659 [INFO] IPUIPlugin:80 - create IPUIPlugin
2024-07-14 16:47:23,659 [INFO] PluginManager:220 - loadIPPluginJar : add usart
2024-07-14 16:47:23,661 [INFO] IPUIPlugin:80 - create IPUIPlugin
2024-07-14 16:47:23,661 [INFO] PluginManager:220 - loadIPPluginJar : add usbx
2024-07-14 16:47:23,779 [INFO] CADModel:165 - CPN selected for project level
2024-07-14 16:47:23,779 [INFO] CADModel:114 - Register for checkConnection events
2024-07-14 16:47:23,779 [FATAL] Updater:308 - Updater called before beeing initialized
2024-07-14 16:47:23,780 [ERROR] CADModel:125 - Updater not yet initialized, retry later 
2024-07-14 16:47:23,938 [INFO] CADModel:165 - CPN selected for project level
2024-07-14 16:47:23,938 [INFO] CADModel:114 - Register for checkConnection events
2024-07-14 16:47:23,939 [FATAL] Updater:308 - Updater called before beeing initialized
2024-07-14 16:47:23,939 [ERROR] CADModel:125 - Updater not yet initialized, retry later 
2024-07-14 16:47:23,945 [FATAL] Updater:308 - Updater called before beeing initialized
2024-07-14 16:47:24,061 [FATAL] Updater:308 - Updater called before beeing initialized
2024-07-14 16:47:24,066 [INFO] DbMcusAds:53 - JSON generation date=Thu May 16 14:52:00 IST 2024 (1715851320852)
2024-07-14 16:47:24,067 [FATAL] Updater:308 - Updater called before beeing initialized
2024-07-14 16:47:24,100 [WARN] DetailPanel:346 - Failed to get advertising image, set to default
2024-07-14 16:47:24,174 [FATAL] Updater:308 - Updater called before beeing initialized
2024-07-14 16:47:24,175 [FATAL] Updater:308 - Updater called before beeing initialized
2024-07-14 16:47:24,175 [FATAL] Updater:308 - Updater called before beeing initialized
2024-07-14 16:47:24,175 [WARN] DetailPanel:346 - Failed to get advertising image, set to default
2024-07-14 16:47:24,176 [FATAL] Updater:308 - Updater called before beeing initialized
2024-07-14 16:47:24,223 [ERROR] Updater:1120 - MainUpdater not yet initialized. External WinMGr cannot be set.
2024-07-14 16:47:24,225 [INFO] Updater:1056 - Updater Version found : 6.11.1
2024-07-14 16:47:24,243 [INFO] ApplicationProperties:184 - Using Application install path: C:\ST\STM32CubeIDE_1.15.1\STM32CubeIDE\plugins\com.st.stm32cube.common.mx_6.11.1.202404110753
2024-07-14 16:47:25,966 [INFO] ThirdPartyUpdaterWithRetryManager:70 - Updater plugin not ready yet. [2/15]
2024-07-14 16:47:28,968 [FATAL] Updater:308 - Updater called before beeing initialized
2024-07-14 16:47:28,968 [ERROR] IntegrityCheckThread:130 - Cannot retrieve database content from updater: error 21
2024-07-14 16:47:28,968 [INFO] ThirdParty:978 - Integrity check success = false
2024-07-14 16:47:28,968 [INFO] IntegrityCheckThread:100 - exiting critical section [integrity check]
2024-07-14 16:47:28,968 [INFO] IntegrityCheckThread:103 - End integrity checks thread
2024-07-14 16:47:33,776 [ERROR] ConfigurationRetriever:142 - IOException on connection: Connect timed out
2024-07-14 16:47:35,778 [ERROR] ConfigurationRetriever:142 - IOException on connection: Connect timed out
2024-07-14 16:47:36,776 [ERROR] ConfigurationRetriever:142 - IOException on connection: Connect timed out
2024-07-14 16:47:37,779 [ERROR] ConfigurationRetriever:142 - IOException on connection: Connect timed out
2024-07-14 16:47:39,779 [WARN] CheckConnectionManager:291 - Warning during Server Connection :  timeout Connect to sw-center.st.com:443 [sw-center.st.com/49.44.175.32, sw-center.st.com/49.44.175.27, sw-center.st.com/2405:200:1630:1600:0:0:312c:af1b, sw-center.st.com/2405:200:1630:1600:0:0:312c:af20] failed: Connect timed out
2024-07-14 16:47:41,778 [ERROR] ConfigurationRetriever:142 - IOException on connection: Connect timed out
2024-07-14 16:47:46,780 [ERROR] ConfigurationRetriever:142 - IOException on connection: Connect timed out
2024-07-14 16:47:47,784 [WARN] CheckConnectionManager:291 - Warning during Server Connection :  timeout Connect to sw-center.st.com:443 [sw-center.st.com/49.44.175.32, sw-center.st.com/49.44.175.27, sw-center.st.com/2405:200:1630:1600:0:0:312c:af1b, sw-center.st.com/2405:200:1630:1600:0:0:312c:af20] failed: Connect timed out
2024-07-14 16:47:47,787 [INFO] MainUpdater:2873 - connection check result : 22
2024-07-14 16:47:47,787 [INFO] MainUpdater:290 - Updater Check For Update Now.
2024-07-14 16:47:47,787 [INFO] MicroXplorer:498 - Change Database Version : DB.6.0.111
2024-07-14 16:47:47,804 [INFO] McuFinderGlobals:63 - Set McuFinder mode to 2 (CubeIDE integrated)
2024-07-14 16:47:47,805 [INFO] UserAuth:179 - activating auth plugin
2024-07-14 16:47:47,810 [INFO] UserAuth:415 - Internet connection configuration mode: 2
2024-07-14 16:47:47,829 [INFO] UserAuth:415 - Internet connection configuration mode: 2
2024-07-14 16:47:47,970 [INFO] CheckServerUpdateThread:120 - End of CheckServer Thread
