2024-07-08 11:04:54,238 [INFO] Activator:176 - 


2024-07-08 11:04:54,245 [INFO] Activator:177 - !SESSION log4j initialized
2024-07-08 11:04:58,484 [INFO] LogOutputStream:77 - [STDOUT_REDIRECT] 
2024-07-08 11:04:59,358 [INFO] ApplicationProperties:184 - Using Application install path: C:\ST\STM32CubeIDE_1.15.1\STM32CubeIDE\plugins\com.st.stm32cube.common.mx_6.11.1.202404110753
2024-07-08 11:04:59,375 [INFO] DbMcusXml:78 - Set database path to: C:\ST\STM32CubeIDE_1.15.1\STM32CubeIDE\plugins\com.st.stm32cube.common.mx_6.11.1.202404110753\\db\/mcu/
2024-07-08 11:04:59,375 [INFO] ApiDb:274 - Set plugin database path to: C:\ST\STM32CubeIDE_1.15.1\STM32CubeIDE\plugins\com.st.stm32cube.common.mx_6.11.1.202404110753\\db\/plugins/boardmanager/
2024-07-08 11:04:59,376 [WARN] ApiDb:259 - Overriding images path with different value:  => C:\ST\STM32CubeIDE_1.15.1\STM32CubeIDE\plugins\com.st.stm32cube.common.mx_6.11.1.202404110753\\db\/plugins/mcufinder/images/
2024-07-08 11:04:59,382 [INFO] ApiDb:250 - Set database path to: C:\Users\bhadula.kishor\.stmcufinder\plugins\mcufinder//mcu/
2024-07-08 11:04:59,383 [INFO] DbMcusAds:125 - Set database path to: C:\Users\bhadula.kishor\.stmcufinder\plugins\mcufinder//mcu/
2024-07-08 11:04:59,385 [INFO] CrossReferenceDbSqlite:203 - Set database path to: C:\Users\bhadula.kishor\.stmcufinder\plugins\mcufinder//mcu/cs/
2024-07-08 11:04:59,469 [INFO] RulesReader:64 - Compatibility file has been processed (297 Rules)
2024-07-08 11:04:59,558 [INFO] DbMcusXml:78 - Set database path to: C:\ST\STM32CubeIDE_1.15.1\STM32CubeIDE\plugins\com.st.stm32cube.common.mx_6.11.1.202404110753\\db\/mcu/
2024-07-08 11:04:59,558 [INFO] ApiDb:274 - Set plugin database path to: C:\ST\STM32CubeIDE_1.15.1\STM32CubeIDE\plugins\com.st.stm32cube.common.mx_6.11.1.202404110753\\db\/plugins/boardmanager/
2024-07-08 11:04:59,558 [INFO] ApiDb:261 - Set plugin images path to: C:\ST\STM32CubeIDE_1.15.1\STM32CubeIDE\plugins\com.st.stm32cube.common.mx_6.11.1.202404110753\\db\/plugins/mcufinder/images/
2024-07-08 11:04:59,558 [WARN] DbFile:41 - Overriding database path with different value: C:\Users\bhadula.kishor\.stmcufinder\plugins\mcufinder/ => C:\Users\bhadula.kishor\.stmcufinder\plugins\mcufinder
2024-07-08 11:04:59,559 [INFO] ApiDb:250 - Set database path to: C:\Users\bhadula.kishor\.stmcufinder\plugins\mcufinder//mcu/
2024-07-08 11:04:59,559 [WARN] DbFile:41 - Overriding database path with different value: C:\Users\bhadula.kishor\.stmcufinder\plugins\mcufinder/ => C:\Users\bhadula.kishor\.stmcufinder\plugins\mcufinder
2024-07-08 11:04:59,559 [INFO] DbMcusAds:125 - Set database path to: C:\Users\bhadula.kishor\.stmcufinder\plugins\mcufinder//mcu/
2024-07-08 11:04:59,559 [WARN] DbFile:41 - Overriding database path with different value: C:\Users\bhadula.kishor\.stmcufinder\plugins\mcufinder/ => C:\Users\bhadula.kishor\.stmcufinder\plugins\mcufinder
2024-07-08 11:04:59,559 [WARN] DbFile:41 - Overriding database path with different value: C:\Users\bhadula.kishor\.stmcufinder\plugins\mcufinder/ => C:\Users\bhadula.kishor\.stmcufinder\plugins\mcufinder
2024-07-08 11:04:59,559 [INFO] CrossReferenceDbSqlite:203 - Set database path to: C:\Users\bhadula.kishor\.stmcufinder\plugins\mcufinder//mcu/cs/
2024-07-08 11:04:59,632 [INFO] MainPanel:264 - HeapMemory: 268435456
2024-07-08 11:04:59,708 [INFO] DbMcusXml:78 - Set database path to: C:\ST\STM32CubeIDE_1.15.1\STM32CubeIDE\plugins\com.st.stm32cube.common.mx_6.11.1.202404110753\\db\/mcu/
2024-07-08 11:04:59,709 [INFO] ApiDb:274 - Set plugin database path to: C:\ST\STM32CubeIDE_1.15.1\STM32CubeIDE\plugins\com.st.stm32cube.common.mx_6.11.1.202404110753\\db\/plugins/boardmanager/
2024-07-08 11:04:59,709 [INFO] ApiDb:261 - Set plugin images path to: C:\ST\STM32CubeIDE_1.15.1\STM32CubeIDE\plugins\com.st.stm32cube.common.mx_6.11.1.202404110753\\db\/plugins/mcufinder/images/
2024-07-08 11:04:59,709 [WARN] DbFile:41 - Overriding database path with different value: C:\Users\bhadula.kishor\.stmcufinder\plugins\mcufinder/ => C:\Users\bhadula.kishor\.stmcufinder\plugins\mcufinder
2024-07-08 11:04:59,709 [INFO] ApiDb:250 - Set database path to: C:\Users\bhadula.kishor\.stmcufinder\plugins\mcufinder//mcu/
2024-07-08 11:04:59,709 [WARN] DbFile:41 - Overriding database path with different value: C:\Users\bhadula.kishor\.stmcufinder\plugins\mcufinder/ => C:\Users\bhadula.kishor\.stmcufinder\plugins\mcufinder
2024-07-08 11:04:59,709 [INFO] DbMcusAds:125 - Set database path to: C:\Users\bhadula.kishor\.stmcufinder\plugins\mcufinder//mcu/
2024-07-08 11:04:59,709 [WARN] DbFile:41 - Overriding database path with different value: C:\Users\bhadula.kishor\.stmcufinder\plugins\mcufinder/ => C:\Users\bhadula.kishor\.stmcufinder\plugins\mcufinder
2024-07-08 11:04:59,709 [WARN] DbFile:41 - Overriding database path with different value: C:\Users\bhadula.kishor\.stmcufinder\plugins\mcufinder/ => C:\Users\bhadula.kishor\.stmcufinder\plugins\mcufinder
2024-07-08 11:04:59,709 [INFO] CrossReferenceDbSqlite:203 - Set database path to: C:\Users\bhadula.kishor\.stmcufinder\plugins\mcufinder//mcu/cs/
2024-07-08 11:04:59,723 [INFO] ApplicationProperties:184 - Using Application install path: C:\ST\STM32CubeIDE_1.15.1\STM32CubeIDE\plugins\com.st.stm32cube.common.mx_6.11.1.202404110753
2024-07-08 11:04:59,725 [INFO] PluginManage:196 - Search for loadable plugins [exclusion list=, ]
2024-07-08 11:04:59,726 [INFO] PluginManage:310 - Check plugin analytics
2024-07-08 11:04:59,923 [INFO] AnalyticsPlugin:253 - Accepted Software Licenses: 
2024-07-08 11:04:59,923 [INFO] AnalyticsPlugin:255 - Accepted CMSIS Pack Licenses: 
2024-07-08 11:04:59,924 [INFO] AnalyticsPlugin:257 - Accepted Firmware Licenses: 
2024-07-08 11:04:59,928 [INFO] PluginManage:359 - Loaded plugin analytics (category:tool,tabindex:-1)
2024-07-08 11:04:59,929 [INFO] PluginManage:310 - Check plugin cadmodel
2024-07-08 11:04:59,939 [INFO] CADModel:105 - Init CAD model plugin
2024-07-08 11:04:59,939 [INFO] PluginManage:359 - Loaded plugin cadmodel (category:power,tabindex:5)
2024-07-08 11:04:59,940 [INFO] PluginManage:310 - Check plugin clock
2024-07-08 11:04:59,955 [INFO] PluginManage:359 - Loaded plugin clock (category:base,tabindex:2)
2024-07-08 11:04:59,955 [INFO] PluginManage:310 - Check plugin ddr
2024-07-08 11:04:59,957 [INFO] PluginManage:359 - Loaded plugin ddr (category:tool,tabindex:6)
2024-07-08 11:04:59,958 [INFO] PluginManage:310 - Check plugin filemanager
2024-07-08 11:05:00,105 [INFO] PluginManage:359 - Loaded plugin filemanager (category:base,tabindex:10)
2024-07-08 11:05:00,106 [INFO] PluginManage:310 - Check plugin ipmanager
2024-07-08 11:05:00,113 [INFO] PluginManage:359 - Loaded plugin ipmanager (category:base,tabindex:5)
2024-07-08 11:05:00,113 [INFO] PluginManage:310 - Check plugin lpbam
2024-07-08 11:05:00,121 [INFO] PluginManage:359 - Loaded plugin lpbam (category:base,tabindex:0)
2024-07-08 11:05:00,121 [INFO] PluginManage:310 - Check plugin memorymap
2024-07-08 11:05:00,133 [INFO] PluginManage:359 - Loaded plugin memorymap (category:base,tabindex:4)
2024-07-08 11:05:00,133 [INFO] PluginManage:310 - Check plugin pinoutandconfiguration
2024-07-08 11:05:00,139 [INFO] PluginManage:359 - Loaded plugin pinoutandconfiguration (category:base,tabindex:1)
2024-07-08 11:05:00,140 [INFO] PluginManage:310 - Check plugin pinoutconfig
2024-07-08 11:05:00,205 [WARN] SupportedApi:132 - Cannot load RTOS API schema: s4s-elt-must-match.1: The content of 'definitions' must match (annotation?, (simpleType | complexType)?, (unique | key | keyref)*)). A problem was found starting at: attribute.
2024-07-08 11:05:00,313 [INFO] PluginManage:359 - Loaded plugin pinoutconfig (category:base,tabindex:0)
2024-07-08 11:05:00,314 [INFO] PluginManage:310 - Check plugin power
2024-07-08 11:05:00,325 [INFO] PluginManage:359 - Loaded plugin power (category:power,tabindex:4)
2024-07-08 11:05:00,325 [INFO] PluginManage:310 - Check plugin projectmanager
2024-07-08 11:05:00,339 [INFO] PluginManage:359 - Loaded plugin projectmanager (category:projectmanager,tabindex:3)
2024-07-08 11:05:00,339 [INFO] PluginManage:310 - Check plugin thirdparty
2024-07-08 11:05:00,450 [WARN] IntegrityCheckThread:84 - waiting for thirdparty lock release [integrity check]
2024-07-08 11:05:00,451 [INFO] IntegrityCheckThread:86 - entering critical section [integrity check]
2024-07-08 11:05:00,451 [INFO] PluginManage:359 - Loaded plugin thirdparty (category:base,tabindex:-1)
2024-07-08 11:05:00,451 [INFO] PluginManage:310 - Check plugin tools
2024-07-08 11:05:00,452 [INFO] ThirdPartyUpdaterWithRetryManager:70 - Updater plugin not ready yet. [1/15]
2024-07-08 11:05:00,454 [INFO] PluginManage:359 - Loaded plugin tools (category:base,tabindex:7)
2024-07-08 11:05:00,454 [INFO] PluginManage:310 - Check plugin tutovideos
2024-07-08 11:05:00,610 [INFO] PluginManage:359 - Loaded plugin tutovideos (category:base,tabindex:-1)
2024-07-08 11:05:00,610 [INFO] PluginManage:310 - Check plugin updater
2024-07-08 11:05:00,620 [INFO] PluginManage:359 - Loaded plugin updater (category:base,tabindex:12)
2024-07-08 11:05:00,620 [INFO] PluginManage:310 - Check plugin userauth
2024-07-08 11:05:00,627 [INFO] UserAuth:114 - Init User Auth plugin
2024-07-08 11:05:00,628 [INFO] PluginManage:359 - Loaded plugin userauth (category:base,tabindex:14)
2024-07-08 11:05:00,628 [INFO] PluginManage:283 - PluginManage : Loaded plugins [17]
2024-07-08 11:05:00,816 [INFO] PinOutPanel:1561 - setPackage(No Configuration,No Configuration)
2024-07-08 11:05:00,897 [INFO] CADModel:165 - CPN selected for project level
2024-07-08 11:05:00,897 [INFO] CADModel:114 - Register for checkConnection events
2024-07-08 11:05:00,916 [INFO] IPUIPlugin:80 - create IPUIPlugin
2024-07-08 11:05:00,916 [INFO] PluginManager:220 - loadIPPluginJar : add adc
2024-07-08 11:05:00,918 [INFO] IPUIPlugin:80 - create IPUIPlugin
2024-07-08 11:05:00,919 [INFO] PluginManager:220 - loadIPPluginJar : add aes
2024-07-08 11:05:00,922 [INFO] IPUIPlugin:80 - create IPUIPlugin
2024-07-08 11:05:00,922 [INFO] PluginManager:220 - loadIPPluginJar : add can
2024-07-08 11:05:00,923 [INFO] IPUIPlugin:80 - create IPUIPlugin
2024-07-08 11:05:00,923 [INFO] PluginManager:220 - loadIPPluginJar : add comp
2024-07-08 11:05:00,925 [INFO] IPUIPlugin:80 - create IPUIPlugin
2024-07-08 11:05:00,925 [INFO] PluginManager:220 - loadIPPluginJar : add cryp
2024-07-08 11:05:00,927 [INFO] IPUIPlugin:80 - create IPUIPlugin
2024-07-08 11:05:00,927 [INFO] PluginManager:220 - loadIPPluginJar : add dfsdm
2024-07-08 11:05:00,931 [INFO] IPUIPlugin:80 - create IPUIPlugin
2024-07-08 11:05:00,932 [INFO] PluginManager:220 - loadIPPluginJar : add dma
2024-07-08 11:05:00,934 [INFO] IPUIPlugin:80 - create IPUIPlugin
2024-07-08 11:05:00,934 [INFO] PluginManager:220 - loadIPPluginJar : add dma3
2024-07-08 11:05:00,936 [INFO] IPUIPlugin:80 - create IPUIPlugin
2024-07-08 11:05:00,936 [INFO] PluginManager:220 - loadIPPluginJar : add extmemmanager
2024-07-08 11:05:00,937 [INFO] IPUIPlugin:80 - create IPUIPlugin
2024-07-08 11:05:00,937 [INFO] PluginManager:220 - loadIPPluginJar : add fatfs
2024-07-08 11:05:00,940 [INFO] IPUIPlugin:80 - create IPUIPlugin
2024-07-08 11:05:00,940 [INFO] PluginManager:220 - loadIPPluginJar : add fmc
2024-07-08 11:05:00,944 [INFO] IPUIPlugin:80 - create IPUIPlugin
2024-07-08 11:05:00,944 [INFO] PluginManager:220 - loadIPPluginJar : add freertos
2024-07-08 11:05:00,945 [INFO] IPUIPlugin:80 - create IPUIPlugin
2024-07-08 11:05:00,945 [INFO] PluginManager:220 - loadIPPluginJar : add genericplugin
2024-07-08 11:05:00,948 [INFO] IPUIPlugin:80 - create IPUIPlugin
2024-07-08 11:05:00,948 [INFO] PluginManager:220 - loadIPPluginJar : add gfxmmu
2024-07-08 11:05:00,952 [INFO] IPUIPlugin:80 - create IPUIPlugin
2024-07-08 11:05:00,952 [INFO] PluginManager:220 - loadIPPluginJar : add gic
2024-07-08 11:05:00,955 [INFO] IPUIPlugin:80 - create IPUIPlugin
2024-07-08 11:05:00,956 [INFO] PluginManager:220 - loadIPPluginJar : add gpio
2024-07-08 11:05:00,958 [INFO] IPUIPlugin:80 - create IPUIPlugin
2024-07-08 11:05:00,958 [INFO] PluginManager:220 - loadIPPluginJar : add gtzc
2024-07-08 11:05:00,960 [INFO] IPUIPlugin:80 - create IPUIPlugin
2024-07-08 11:05:00,960 [INFO] PluginManager:220 - loadIPPluginJar : add hash
2024-07-08 11:05:00,962 [INFO] IPUIPlugin:80 - create IPUIPlugin
2024-07-08 11:05:00,962 [INFO] PluginManager:220 - loadIPPluginJar : add i2c
2024-07-08 11:05:00,964 [INFO] IPUIPlugin:80 - create IPUIPlugin
2024-07-08 11:05:00,964 [INFO] PluginManager:220 - loadIPPluginJar : add i2s
2024-07-08 11:05:00,966 [INFO] IPUIPlugin:80 - create IPUIPlugin
2024-07-08 11:05:00,966 [INFO] PluginManager:220 - loadIPPluginJar : add i3c
2024-07-08 11:05:00,968 [INFO] IPUIPlugin:80 - create IPUIPlugin
2024-07-08 11:05:00,968 [INFO] PluginManager:220 - loadIPPluginJar : add ipddr
2024-07-08 11:05:00,974 [INFO] IPUIPlugin:80 - create IPUIPlugin
2024-07-08 11:05:00,974 [INFO] PluginManager:220 - loadIPPluginJar : add linkedlist
2024-07-08 11:05:00,977 [INFO] IPUIPlugin:80 - create IPUIPlugin
2024-07-08 11:05:00,977 [INFO] PluginManager:220 - loadIPPluginJar : add lorawan
2024-07-08 11:05:00,978 [INFO] IPUIPlugin:80 - create IPUIPlugin
2024-07-08 11:05:00,978 [INFO] PluginManager:220 - loadIPPluginJar : add ltdc
2024-07-08 11:05:00,984 [INFO] IPUIPlugin:80 - create IPUIPlugin
2024-07-08 11:05:00,984 [INFO] PluginManager:220 - loadIPPluginJar : add mdma
2024-07-08 11:05:00,987 [INFO] IPUIPlugin:80 - create IPUIPlugin
2024-07-08 11:05:00,987 [INFO] PluginManager:220 - loadIPPluginJar : add nvic
2024-07-08 11:05:00,989 [INFO] IPUIPlugin:80 - create IPUIPlugin
2024-07-08 11:05:00,989 [INFO] PluginManager:220 - loadIPPluginJar : add opamp
2024-07-08 11:05:00,991 [INFO] IPUIPlugin:80 - create IPUIPlugin
2024-07-08 11:05:00,992 [INFO] PluginManager:220 - loadIPPluginJar : add openamp
2024-07-08 11:05:00,995 [INFO] IPUIPlugin:80 - create IPUIPlugin
2024-07-08 11:05:00,995 [INFO] PluginManager:220 - loadIPPluginJar : add pdm2pcm
2024-07-08 11:05:00,999 [INFO] IPUIPlugin:80 - create IPUIPlugin
2024-07-08 11:05:01,001 [INFO] PluginManager:220 - loadIPPluginJar : add plateformsettings
2024-07-08 11:05:01,003 [INFO] IPUIPlugin:80 - create IPUIPlugin
2024-07-08 11:05:01,003 [INFO] PluginManager:220 - loadIPPluginJar : add quadspi
2024-07-08 11:05:01,006 [INFO] IPUIPlugin:80 - create IPUIPlugin
2024-07-08 11:05:01,006 [INFO] PluginManager:220 - loadIPPluginJar : add resmgrutility
2024-07-08 11:05:01,008 [INFO] IPUIPlugin:80 - create IPUIPlugin
2024-07-08 11:05:01,009 [INFO] PluginManager:220 - loadIPPluginJar : add sai
2024-07-08 11:05:01,011 [INFO] IPUIPlugin:80 - create IPUIPlugin
2024-07-08 11:05:01,011 [INFO] PluginManager:220 - loadIPPluginJar : add spi
2024-07-08 11:05:01,015 [INFO] IPUIPlugin:80 - create IPUIPlugin
2024-07-08 11:05:01,015 [INFO] PluginManager:220 - loadIPPluginJar : add stm32_wpan
2024-07-08 11:05:01,017 [INFO] IPUIPlugin:80 - create IPUIPlugin
2024-07-08 11:05:01,017 [INFO] PluginManager:220 - loadIPPluginJar : add tim
2024-07-08 11:05:01,020 [INFO] IPUIPlugin:80 - create IPUIPlugin
2024-07-08 11:05:01,020 [INFO] PluginManager:220 - loadIPPluginJar : add touchsensing
2024-07-08 11:05:01,022 [INFO] IPUIPlugin:80 - create IPUIPlugin
2024-07-08 11:05:01,022 [INFO] PluginManager:220 - loadIPPluginJar : add tracer_emb
2024-07-08 11:05:01,025 [INFO] IPUIPlugin:80 - create IPUIPlugin
2024-07-08 11:05:01,025 [INFO] PluginManager:220 - loadIPPluginJar : add ts
2024-07-08 11:05:01,027 [INFO] IPUIPlugin:80 - create IPUIPlugin
2024-07-08 11:05:01,027 [INFO] PluginManager:220 - loadIPPluginJar : add tsc
2024-07-08 11:05:01,029 [INFO] IPUIPlugin:80 - create IPUIPlugin
2024-07-08 11:05:01,029 [INFO] PluginManager:220 - loadIPPluginJar : add ucpd
2024-07-08 11:05:01,032 [INFO] IPUIPlugin:80 - create IPUIPlugin
2024-07-08 11:05:01,033 [INFO] PluginManager:220 - loadIPPluginJar : add usart
2024-07-08 11:05:01,035 [INFO] IPUIPlugin:80 - create IPUIPlugin
2024-07-08 11:05:01,036 [INFO] PluginManager:220 - loadIPPluginJar : add usbx
2024-07-08 11:05:01,157 [INFO] CADModel:165 - CPN selected for project level
2024-07-08 11:05:01,157 [INFO] CADModel:114 - Register for checkConnection events
2024-07-08 11:05:01,157 [FATAL] Updater:308 - Updater called before beeing initialized
2024-07-08 11:05:01,157 [ERROR] CADModel:125 - Updater not yet initialized, retry later 
2024-07-08 11:05:01,270 [INFO] CADModel:165 - CPN selected for project level
2024-07-08 11:05:01,270 [INFO] CADModel:114 - Register for checkConnection events
2024-07-08 11:05:01,270 [FATAL] Updater:308 - Updater called before beeing initialized
2024-07-08 11:05:01,270 [ERROR] CADModel:125 - Updater not yet initialized, retry later 
2024-07-08 11:05:01,273 [FATAL] Updater:308 - Updater called before beeing initialized
2024-07-08 11:05:01,354 [FATAL] Updater:308 - Updater called before beeing initialized
2024-07-08 11:05:01,358 [INFO] DbMcusAds:53 - JSON generation date=Thu May 16 14:52:00 IST 2024 (1715851320852)
2024-07-08 11:05:01,358 [FATAL] Updater:308 - Updater called before beeing initialized
2024-07-08 11:05:01,402 [WARN] DetailPanel:346 - Failed to get advertising image, set to default
2024-07-08 11:05:01,467 [FATAL] Updater:308 - Updater called before beeing initialized
2024-07-08 11:05:01,469 [FATAL] Updater:308 - Updater called before beeing initialized
2024-07-08 11:05:01,469 [FATAL] Updater:308 - Updater called before beeing initialized
2024-07-08 11:05:01,469 [WARN] DetailPanel:346 - Failed to get advertising image, set to default
2024-07-08 11:05:01,470 [FATAL] Updater:308 - Updater called before beeing initialized
2024-07-08 11:05:01,508 [ERROR] Updater:1120 - MainUpdater not yet initialized. External WinMGr cannot be set.
2024-07-08 11:05:01,510 [INFO] Updater:1056 - Updater Version found : 6.11.1
2024-07-08 11:05:01,526 [INFO] ApplicationProperties:184 - Using Application install path: C:\ST\STM32CubeIDE_1.15.1\STM32CubeIDE\plugins\com.st.stm32cube.common.mx_6.11.1.202404110753
2024-07-08 11:05:01,807 [INFO] MainUpdater:2873 - connection check result : 10
2024-07-08 11:05:01,808 [INFO] MainUpdater:3567 - Updater definition file requires update
2024-07-08 11:05:01,809 [INFO] MainUpdater:290 - Updater Check For Update Now.
2024-07-08 11:05:01,809 [INFO] MicroXplorer:498 - Change Database Version : DB.6.0.111
2024-07-08 11:05:01,815 [INFO] McuFinderGlobals:63 - Set McuFinder mode to 2 (CubeIDE integrated)
2024-07-08 11:05:01,815 [INFO] UserAuth:179 - activating auth plugin
2024-07-08 11:05:01,817 [INFO] UserAuth:415 - Internet connection configuration mode: 1
2024-07-08 11:05:01,829 [INFO] JxBrowserEngine:152 - Initiate JxBrowser Engine with user profile folder
2024-07-08 11:05:01,840 [INFO] ServerAccessManage:473 - Download File updaters.zip
2024-07-08 11:05:01,988 [INFO] FileExtend:240 - Unzip File : updaters.zip
2024-07-08 11:05:01,988 [INFO] FileExtend:255 - Standard Zip Deflate
2024-07-08 11:05:03,017 [INFO] ServerAccessManage:473 - Download File PacksControlFlags.xml
2024-07-08 11:05:03,072 [INFO] ServerAccessManage:473 - Download File cubemx.pidx
2024-07-08 11:05:03,453 [WARN] MainUpdater:1194 - Updater busy. Cannot search thirdparties
2024-07-08 11:05:03,454 [INFO] ThirdPartyUpdaterWithRetryManager:96 - Updater plugin is busy. [1/15]
2024-07-08 11:05:03,580 [INFO] ServerAccessManage:473 - Download File STMicroelectronics.X-CUBE-DPOWER.pdsc
2024-07-08 11:05:04,212 [INFO] WebApp:161 - Instantiating new browser for Auth
2024-07-08 11:05:04,336 [ERROR] ServerAccessManage:1089 - Problem, file not found on Server
2024-07-08 11:05:04,863 [INFO] WebApp:779 - Register for checkConnection events
2024-07-08 11:05:04,863 [INFO] WebApp:414 - Apply proxy settings
2024-07-08 11:05:04,863 [INFO] WebApp:499 - Chromium requires no authentication
2024-07-08 11:05:04,870 [INFO] WebApp:442 - Direct internet connection detected
2024-07-08 11:05:05,009 [INFO] WebApp:192 - Starting web application
2024-07-08 11:05:05,009 [INFO] WebApp:544 - Web application path used C:\ST\STM32CubeIDE_1.15.1\STM32CubeIDE\plugins\com.st.stm32cube.common.mx_6.11.1.202404110753\db\plugins\mcufinder\reactClient1\index.html
2024-07-08 11:05:05,046 [ERROR] ServerAccessManage:1089 - Problem, file not found on Server
2024-07-08 11:05:05,758 [ERROR] ServerAccessManage:1089 - Problem, file not found on Server
2024-07-08 11:05:05,958 [ERROR] ServerAccessManage:1089 - Problem, file not found on Server
2024-07-08 11:05:06,456 [WARN] MainUpdater:1194 - Updater busy. Cannot search thirdparties
2024-07-08 11:05:06,456 [INFO] ThirdPartyUpdaterWithRetryManager:96 - Updater plugin is busy. [2/15]
2024-07-08 11:05:06,645 [ERROR] ServerAccessManage:1089 - Problem, file not found on Server
2024-07-08 11:05:06,841 [ERROR] ServerAccessManage:1089 - Problem, file not found on Server
2024-07-08 11:05:07,547 [ERROR] ServerAccessManage:1089 - Problem, file not found on Server
2024-07-08 11:05:08,242 [ERROR] ServerAccessManage:1089 - Problem, file not found on Server
2024-07-08 11:05:08,935 [ERROR] ServerAccessManage:1089 - Problem, file not found on Server
2024-07-08 11:05:09,457 [WARN] MainUpdater:1194 - Updater busy. Cannot search thirdparties
2024-07-08 11:05:09,457 [INFO] ThirdPartyUpdaterWithRetryManager:96 - Updater plugin is busy. [3/15]
2024-07-08 11:05:09,635 [ERROR] ServerAccessManage:1089 - Problem, file not found on Server
2024-07-08 11:05:09,833 [ERROR] ServerAccessManage:1089 - Problem, file not found on Server
2024-07-08 11:05:11,520 [INFO] ServerAccessManage:473 - Download File wolfSSL.I-CUBE-wolfTPM.pdsc
2024-07-08 11:05:12,458 [WARN] MainUpdater:1194 - Updater busy. Cannot search thirdparties
2024-07-08 11:05:12,458 [INFO] ThirdPartyUpdaterWithRetryManager:96 - Updater plugin is busy. [4/15]
2024-07-08 11:05:12,643 [ERROR] ServerAccessManage:1146 - Warning during Server Connection :  Unknown host download.rt-thread.org
2024-07-08 11:05:12,644 [ERROR] ServerAccessManage:651 - Unknown host server name. : RealThread.X-CUBE-RT-Thread_Nano.pdsc.
2024-07-08 11:05:13,700 [INFO] ServerAccessManage:473 - Download File EmbeddedOffice.I-CUBE-FS-RTOS.pdsc
2024-07-08 11:05:14,329 [INFO] CheckServerUpdateThread:120 - End of CheckServer Thread
2024-07-08 11:05:14,387 [WARN] PackLoader:240 - Cannot read IP mode file for STMicroelectronics.X-CUBE-DPower.1.2.0
2024-07-08 11:05:14,393 [WARN] PackLoader:240 - Cannot read IP mode file for wolfSSL.I-CUBE-wolfTPM.3.2.0
2024-07-08 11:05:14,421 [WARN] PackLoader:240 - Cannot read IP mode file for EmbeddedOffice.I-CUBE-FS-RTOS.1.0.1
2024-07-08 11:05:14,421 [ERROR] ConditionMgr:805 - Attr not supported : Dmpu
2024-07-08 11:05:14,421 [ERROR] ConditionMgr:805 - Attr not supported : Dmpu
2024-07-08 11:05:14,421 [ERROR] ConditionMgr:805 - Attr not supported : Dmpu
2024-07-08 11:05:14,421 [ERROR] ConditionMgr:805 - Attr not supported : Dmpu
2024-07-08 11:05:14,422 [ERROR] ConditionMgr:805 - Attr not supported : Dmpu
2024-07-08 11:05:14,422 [ERROR] ConditionMgr:805 - Attr not supported : Dmpu
2024-07-08 11:05:14,422 [ERROR] ConditionMgr:805 - Attr not supported : Dmpu
2024-07-08 11:05:14,422 [ERROR] ConditionMgr:805 - Attr not supported : Dmpu
2024-07-08 11:05:14,422 [ERROR] ConditionMgr:805 - Attr not supported : Dmpu
2024-07-08 11:05:14,422 [ERROR] ConditionMgr:805 - Attr not supported : Dmpu
2024-07-08 11:05:14,422 [ERROR] ConditionMgr:805 - Attr not supported : Dmpu
2024-07-08 11:05:14,422 [ERROR] ConditionMgr:805 - Attr not supported : Dmpu
2024-07-08 11:05:14,422 [ERROR] ConditionMgr:805 - Attr not supported : Dmpu
2024-07-08 11:05:14,423 [ERROR] ConditionMgr:805 - Attr not supported : Dmpu
2024-07-08 11:05:14,423 [ERROR] ConditionMgr:805 - Attr not supported : Dmpu
2024-07-08 11:05:14,423 [ERROR] ConditionMgr:805 - Attr not supported : Dmpu
2024-07-08 11:05:14,423 [ERROR] ConditionMgr:805 - Attr not supported : Dmpu
2024-07-08 11:05:14,423 [ERROR] ConditionMgr:805 - Attr not supported : Dmpu
2024-07-08 11:05:14,423 [ERROR] ConditionMgr:805 - Attr not supported : Dmpu
2024-07-08 11:05:14,423 [ERROR] ConditionMgr:805 - Attr not supported : Dmpu
2024-07-08 11:05:14,423 [ERROR] ConditionMgr:805 - Attr not supported : Dmpu
2024-07-08 11:05:14,423 [ERROR] ConditionMgr:805 - Attr not supported : Dmpu
2024-07-08 11:05:14,423 [ERROR] ConditionMgr:805 - Attr not supported : Dmpu
2024-07-08 11:05:14,423 [ERROR] ConditionMgr:805 - Attr not supported : Dmpu
2024-07-08 11:05:14,424 [ERROR] ConditionMgr:805 - Attr not supported : Dmpu
2024-07-08 11:05:14,424 [ERROR] ConditionMgr:805 - Attr not supported : Dmpu
2024-07-08 11:05:14,424 [ERROR] ConditionMgr:805 - Attr not supported : Dmpu
2024-07-08 11:05:14,424 [ERROR] ConditionMgr:805 - Attr not supported : Dmpu
2024-07-08 11:05:14,425 [ERROR] ConditionMgr:805 - Attr not supported : Dmpu
2024-07-08 11:05:14,425 [ERROR] ConditionMgr:805 - Attr not supported : Dmpu
2024-07-08 11:05:14,425 [ERROR] ConditionMgr:805 - Attr not supported : Dmpu
2024-07-08 11:05:14,425 [ERROR] ConditionMgr:805 - Attr not supported : Dmpu
2024-07-08 11:05:14,425 [ERROR] ConditionMgr:805 - Attr not supported : Dmpu
2024-07-08 11:05:14,425 [ERROR] ConditionMgr:805 - Attr not supported : Dmpu
2024-07-08 11:05:14,425 [ERROR] ConditionMgr:805 - Attr not supported : Dmpu
2024-07-08 11:05:14,425 [ERROR] ConditionMgr:805 - Attr not supported : Dmpu
2024-07-08 11:05:14,425 [ERROR] ConditionMgr:805 - Attr not supported : Dmpu
2024-07-08 11:05:14,425 [ERROR] ConditionMgr:805 - Attr not supported : Dmpu
2024-07-08 11:05:14,425 [ERROR] ConditionMgr:805 - Attr not supported : Dmpu
2024-07-08 11:05:14,425 [ERROR] ConditionMgr:805 - Attr not supported : Dmpu
2024-07-08 11:05:14,425 [ERROR] ConditionMgr:805 - Attr not supported : Dmpu
2024-07-08 11:05:14,425 [ERROR] ConditionMgr:805 - Attr not supported : Dmpu
2024-07-08 11:05:14,426 [ERROR] ConditionMgr:805 - Attr not supported : Dmpu
2024-07-08 11:05:14,426 [ERROR] ConditionMgr:805 - Attr not supported : Dmpu
2024-07-08 11:05:14,426 [ERROR] ConditionMgr:805 - Attr not supported : Dmpu
2024-07-08 11:05:14,426 [ERROR] ConditionMgr:805 - Attr not supported : Dmpu
2024-07-08 11:05:14,426 [ERROR] ConditionMgr:805 - Attr not supported : Dmpu
2024-07-08 11:05:14,426 [ERROR] ConditionMgr:805 - Attr not supported : Dmpu
2024-07-08 11:05:14,426 [ERROR] ConditionMgr:805 - Attr not supported : Dmpu
2024-07-08 11:05:14,427 [ERROR] ConditionMgr:805 - Attr not supported : Dmpu
2024-07-08 11:05:14,427 [ERROR] ConditionMgr:805 - Attr not supported : Dmpu
2024-07-08 11:05:14,427 [ERROR] ConditionMgr:805 - Attr not supported : Dmpu
2024-07-08 11:05:14,427 [ERROR] ConditionMgr:805 - Attr not supported : Dmpu
2024-07-08 11:05:14,427 [ERROR] ConditionMgr:805 - Attr not supported : Dmpu
2024-07-08 11:05:14,427 [ERROR] ConditionMgr:805 - Attr not supported : Dmpu
2024-07-08 11:05:14,427 [ERROR] ConditionMgr:805 - Attr not supported : Dmpu
2024-07-08 11:05:14,427 [ERROR] ConditionMgr:805 - Attr not supported : Dmpu
2024-07-08 11:05:14,428 [ERROR] ConditionMgr:805 - Attr not supported : Dmpu
2024-07-08 11:05:14,428 [ERROR] ConditionMgr:805 - Attr not supported : Dmpu
2024-07-08 11:05:14,428 [ERROR] ConditionMgr:805 - Attr not supported : Dmpu
2024-07-08 11:05:14,428 [ERROR] ConditionMgr:805 - Attr not supported : Dmpu
2024-07-08 11:05:14,428 [ERROR] ConditionMgr:805 - Attr not supported : Dmpu
2024-07-08 11:05:14,428 [ERROR] ConditionMgr:805 - Attr not supported : Dmpu
2024-07-08 11:05:14,429 [ERROR] ConditionMgr:805 - Attr not supported : Dmpu
2024-07-08 11:05:14,429 [INFO] PopulateThirdPartyThread:66 - Ending populate Thread
2024-07-08 11:05:14,435 [INFO] ThirdParty:1030 - CMSIS Pack Vendor :EmbeddedOffice I-CUBE-FS-RTOS 1.0.1
2024-07-08 11:05:14,435 [INFO] ThirdParty:1030 - CMSIS Pack Vendor :wolfSSL I-CUBE-wolfTPM 3.2.0
2024-07-08 11:05:14,435 [INFO] ThirdParty:1030 - CMSIS Pack Vendor :STMicroelectronics X-CUBE-DPower 1.2.0
2024-07-08 11:05:14,436 [INFO] LoadServerUpdatesThread:375 - End of LoadServerUpdate Thread
2024-07-08 11:05:15,710 [WARN] PackLoader:240 - Cannot read IP mode file for STMicroelectronics.FP-SNS-MOTENVWB1.1.4.0
2024-07-08 11:05:15,716 [WARN] PackLoader:240 - Cannot read IP mode file for STMicroelectronics.X-CUBE-SMBUS.2.1.0
2024-07-08 11:05:15,720 [WARN] PackLoader:240 - Cannot read IP mode file for STMicroelectronics.X-CUBE-TOUCHGFX.4.23.2
2024-07-08 11:05:15,784 [WARN] PackLoader:240 - Cannot read IP mode file for STMicroelectronics.X-CUBE-AZRTOS-F7.1.1.0
2024-07-08 11:05:15,830 [WARN] PackLoader:240 - Cannot read IP mode file for STMicroelectronics.FP-SNS-FLIGHT1.5.0.2
2024-07-08 11:05:15,842 [WARN] PackLoader:240 - Cannot read IP mode file for STMicroelectronics.X-CUBE-DISPLAY.3.0.0
2024-07-08 11:05:15,869 [WARN] PackLoader:240 - Cannot read IP mode file for STMicroelectronics.X-CUBE-BLE1.7.0.0
2024-07-08 11:05:15,887 [WARN] PackLoader:240 - Cannot read IP mode file for emotas.I-CUBE-CANOPEN.1.3.0
2024-07-08 11:05:15,904 [WARN] PackLoader:240 - Cannot read IP mode file for STMicroelectronics.X-CUBE-BLEMGR.3.1.0
2024-07-08 11:05:15,912 [WARN] PackLoader:240 - Cannot read IP mode file for STMicroelectronics.FP-SNS-SMARTAG2.1.2.0
2024-07-08 11:05:15,921 [INFO] LogOutputStream:77 - [STDOUT_REDIRECT] 1 : Invalid condition id : UX_CORESTACK_Condition cause : null
2024-07-08 11:05:15,922 [INFO] LogOutputStream:77 - [STDOUT_REDIRECT] 1 : Invalid condition id : UX_CORESTACK_Condition cause : null
2024-07-08 11:05:15,923 [INFO] LogOutputStream:77 - [STDOUT_REDIRECT] 1 : Invalid condition id : UX_CORESTACK_Condition cause : null
2024-07-08 11:05:15,925 [INFO] LogOutputStream:77 - [STDOUT_REDIRECT] 1 : Invalid condition id : UX_CORESTACK_Condition cause : null
2024-07-08 11:05:15,926 [INFO] LogOutputStream:77 - [STDOUT_REDIRECT] 1 : Invalid condition id : UX_CORESTACK_Condition cause : null
2024-07-08 11:05:15,929 [WARN] PackLoader:240 - Cannot read IP mode file for STMicroelectronics.X-CUBE-AZRTOS-WL.2.0.0
2024-07-08 11:05:15,935 [WARN] PackLoader:240 - Cannot read IP mode file for STMicroelectronics.FP-SNS-MOTENV1.5.0.0
2024-07-08 11:05:15,942 [WARN] PackLoader:240 - Cannot read IP mode file for wolfSSL.I-CUBE-wolfMQTT.1.19.0
2024-07-08 11:05:15,949 [WARN] PackLoader:240 - Cannot read IP mode file for WES.I-CUBE-Cesium.1.3.0
2024-07-08 11:05:15,954 [WARN] PackLoader:240 - Cannot read IP mode file for STMicroelectronics.X-CUBE-BLE2.3.3.0
2024-07-08 11:05:15,962 [WARN] PackLoader:240 - Cannot read IP mode file for STMicroelectronics.X-CUBE-TCPP.4.1.0
2024-07-08 11:05:16,011 [WARN] PackLoader:240 - Cannot read IP mode file for STMicroelectronics.X-CUBE-AZRTOS-G0.1.1.0
2024-07-08 11:05:16,025 [WARN] PackLoader:240 - Cannot read IP mode file for STMicroelectronics.X-CUBE-SAFEA1.1.2.2
2024-07-08 11:05:16,032 [WARN] PackLoader:240 - Cannot read IP mode file for STMicroelectronics.X-CUBE-NFC4.3.0.0
2024-07-08 11:05:16,046 [WARN] PackLoader:240 - Cannot read IP mode file for EmbeddedOffice.I-CUBE-FS-RTOS.1.0.1
2024-07-08 11:05:16,046 [ERROR] ConditionMgr:805 - Attr not supported : Dmpu
2024-07-08 11:05:16,046 [ERROR] ConditionMgr:805 - Attr not supported : Dmpu
2024-07-08 11:05:16,046 [ERROR] ConditionMgr:805 - Attr not supported : Dmpu
2024-07-08 11:05:16,046 [ERROR] ConditionMgr:805 - Attr not supported : Dmpu
2024-07-08 11:05:16,046 [ERROR] ConditionMgr:805 - Attr not supported : Dmpu
2024-07-08 11:05:16,047 [ERROR] ConditionMgr:805 - Attr not supported : Dmpu
2024-07-08 11:05:16,047 [ERROR] ConditionMgr:805 - Attr not supported : Dmpu
2024-07-08 11:05:16,047 [ERROR] ConditionMgr:805 - Attr not supported : Dmpu
2024-07-08 11:05:16,047 [ERROR] ConditionMgr:805 - Attr not supported : Dmpu
2024-07-08 11:05:16,047 [ERROR] ConditionMgr:805 - Attr not supported : Dmpu
2024-07-08 11:05:16,047 [ERROR] ConditionMgr:805 - Attr not supported : Dmpu
2024-07-08 11:05:16,047 [ERROR] ConditionMgr:805 - Attr not supported : Dmpu
2024-07-08 11:05:16,047 [ERROR] ConditionMgr:805 - Attr not supported : Dmpu
2024-07-08 11:05:16,048 [ERROR] ConditionMgr:805 - Attr not supported : Dmpu
2024-07-08 11:05:16,048 [ERROR] ConditionMgr:805 - Attr not supported : Dmpu
2024-07-08 11:05:16,048 [ERROR] ConditionMgr:805 - Attr not supported : Dmpu
2024-07-08 11:05:16,048 [ERROR] ConditionMgr:805 - Attr not supported : Dmpu
2024-07-08 11:05:16,048 [ERROR] ConditionMgr:805 - Attr not supported : Dmpu
2024-07-08 11:05:16,048 [ERROR] ConditionMgr:805 - Attr not supported : Dmpu
2024-07-08 11:05:16,048 [ERROR] ConditionMgr:805 - Attr not supported : Dmpu
2024-07-08 11:05:16,048 [ERROR] ConditionMgr:805 - Attr not supported : Dmpu
2024-07-08 11:05:16,048 [ERROR] ConditionMgr:805 - Attr not supported : Dmpu
2024-07-08 11:05:16,048 [ERROR] ConditionMgr:805 - Attr not supported : Dmpu
2024-07-08 11:05:16,048 [ERROR] ConditionMgr:805 - Attr not supported : Dmpu
2024-07-08 11:05:16,048 [ERROR] ConditionMgr:805 - Attr not supported : Dmpu
2024-07-08 11:05:16,048 [ERROR] ConditionMgr:805 - Attr not supported : Dmpu
2024-07-08 11:05:16,048 [ERROR] ConditionMgr:805 - Attr not supported : Dmpu
2024-07-08 11:05:16,048 [ERROR] ConditionMgr:805 - Attr not supported : Dmpu
2024-07-08 11:05:16,049 [ERROR] ConditionMgr:805 - Attr not supported : Dmpu
2024-07-08 11:05:16,049 [ERROR] ConditionMgr:805 - Attr not supported : Dmpu
2024-07-08 11:05:16,049 [ERROR] ConditionMgr:805 - Attr not supported : Dmpu
2024-07-08 11:05:16,049 [ERROR] ConditionMgr:805 - Attr not supported : Dmpu
2024-07-08 11:05:16,049 [ERROR] ConditionMgr:805 - Attr not supported : Dmpu
2024-07-08 11:05:16,049 [ERROR] ConditionMgr:805 - Attr not supported : Dmpu
2024-07-08 11:05:16,049 [ERROR] ConditionMgr:805 - Attr not supported : Dmpu
2024-07-08 11:05:16,049 [ERROR] ConditionMgr:805 - Attr not supported : Dmpu
2024-07-08 11:05:16,049 [ERROR] ConditionMgr:805 - Attr not supported : Dmpu
2024-07-08 11:05:16,049 [ERROR] ConditionMgr:805 - Attr not supported : Dmpu
2024-07-08 11:05:16,049 [ERROR] ConditionMgr:805 - Attr not supported : Dmpu
2024-07-08 11:05:16,049 [ERROR] ConditionMgr:805 - Attr not supported : Dmpu
2024-07-08 11:05:16,050 [ERROR] ConditionMgr:805 - Attr not supported : Dmpu
2024-07-08 11:05:16,050 [ERROR] ConditionMgr:805 - Attr not supported : Dmpu
2024-07-08 11:05:16,050 [ERROR] ConditionMgr:805 - Attr not supported : Dmpu
2024-07-08 11:05:16,050 [ERROR] ConditionMgr:805 - Attr not supported : Dmpu
2024-07-08 11:05:16,050 [ERROR] ConditionMgr:805 - Attr not supported : Dmpu
2024-07-08 11:05:16,050 [ERROR] ConditionMgr:805 - Attr not supported : Dmpu
2024-07-08 11:05:16,050 [ERROR] ConditionMgr:805 - Attr not supported : Dmpu
2024-07-08 11:05:16,050 [ERROR] ConditionMgr:805 - Attr not supported : Dmpu
2024-07-08 11:05:16,050 [ERROR] ConditionMgr:805 - Attr not supported : Dmpu
2024-07-08 11:05:16,050 [ERROR] ConditionMgr:805 - Attr not supported : Dmpu
2024-07-08 11:05:16,050 [ERROR] ConditionMgr:805 - Attr not supported : Dmpu
2024-07-08 11:05:16,050 [ERROR] ConditionMgr:805 - Attr not supported : Dmpu
2024-07-08 11:05:16,050 [ERROR] ConditionMgr:805 - Attr not supported : Dmpu
2024-07-08 11:05:16,050 [ERROR] ConditionMgr:805 - Attr not supported : Dmpu
2024-07-08 11:05:16,050 [ERROR] ConditionMgr:805 - Attr not supported : Dmpu
2024-07-08 11:05:16,050 [ERROR] ConditionMgr:805 - Attr not supported : Dmpu
2024-07-08 11:05:16,051 [ERROR] ConditionMgr:805 - Attr not supported : Dmpu
2024-07-08 11:05:16,051 [ERROR] ConditionMgr:805 - Attr not supported : Dmpu
2024-07-08 11:05:16,051 [ERROR] ConditionMgr:805 - Attr not supported : Dmpu
2024-07-08 11:05:16,051 [ERROR] ConditionMgr:805 - Attr not supported : Dmpu
2024-07-08 11:05:16,051 [ERROR] ConditionMgr:805 - Attr not supported : Dmpu
2024-07-08 11:05:16,051 [ERROR] ConditionMgr:805 - Attr not supported : Dmpu
2024-07-08 11:05:16,052 [ERROR] ConditionMgr:805 - Attr not supported : Dmpu
2024-07-08 11:05:16,052 [ERROR] ConditionMgr:805 - Attr not supported : Dmpu
2024-07-08 11:05:16,058 [WARN] PackLoader:240 - Cannot read IP mode file for wolfSSL.I-CUBE-wolfSSL.5.7.0
2024-07-08 11:05:16,063 [WARN] PackLoader:240 - Cannot read IP mode file for STMicroelectronics.FP-ATR-SIGFOX1.3.2.0
2024-07-08 11:05:16,070 [WARN] PackLoader:240 - Cannot read IP mode file for STMicroelectronics.X-CUBE-EEPRMA1.5.1.0
2024-07-08 11:05:16,079 [WARN] PackLoader:240 - Cannot read IP mode file for ITTIA_DB.I-CUBE-ITTIADB.8.9.0
2024-07-08 11:05:16,115 [WARN] PackLoader:240 - Cannot read IP mode file for SEGGER.I-CUBE-embOS.1.3.1
2024-07-08 11:05:16,275 [WARN] PackLoader:240 - Cannot read IP mode file for STMicroelectronics.X-CUBE-ALGOBUILD.1.4.0
2024-07-08 11:05:16,283 [WARN] PackLoader:240 - Cannot read IP mode file for STMicroelectronics.X-CUBE-GNSS1.6.0.0
2024-07-08 11:05:16,320 [WARN] PackLoader:240 - Cannot read IP mode file for STMicroelectronics.X-CUBE-AZRTOS-F4.1.1.0
2024-07-08 11:05:16,338 [WARN] PackLoader:240 - Cannot read IP mode file for STMicroelectronics.X-CUBE-FREERTOS.1.2.0
2024-07-08 11:05:16,368 [WARN] PackLoader:240 - Cannot read IP mode file for STMicroelectronics.X-CUBE-AZRTOS-L5.2.0.0
2024-07-08 11:05:16,381 [WARN] PackLoader:240 - Cannot read IP mode file for STMicroelectronics.X-CUBE-NFC6.3.1.0
2024-07-08 11:05:16,393 [WARN] PackLoader:240 - Cannot read IP mode file for STMicroelectronics.X-CUBE-DPower.1.2.0
2024-07-08 11:05:16,399 [WARN] PackLoader:240 - Cannot read IP mode file for STMicroelectronics.X-CUBE-AI.9.0.0
2024-07-08 11:05:16,426 [WARN] PackLoader:240 - Cannot read IP mode file for STMicroelectronics.X-CUBE-NFC7.1.0.1
2024-07-08 11:05:16,434 [WARN] PackLoader:240 - Cannot read IP mode file for wolfSSL.I-CUBE-wolfTPM.3.2.0
2024-07-08 11:05:16,464 [WARN] ConditionMgr:438 - getConditionDescription Invalid condition id : LAN8742 Phy interface Condition cause : null
2024-07-08 11:05:16,464 [WARN] PackLoader:240 - Cannot read IP mode file for STMicroelectronics.X-CUBE-AZRTOS-L4.2.0.0
2024-07-08 11:05:16,466 [WARN] ConditionMgr:1039 - genDependencies : Invalid condition id : LAN8742 Phy interface Condition cause : null
2024-07-08 11:05:16,467 [WARN] ConditionMgr:1039 - genDependencies : Invalid condition id : LAN8742 Phy interface Condition cause : null
2024-07-08 11:05:16,467 [WARN] ConditionMgr:1039 - genDependencies : Invalid condition id : LAN8742 Phy interface Condition cause : null
2024-07-08 11:05:16,484 [WARN] PackLoader:240 - Cannot read IP mode file for STMicroelectronics.X-CUBE-SFXS2LP1.4.0.0
2024-07-08 11:05:16,513 [WARN] ConditionMgr:438 - getConditionDescription Invalid condition id : UX DEVICE CLASS RTOS Condition cause : null
2024-07-08 11:05:16,513 [WARN] ConditionMgr:438 - getConditionDescription Invalid condition id : UX DEVICE CLASS RTOS Condition cause : null
2024-07-08 11:05:16,517 [WARN] PackLoader:240 - Cannot read IP mode file for STMicroelectronics.X-CUBE-AZRTOS-WB.2.0.0
2024-07-08 11:05:16,518 [WARN] ConditionMgr:1039 - genDependencies : Invalid condition id : UX DEVICE CLASS RTOS Condition cause : null
2024-07-08 11:05:16,519 [WARN] ConditionMgr:1039 - genDependencies : Invalid condition id : UX DEVICE CLASS RTOS Condition cause : null
2024-07-08 11:05:16,519 [WARN] ConditionMgr:1039 - genDependencies : Invalid condition id : UX DEVICE CLASS RTOS Condition cause : null
2024-07-08 11:05:16,519 [WARN] ConditionMgr:1039 - genDependencies : Invalid condition id : UX DEVICE CLASS RTOS Condition cause : null
2024-07-08 11:05:16,520 [WARN] ConditionMgr:1039 - genDependencies : Invalid condition id : UX DEVICE CLASS RTOS Condition cause : null
2024-07-08 11:05:16,646 [WARN] PackLoader:240 - Cannot read IP mode file for STMicroelectronics.X-CUBE-SUBG2.5.0.0
2024-07-08 11:05:16,657 [WARN] PackLoader:240 - Cannot read IP mode file for Cesanta.I-CUBE-Mongoose.7.13.0
2024-07-08 11:05:16,685 [WARN] PackLoader:240 - Cannot read IP mode file for STMicroelectronics.X-CUBE-AZRTOS-G4.2.0.0
2024-07-08 11:05:16,696 [WARN] PackLoader:240 - Cannot read IP mode file for STMicroelectronics.X-CUBE-ISPU.2.0.0
2024-07-08 11:05:16,702 [WARN] PackLoader:240 - Cannot read IP mode file for STMicroelectronics.X-CUBE-ALS.1.0.2
2024-07-08 11:05:16,760 [WARN] PackLoader:240 - Cannot read IP mode file for STMicroelectronics.X-CUBE-MEMS1.10.0.0
2024-07-08 11:05:16,920 [WARN] PackLoader:240 - Cannot read IP mode file for STMicroelectronics.X-CUBE-TOUCHGFX.4.24.0
2024-07-08 11:05:16,939 [WARN] PackLoader:240 - Cannot read IP mode file for portGmbH.I-Cube-SoM-uGOAL.1.1.0
2024-07-08 11:05:17,038 [WARN] PackLoader:240 - Cannot read IP mode file for STMicroelectronics.X-CUBE-AZRTOS-H7RS.1.0.0
2024-07-08 11:05:17,092 [WARN] PackLoader:240 - Cannot read IP mode file for STMicroelectronics.FP-ATR-ASTRA1.2.0.0
2024-07-08 11:05:17,113 [WARN] PackLoader:240 - Cannot read IP mode file for STMicroelectronics.X-CUBE-TOF1.3.4.1
2024-07-08 11:05:17,160 [WARN] PackLoader:240 - Cannot read IP mode file for STMicroelectronics.X-CUBE-AZRTOS-H7.3.2.0
2024-07-08 11:05:17,185 [WARN] PackLoader:240 - Cannot read IP mode file for Infineon.AIROC-Wi-Fi-Bluetooth-STM32.1.6.0
2024-07-08 11:05:17,198 [INFO] ThirdParty:978 - Integrity check success = true
2024-07-08 11:05:17,198 [INFO] IntegrityCheckThread:100 - exiting critical section [integrity check]
2024-07-08 11:05:17,198 [INFO] IntegrityCheckThread:103 - End integrity checks thread
2024-07-08 16:09:13,738 [ERROR] ConfigurationRetriever:142 - IOException on connection: sw-center.st.com
2024-07-08 16:09:13,741 [ERROR] ConfigurationRetriever:142 - IOException on connection: sw-center.st.com
2024-07-08 16:09:13,741 [ERROR] ConfigurationRetriever:142 - IOException on connection: sw-center.st.com
2024-07-08 16:21:53,371 [ERROR] ConfigurationRetriever:142 - IOException on connection: sw-center.st.com
2024-07-08 16:21:53,371 [ERROR] ConfigurationRetriever:142 - IOException on connection: sw-center.st.com
2024-07-08 16:21:53,372 [ERROR] ConfigurationRetriever:142 - IOException on connection: sw-center.st.com
2024-07-08 17:49:16,719 [ERROR] ConfigurationRetriever:142 - IOException on connection: sw-center.st.com
2024-07-08 17:49:16,720 [ERROR] ConfigurationRetriever:142 - IOException on connection: sw-center.st.com
2024-07-08 17:49:16,720 [ERROR] ConfigurationRetriever:142 - IOException on connection: sw-center.st.com
2024-07-08 18:36:46,404 [ERROR] LogOutputStream:75 - [STDERR_REDIRECT] 
