2024-07-29 09:54:34,427 [INFO] Activator:176 - 


2024-07-29 09:54:34,427 [INFO] Activator:177 - !SESSION log4j initialized
2024-07-29 09:54:40,220 [INFO] LogOutputStream:77 - [STDOUT_REDIRECT] 
2024-07-29 09:54:42,914 [INFO] ApplicationProperties:184 - Using Application install path: C:\ST\STM32CubeIDE_1.15.1\STM32CubeIDE\plugins\com.st.stm32cube.common.mx_6.11.1.202404110753
2024-07-29 09:54:42,932 [INFO] DbMcusXml:78 - Set database path to: C:\ST\STM32CubeIDE_1.15.1\STM32CubeIDE\plugins\com.st.stm32cube.common.mx_6.11.1.202404110753\\db\/mcu/
2024-07-29 09:54:42,932 [INFO] ApiDb:274 - Set plugin database path to: C:\ST\STM32CubeIDE_1.15.1\STM32CubeIDE\plugins\com.st.stm32cube.common.mx_6.11.1.202404110753\\db\/plugins/boardmanager/
2024-07-29 09:54:42,932 [WARN] ApiDb:259 - Overriding images path with different value:  => C:\ST\STM32CubeIDE_1.15.1\STM32CubeIDE\plugins\com.st.stm32cube.common.mx_6.11.1.202404110753\\db\/plugins/mcufinder/images/
2024-07-29 09:54:42,939 [INFO] ApiDb:250 - Set database path to: C:\Users\bhadula.kishor\.stmcufinder\plugins\mcufinder//mcu/
2024-07-29 09:54:42,940 [INFO] DbMcusAds:125 - Set database path to: C:\Users\bhadula.kishor\.stmcufinder\plugins\mcufinder//mcu/
2024-07-29 09:54:42,941 [INFO] CrossReferenceDbSqlite:203 - Set database path to: C:\Users\bhadula.kishor\.stmcufinder\plugins\mcufinder//mcu/cs/
2024-07-29 09:54:43,031 [INFO] RulesReader:64 - Compatibility file has been processed (297 Rules)
2024-07-29 09:54:43,114 [INFO] DbMcusXml:78 - Set database path to: C:\ST\STM32CubeIDE_1.15.1\STM32CubeIDE\plugins\com.st.stm32cube.common.mx_6.11.1.202404110753\\db\/mcu/
2024-07-29 09:54:43,114 [INFO] ApiDb:274 - Set plugin database path to: C:\ST\STM32CubeIDE_1.15.1\STM32CubeIDE\plugins\com.st.stm32cube.common.mx_6.11.1.202404110753\\db\/plugins/boardmanager/
2024-07-29 09:54:43,114 [INFO] ApiDb:261 - Set plugin images path to: C:\ST\STM32CubeIDE_1.15.1\STM32CubeIDE\plugins\com.st.stm32cube.common.mx_6.11.1.202404110753\\db\/plugins/mcufinder/images/
2024-07-29 09:54:43,114 [WARN] DbFile:41 - Overriding database path with different value: C:\Users\bhadula.kishor\.stmcufinder\plugins\mcufinder/ => C:\Users\bhadula.kishor\.stmcufinder\plugins\mcufinder
2024-07-29 09:54:43,114 [INFO] ApiDb:250 - Set database path to: C:\Users\bhadula.kishor\.stmcufinder\plugins\mcufinder//mcu/
2024-07-29 09:54:43,115 [WARN] DbFile:41 - Overriding database path with different value: C:\Users\bhadula.kishor\.stmcufinder\plugins\mcufinder/ => C:\Users\bhadula.kishor\.stmcufinder\plugins\mcufinder
2024-07-29 09:54:43,115 [INFO] DbMcusAds:125 - Set database path to: C:\Users\bhadula.kishor\.stmcufinder\plugins\mcufinder//mcu/
2024-07-29 09:54:43,115 [WARN] DbFile:41 - Overriding database path with different value: C:\Users\bhadula.kishor\.stmcufinder\plugins\mcufinder/ => C:\Users\bhadula.kishor\.stmcufinder\plugins\mcufinder
2024-07-29 09:54:43,115 [WARN] DbFile:41 - Overriding database path with different value: C:\Users\bhadula.kishor\.stmcufinder\plugins\mcufinder/ => C:\Users\bhadula.kishor\.stmcufinder\plugins\mcufinder
2024-07-29 09:54:43,115 [INFO] CrossReferenceDbSqlite:203 - Set database path to: C:\Users\bhadula.kishor\.stmcufinder\plugins\mcufinder//mcu/cs/
2024-07-29 09:54:43,188 [INFO] MainPanel:264 - HeapMemory: 268435456
2024-07-29 09:54:43,262 [INFO] DbMcusXml:78 - Set database path to: C:\ST\STM32CubeIDE_1.15.1\STM32CubeIDE\plugins\com.st.stm32cube.common.mx_6.11.1.202404110753\\db\/mcu/
2024-07-29 09:54:43,262 [INFO] ApiDb:274 - Set plugin database path to: C:\ST\STM32CubeIDE_1.15.1\STM32CubeIDE\plugins\com.st.stm32cube.common.mx_6.11.1.202404110753\\db\/plugins/boardmanager/
2024-07-29 09:54:43,262 [INFO] ApiDb:261 - Set plugin images path to: C:\ST\STM32CubeIDE_1.15.1\STM32CubeIDE\plugins\com.st.stm32cube.common.mx_6.11.1.202404110753\\db\/plugins/mcufinder/images/
2024-07-29 09:54:43,262 [WARN] DbFile:41 - Overriding database path with different value: C:\Users\bhadula.kishor\.stmcufinder\plugins\mcufinder/ => C:\Users\bhadula.kishor\.stmcufinder\plugins\mcufinder
2024-07-29 09:54:43,262 [INFO] ApiDb:250 - Set database path to: C:\Users\bhadula.kishor\.stmcufinder\plugins\mcufinder//mcu/
2024-07-29 09:54:43,263 [WARN] DbFile:41 - Overriding database path with different value: C:\Users\bhadula.kishor\.stmcufinder\plugins\mcufinder/ => C:\Users\bhadula.kishor\.stmcufinder\plugins\mcufinder
2024-07-29 09:54:43,263 [INFO] DbMcusAds:125 - Set database path to: C:\Users\bhadula.kishor\.stmcufinder\plugins\mcufinder//mcu/
2024-07-29 09:54:43,263 [WARN] DbFile:41 - Overriding database path with different value: C:\Users\bhadula.kishor\.stmcufinder\plugins\mcufinder/ => C:\Users\bhadula.kishor\.stmcufinder\plugins\mcufinder
2024-07-29 09:54:43,263 [WARN] DbFile:41 - Overriding database path with different value: C:\Users\bhadula.kishor\.stmcufinder\plugins\mcufinder/ => C:\Users\bhadula.kishor\.stmcufinder\plugins\mcufinder
2024-07-29 09:54:43,263 [INFO] CrossReferenceDbSqlite:203 - Set database path to: C:\Users\bhadula.kishor\.stmcufinder\plugins\mcufinder//mcu/cs/
2024-07-29 09:54:43,279 [INFO] ApplicationProperties:184 - Using Application install path: C:\ST\STM32CubeIDE_1.15.1\STM32CubeIDE\plugins\com.st.stm32cube.common.mx_6.11.1.202404110753
2024-07-29 09:54:43,281 [INFO] PluginManage:196 - Search for loadable plugins [exclusion list=, ]
2024-07-29 09:54:43,282 [INFO] PluginManage:310 - Check plugin analytics
2024-07-29 09:54:43,478 [INFO] AnalyticsPlugin:253 - Accepted Software Licenses: 
2024-07-29 09:54:43,478 [INFO] AnalyticsPlugin:255 - Accepted CMSIS Pack Licenses: 
2024-07-29 09:54:43,478 [INFO] AnalyticsPlugin:257 - Accepted Firmware Licenses: 
2024-07-29 09:54:43,483 [INFO] PluginManage:359 - Loaded plugin analytics (category:tool,tabindex:-1)
2024-07-29 09:54:43,483 [INFO] PluginManage:310 - Check plugin cadmodel
2024-07-29 09:54:43,492 [INFO] CADModel:105 - Init CAD model plugin
2024-07-29 09:54:43,492 [INFO] PluginManage:359 - Loaded plugin cadmodel (category:power,tabindex:5)
2024-07-29 09:54:43,492 [INFO] PluginManage:310 - Check plugin clock
2024-07-29 09:54:43,512 [INFO] PluginManage:359 - Loaded plugin clock (category:base,tabindex:2)
2024-07-29 09:54:43,512 [INFO] PluginManage:310 - Check plugin ddr
2024-07-29 09:54:43,518 [INFO] PluginManage:359 - Loaded plugin ddr (category:tool,tabindex:6)
2024-07-29 09:54:43,518 [INFO] PluginManage:310 - Check plugin filemanager
2024-07-29 09:54:43,683 [INFO] PluginManage:359 - Loaded plugin filemanager (category:base,tabindex:10)
2024-07-29 09:54:43,683 [INFO] PluginManage:310 - Check plugin ipmanager
2024-07-29 09:54:43,691 [INFO] PluginManage:359 - Loaded plugin ipmanager (category:base,tabindex:5)
2024-07-29 09:54:43,691 [INFO] PluginManage:310 - Check plugin lpbam
2024-07-29 09:54:43,698 [INFO] PluginManage:359 - Loaded plugin lpbam (category:base,tabindex:0)
2024-07-29 09:54:43,698 [INFO] PluginManage:310 - Check plugin memorymap
2024-07-29 09:54:43,710 [INFO] PluginManage:359 - Loaded plugin memorymap (category:base,tabindex:4)
2024-07-29 09:54:43,710 [INFO] PluginManage:310 - Check plugin pinoutandconfiguration
2024-07-29 09:54:43,716 [INFO] PluginManage:359 - Loaded plugin pinoutandconfiguration (category:base,tabindex:1)
2024-07-29 09:54:43,716 [INFO] PluginManage:310 - Check plugin pinoutconfig
2024-07-29 09:54:43,794 [WARN] SupportedApi:132 - Cannot load RTOS API schema: s4s-elt-must-match.1: The content of 'definitions' must match (annotation?, (simpleType | complexType)?, (unique | key | keyref)*)). A problem was found starting at: attribute.
2024-07-29 09:54:43,903 [INFO] PluginManage:359 - Loaded plugin pinoutconfig (category:base,tabindex:0)
2024-07-29 09:54:43,903 [INFO] PluginManage:310 - Check plugin power
2024-07-29 09:54:43,912 [INFO] PluginManage:359 - Loaded plugin power (category:power,tabindex:4)
2024-07-29 09:54:43,912 [INFO] PluginManage:310 - Check plugin projectmanager
2024-07-29 09:54:43,927 [INFO] PluginManage:359 - Loaded plugin projectmanager (category:projectmanager,tabindex:3)
2024-07-29 09:54:43,928 [INFO] PluginManage:310 - Check plugin thirdparty
2024-07-29 09:54:44,051 [INFO] PluginManage:359 - Loaded plugin thirdparty (category:base,tabindex:-1)
2024-07-29 09:54:44,051 [WARN] IntegrityCheckThread:84 - waiting for thirdparty lock release [integrity check]
2024-07-29 09:54:44,052 [INFO] PluginManage:310 - Check plugin tools
2024-07-29 09:54:44,052 [INFO] IntegrityCheckThread:86 - entering critical section [integrity check]
2024-07-29 09:54:44,053 [INFO] ThirdPartyUpdaterWithRetryManager:70 - Updater plugin not ready yet. [1/15]
2024-07-29 09:54:44,055 [INFO] PluginManage:359 - Loaded plugin tools (category:base,tabindex:7)
2024-07-29 09:54:44,055 [INFO] PluginManage:310 - Check plugin tutovideos
2024-07-29 09:54:44,205 [INFO] PluginManage:359 - Loaded plugin tutovideos (category:base,tabindex:-1)
2024-07-29 09:54:44,205 [INFO] PluginManage:310 - Check plugin updater
2024-07-29 09:54:44,217 [INFO] PluginManage:359 - Loaded plugin updater (category:base,tabindex:12)
2024-07-29 09:54:44,217 [INFO] PluginManage:310 - Check plugin userauth
2024-07-29 09:54:44,223 [INFO] UserAuth:114 - Init User Auth plugin
2024-07-29 09:54:44,223 [INFO] PluginManage:359 - Loaded plugin userauth (category:base,tabindex:14)
2024-07-29 09:54:44,224 [INFO] PluginManage:283 - PluginManage : Loaded plugins [17]
2024-07-29 09:54:44,458 [INFO] PinOutPanel:1561 - setPackage(No Configuration,No Configuration)
2024-07-29 09:54:44,551 [INFO] CADModel:165 - CPN selected for project level
2024-07-29 09:54:44,551 [INFO] CADModel:114 - Register for checkConnection events
2024-07-29 09:54:44,568 [INFO] IPUIPlugin:80 - create IPUIPlugin
2024-07-29 09:54:44,568 [INFO] PluginManager:220 - loadIPPluginJar : add adc
2024-07-29 09:54:44,571 [INFO] IPUIPlugin:80 - create IPUIPlugin
2024-07-29 09:54:44,571 [INFO] PluginManager:220 - loadIPPluginJar : add aes
2024-07-29 09:54:44,574 [INFO] IPUIPlugin:80 - create IPUIPlugin
2024-07-29 09:54:44,574 [INFO] PluginManager:220 - loadIPPluginJar : add can
2024-07-29 09:54:44,577 [INFO] IPUIPlugin:80 - create IPUIPlugin
2024-07-29 09:54:44,577 [INFO] PluginManager:220 - loadIPPluginJar : add comp
2024-07-29 09:54:44,579 [INFO] IPUIPlugin:80 - create IPUIPlugin
2024-07-29 09:54:44,579 [INFO] PluginManager:220 - loadIPPluginJar : add cryp
2024-07-29 09:54:44,581 [INFO] IPUIPlugin:80 - create IPUIPlugin
2024-07-29 09:54:44,581 [INFO] PluginManager:220 - loadIPPluginJar : add dfsdm
2024-07-29 09:54:44,586 [INFO] IPUIPlugin:80 - create IPUIPlugin
2024-07-29 09:54:44,587 [INFO] PluginManager:220 - loadIPPluginJar : add dma
2024-07-29 09:54:44,589 [INFO] IPUIPlugin:80 - create IPUIPlugin
2024-07-29 09:54:44,589 [INFO] PluginManager:220 - loadIPPluginJar : add dma3
2024-07-29 09:54:44,591 [INFO] IPUIPlugin:80 - create IPUIPlugin
2024-07-29 09:54:44,591 [INFO] PluginManager:220 - loadIPPluginJar : add extmemmanager
2024-07-29 09:54:44,592 [INFO] IPUIPlugin:80 - create IPUIPlugin
2024-07-29 09:54:44,592 [INFO] PluginManager:220 - loadIPPluginJar : add fatfs
2024-07-29 09:54:44,596 [INFO] IPUIPlugin:80 - create IPUIPlugin
2024-07-29 09:54:44,596 [INFO] PluginManager:220 - loadIPPluginJar : add fmc
2024-07-29 09:54:44,601 [INFO] IPUIPlugin:80 - create IPUIPlugin
2024-07-29 09:54:44,602 [INFO] PluginManager:220 - loadIPPluginJar : add freertos
2024-07-29 09:54:44,603 [INFO] IPUIPlugin:80 - create IPUIPlugin
2024-07-29 09:54:44,604 [INFO] PluginManager:220 - loadIPPluginJar : add genericplugin
2024-07-29 09:54:44,606 [INFO] IPUIPlugin:80 - create IPUIPlugin
2024-07-29 09:54:44,607 [INFO] PluginManager:220 - loadIPPluginJar : add gfxmmu
2024-07-29 09:54:44,611 [INFO] IPUIPlugin:80 - create IPUIPlugin
2024-07-29 09:54:44,611 [INFO] PluginManager:220 - loadIPPluginJar : add gic
2024-07-29 09:54:44,616 [INFO] IPUIPlugin:80 - create IPUIPlugin
2024-07-29 09:54:44,616 [INFO] PluginManager:220 - loadIPPluginJar : add gpio
2024-07-29 09:54:44,619 [INFO] IPUIPlugin:80 - create IPUIPlugin
2024-07-29 09:54:44,619 [INFO] PluginManager:220 - loadIPPluginJar : add gtzc
2024-07-29 09:54:44,621 [INFO] IPUIPlugin:80 - create IPUIPlugin
2024-07-29 09:54:44,621 [INFO] PluginManager:220 - loadIPPluginJar : add hash
2024-07-29 09:54:44,624 [INFO] IPUIPlugin:80 - create IPUIPlugin
2024-07-29 09:54:44,624 [INFO] PluginManager:220 - loadIPPluginJar : add i2c
2024-07-29 09:54:44,627 [INFO] IPUIPlugin:80 - create IPUIPlugin
2024-07-29 09:54:44,627 [INFO] PluginManager:220 - loadIPPluginJar : add i2s
2024-07-29 09:54:44,632 [INFO] IPUIPlugin:80 - create IPUIPlugin
2024-07-29 09:54:44,632 [INFO] PluginManager:220 - loadIPPluginJar : add i3c
2024-07-29 09:54:44,635 [INFO] IPUIPlugin:80 - create IPUIPlugin
2024-07-29 09:54:44,636 [INFO] PluginManager:220 - loadIPPluginJar : add ipddr
2024-07-29 09:54:44,644 [INFO] IPUIPlugin:80 - create IPUIPlugin
2024-07-29 09:54:44,644 [INFO] PluginManager:220 - loadIPPluginJar : add linkedlist
2024-07-29 09:54:44,648 [INFO] IPUIPlugin:80 - create IPUIPlugin
2024-07-29 09:54:44,648 [INFO] PluginManager:220 - loadIPPluginJar : add lorawan
2024-07-29 09:54:44,650 [INFO] IPUIPlugin:80 - create IPUIPlugin
2024-07-29 09:54:44,650 [INFO] PluginManager:220 - loadIPPluginJar : add ltdc
2024-07-29 09:54:44,656 [INFO] IPUIPlugin:80 - create IPUIPlugin
2024-07-29 09:54:44,656 [INFO] PluginManager:220 - loadIPPluginJar : add mdma
2024-07-29 09:54:44,659 [INFO] IPUIPlugin:80 - create IPUIPlugin
2024-07-29 09:54:44,659 [INFO] PluginManager:220 - loadIPPluginJar : add nvic
2024-07-29 09:54:44,662 [INFO] IPUIPlugin:80 - create IPUIPlugin
2024-07-29 09:54:44,662 [INFO] PluginManager:220 - loadIPPluginJar : add opamp
2024-07-29 09:54:44,665 [INFO] IPUIPlugin:80 - create IPUIPlugin
2024-07-29 09:54:44,665 [INFO] PluginManager:220 - loadIPPluginJar : add openamp
2024-07-29 09:54:44,667 [INFO] IPUIPlugin:80 - create IPUIPlugin
2024-07-29 09:54:44,667 [INFO] PluginManager:220 - loadIPPluginJar : add pdm2pcm
2024-07-29 09:54:44,672 [INFO] IPUIPlugin:80 - create IPUIPlugin
2024-07-29 09:54:44,674 [INFO] PluginManager:220 - loadIPPluginJar : add plateformsettings
2024-07-29 09:54:44,675 [INFO] IPUIPlugin:80 - create IPUIPlugin
2024-07-29 09:54:44,675 [INFO] PluginManager:220 - loadIPPluginJar : add quadspi
2024-07-29 09:54:44,678 [INFO] IPUIPlugin:80 - create IPUIPlugin
2024-07-29 09:54:44,679 [INFO] PluginManager:220 - loadIPPluginJar : add resmgrutility
2024-07-29 09:54:44,681 [INFO] IPUIPlugin:80 - create IPUIPlugin
2024-07-29 09:54:44,681 [INFO] PluginManager:220 - loadIPPluginJar : add sai
2024-07-29 09:54:44,683 [INFO] IPUIPlugin:80 - create IPUIPlugin
2024-07-29 09:54:44,683 [INFO] PluginManager:220 - loadIPPluginJar : add spi
2024-07-29 09:54:44,687 [INFO] IPUIPlugin:80 - create IPUIPlugin
2024-07-29 09:54:44,687 [INFO] PluginManager:220 - loadIPPluginJar : add stm32_wpan
2024-07-29 09:54:44,689 [INFO] IPUIPlugin:80 - create IPUIPlugin
2024-07-29 09:54:44,689 [INFO] PluginManager:220 - loadIPPluginJar : add tim
2024-07-29 09:54:44,691 [INFO] IPUIPlugin:80 - create IPUIPlugin
2024-07-29 09:54:44,692 [INFO] PluginManager:220 - loadIPPluginJar : add touchsensing
2024-07-29 09:54:44,693 [INFO] IPUIPlugin:80 - create IPUIPlugin
2024-07-29 09:54:44,693 [INFO] PluginManager:220 - loadIPPluginJar : add tracer_emb
2024-07-29 09:54:44,695 [INFO] IPUIPlugin:80 - create IPUIPlugin
2024-07-29 09:54:44,695 [INFO] PluginManager:220 - loadIPPluginJar : add ts
2024-07-29 09:54:44,697 [INFO] IPUIPlugin:80 - create IPUIPlugin
2024-07-29 09:54:44,697 [INFO] PluginManager:220 - loadIPPluginJar : add tsc
2024-07-29 09:54:44,698 [INFO] IPUIPlugin:80 - create IPUIPlugin
2024-07-29 09:54:44,698 [INFO] PluginManager:220 - loadIPPluginJar : add ucpd
2024-07-29 09:54:44,701 [INFO] IPUIPlugin:80 - create IPUIPlugin
2024-07-29 09:54:44,701 [INFO] PluginManager:220 - loadIPPluginJar : add usart
2024-07-29 09:54:44,703 [INFO] IPUIPlugin:80 - create IPUIPlugin
2024-07-29 09:54:44,703 [INFO] PluginManager:220 - loadIPPluginJar : add usbx
2024-07-29 09:54:44,827 [INFO] CADModel:165 - CPN selected for project level
2024-07-29 09:54:44,827 [INFO] CADModel:114 - Register for checkConnection events
2024-07-29 09:54:44,827 [FATAL] Updater:308 - Updater called before beeing initialized
2024-07-29 09:54:44,827 [ERROR] CADModel:125 - Updater not yet initialized, retry later 
2024-07-29 09:54:44,952 [INFO] CADModel:165 - CPN selected for project level
2024-07-29 09:54:44,952 [INFO] CADModel:114 - Register for checkConnection events
2024-07-29 09:54:44,952 [FATAL] Updater:308 - Updater called before beeing initialized
2024-07-29 09:54:44,952 [ERROR] CADModel:125 - Updater not yet initialized, retry later 
2024-07-29 09:54:44,956 [FATAL] Updater:308 - Updater called before beeing initialized
2024-07-29 09:54:45,049 [FATAL] Updater:308 - Updater called before beeing initialized
2024-07-29 09:54:45,053 [INFO] DbMcusAds:53 - JSON generation date=Thu May 16 14:52:00 IST 2024 (1715851320852)
2024-07-29 09:54:45,053 [FATAL] Updater:308 - Updater called before beeing initialized
2024-07-29 09:54:45,099 [WARN] DetailPanel:346 - Failed to get advertising image, set to default
2024-07-29 09:54:45,204 [FATAL] Updater:308 - Updater called before beeing initialized
2024-07-29 09:54:45,205 [FATAL] Updater:308 - Updater called before beeing initialized
2024-07-29 09:54:45,205 [FATAL] Updater:308 - Updater called before beeing initialized
2024-07-29 09:54:45,206 [WARN] DetailPanel:346 - Failed to get advertising image, set to default
2024-07-29 09:54:45,206 [FATAL] Updater:308 - Updater called before beeing initialized
2024-07-29 09:54:45,250 [ERROR] Updater:1120 - MainUpdater not yet initialized. External WinMGr cannot be set.
2024-07-29 09:54:45,252 [INFO] Updater:1056 - Updater Version found : 6.11.1
2024-07-29 09:54:45,271 [INFO] ApplicationProperties:184 - Using Application install path: C:\ST\STM32CubeIDE_1.15.1\STM32CubeIDE\plugins\com.st.stm32cube.common.mx_6.11.1.202404110753
2024-07-29 09:54:45,777 [INFO] MainUpdater:2873 - connection check result : 10
2024-07-29 09:54:45,778 [INFO] MainUpdater:290 - Updater Check For Update Now.
2024-07-29 09:54:45,779 [INFO] MicroXplorer:498 - Change Database Version : DB.6.0.111
2024-07-29 09:54:45,804 [INFO] McuFinderGlobals:63 - Set McuFinder mode to 2 (CubeIDE integrated)
2024-07-29 09:54:45,804 [INFO] UserAuth:179 - activating auth plugin
2024-07-29 09:54:45,807 [INFO] UserAuth:415 - Internet connection configuration mode: 1
2024-07-29 09:54:45,857 [INFO] JxBrowserEngine:152 - Initiate JxBrowser Engine with user profile folder
2024-07-29 09:54:45,968 [INFO] CheckServerUpdateThread:120 - End of CheckServer Thread
2024-07-29 09:54:47,210 [WARN] PackLoader:240 - Cannot read IP mode file for STMicroelectronics.FP-SNS-MOTENVWB1.1.4.0
2024-07-29 09:54:47,220 [WARN] PackLoader:240 - Cannot read IP mode file for STMicroelectronics.X-CUBE-SMBUS.2.1.0
2024-07-29 09:54:47,226 [WARN] PackLoader:240 - Cannot read IP mode file for STMicroelectronics.X-CUBE-TOUCHGFX.4.23.2
2024-07-29 09:54:47,272 [WARN] PackLoader:240 - Cannot read IP mode file for STMicroelectronics.X-CUBE-AZRTOS-F7.1.1.0
2024-07-29 09:54:47,285 [WARN] PackLoader:240 - Cannot read IP mode file for STMicroelectronics.FP-SNS-FLIGHT1.5.0.2
2024-07-29 09:54:47,297 [WARN] PackLoader:240 - Cannot read IP mode file for STMicroelectronics.X-CUBE-DISPLAY.3.0.0
2024-07-29 09:54:47,315 [WARN] PackLoader:240 - Cannot read IP mode file for STMicroelectronics.X-CUBE-BLE1.7.0.0
2024-07-29 09:54:47,326 [WARN] PackLoader:240 - Cannot read IP mode file for emotas.I-CUBE-CANOPEN.1.3.0
2024-07-29 09:54:47,340 [WARN] PackLoader:240 - Cannot read IP mode file for STMicroelectronics.X-CUBE-BLEMGR.3.1.0
2024-07-29 09:54:47,348 [WARN] PackLoader:240 - Cannot read IP mode file for STMicroelectronics.FP-SNS-SMARTAG2.1.2.0
2024-07-29 09:54:47,359 [INFO] LogOutputStream:77 - [STDOUT_REDIRECT] 1 : Invalid condition id : UX_CORESTACK_Condition cause : null
2024-07-29 09:54:47,360 [INFO] LogOutputStream:77 - [STDOUT_REDIRECT] 1 : Invalid condition id : UX_CORESTACK_Condition cause : null
2024-07-29 09:54:47,362 [INFO] LogOutputStream:77 - [STDOUT_REDIRECT] 1 : Invalid condition id : UX_CORESTACK_Condition cause : null
2024-07-29 09:54:47,363 [INFO] LogOutputStream:77 - [STDOUT_REDIRECT] 1 : Invalid condition id : UX_CORESTACK_Condition cause : null
2024-07-29 09:54:47,366 [INFO] LogOutputStream:77 - [STDOUT_REDIRECT] 1 : Invalid condition id : UX_CORESTACK_Condition cause : null
2024-07-29 09:54:47,369 [WARN] PackLoader:240 - Cannot read IP mode file for STMicroelectronics.X-CUBE-AZRTOS-WL.2.0.0
2024-07-29 09:54:47,374 [WARN] PackLoader:240 - Cannot read IP mode file for STMicroelectronics.FP-SNS-MOTENV1.5.0.0
2024-07-29 09:54:47,381 [WARN] PackLoader:240 - Cannot read IP mode file for wolfSSL.I-CUBE-wolfMQTT.1.19.0
2024-07-29 09:54:47,391 [WARN] PackLoader:240 - Cannot read IP mode file for WES.I-CUBE-Cesium.1.3.0
2024-07-29 09:54:47,396 [WARN] PackLoader:240 - Cannot read IP mode file for STMicroelectronics.X-CUBE-BLE2.3.3.0
2024-07-29 09:54:47,404 [WARN] PackLoader:240 - Cannot read IP mode file for STMicroelectronics.X-CUBE-TCPP.4.1.0
2024-07-29 09:54:47,424 [WARN] PackLoader:240 - Cannot read IP mode file for STMicroelectronics.X-CUBE-AZRTOS-G0.1.1.0
2024-07-29 09:54:47,434 [WARN] PackLoader:240 - Cannot read IP mode file for STMicroelectronics.X-CUBE-SAFEA1.1.2.2
2024-07-29 09:54:47,442 [WARN] PackLoader:240 - Cannot read IP mode file for STMicroelectronics.X-CUBE-NFC4.3.0.0
2024-07-29 09:54:47,460 [WARN] PackLoader:240 - Cannot read IP mode file for EmbeddedOffice.I-CUBE-FS-RTOS.1.0.1
2024-07-29 09:54:47,460 [ERROR] ConditionMgr:805 - Attr not supported : Dmpu
2024-07-29 09:54:47,460 [ERROR] ConditionMgr:805 - Attr not supported : Dmpu
2024-07-29 09:54:47,460 [ERROR] ConditionMgr:805 - Attr not supported : Dmpu
2024-07-29 09:54:47,460 [ERROR] ConditionMgr:805 - Attr not supported : Dmpu
2024-07-29 09:54:47,460 [ERROR] ConditionMgr:805 - Attr not supported : Dmpu
2024-07-29 09:54:47,460 [ERROR] ConditionMgr:805 - Attr not supported : Dmpu
2024-07-29 09:54:47,460 [ERROR] ConditionMgr:805 - Attr not supported : Dmpu
2024-07-29 09:54:47,460 [ERROR] ConditionMgr:805 - Attr not supported : Dmpu
2024-07-29 09:54:47,460 [ERROR] ConditionMgr:805 - Attr not supported : Dmpu
2024-07-29 09:54:47,460 [ERROR] ConditionMgr:805 - Attr not supported : Dmpu
2024-07-29 09:54:47,460 [ERROR] ConditionMgr:805 - Attr not supported : Dmpu
2024-07-29 09:54:47,461 [ERROR] ConditionMgr:805 - Attr not supported : Dmpu
2024-07-29 09:54:47,461 [ERROR] ConditionMgr:805 - Attr not supported : Dmpu
2024-07-29 09:54:47,461 [ERROR] ConditionMgr:805 - Attr not supported : Dmpu
2024-07-29 09:54:47,461 [ERROR] ConditionMgr:805 - Attr not supported : Dmpu
2024-07-29 09:54:47,461 [ERROR] ConditionMgr:805 - Attr not supported : Dmpu
2024-07-29 09:54:47,461 [ERROR] ConditionMgr:805 - Attr not supported : Dmpu
2024-07-29 09:54:47,461 [ERROR] ConditionMgr:805 - Attr not supported : Dmpu
2024-07-29 09:54:47,461 [ERROR] ConditionMgr:805 - Attr not supported : Dmpu
2024-07-29 09:54:47,461 [ERROR] ConditionMgr:805 - Attr not supported : Dmpu
2024-07-29 09:54:47,461 [ERROR] ConditionMgr:805 - Attr not supported : Dmpu
2024-07-29 09:54:47,461 [ERROR] ConditionMgr:805 - Attr not supported : Dmpu
2024-07-29 09:54:47,461 [ERROR] ConditionMgr:805 - Attr not supported : Dmpu
2024-07-29 09:54:47,461 [ERROR] ConditionMgr:805 - Attr not supported : Dmpu
2024-07-29 09:54:47,462 [ERROR] ConditionMgr:805 - Attr not supported : Dmpu
2024-07-29 09:54:47,462 [ERROR] ConditionMgr:805 - Attr not supported : Dmpu
2024-07-29 09:54:47,462 [ERROR] ConditionMgr:805 - Attr not supported : Dmpu
2024-07-29 09:54:47,462 [ERROR] ConditionMgr:805 - Attr not supported : Dmpu
2024-07-29 09:54:47,462 [ERROR] ConditionMgr:805 - Attr not supported : Dmpu
2024-07-29 09:54:47,462 [ERROR] ConditionMgr:805 - Attr not supported : Dmpu
2024-07-29 09:54:47,462 [ERROR] ConditionMgr:805 - Attr not supported : Dmpu
2024-07-29 09:54:47,462 [ERROR] ConditionMgr:805 - Attr not supported : Dmpu
2024-07-29 09:54:47,462 [ERROR] ConditionMgr:805 - Attr not supported : Dmpu
2024-07-29 09:54:47,462 [ERROR] ConditionMgr:805 - Attr not supported : Dmpu
2024-07-29 09:54:47,462 [ERROR] ConditionMgr:805 - Attr not supported : Dmpu
2024-07-29 09:54:47,462 [ERROR] ConditionMgr:805 - Attr not supported : Dmpu
2024-07-29 09:54:47,462 [ERROR] ConditionMgr:805 - Attr not supported : Dmpu
2024-07-29 09:54:47,462 [ERROR] ConditionMgr:805 - Attr not supported : Dmpu
2024-07-29 09:54:47,462 [ERROR] ConditionMgr:805 - Attr not supported : Dmpu
2024-07-29 09:54:47,462 [ERROR] ConditionMgr:805 - Attr not supported : Dmpu
2024-07-29 09:54:47,462 [ERROR] ConditionMgr:805 - Attr not supported : Dmpu
2024-07-29 09:54:47,462 [ERROR] ConditionMgr:805 - Attr not supported : Dmpu
2024-07-29 09:54:47,462 [ERROR] ConditionMgr:805 - Attr not supported : Dmpu
2024-07-29 09:54:47,462 [ERROR] ConditionMgr:805 - Attr not supported : Dmpu
2024-07-29 09:54:47,462 [ERROR] ConditionMgr:805 - Attr not supported : Dmpu
2024-07-29 09:54:47,462 [ERROR] ConditionMgr:805 - Attr not supported : Dmpu
2024-07-29 09:54:47,462 [ERROR] ConditionMgr:805 - Attr not supported : Dmpu
2024-07-29 09:54:47,462 [ERROR] ConditionMgr:805 - Attr not supported : Dmpu
2024-07-29 09:54:47,463 [ERROR] ConditionMgr:805 - Attr not supported : Dmpu
2024-07-29 09:54:47,463 [ERROR] ConditionMgr:805 - Attr not supported : Dmpu
2024-07-29 09:54:47,463 [ERROR] ConditionMgr:805 - Attr not supported : Dmpu
2024-07-29 09:54:47,463 [ERROR] ConditionMgr:805 - Attr not supported : Dmpu
2024-07-29 09:54:47,463 [ERROR] ConditionMgr:805 - Attr not supported : Dmpu
2024-07-29 09:54:47,463 [ERROR] ConditionMgr:805 - Attr not supported : Dmpu
2024-07-29 09:54:47,463 [ERROR] ConditionMgr:805 - Attr not supported : Dmpu
2024-07-29 09:54:47,463 [ERROR] ConditionMgr:805 - Attr not supported : Dmpu
2024-07-29 09:54:47,463 [ERROR] ConditionMgr:805 - Attr not supported : Dmpu
2024-07-29 09:54:47,463 [ERROR] ConditionMgr:805 - Attr not supported : Dmpu
2024-07-29 09:54:47,463 [ERROR] ConditionMgr:805 - Attr not supported : Dmpu
2024-07-29 09:54:47,463 [ERROR] ConditionMgr:805 - Attr not supported : Dmpu
2024-07-29 09:54:47,463 [ERROR] ConditionMgr:805 - Attr not supported : Dmpu
2024-07-29 09:54:47,463 [ERROR] ConditionMgr:805 - Attr not supported : Dmpu
2024-07-29 09:54:47,463 [ERROR] ConditionMgr:805 - Attr not supported : Dmpu
2024-07-29 09:54:47,463 [ERROR] ConditionMgr:805 - Attr not supported : Dmpu
2024-07-29 09:54:47,468 [WARN] PackLoader:240 - Cannot read IP mode file for RealThread.X-CUBE-RT-Thread_Nano.4.1.1
2024-07-29 09:54:47,472 [WARN] PackLoader:240 - Cannot read IP mode file for wolfSSL.I-CUBE-wolfSSL.5.7.0
2024-07-29 09:54:47,478 [WARN] PackLoader:240 - Cannot read IP mode file for STMicroelectronics.FP-ATR-SIGFOX1.3.2.0
2024-07-29 09:54:47,485 [WARN] PackLoader:240 - Cannot read IP mode file for STMicroelectronics.X-CUBE-EEPRMA1.5.1.0
2024-07-29 09:54:47,492 [WARN] PackLoader:240 - Cannot read IP mode file for ITTIA_DB.I-CUBE-ITTIADB.8.9.0
2024-07-29 09:54:47,523 [WARN] PackLoader:240 - Cannot read IP mode file for SEGGER.I-CUBE-embOS.1.3.1
2024-07-29 09:54:47,560 [WARN] PackLoader:240 - Cannot read IP mode file for STMicroelectronics.X-CUBE-ALGOBUILD.1.4.0
2024-07-29 09:54:47,564 [WARN] PackLoader:240 - Cannot read IP mode file for STMicroelectronics.X-CUBE-GNSS1.6.0.0
2024-07-29 09:54:47,586 [WARN] PackLoader:240 - Cannot read IP mode file for STMicroelectronics.X-CUBE-AZRTOS-F4.1.1.0
2024-07-29 09:54:47,592 [WARN] PackLoader:240 - Cannot read IP mode file for STMicroelectronics.X-CUBE-FREERTOS.1.2.0
2024-07-29 09:54:47,610 [WARN] PackLoader:240 - Cannot read IP mode file for STMicroelectronics.X-CUBE-AZRTOS-L5.2.0.0
2024-07-29 09:54:47,621 [WARN] PackLoader:240 - Cannot read IP mode file for STMicroelectronics.X-CUBE-NFC6.3.1.0
2024-07-29 09:54:47,628 [WARN] PackLoader:240 - Cannot read IP mode file for STMicroelectronics.X-CUBE-DPower.1.2.0
2024-07-29 09:54:47,633 [WARN] PackLoader:240 - Cannot read IP mode file for STMicroelectronics.X-CUBE-AI.9.0.0
2024-07-29 09:54:47,639 [WARN] PackLoader:240 - Cannot read IP mode file for STMicroelectronics.X-CUBE-NFC7.1.0.1
2024-07-29 09:54:47,646 [WARN] PackLoader:240 - Cannot read IP mode file for wolfSSL.I-CUBE-wolfTPM.3.2.0
2024-07-29 09:54:47,659 [WARN] ConditionMgr:438 - getConditionDescription Invalid condition id : LAN8742 Phy interface Condition cause : null
2024-07-29 09:54:47,660 [WARN] PackLoader:240 - Cannot read IP mode file for STMicroelectronics.X-CUBE-AZRTOS-L4.2.0.0
2024-07-29 09:54:47,661 [WARN] ConditionMgr:1039 - genDependencies : Invalid condition id : LAN8742 Phy interface Condition cause : null
2024-07-29 09:54:47,661 [WARN] ConditionMgr:1039 - genDependencies : Invalid condition id : LAN8742 Phy interface Condition cause : null
2024-07-29 09:54:47,661 [WARN] ConditionMgr:1039 - genDependencies : Invalid condition id : LAN8742 Phy interface Condition cause : null
2024-07-29 09:54:47,668 [WARN] PackLoader:240 - Cannot read IP mode file for STMicroelectronics.X-CUBE-SFXS2LP1.4.0.0
2024-07-29 09:54:47,682 [WARN] ConditionMgr:438 - getConditionDescription Invalid condition id : UX DEVICE CLASS RTOS Condition cause : null
2024-07-29 09:54:47,682 [WARN] ConditionMgr:438 - getConditionDescription Invalid condition id : UX DEVICE CLASS RTOS Condition cause : null
2024-07-29 09:54:47,684 [WARN] PackLoader:240 - Cannot read IP mode file for STMicroelectronics.X-CUBE-AZRTOS-WB.2.0.0
2024-07-29 09:54:47,684 [WARN] ConditionMgr:1039 - genDependencies : Invalid condition id : UX DEVICE CLASS RTOS Condition cause : null
2024-07-29 09:54:47,684 [WARN] ConditionMgr:1039 - genDependencies : Invalid condition id : UX DEVICE CLASS RTOS Condition cause : null
2024-07-29 09:54:47,684 [WARN] ConditionMgr:1039 - genDependencies : Invalid condition id : UX DEVICE CLASS RTOS Condition cause : null
2024-07-29 09:54:47,685 [WARN] ConditionMgr:1039 - genDependencies : Invalid condition id : UX DEVICE CLASS RTOS Condition cause : null
2024-07-29 09:54:47,685 [WARN] ConditionMgr:1039 - genDependencies : Invalid condition id : UX DEVICE CLASS RTOS Condition cause : null
2024-07-29 09:54:47,691 [WARN] PackLoader:240 - Cannot read IP mode file for STMicroelectronics.FP-SNS-STBOX1.2.0.0
2024-07-29 09:54:47,701 [WARN] PackLoader:240 - Cannot read IP mode file for STMicroelectronics.X-CUBE-SUBG2.5.0.0
2024-07-29 09:54:47,712 [WARN] PackLoader:240 - Cannot read IP mode file for Cesanta.I-CUBE-Mongoose.7.13.0
2024-07-29 09:54:47,725 [WARN] PackLoader:240 - Cannot read IP mode file for STMicroelectronics.X-CUBE-AZRTOS-G4.2.0.0
2024-07-29 09:54:47,731 [WARN] PackLoader:240 - Cannot read IP mode file for STMicroelectronics.X-CUBE-ISPU.2.0.0
2024-07-29 09:54:47,737 [WARN] PackLoader:240 - Cannot read IP mode file for STMicroelectronics.X-CUBE-ALS.1.0.2
2024-07-29 09:54:47,767 [WARN] PackLoader:240 - Cannot read IP mode file for STMicroelectronics.X-CUBE-MEMS1.10.0.0
2024-07-29 09:54:47,861 [WARN] PackLoader:240 - Cannot read IP mode file for STMicroelectronics.X-CUBE-TOUCHGFX.4.24.0
2024-07-29 09:54:47,866 [WARN] PackLoader:240 - Cannot read IP mode file for portGmbH.I-Cube-SoM-uGOAL.1.1.0
2024-07-29 09:54:47,880 [WARN] PackLoader:240 - Cannot read IP mode file for STMicroelectronics.X-CUBE-AZRTOS-H7RS.1.0.0
2024-07-29 09:54:47,886 [WARN] PackLoader:240 - Cannot read IP mode file for STMicroelectronics.FP-ATR-ASTRA1.2.0.0
2024-07-29 09:54:47,898 [WARN] PackLoader:240 - Cannot read IP mode file for STMicroelectronics.X-CUBE-TOF1.3.4.1
2024-07-29 09:54:47,919 [WARN] PackLoader:240 - Cannot read IP mode file for STMicroelectronics.X-CUBE-AZRTOS-H7.3.2.0
2024-07-29 09:54:47,935 [WARN] PackLoader:240 - Cannot read IP mode file for Infineon.AIROC-Wi-Fi-Bluetooth-STM32.1.6.0
2024-07-29 09:54:47,947 [WARN] PackLoader:240 - Cannot read IP mode file for wolfSSL.I-CUBE-wolfSSH.1.4.17
2024-07-29 09:54:47,948 [INFO] ThirdParty:978 - Integrity check success = true
2024-07-29 09:54:47,948 [INFO] IntegrityCheckThread:100 - exiting critical section [integrity check]
2024-07-29 09:54:47,948 [INFO] IntegrityCheckThread:103 - End integrity checks thread
2024-07-29 09:54:48,777 [INFO] WebApp:161 - Instantiating new browser for Auth
2024-07-29 09:54:49,300 [INFO] WebApp:779 - Register for checkConnection events
2024-07-29 09:54:49,300 [INFO] WebApp:414 - Apply proxy settings
2024-07-29 09:54:49,300 [INFO] WebApp:499 - Chromium requires no authentication
2024-07-29 09:54:49,307 [INFO] WebApp:442 - Direct internet connection detected
2024-07-29 09:54:49,436 [INFO] WebApp:192 - Starting web application
2024-07-29 09:54:49,437 [INFO] WebApp:544 - Web application path used C:\ST\STM32CubeIDE_1.15.1\STM32CubeIDE\plugins\com.st.stm32cube.common.mx_6.11.1.202404110753\db\plugins\mcufinder\reactClient1\index.html
2024-07-29 16:32:10,374 [ERROR] LogOutputStream:75 - [STDERR_REDIRECT] 
2024-07-29 16:41:52,943 [INFO] Activator:176 - 


2024-07-29 16:41:52,945 [INFO] Activator:177 - !SESSION log4j initialized
2024-07-29 16:41:57,820 [INFO] LogOutputStream:77 - [STDOUT_REDIRECT] 
2024-07-29 16:41:58,700 [INFO] ApplicationProperties:184 - Using Application install path: C:\ST\STM32CubeIDE_1.15.1\STM32CubeIDE\plugins\com.st.stm32cube.common.mx_6.11.1.202404110753
2024-07-29 16:41:58,717 [INFO] DbMcusXml:78 - Set database path to: C:\ST\STM32CubeIDE_1.15.1\STM32CubeIDE\plugins\com.st.stm32cube.common.mx_6.11.1.202404110753\\db\/mcu/
2024-07-29 16:41:58,718 [INFO] ApiDb:274 - Set plugin database path to: C:\ST\STM32CubeIDE_1.15.1\STM32CubeIDE\plugins\com.st.stm32cube.common.mx_6.11.1.202404110753\\db\/plugins/boardmanager/
2024-07-29 16:41:58,718 [WARN] ApiDb:259 - Overriding images path with different value:  => C:\ST\STM32CubeIDE_1.15.1\STM32CubeIDE\plugins\com.st.stm32cube.common.mx_6.11.1.202404110753\\db\/plugins/mcufinder/images/
2024-07-29 16:41:58,726 [INFO] ApiDb:250 - Set database path to: C:\Users\bhadula.kishor\.stmcufinder\plugins\mcufinder//mcu/
2024-07-29 16:41:58,727 [INFO] DbMcusAds:125 - Set database path to: C:\Users\bhadula.kishor\.stmcufinder\plugins\mcufinder//mcu/
2024-07-29 16:41:58,730 [INFO] CrossReferenceDbSqlite:203 - Set database path to: C:\Users\bhadula.kishor\.stmcufinder\plugins\mcufinder//mcu/cs/
2024-07-29 16:41:58,867 [INFO] RulesReader:64 - Compatibility file has been processed (297 Rules)
2024-07-29 16:41:58,976 [INFO] DbMcusXml:78 - Set database path to: C:\ST\STM32CubeIDE_1.15.1\STM32CubeIDE\plugins\com.st.stm32cube.common.mx_6.11.1.202404110753\\db\/mcu/
2024-07-29 16:41:58,976 [INFO] ApiDb:274 - Set plugin database path to: C:\ST\STM32CubeIDE_1.15.1\STM32CubeIDE\plugins\com.st.stm32cube.common.mx_6.11.1.202404110753\\db\/plugins/boardmanager/
2024-07-29 16:41:58,976 [INFO] ApiDb:261 - Set plugin images path to: C:\ST\STM32CubeIDE_1.15.1\STM32CubeIDE\plugins\com.st.stm32cube.common.mx_6.11.1.202404110753\\db\/plugins/mcufinder/images/
2024-07-29 16:41:58,977 [WARN] DbFile:41 - Overriding database path with different value: C:\Users\bhadula.kishor\.stmcufinder\plugins\mcufinder/ => C:\Users\bhadula.kishor\.stmcufinder\plugins\mcufinder
2024-07-29 16:41:58,977 [INFO] ApiDb:250 - Set database path to: C:\Users\bhadula.kishor\.stmcufinder\plugins\mcufinder//mcu/
2024-07-29 16:41:58,977 [WARN] DbFile:41 - Overriding database path with different value: C:\Users\bhadula.kishor\.stmcufinder\plugins\mcufinder/ => C:\Users\bhadula.kishor\.stmcufinder\plugins\mcufinder
2024-07-29 16:41:58,977 [INFO] DbMcusAds:125 - Set database path to: C:\Users\bhadula.kishor\.stmcufinder\plugins\mcufinder//mcu/
2024-07-29 16:41:58,977 [WARN] DbFile:41 - Overriding database path with different value: C:\Users\bhadula.kishor\.stmcufinder\plugins\mcufinder/ => C:\Users\bhadula.kishor\.stmcufinder\plugins\mcufinder
2024-07-29 16:41:58,977 [WARN] DbFile:41 - Overriding database path with different value: C:\Users\bhadula.kishor\.stmcufinder\plugins\mcufinder/ => C:\Users\bhadula.kishor\.stmcufinder\plugins\mcufinder
2024-07-29 16:41:58,977 [INFO] CrossReferenceDbSqlite:203 - Set database path to: C:\Users\bhadula.kishor\.stmcufinder\plugins\mcufinder//mcu/cs/
2024-07-29 16:41:59,049 [INFO] MainPanel:264 - HeapMemory: 268435456
2024-07-29 16:41:59,114 [INFO] DbMcusXml:78 - Set database path to: C:\ST\STM32CubeIDE_1.15.1\STM32CubeIDE\plugins\com.st.stm32cube.common.mx_6.11.1.202404110753\\db\/mcu/
2024-07-29 16:41:59,114 [INFO] ApiDb:274 - Set plugin database path to: C:\ST\STM32CubeIDE_1.15.1\STM32CubeIDE\plugins\com.st.stm32cube.common.mx_6.11.1.202404110753\\db\/plugins/boardmanager/
2024-07-29 16:41:59,114 [INFO] ApiDb:261 - Set plugin images path to: C:\ST\STM32CubeIDE_1.15.1\STM32CubeIDE\plugins\com.st.stm32cube.common.mx_6.11.1.202404110753\\db\/plugins/mcufinder/images/
2024-07-29 16:41:59,114 [WARN] DbFile:41 - Overriding database path with different value: C:\Users\bhadula.kishor\.stmcufinder\plugins\mcufinder/ => C:\Users\bhadula.kishor\.stmcufinder\plugins\mcufinder
2024-07-29 16:41:59,114 [INFO] ApiDb:250 - Set database path to: C:\Users\bhadula.kishor\.stmcufinder\plugins\mcufinder//mcu/
2024-07-29 16:41:59,114 [WARN] DbFile:41 - Overriding database path with different value: C:\Users\bhadula.kishor\.stmcufinder\plugins\mcufinder/ => C:\Users\bhadula.kishor\.stmcufinder\plugins\mcufinder
2024-07-29 16:41:59,114 [INFO] DbMcusAds:125 - Set database path to: C:\Users\bhadula.kishor\.stmcufinder\plugins\mcufinder//mcu/
2024-07-29 16:41:59,114 [WARN] DbFile:41 - Overriding database path with different value: C:\Users\bhadula.kishor\.stmcufinder\plugins\mcufinder/ => C:\Users\bhadula.kishor\.stmcufinder\plugins\mcufinder
2024-07-29 16:41:59,115 [WARN] DbFile:41 - Overriding database path with different value: C:\Users\bhadula.kishor\.stmcufinder\plugins\mcufinder/ => C:\Users\bhadula.kishor\.stmcufinder\plugins\mcufinder
2024-07-29 16:41:59,115 [INFO] CrossReferenceDbSqlite:203 - Set database path to: C:\Users\bhadula.kishor\.stmcufinder\plugins\mcufinder//mcu/cs/
2024-07-29 16:41:59,130 [INFO] ApplicationProperties:184 - Using Application install path: C:\ST\STM32CubeIDE_1.15.1\STM32CubeIDE\plugins\com.st.stm32cube.common.mx_6.11.1.202404110753
2024-07-29 16:41:59,131 [INFO] PluginManage:196 - Search for loadable plugins [exclusion list=, ]
2024-07-29 16:41:59,132 [INFO] PluginManage:310 - Check plugin analytics
2024-07-29 16:41:59,363 [INFO] AnalyticsPlugin:253 - Accepted Software Licenses: 
2024-07-29 16:41:59,365 [INFO] AnalyticsPlugin:255 - Accepted CMSIS Pack Licenses: 
2024-07-29 16:41:59,365 [INFO] AnalyticsPlugin:257 - Accepted Firmware Licenses: 
2024-07-29 16:41:59,371 [INFO] PluginManage:359 - Loaded plugin analytics (category:tool,tabindex:-1)
2024-07-29 16:41:59,372 [INFO] PluginManage:310 - Check plugin cadmodel
2024-07-29 16:41:59,382 [INFO] CADModel:105 - Init CAD model plugin
2024-07-29 16:41:59,382 [INFO] PluginManage:359 - Loaded plugin cadmodel (category:power,tabindex:5)
2024-07-29 16:41:59,383 [INFO] PluginManage:310 - Check plugin clock
2024-07-29 16:41:59,410 [INFO] PluginManage:359 - Loaded plugin clock (category:base,tabindex:2)
2024-07-29 16:41:59,411 [INFO] PluginManage:310 - Check plugin ddr
2024-07-29 16:41:59,418 [INFO] PluginManage:359 - Loaded plugin ddr (category:tool,tabindex:6)
2024-07-29 16:41:59,418 [INFO] PluginManage:310 - Check plugin filemanager
2024-07-29 16:41:59,622 [INFO] PluginManage:359 - Loaded plugin filemanager (category:base,tabindex:10)
2024-07-29 16:41:59,623 [INFO] PluginManage:310 - Check plugin ipmanager
2024-07-29 16:41:59,630 [INFO] PluginManage:359 - Loaded plugin ipmanager (category:base,tabindex:5)
2024-07-29 16:41:59,630 [INFO] PluginManage:310 - Check plugin lpbam
2024-07-29 16:41:59,637 [INFO] PluginManage:359 - Loaded plugin lpbam (category:base,tabindex:0)
2024-07-29 16:41:59,637 [INFO] PluginManage:310 - Check plugin memorymap
2024-07-29 16:41:59,647 [INFO] PluginManage:359 - Loaded plugin memorymap (category:base,tabindex:4)
2024-07-29 16:41:59,648 [INFO] PluginManage:310 - Check plugin pinoutandconfiguration
2024-07-29 16:41:59,653 [INFO] PluginManage:359 - Loaded plugin pinoutandconfiguration (category:base,tabindex:1)
2024-07-29 16:41:59,653 [INFO] PluginManage:310 - Check plugin pinoutconfig
2024-07-29 16:41:59,720 [WARN] SupportedApi:132 - Cannot load RTOS API schema: s4s-elt-must-match.1: The content of 'definitions' must match (annotation?, (simpleType | complexType)?, (unique | key | keyref)*)). A problem was found starting at: attribute.
2024-07-29 16:41:59,827 [INFO] PluginManage:359 - Loaded plugin pinoutconfig (category:base,tabindex:0)
2024-07-29 16:41:59,827 [INFO] PluginManage:310 - Check plugin power
2024-07-29 16:41:59,837 [INFO] PluginManage:359 - Loaded plugin power (category:power,tabindex:4)
2024-07-29 16:41:59,837 [INFO] PluginManage:310 - Check plugin projectmanager
2024-07-29 16:41:59,854 [INFO] PluginManage:359 - Loaded plugin projectmanager (category:projectmanager,tabindex:3)
2024-07-29 16:41:59,854 [INFO] PluginManage:310 - Check plugin thirdparty
2024-07-29 16:41:59,984 [WARN] IntegrityCheckThread:84 - waiting for thirdparty lock release [integrity check]
2024-07-29 16:41:59,985 [INFO] IntegrityCheckThread:86 - entering critical section [integrity check]
2024-07-29 16:41:59,985 [INFO] PluginManage:359 - Loaded plugin thirdparty (category:base,tabindex:-1)
2024-07-29 16:41:59,985 [INFO] PluginManage:310 - Check plugin tools
2024-07-29 16:41:59,986 [INFO] ThirdPartyUpdaterWithRetryManager:70 - Updater plugin not ready yet. [1/15]
2024-07-29 16:41:59,990 [INFO] PluginManage:359 - Loaded plugin tools (category:base,tabindex:7)
2024-07-29 16:41:59,990 [INFO] PluginManage:310 - Check plugin tutovideos
2024-07-29 16:42:00,175 [INFO] PluginManage:359 - Loaded plugin tutovideos (category:base,tabindex:-1)
2024-07-29 16:42:00,175 [INFO] PluginManage:310 - Check plugin updater
2024-07-29 16:42:00,190 [INFO] PluginManage:359 - Loaded plugin updater (category:base,tabindex:12)
2024-07-29 16:42:00,190 [INFO] PluginManage:310 - Check plugin userauth
2024-07-29 16:42:00,195 [INFO] UserAuth:114 - Init User Auth plugin
2024-07-29 16:42:00,195 [INFO] PluginManage:359 - Loaded plugin userauth (category:base,tabindex:14)
2024-07-29 16:42:00,196 [INFO] PluginManage:283 - PluginManage : Loaded plugins [17]
2024-07-29 16:42:00,389 [INFO] PinOutPanel:1561 - setPackage(No Configuration,No Configuration)
2024-07-29 16:42:00,455 [INFO] CADModel:165 - CPN selected for project level
2024-07-29 16:42:00,455 [INFO] CADModel:114 - Register for checkConnection events
2024-07-29 16:42:00,469 [INFO] IPUIPlugin:80 - create IPUIPlugin
2024-07-29 16:42:00,469 [INFO] PluginManager:220 - loadIPPluginJar : add adc
2024-07-29 16:42:00,470 [INFO] IPUIPlugin:80 - create IPUIPlugin
2024-07-29 16:42:00,470 [INFO] PluginManager:220 - loadIPPluginJar : add aes
2024-07-29 16:42:00,473 [INFO] IPUIPlugin:80 - create IPUIPlugin
2024-07-29 16:42:00,474 [INFO] PluginManager:220 - loadIPPluginJar : add can
2024-07-29 16:42:00,475 [INFO] IPUIPlugin:80 - create IPUIPlugin
2024-07-29 16:42:00,475 [INFO] PluginManager:220 - loadIPPluginJar : add comp
2024-07-29 16:42:00,478 [INFO] IPUIPlugin:80 - create IPUIPlugin
2024-07-29 16:42:00,478 [INFO] PluginManager:220 - loadIPPluginJar : add cryp
2024-07-29 16:42:00,479 [INFO] IPUIPlugin:80 - create IPUIPlugin
2024-07-29 16:42:00,479 [INFO] PluginManager:220 - loadIPPluginJar : add dfsdm
2024-07-29 16:42:00,483 [INFO] IPUIPlugin:80 - create IPUIPlugin
2024-07-29 16:42:00,483 [INFO] PluginManager:220 - loadIPPluginJar : add dma
2024-07-29 16:42:00,485 [INFO] IPUIPlugin:80 - create IPUIPlugin
2024-07-29 16:42:00,485 [INFO] PluginManager:220 - loadIPPluginJar : add dma3
2024-07-29 16:42:00,488 [INFO] IPUIPlugin:80 - create IPUIPlugin
2024-07-29 16:42:00,488 [INFO] PluginManager:220 - loadIPPluginJar : add extmemmanager
2024-07-29 16:42:00,489 [INFO] IPUIPlugin:80 - create IPUIPlugin
2024-07-29 16:42:00,489 [INFO] PluginManager:220 - loadIPPluginJar : add fatfs
2024-07-29 16:42:00,493 [INFO] IPUIPlugin:80 - create IPUIPlugin
2024-07-29 16:42:00,493 [INFO] PluginManager:220 - loadIPPluginJar : add fmc
2024-07-29 16:42:00,497 [INFO] IPUIPlugin:80 - create IPUIPlugin
2024-07-29 16:42:00,498 [INFO] PluginManager:220 - loadIPPluginJar : add freertos
2024-07-29 16:42:00,501 [INFO] IPUIPlugin:80 - create IPUIPlugin
2024-07-29 16:42:00,501 [INFO] PluginManager:220 - loadIPPluginJar : add genericplugin
2024-07-29 16:42:00,503 [INFO] IPUIPlugin:80 - create IPUIPlugin
2024-07-29 16:42:00,503 [INFO] PluginManager:220 - loadIPPluginJar : add gfxmmu
2024-07-29 16:42:00,506 [INFO] IPUIPlugin:80 - create IPUIPlugin
2024-07-29 16:42:00,506 [INFO] PluginManager:220 - loadIPPluginJar : add gic
2024-07-29 16:42:00,509 [INFO] IPUIPlugin:80 - create IPUIPlugin
2024-07-29 16:42:00,509 [INFO] PluginManager:220 - loadIPPluginJar : add gpio
2024-07-29 16:42:00,511 [INFO] IPUIPlugin:80 - create IPUIPlugin
2024-07-29 16:42:00,511 [INFO] PluginManager:220 - loadIPPluginJar : add gtzc
2024-07-29 16:42:00,513 [INFO] IPUIPlugin:80 - create IPUIPlugin
2024-07-29 16:42:00,513 [INFO] PluginManager:220 - loadIPPluginJar : add hash
2024-07-29 16:42:00,516 [INFO] IPUIPlugin:80 - create IPUIPlugin
2024-07-29 16:42:00,516 [INFO] PluginManager:220 - loadIPPluginJar : add i2c
2024-07-29 16:42:00,518 [INFO] IPUIPlugin:80 - create IPUIPlugin
2024-07-29 16:42:00,518 [INFO] PluginManager:220 - loadIPPluginJar : add i2s
2024-07-29 16:42:00,520 [INFO] IPUIPlugin:80 - create IPUIPlugin
2024-07-29 16:42:00,520 [INFO] PluginManager:220 - loadIPPluginJar : add i3c
2024-07-29 16:42:00,523 [INFO] IPUIPlugin:80 - create IPUIPlugin
2024-07-29 16:42:00,523 [INFO] PluginManager:220 - loadIPPluginJar : add ipddr
2024-07-29 16:42:00,529 [INFO] IPUIPlugin:80 - create IPUIPlugin
2024-07-29 16:42:00,529 [INFO] PluginManager:220 - loadIPPluginJar : add linkedlist
2024-07-29 16:42:00,531 [INFO] IPUIPlugin:80 - create IPUIPlugin
2024-07-29 16:42:00,531 [INFO] PluginManager:220 - loadIPPluginJar : add lorawan
2024-07-29 16:42:00,533 [INFO] IPUIPlugin:80 - create IPUIPlugin
2024-07-29 16:42:00,533 [INFO] PluginManager:220 - loadIPPluginJar : add ltdc
2024-07-29 16:42:00,539 [INFO] IPUIPlugin:80 - create IPUIPlugin
2024-07-29 16:42:00,539 [INFO] PluginManager:220 - loadIPPluginJar : add mdma
2024-07-29 16:42:00,542 [INFO] IPUIPlugin:80 - create IPUIPlugin
2024-07-29 16:42:00,542 [INFO] PluginManager:220 - loadIPPluginJar : add nvic
2024-07-29 16:42:00,544 [INFO] IPUIPlugin:80 - create IPUIPlugin
2024-07-29 16:42:00,544 [INFO] PluginManager:220 - loadIPPluginJar : add opamp
2024-07-29 16:42:00,548 [INFO] IPUIPlugin:80 - create IPUIPlugin
2024-07-29 16:42:00,549 [INFO] PluginManager:220 - loadIPPluginJar : add openamp
2024-07-29 16:42:00,551 [INFO] IPUIPlugin:80 - create IPUIPlugin
2024-07-29 16:42:00,551 [INFO] PluginManager:220 - loadIPPluginJar : add pdm2pcm
2024-07-29 16:42:00,556 [INFO] IPUIPlugin:80 - create IPUIPlugin
2024-07-29 16:42:00,558 [INFO] PluginManager:220 - loadIPPluginJar : add plateformsettings
2024-07-29 16:42:00,559 [INFO] IPUIPlugin:80 - create IPUIPlugin
2024-07-29 16:42:00,559 [INFO] PluginManager:220 - loadIPPluginJar : add quadspi
2024-07-29 16:42:00,562 [INFO] IPUIPlugin:80 - create IPUIPlugin
2024-07-29 16:42:00,562 [INFO] PluginManager:220 - loadIPPluginJar : add resmgrutility
2024-07-29 16:42:00,564 [INFO] IPUIPlugin:80 - create IPUIPlugin
2024-07-29 16:42:00,564 [INFO] PluginManager:220 - loadIPPluginJar : add sai
2024-07-29 16:42:00,566 [INFO] IPUIPlugin:80 - create IPUIPlugin
2024-07-29 16:42:00,566 [INFO] PluginManager:220 - loadIPPluginJar : add spi
2024-07-29 16:42:00,571 [INFO] IPUIPlugin:80 - create IPUIPlugin
2024-07-29 16:42:00,571 [INFO] PluginManager:220 - loadIPPluginJar : add stm32_wpan
2024-07-29 16:42:00,572 [INFO] IPUIPlugin:80 - create IPUIPlugin
2024-07-29 16:42:00,572 [INFO] PluginManager:220 - loadIPPluginJar : add tim
2024-07-29 16:42:00,575 [INFO] IPUIPlugin:80 - create IPUIPlugin
2024-07-29 16:42:00,575 [INFO] PluginManager:220 - loadIPPluginJar : add touchsensing
2024-07-29 16:42:00,577 [INFO] IPUIPlugin:80 - create IPUIPlugin
2024-07-29 16:42:00,577 [INFO] PluginManager:220 - loadIPPluginJar : add tracer_emb
2024-07-29 16:42:00,579 [INFO] IPUIPlugin:80 - create IPUIPlugin
2024-07-29 16:42:00,579 [INFO] PluginManager:220 - loadIPPluginJar : add ts
2024-07-29 16:42:00,582 [INFO] IPUIPlugin:80 - create IPUIPlugin
2024-07-29 16:42:00,582 [INFO] PluginManager:220 - loadIPPluginJar : add tsc
2024-07-29 16:42:00,583 [INFO] IPUIPlugin:80 - create IPUIPlugin
2024-07-29 16:42:00,584 [INFO] PluginManager:220 - loadIPPluginJar : add ucpd
2024-07-29 16:42:00,586 [INFO] IPUIPlugin:80 - create IPUIPlugin
2024-07-29 16:42:00,586 [INFO] PluginManager:220 - loadIPPluginJar : add usart
2024-07-29 16:42:00,588 [INFO] IPUIPlugin:80 - create IPUIPlugin
2024-07-29 16:42:00,588 [INFO] PluginManager:220 - loadIPPluginJar : add usbx
2024-07-29 16:42:00,710 [INFO] CADModel:165 - CPN selected for project level
2024-07-29 16:42:00,710 [INFO] CADModel:114 - Register for checkConnection events
2024-07-29 16:42:00,710 [FATAL] Updater:308 - Updater called before beeing initialized
2024-07-29 16:42:00,710 [ERROR] CADModel:125 - Updater not yet initialized, retry later 
2024-07-29 16:42:00,835 [INFO] CADModel:165 - CPN selected for project level
2024-07-29 16:42:00,836 [INFO] CADModel:114 - Register for checkConnection events
2024-07-29 16:42:00,836 [FATAL] Updater:308 - Updater called before beeing initialized
2024-07-29 16:42:00,836 [ERROR] CADModel:125 - Updater not yet initialized, retry later 
2024-07-29 16:42:00,838 [FATAL] Updater:308 - Updater called before beeing initialized
2024-07-29 16:42:00,934 [FATAL] Updater:308 - Updater called before beeing initialized
2024-07-29 16:42:00,938 [INFO] DbMcusAds:53 - JSON generation date=Thu May 16 14:52:00 IST 2024 (1715851320852)
2024-07-29 16:42:00,938 [FATAL] Updater:308 - Updater called before beeing initialized
2024-07-29 16:42:00,978 [WARN] DetailPanel:346 - Failed to get advertising image, set to default
2024-07-29 16:42:01,047 [FATAL] Updater:308 - Updater called before beeing initialized
2024-07-29 16:42:01,049 [FATAL] Updater:308 - Updater called before beeing initialized
2024-07-29 16:42:01,049 [FATAL] Updater:308 - Updater called before beeing initialized
2024-07-29 16:42:01,049 [WARN] DetailPanel:346 - Failed to get advertising image, set to default
2024-07-29 16:42:01,050 [FATAL] Updater:308 - Updater called before beeing initialized
2024-07-29 16:42:01,098 [ERROR] Updater:1120 - MainUpdater not yet initialized. External WinMGr cannot be set.
2024-07-29 16:42:01,100 [INFO] Updater:1056 - Updater Version found : 6.11.1
2024-07-29 16:42:01,119 [INFO] ApplicationProperties:184 - Using Application install path: C:\ST\STM32CubeIDE_1.15.1\STM32CubeIDE\plugins\com.st.stm32cube.common.mx_6.11.1.202404110753
2024-07-29 16:42:01,409 [INFO] MainUpdater:2873 - connection check result : 10
2024-07-29 16:42:01,409 [INFO] MainUpdater:3567 - Updater definition file requires update
2024-07-29 16:42:01,410 [INFO] MainUpdater:290 - Updater Check For Update Now.
2024-07-29 16:42:01,410 [INFO] MicroXplorer:498 - Change Database Version : DB.6.0.111
2024-07-29 16:42:01,416 [INFO] McuFinderGlobals:63 - Set McuFinder mode to 2 (CubeIDE integrated)
2024-07-29 16:42:01,416 [INFO] UserAuth:179 - activating auth plugin
2024-07-29 16:42:01,418 [INFO] UserAuth:415 - Internet connection configuration mode: 1
2024-07-29 16:42:01,428 [INFO] ServerAccessManage:473 - Download File updaters.zip
2024-07-29 16:42:01,440 [INFO] JxBrowserEngine:152 - Initiate JxBrowser Engine with user profile folder
2024-07-29 16:42:01,590 [INFO] FileExtend:240 - Unzip File : updaters.zip
2024-07-29 16:42:01,591 [INFO] FileExtend:255 - Standard Zip Deflate
2024-07-29 16:42:02,611 [INFO] ServerAccessManage:473 - Download File PacksControlFlags.xml
2024-07-29 16:42:02,648 [INFO] ServerAccessManage:473 - Download File cubemx.pidx
2024-07-29 16:42:02,979 [WARN] MainUpdater:1194 - Updater busy. Cannot search thirdparties
2024-07-29 16:42:02,979 [INFO] ThirdPartyUpdaterWithRetryManager:96 - Updater plugin is busy. [1/15]
2024-07-29 16:42:03,387 [INFO] ServerAccessManage:473 - Download File STMicroelectronics.X-CUBE-TOF1.pdsc
2024-07-29 16:42:03,919 [INFO] WebApp:161 - Instantiating new browser for Auth
2024-07-29 16:42:04,360 [ERROR] ServerAccessManage:1089 - Problem, file not found on Server
2024-07-29 16:42:04,920 [INFO] WebApp:779 - Register for checkConnection events
2024-07-29 16:42:04,920 [INFO] WebApp:414 - Apply proxy settings
2024-07-29 16:42:04,920 [INFO] WebApp:499 - Chromium requires no authentication
2024-07-29 16:42:04,974 [INFO] WebApp:442 - Direct internet connection detected
2024-07-29 16:42:04,989 [WARN] PackLoader:240 - Cannot read IP mode file for STMicroelectronics.X-CUBE-TOF1.3.4.2
2024-07-29 16:42:05,007 [INFO] CheckServerUpdateThread:120 - End of CheckServer Thread
2024-07-29 16:42:05,010 [INFO] PopulateThirdPartyThread:66 - Ending populate Thread
2024-07-29 16:42:05,013 [INFO] ThirdParty:1030 - CMSIS Pack Vendor :STMicroelectronics X-CUBE-TOF1 3.4.2
2024-07-29 16:42:05,013 [INFO] LoadServerUpdatesThread:375 - End of LoadServerUpdate Thread
2024-07-29 16:42:05,260 [INFO] WebApp:192 - Starting web application
2024-07-29 16:42:05,260 [INFO] WebApp:544 - Web application path used C:\ST\STM32CubeIDE_1.15.1\STM32CubeIDE\plugins\com.st.stm32cube.common.mx_6.11.1.202404110753\db\plugins\mcufinder\reactClient1\index.html
2024-07-29 16:42:06,094 [WARN] PackLoader:240 - Cannot read IP mode file for STMicroelectronics.FP-SNS-MOTENVWB1.1.4.0
2024-07-29 16:42:06,101 [WARN] PackLoader:240 - Cannot read IP mode file for STMicroelectronics.X-CUBE-SMBUS.2.1.0
2024-07-29 16:42:06,104 [WARN] PackLoader:240 - Cannot read IP mode file for STMicroelectronics.X-CUBE-TOUCHGFX.4.23.2
2024-07-29 16:42:06,119 [WARN] PackLoader:240 - Cannot read IP mode file for STMicroelectronics.X-CUBE-AZRTOS-F7.1.1.0
2024-07-29 16:42:06,126 [WARN] PackLoader:240 - Cannot read IP mode file for STMicroelectronics.FP-SNS-FLIGHT1.5.0.2
2024-07-29 16:42:06,131 [WARN] PackLoader:240 - Cannot read IP mode file for STMicroelectronics.X-CUBE-DISPLAY.3.0.0
2024-07-29 16:42:06,140 [WARN] PackLoader:240 - Cannot read IP mode file for STMicroelectronics.X-CUBE-BLE1.7.0.0
2024-07-29 16:42:06,145 [WARN] PackLoader:240 - Cannot read IP mode file for emotas.I-CUBE-CANOPEN.1.3.0
2024-07-29 16:42:06,156 [WARN] PackLoader:240 - Cannot read IP mode file for STMicroelectronics.X-CUBE-BLEMGR.3.1.0
2024-07-29 16:42:06,165 [WARN] PackLoader:240 - Cannot read IP mode file for STMicroelectronics.FP-SNS-SMARTAG2.1.2.0
2024-07-29 16:42:06,177 [INFO] LogOutputStream:77 - [STDOUT_REDIRECT] 1 : Invalid condition id : UX_CORESTACK_Condition cause : null
2024-07-29 16:42:06,178 [INFO] LogOutputStream:77 - [STDOUT_REDIRECT] 1 : Invalid condition id : UX_CORESTACK_Condition cause : null
2024-07-29 16:42:06,180 [INFO] LogOutputStream:77 - [STDOUT_REDIRECT] 1 : Invalid condition id : UX_CORESTACK_Condition cause : null
2024-07-29 16:42:06,181 [INFO] LogOutputStream:77 - [STDOUT_REDIRECT] 1 : Invalid condition id : UX_CORESTACK_Condition cause : null
2024-07-29 16:42:06,183 [INFO] LogOutputStream:77 - [STDOUT_REDIRECT] 1 : Invalid condition id : UX_CORESTACK_Condition cause : null
2024-07-29 16:42:06,185 [WARN] PackLoader:240 - Cannot read IP mode file for STMicroelectronics.X-CUBE-AZRTOS-WL.2.0.0
2024-07-29 16:42:06,190 [WARN] PackLoader:240 - Cannot read IP mode file for STMicroelectronics.FP-SNS-MOTENV1.5.0.0
2024-07-29 16:42:06,194 [WARN] PackLoader:240 - Cannot read IP mode file for wolfSSL.I-CUBE-wolfMQTT.1.19.0
2024-07-29 16:42:06,201 [WARN] PackLoader:240 - Cannot read IP mode file for WES.I-CUBE-Cesium.1.3.0
2024-07-29 16:42:06,206 [WARN] PackLoader:240 - Cannot read IP mode file for STMicroelectronics.X-CUBE-BLE2.3.3.0
2024-07-29 16:42:06,211 [WARN] PackLoader:240 - Cannot read IP mode file for STMicroelectronics.X-CUBE-TCPP.4.1.0
2024-07-29 16:42:06,223 [WARN] PackLoader:240 - Cannot read IP mode file for STMicroelectronics.X-CUBE-AZRTOS-G0.1.1.0
2024-07-29 16:42:06,229 [WARN] PackLoader:240 - Cannot read IP mode file for STMicroelectronics.X-CUBE-SAFEA1.1.2.2
2024-07-29 16:42:06,236 [WARN] PackLoader:240 - Cannot read IP mode file for STMicroelectronics.X-CUBE-NFC4.3.0.0
2024-07-29 16:42:06,246 [WARN] PackLoader:240 - Cannot read IP mode file for EmbeddedOffice.I-CUBE-FS-RTOS.1.0.1
2024-07-29 16:42:06,246 [ERROR] ConditionMgr:805 - Attr not supported : Dmpu
2024-07-29 16:42:06,246 [ERROR] ConditionMgr:805 - Attr not supported : Dmpu
2024-07-29 16:42:06,246 [ERROR] ConditionMgr:805 - Attr not supported : Dmpu
2024-07-29 16:42:06,246 [ERROR] ConditionMgr:805 - Attr not supported : Dmpu
2024-07-29 16:42:06,247 [ERROR] ConditionMgr:805 - Attr not supported : Dmpu
2024-07-29 16:42:06,247 [ERROR] ConditionMgr:805 - Attr not supported : Dmpu
2024-07-29 16:42:06,247 [ERROR] ConditionMgr:805 - Attr not supported : Dmpu
2024-07-29 16:42:06,247 [ERROR] ConditionMgr:805 - Attr not supported : Dmpu
2024-07-29 16:42:06,247 [ERROR] ConditionMgr:805 - Attr not supported : Dmpu
2024-07-29 16:42:06,247 [ERROR] ConditionMgr:805 - Attr not supported : Dmpu
2024-07-29 16:42:06,247 [ERROR] ConditionMgr:805 - Attr not supported : Dmpu
2024-07-29 16:42:06,247 [ERROR] ConditionMgr:805 - Attr not supported : Dmpu
2024-07-29 16:42:06,247 [ERROR] ConditionMgr:805 - Attr not supported : Dmpu
2024-07-29 16:42:06,247 [ERROR] ConditionMgr:805 - Attr not supported : Dmpu
2024-07-29 16:42:06,247 [ERROR] ConditionMgr:805 - Attr not supported : Dmpu
2024-07-29 16:42:06,247 [ERROR] ConditionMgr:805 - Attr not supported : Dmpu
2024-07-29 16:42:06,247 [ERROR] ConditionMgr:805 - Attr not supported : Dmpu
2024-07-29 16:42:06,247 [ERROR] ConditionMgr:805 - Attr not supported : Dmpu
2024-07-29 16:42:06,247 [ERROR] ConditionMgr:805 - Attr not supported : Dmpu
2024-07-29 16:42:06,247 [ERROR] ConditionMgr:805 - Attr not supported : Dmpu
2024-07-29 16:42:06,247 [ERROR] ConditionMgr:805 - Attr not supported : Dmpu
2024-07-29 16:42:06,247 [ERROR] ConditionMgr:805 - Attr not supported : Dmpu
2024-07-29 16:42:06,247 [ERROR] ConditionMgr:805 - Attr not supported : Dmpu
2024-07-29 16:42:06,247 [ERROR] ConditionMgr:805 - Attr not supported : Dmpu
2024-07-29 16:42:06,247 [ERROR] ConditionMgr:805 - Attr not supported : Dmpu
2024-07-29 16:42:06,247 [ERROR] ConditionMgr:805 - Attr not supported : Dmpu
2024-07-29 16:42:06,247 [ERROR] ConditionMgr:805 - Attr not supported : Dmpu
2024-07-29 16:42:06,247 [ERROR] ConditionMgr:805 - Attr not supported : Dmpu
2024-07-29 16:42:06,248 [ERROR] ConditionMgr:805 - Attr not supported : Dmpu
2024-07-29 16:42:06,248 [ERROR] ConditionMgr:805 - Attr not supported : Dmpu
2024-07-29 16:42:06,248 [ERROR] ConditionMgr:805 - Attr not supported : Dmpu
2024-07-29 16:42:06,248 [ERROR] ConditionMgr:805 - Attr not supported : Dmpu
2024-07-29 16:42:06,248 [ERROR] ConditionMgr:805 - Attr not supported : Dmpu
2024-07-29 16:42:06,248 [ERROR] ConditionMgr:805 - Attr not supported : Dmpu
2024-07-29 16:42:06,248 [ERROR] ConditionMgr:805 - Attr not supported : Dmpu
2024-07-29 16:42:06,248 [ERROR] ConditionMgr:805 - Attr not supported : Dmpu
2024-07-29 16:42:06,248 [ERROR] ConditionMgr:805 - Attr not supported : Dmpu
2024-07-29 16:42:06,248 [ERROR] ConditionMgr:805 - Attr not supported : Dmpu
2024-07-29 16:42:06,249 [ERROR] ConditionMgr:805 - Attr not supported : Dmpu
2024-07-29 16:42:06,249 [ERROR] ConditionMgr:805 - Attr not supported : Dmpu
2024-07-29 16:42:06,249 [ERROR] ConditionMgr:805 - Attr not supported : Dmpu
2024-07-29 16:42:06,250 [ERROR] ConditionMgr:805 - Attr not supported : Dmpu
2024-07-29 16:42:06,250 [ERROR] ConditionMgr:805 - Attr not supported : Dmpu
2024-07-29 16:42:06,250 [ERROR] ConditionMgr:805 - Attr not supported : Dmpu
2024-07-29 16:42:06,250 [ERROR] ConditionMgr:805 - Attr not supported : Dmpu
2024-07-29 16:42:06,250 [ERROR] ConditionMgr:805 - Attr not supported : Dmpu
2024-07-29 16:42:06,250 [ERROR] ConditionMgr:805 - Attr not supported : Dmpu
2024-07-29 16:42:06,250 [ERROR] ConditionMgr:805 - Attr not supported : Dmpu
2024-07-29 16:42:06,250 [ERROR] ConditionMgr:805 - Attr not supported : Dmpu
2024-07-29 16:42:06,250 [ERROR] ConditionMgr:805 - Attr not supported : Dmpu
2024-07-29 16:42:06,250 [ERROR] ConditionMgr:805 - Attr not supported : Dmpu
2024-07-29 16:42:06,250 [ERROR] ConditionMgr:805 - Attr not supported : Dmpu
2024-07-29 16:42:06,250 [ERROR] ConditionMgr:805 - Attr not supported : Dmpu
2024-07-29 16:42:06,250 [ERROR] ConditionMgr:805 - Attr not supported : Dmpu
2024-07-29 16:42:06,250 [ERROR] ConditionMgr:805 - Attr not supported : Dmpu
2024-07-29 16:42:06,250 [ERROR] ConditionMgr:805 - Attr not supported : Dmpu
2024-07-29 16:42:06,251 [ERROR] ConditionMgr:805 - Attr not supported : Dmpu
2024-07-29 16:42:06,251 [ERROR] ConditionMgr:805 - Attr not supported : Dmpu
2024-07-29 16:42:06,251 [ERROR] ConditionMgr:805 - Attr not supported : Dmpu
2024-07-29 16:42:06,251 [ERROR] ConditionMgr:805 - Attr not supported : Dmpu
2024-07-29 16:42:06,251 [ERROR] ConditionMgr:805 - Attr not supported : Dmpu
2024-07-29 16:42:06,251 [ERROR] ConditionMgr:805 - Attr not supported : Dmpu
2024-07-29 16:42:06,251 [ERROR] ConditionMgr:805 - Attr not supported : Dmpu
2024-07-29 16:42:06,251 [ERROR] ConditionMgr:805 - Attr not supported : Dmpu
2024-07-29 16:42:06,256 [WARN] PackLoader:240 - Cannot read IP mode file for RealThread.X-CUBE-RT-Thread_Nano.4.1.1
2024-07-29 16:42:06,261 [WARN] PackLoader:240 - Cannot read IP mode file for wolfSSL.I-CUBE-wolfSSL.5.7.0
2024-07-29 16:42:06,265 [WARN] PackLoader:240 - Cannot read IP mode file for STMicroelectronics.FP-ATR-SIGFOX1.3.2.0
2024-07-29 16:42:06,271 [WARN] PackLoader:240 - Cannot read IP mode file for STMicroelectronics.X-CUBE-EEPRMA1.5.1.0
2024-07-29 16:42:06,280 [WARN] PackLoader:240 - Cannot read IP mode file for ITTIA_DB.I-CUBE-ITTIADB.8.9.0
2024-07-29 16:42:06,306 [WARN] PackLoader:240 - Cannot read IP mode file for SEGGER.I-CUBE-embOS.1.3.1
2024-07-29 16:42:06,349 [WARN] PackLoader:240 - Cannot read IP mode file for STMicroelectronics.X-CUBE-ALGOBUILD.1.4.0
2024-07-29 16:42:06,354 [WARN] PackLoader:240 - Cannot read IP mode file for STMicroelectronics.X-CUBE-GNSS1.6.0.0
2024-07-29 16:42:06,367 [WARN] PackLoader:240 - Cannot read IP mode file for STMicroelectronics.X-CUBE-AZRTOS-F4.1.1.0
2024-07-29 16:42:06,376 [WARN] PackLoader:240 - Cannot read IP mode file for STMicroelectronics.X-CUBE-FREERTOS.1.2.0
2024-07-29 16:42:06,388 [WARN] PackLoader:240 - Cannot read IP mode file for STMicroelectronics.X-CUBE-AZRTOS-L5.2.0.0
2024-07-29 16:42:06,396 [WARN] PackLoader:240 - Cannot read IP mode file for STMicroelectronics.X-CUBE-NFC6.3.1.0
2024-07-29 16:42:06,402 [WARN] PackLoader:240 - Cannot read IP mode file for STMicroelectronics.X-CUBE-DPower.1.2.0
2024-07-29 16:42:06,406 [WARN] PackLoader:240 - Cannot read IP mode file for STMicroelectronics.X-CUBE-AI.9.0.0
2024-07-29 16:42:06,410 [WARN] PackLoader:240 - Cannot read IP mode file for STMicroelectronics.X-CUBE-NFC7.1.0.1
2024-07-29 16:42:06,414 [WARN] PackLoader:240 - Cannot read IP mode file for wolfSSL.I-CUBE-wolfTPM.3.2.0
2024-07-29 16:42:06,427 [WARN] ConditionMgr:438 - getConditionDescription Invalid condition id : LAN8742 Phy interface Condition cause : null
2024-07-29 16:42:06,427 [WARN] PackLoader:240 - Cannot read IP mode file for STMicroelectronics.X-CUBE-AZRTOS-L4.2.0.0
2024-07-29 16:42:06,428 [WARN] ConditionMgr:1039 - genDependencies : Invalid condition id : LAN8742 Phy interface Condition cause : null
2024-07-29 16:42:06,429 [WARN] ConditionMgr:1039 - genDependencies : Invalid condition id : LAN8742 Phy interface Condition cause : null
2024-07-29 16:42:06,429 [WARN] ConditionMgr:1039 - genDependencies : Invalid condition id : LAN8742 Phy interface Condition cause : null
2024-07-29 16:42:06,437 [WARN] PackLoader:240 - Cannot read IP mode file for STMicroelectronics.X-CUBE-SFXS2LP1.4.0.0
2024-07-29 16:42:06,446 [WARN] ConditionMgr:438 - getConditionDescription Invalid condition id : UX DEVICE CLASS RTOS Condition cause : null
2024-07-29 16:42:06,446 [WARN] ConditionMgr:438 - getConditionDescription Invalid condition id : UX DEVICE CLASS RTOS Condition cause : null
2024-07-29 16:42:06,448 [WARN] PackLoader:240 - Cannot read IP mode file for STMicroelectronics.X-CUBE-AZRTOS-WB.2.0.0
2024-07-29 16:42:06,448 [WARN] ConditionMgr:1039 - genDependencies : Invalid condition id : UX DEVICE CLASS RTOS Condition cause : null
2024-07-29 16:42:06,448 [WARN] ConditionMgr:1039 - genDependencies : Invalid condition id : UX DEVICE CLASS RTOS Condition cause : null
2024-07-29 16:42:06,449 [WARN] ConditionMgr:1039 - genDependencies : Invalid condition id : UX DEVICE CLASS RTOS Condition cause : null
2024-07-29 16:42:06,449 [WARN] ConditionMgr:1039 - genDependencies : Invalid condition id : UX DEVICE CLASS RTOS Condition cause : null
2024-07-29 16:42:06,449 [WARN] ConditionMgr:1039 - genDependencies : Invalid condition id : UX DEVICE CLASS RTOS Condition cause : null
2024-07-29 16:42:06,455 [WARN] PackLoader:240 - Cannot read IP mode file for STMicroelectronics.FP-SNS-STBOX1.2.0.0
2024-07-29 16:42:06,464 [WARN] PackLoader:240 - Cannot read IP mode file for STMicroelectronics.X-CUBE-SUBG2.5.0.0
2024-07-29 16:42:06,473 [WARN] PackLoader:240 - Cannot read IP mode file for Cesanta.I-CUBE-Mongoose.7.13.0
2024-07-29 16:42:06,485 [WARN] PackLoader:240 - Cannot read IP mode file for STMicroelectronics.X-CUBE-AZRTOS-G4.2.0.0
2024-07-29 16:42:06,492 [WARN] PackLoader:240 - Cannot read IP mode file for STMicroelectronics.X-CUBE-ISPU.2.0.0
2024-07-29 16:42:06,496 [WARN] PackLoader:240 - Cannot read IP mode file for STMicroelectronics.X-CUBE-ALS.1.0.2
2024-07-29 16:42:06,533 [WARN] PackLoader:240 - Cannot read IP mode file for STMicroelectronics.X-CUBE-MEMS1.10.0.0
2024-07-29 16:42:06,611 [WARN] PackLoader:240 - Cannot read IP mode file for STMicroelectronics.X-CUBE-TOUCHGFX.4.24.0
2024-07-29 16:42:06,616 [WARN] PackLoader:240 - Cannot read IP mode file for portGmbH.I-Cube-SoM-uGOAL.1.1.0
2024-07-29 16:42:06,629 [WARN] PackLoader:240 - Cannot read IP mode file for STMicroelectronics.X-CUBE-AZRTOS-H7RS.1.0.0
2024-07-29 16:42:06,634 [WARN] PackLoader:240 - Cannot read IP mode file for STMicroelectronics.FP-ATR-ASTRA1.2.0.0
2024-07-29 16:42:06,642 [WARN] PackLoader:240 - Cannot read IP mode file for STMicroelectronics.X-CUBE-TOF1.3.4.2
2024-07-29 16:42:06,660 [WARN] PackLoader:240 - Cannot read IP mode file for STMicroelectronics.X-CUBE-TOF1.3.4.1
2024-07-29 16:42:06,686 [WARN] PackLoader:240 - Cannot read IP mode file for STMicroelectronics.X-CUBE-AZRTOS-H7.3.2.0
2024-07-29 16:42:06,697 [WARN] PackLoader:240 - Cannot read IP mode file for Infineon.AIROC-Wi-Fi-Bluetooth-STM32.1.6.0
2024-07-29 16:42:06,704 [WARN] PackLoader:240 - Cannot read IP mode file for wolfSSL.I-CUBE-wolfSSH.1.4.17
2024-07-29 16:42:06,705 [INFO] ThirdParty:978 - Integrity check success = true
2024-07-29 16:42:06,705 [INFO] IntegrityCheckThread:100 - exiting critical section [integrity check]
2024-07-29 16:42:06,705 [INFO] IntegrityCheckThread:103 - End integrity checks thread
2024-07-29 16:50:14,235 [ERROR] ConfigurationRetriever:142 - IOException on connection: Read timed out
2024-07-29 16:50:16,249 [ERROR] ConfigurationRetriever:142 - IOException on connection: Read timed out
2024-07-29 16:50:18,265 [ERROR] ConfigurationRetriever:142 - IOException on connection: Read timed out
2024-07-29 17:46:45,369 [ERROR] LogOutputStream:75 - [STDERR_REDIRECT] 
