2024-07-11 11:44:49,568 [INFO] Activator:176 - 


2024-07-11 11:44:49,575 [INFO] Activator:177 - !SESSION log4j initialized
2024-07-11 11:44:53,122 [INFO] LogOutputStream:77 - [STDOUT_REDIRECT] 
2024-07-11 11:44:54,341 [INFO] ApplicationProperties:184 - Using Application install path: C:\ST\STM32CubeIDE_1.15.1\STM32CubeIDE\plugins\com.st.stm32cube.common.mx_6.11.1.202404110753
2024-07-11 11:44:54,356 [INFO] DbMcusXml:78 - Set database path to: C:\ST\STM32CubeIDE_1.15.1\STM32CubeIDE\plugins\com.st.stm32cube.common.mx_6.11.1.202404110753\\db\/mcu/
2024-07-11 11:44:54,357 [INFO] ApiDb:274 - Set plugin database path to: C:\ST\STM32CubeIDE_1.15.1\STM32CubeIDE\plugins\com.st.stm32cube.common.mx_6.11.1.202404110753\\db\/plugins/boardmanager/
2024-07-11 11:44:54,357 [WARN] ApiDb:259 - Overriding images path with different value:  => C:\ST\STM32CubeIDE_1.15.1\STM32CubeIDE\plugins\com.st.stm32cube.common.mx_6.11.1.202404110753\\db\/plugins/mcufinder/images/
2024-07-11 11:44:54,364 [INFO] ApiDb:250 - Set database path to: C:\Users\bhadula.kishor\.stmcufinder\plugins\mcufinder//mcu/
2024-07-11 11:44:54,364 [INFO] DbMcusAds:125 - Set database path to: C:\Users\bhadula.kishor\.stmcufinder\plugins\mcufinder//mcu/
2024-07-11 11:44:54,366 [INFO] CrossReferenceDbSqlite:203 - Set database path to: C:\Users\bhadula.kishor\.stmcufinder\plugins\mcufinder//mcu/cs/
2024-07-11 11:44:54,449 [INFO] RulesReader:64 - Compatibility file has been processed (297 Rules)
2024-07-11 11:44:54,530 [INFO] DbMcusXml:78 - Set database path to: C:\ST\STM32CubeIDE_1.15.1\STM32CubeIDE\plugins\com.st.stm32cube.common.mx_6.11.1.202404110753\\db\/mcu/
2024-07-11 11:44:54,531 [INFO] ApiDb:274 - Set plugin database path to: C:\ST\STM32CubeIDE_1.15.1\STM32CubeIDE\plugins\com.st.stm32cube.common.mx_6.11.1.202404110753\\db\/plugins/boardmanager/
2024-07-11 11:44:54,531 [INFO] ApiDb:261 - Set plugin images path to: C:\ST\STM32CubeIDE_1.15.1\STM32CubeIDE\plugins\com.st.stm32cube.common.mx_6.11.1.202404110753\\db\/plugins/mcufinder/images/
2024-07-11 11:44:54,531 [WARN] DbFile:41 - Overriding database path with different value: C:\Users\bhadula.kishor\.stmcufinder\plugins\mcufinder/ => C:\Users\bhadula.kishor\.stmcufinder\plugins\mcufinder
2024-07-11 11:44:54,531 [INFO] ApiDb:250 - Set database path to: C:\Users\bhadula.kishor\.stmcufinder\plugins\mcufinder//mcu/
2024-07-11 11:44:54,531 [WARN] DbFile:41 - Overriding database path with different value: C:\Users\bhadula.kishor\.stmcufinder\plugins\mcufinder/ => C:\Users\bhadula.kishor\.stmcufinder\plugins\mcufinder
2024-07-11 11:44:54,531 [INFO] DbMcusAds:125 - Set database path to: C:\Users\bhadula.kishor\.stmcufinder\plugins\mcufinder//mcu/
2024-07-11 11:44:54,531 [WARN] DbFile:41 - Overriding database path with different value: C:\Users\bhadula.kishor\.stmcufinder\plugins\mcufinder/ => C:\Users\bhadula.kishor\.stmcufinder\plugins\mcufinder
2024-07-11 11:44:54,531 [WARN] DbFile:41 - Overriding database path with different value: C:\Users\bhadula.kishor\.stmcufinder\plugins\mcufinder/ => C:\Users\bhadula.kishor\.stmcufinder\plugins\mcufinder
2024-07-11 11:44:54,532 [INFO] CrossReferenceDbSqlite:203 - Set database path to: C:\Users\bhadula.kishor\.stmcufinder\plugins\mcufinder//mcu/cs/
2024-07-11 11:44:54,599 [INFO] MainPanel:264 - HeapMemory: 268435456
2024-07-11 11:44:54,666 [INFO] DbMcusXml:78 - Set database path to: C:\ST\STM32CubeIDE_1.15.1\STM32CubeIDE\plugins\com.st.stm32cube.common.mx_6.11.1.202404110753\\db\/mcu/
2024-07-11 11:44:54,666 [INFO] ApiDb:274 - Set plugin database path to: C:\ST\STM32CubeIDE_1.15.1\STM32CubeIDE\plugins\com.st.stm32cube.common.mx_6.11.1.202404110753\\db\/plugins/boardmanager/
2024-07-11 11:44:54,666 [INFO] ApiDb:261 - Set plugin images path to: C:\ST\STM32CubeIDE_1.15.1\STM32CubeIDE\plugins\com.st.stm32cube.common.mx_6.11.1.202404110753\\db\/plugins/mcufinder/images/
2024-07-11 11:44:54,666 [WARN] DbFile:41 - Overriding database path with different value: C:\Users\bhadula.kishor\.stmcufinder\plugins\mcufinder/ => C:\Users\bhadula.kishor\.stmcufinder\plugins\mcufinder
2024-07-11 11:44:54,667 [INFO] ApiDb:250 - Set database path to: C:\Users\bhadula.kishor\.stmcufinder\plugins\mcufinder//mcu/
2024-07-11 11:44:54,667 [WARN] DbFile:41 - Overriding database path with different value: C:\Users\bhadula.kishor\.stmcufinder\plugins\mcufinder/ => C:\Users\bhadula.kishor\.stmcufinder\plugins\mcufinder
2024-07-11 11:44:54,667 [INFO] DbMcusAds:125 - Set database path to: C:\Users\bhadula.kishor\.stmcufinder\plugins\mcufinder//mcu/
2024-07-11 11:44:54,667 [WARN] DbFile:41 - Overriding database path with different value: C:\Users\bhadula.kishor\.stmcufinder\plugins\mcufinder/ => C:\Users\bhadula.kishor\.stmcufinder\plugins\mcufinder
2024-07-11 11:44:54,667 [WARN] DbFile:41 - Overriding database path with different value: C:\Users\bhadula.kishor\.stmcufinder\plugins\mcufinder/ => C:\Users\bhadula.kishor\.stmcufinder\plugins\mcufinder
2024-07-11 11:44:54,667 [INFO] CrossReferenceDbSqlite:203 - Set database path to: C:\Users\bhadula.kishor\.stmcufinder\plugins\mcufinder//mcu/cs/
2024-07-11 11:44:54,681 [INFO] ApplicationProperties:184 - Using Application install path: C:\ST\STM32CubeIDE_1.15.1\STM32CubeIDE\plugins\com.st.stm32cube.common.mx_6.11.1.202404110753
2024-07-11 11:44:54,682 [INFO] PluginManage:196 - Search for loadable plugins [exclusion list=, ]
2024-07-11 11:44:54,683 [INFO] PluginManage:310 - Check plugin analytics
2024-07-11 11:44:54,885 [INFO] AnalyticsPlugin:253 - Accepted Software Licenses: 
2024-07-11 11:44:54,886 [INFO] AnalyticsPlugin:255 - Accepted CMSIS Pack Licenses: 
2024-07-11 11:44:54,886 [INFO] AnalyticsPlugin:257 - Accepted Firmware Licenses: 
2024-07-11 11:44:54,891 [INFO] PluginManage:359 - Loaded plugin analytics (category:tool,tabindex:-1)
2024-07-11 11:44:54,892 [INFO] PluginManage:310 - Check plugin cadmodel
2024-07-11 11:44:54,900 [INFO] CADModel:105 - Init CAD model plugin
2024-07-11 11:44:54,901 [INFO] PluginManage:359 - Loaded plugin cadmodel (category:power,tabindex:5)
2024-07-11 11:44:54,901 [INFO] PluginManage:310 - Check plugin clock
2024-07-11 11:44:54,917 [INFO] PluginManage:359 - Loaded plugin clock (category:base,tabindex:2)
2024-07-11 11:44:54,918 [INFO] PluginManage:310 - Check plugin ddr
2024-07-11 11:44:54,920 [INFO] PluginManage:359 - Loaded plugin ddr (category:tool,tabindex:6)
2024-07-11 11:44:54,921 [INFO] PluginManage:310 - Check plugin filemanager
2024-07-11 11:44:55,062 [INFO] PluginManage:359 - Loaded plugin filemanager (category:base,tabindex:10)
2024-07-11 11:44:55,062 [INFO] PluginManage:310 - Check plugin ipmanager
2024-07-11 11:44:55,069 [INFO] PluginManage:359 - Loaded plugin ipmanager (category:base,tabindex:5)
2024-07-11 11:44:55,069 [INFO] PluginManage:310 - Check plugin lpbam
2024-07-11 11:44:55,076 [INFO] PluginManage:359 - Loaded plugin lpbam (category:base,tabindex:0)
2024-07-11 11:44:55,077 [INFO] PluginManage:310 - Check plugin memorymap
2024-07-11 11:44:55,087 [INFO] PluginManage:359 - Loaded plugin memorymap (category:base,tabindex:4)
2024-07-11 11:44:55,088 [INFO] PluginManage:310 - Check plugin pinoutandconfiguration
2024-07-11 11:44:55,093 [INFO] PluginManage:359 - Loaded plugin pinoutandconfiguration (category:base,tabindex:1)
2024-07-11 11:44:55,093 [INFO] PluginManage:310 - Check plugin pinoutconfig
2024-07-11 11:44:55,160 [WARN] SupportedApi:132 - Cannot load RTOS API schema: s4s-elt-must-match.1: The content of 'definitions' must match (annotation?, (simpleType | complexType)?, (unique | key | keyref)*)). A problem was found starting at: attribute.
2024-07-11 11:44:55,266 [INFO] PluginManage:359 - Loaded plugin pinoutconfig (category:base,tabindex:0)
2024-07-11 11:44:55,266 [INFO] PluginManage:310 - Check plugin power
2024-07-11 11:44:55,279 [INFO] PluginManage:359 - Loaded plugin power (category:power,tabindex:4)
2024-07-11 11:44:55,279 [INFO] PluginManage:310 - Check plugin projectmanager
2024-07-11 11:44:55,293 [INFO] PluginManage:359 - Loaded plugin projectmanager (category:projectmanager,tabindex:3)
2024-07-11 11:44:55,293 [INFO] PluginManage:310 - Check plugin thirdparty
2024-07-11 11:44:55,431 [WARN] IntegrityCheckThread:84 - waiting for thirdparty lock release [integrity check]
2024-07-11 11:44:55,432 [INFO] IntegrityCheckThread:86 - entering critical section [integrity check]
2024-07-11 11:44:55,432 [INFO] PluginManage:359 - Loaded plugin thirdparty (category:base,tabindex:-1)
2024-07-11 11:44:55,432 [INFO] PluginManage:310 - Check plugin tools
2024-07-11 11:44:55,433 [INFO] ThirdPartyUpdaterWithRetryManager:70 - Updater plugin not ready yet. [1/15]
2024-07-11 11:44:55,437 [INFO] PluginManage:359 - Loaded plugin tools (category:base,tabindex:7)
2024-07-11 11:44:55,437 [INFO] PluginManage:310 - Check plugin tutovideos
2024-07-11 11:44:55,586 [INFO] PluginManage:359 - Loaded plugin tutovideos (category:base,tabindex:-1)
2024-07-11 11:44:55,586 [INFO] PluginManage:310 - Check plugin updater
2024-07-11 11:44:55,595 [INFO] PluginManage:359 - Loaded plugin updater (category:base,tabindex:12)
2024-07-11 11:44:55,595 [INFO] PluginManage:310 - Check plugin userauth
2024-07-11 11:44:55,600 [INFO] UserAuth:114 - Init User Auth plugin
2024-07-11 11:44:55,600 [INFO] PluginManage:359 - Loaded plugin userauth (category:base,tabindex:14)
2024-07-11 11:44:55,600 [INFO] PluginManage:283 - PluginManage : Loaded plugins [17]
2024-07-11 11:44:55,780 [INFO] PinOutPanel:1561 - setPackage(No Configuration,No Configuration)
2024-07-11 11:44:55,845 [INFO] CADModel:165 - CPN selected for project level
2024-07-11 11:44:55,845 [INFO] CADModel:114 - Register for checkConnection events
2024-07-11 11:44:55,860 [INFO] IPUIPlugin:80 - create IPUIPlugin
2024-07-11 11:44:55,860 [INFO] PluginManager:220 - loadIPPluginJar : add adc
2024-07-11 11:44:55,862 [INFO] IPUIPlugin:80 - create IPUIPlugin
2024-07-11 11:44:55,862 [INFO] PluginManager:220 - loadIPPluginJar : add aes
2024-07-11 11:44:55,864 [INFO] IPUIPlugin:80 - create IPUIPlugin
2024-07-11 11:44:55,865 [INFO] PluginManager:220 - loadIPPluginJar : add can
2024-07-11 11:44:55,866 [INFO] IPUIPlugin:80 - create IPUIPlugin
2024-07-11 11:44:55,866 [INFO] PluginManager:220 - loadIPPluginJar : add comp
2024-07-11 11:44:55,868 [INFO] IPUIPlugin:80 - create IPUIPlugin
2024-07-11 11:44:55,868 [INFO] PluginManager:220 - loadIPPluginJar : add cryp
2024-07-11 11:44:55,870 [INFO] IPUIPlugin:80 - create IPUIPlugin
2024-07-11 11:44:55,870 [INFO] PluginManager:220 - loadIPPluginJar : add dfsdm
2024-07-11 11:44:55,874 [INFO] IPUIPlugin:80 - create IPUIPlugin
2024-07-11 11:44:55,874 [INFO] PluginManager:220 - loadIPPluginJar : add dma
2024-07-11 11:44:55,877 [INFO] IPUIPlugin:80 - create IPUIPlugin
2024-07-11 11:44:55,877 [INFO] PluginManager:220 - loadIPPluginJar : add dma3
2024-07-11 11:44:55,879 [INFO] IPUIPlugin:80 - create IPUIPlugin
2024-07-11 11:44:55,879 [INFO] PluginManager:220 - loadIPPluginJar : add extmemmanager
2024-07-11 11:44:55,880 [INFO] IPUIPlugin:80 - create IPUIPlugin
2024-07-11 11:44:55,880 [INFO] PluginManager:220 - loadIPPluginJar : add fatfs
2024-07-11 11:44:55,884 [INFO] IPUIPlugin:80 - create IPUIPlugin
2024-07-11 11:44:55,884 [INFO] PluginManager:220 - loadIPPluginJar : add fmc
2024-07-11 11:44:55,888 [INFO] IPUIPlugin:80 - create IPUIPlugin
2024-07-11 11:44:55,888 [INFO] PluginManager:220 - loadIPPluginJar : add freertos
2024-07-11 11:44:55,890 [INFO] IPUIPlugin:80 - create IPUIPlugin
2024-07-11 11:44:55,890 [INFO] PluginManager:220 - loadIPPluginJar : add genericplugin
2024-07-11 11:44:55,893 [INFO] IPUIPlugin:80 - create IPUIPlugin
2024-07-11 11:44:55,893 [INFO] PluginManager:220 - loadIPPluginJar : add gfxmmu
2024-07-11 11:44:55,897 [INFO] IPUIPlugin:80 - create IPUIPlugin
2024-07-11 11:44:55,897 [INFO] PluginManager:220 - loadIPPluginJar : add gic
2024-07-11 11:44:55,900 [INFO] IPUIPlugin:80 - create IPUIPlugin
2024-07-11 11:44:55,900 [INFO] PluginManager:220 - loadIPPluginJar : add gpio
2024-07-11 11:44:55,902 [INFO] IPUIPlugin:80 - create IPUIPlugin
2024-07-11 11:44:55,902 [INFO] PluginManager:220 - loadIPPluginJar : add gtzc
2024-07-11 11:44:55,904 [INFO] IPUIPlugin:80 - create IPUIPlugin
2024-07-11 11:44:55,904 [INFO] PluginManager:220 - loadIPPluginJar : add hash
2024-07-11 11:44:55,907 [INFO] IPUIPlugin:80 - create IPUIPlugin
2024-07-11 11:44:55,907 [INFO] PluginManager:220 - loadIPPluginJar : add i2c
2024-07-11 11:44:55,909 [INFO] IPUIPlugin:80 - create IPUIPlugin
2024-07-11 11:44:55,909 [INFO] PluginManager:220 - loadIPPluginJar : add i2s
2024-07-11 11:44:55,911 [INFO] IPUIPlugin:80 - create IPUIPlugin
2024-07-11 11:44:55,912 [INFO] PluginManager:220 - loadIPPluginJar : add i3c
2024-07-11 11:44:55,914 [INFO] IPUIPlugin:80 - create IPUIPlugin
2024-07-11 11:44:55,914 [INFO] PluginManager:220 - loadIPPluginJar : add ipddr
2024-07-11 11:44:55,920 [INFO] IPUIPlugin:80 - create IPUIPlugin
2024-07-11 11:44:55,921 [INFO] PluginManager:220 - loadIPPluginJar : add linkedlist
2024-07-11 11:44:55,923 [INFO] IPUIPlugin:80 - create IPUIPlugin
2024-07-11 11:44:55,923 [INFO] PluginManager:220 - loadIPPluginJar : add lorawan
2024-07-11 11:44:55,924 [INFO] IPUIPlugin:80 - create IPUIPlugin
2024-07-11 11:44:55,924 [INFO] PluginManager:220 - loadIPPluginJar : add ltdc
2024-07-11 11:44:55,929 [INFO] IPUIPlugin:80 - create IPUIPlugin
2024-07-11 11:44:55,929 [INFO] PluginManager:220 - loadIPPluginJar : add mdma
2024-07-11 11:44:55,932 [INFO] IPUIPlugin:80 - create IPUIPlugin
2024-07-11 11:44:55,932 [INFO] PluginManager:220 - loadIPPluginJar : add nvic
2024-07-11 11:44:55,935 [INFO] IPUIPlugin:80 - create IPUIPlugin
2024-07-11 11:44:55,935 [INFO] PluginManager:220 - loadIPPluginJar : add opamp
2024-07-11 11:44:55,937 [INFO] IPUIPlugin:80 - create IPUIPlugin
2024-07-11 11:44:55,937 [INFO] PluginManager:220 - loadIPPluginJar : add openamp
2024-07-11 11:44:55,939 [INFO] IPUIPlugin:80 - create IPUIPlugin
2024-07-11 11:44:55,939 [INFO] PluginManager:220 - loadIPPluginJar : add pdm2pcm
2024-07-11 11:44:55,944 [INFO] IPUIPlugin:80 - create IPUIPlugin
2024-07-11 11:44:55,945 [INFO] PluginManager:220 - loadIPPluginJar : add plateformsettings
2024-07-11 11:44:55,946 [INFO] IPUIPlugin:80 - create IPUIPlugin
2024-07-11 11:44:55,946 [INFO] PluginManager:220 - loadIPPluginJar : add quadspi
2024-07-11 11:44:55,950 [INFO] IPUIPlugin:80 - create IPUIPlugin
2024-07-11 11:44:55,950 [INFO] PluginManager:220 - loadIPPluginJar : add resmgrutility
2024-07-11 11:44:55,952 [INFO] IPUIPlugin:80 - create IPUIPlugin
2024-07-11 11:44:55,952 [INFO] PluginManager:220 - loadIPPluginJar : add sai
2024-07-11 11:44:55,954 [INFO] IPUIPlugin:80 - create IPUIPlugin
2024-07-11 11:44:55,954 [INFO] PluginManager:220 - loadIPPluginJar : add spi
2024-07-11 11:44:55,957 [INFO] IPUIPlugin:80 - create IPUIPlugin
2024-07-11 11:44:55,957 [INFO] PluginManager:220 - loadIPPluginJar : add stm32_wpan
2024-07-11 11:44:55,959 [INFO] IPUIPlugin:80 - create IPUIPlugin
2024-07-11 11:44:55,959 [INFO] PluginManager:220 - loadIPPluginJar : add tim
2024-07-11 11:44:55,961 [INFO] IPUIPlugin:80 - create IPUIPlugin
2024-07-11 11:44:55,961 [INFO] PluginManager:220 - loadIPPluginJar : add touchsensing
2024-07-11 11:44:55,963 [INFO] IPUIPlugin:80 - create IPUIPlugin
2024-07-11 11:44:55,963 [INFO] PluginManager:220 - loadIPPluginJar : add tracer_emb
2024-07-11 11:44:55,964 [INFO] IPUIPlugin:80 - create IPUIPlugin
2024-07-11 11:44:55,964 [INFO] PluginManager:220 - loadIPPluginJar : add ts
2024-07-11 11:44:55,965 [INFO] IPUIPlugin:80 - create IPUIPlugin
2024-07-11 11:44:55,965 [INFO] PluginManager:220 - loadIPPluginJar : add tsc
2024-07-11 11:44:55,967 [INFO] IPUIPlugin:80 - create IPUIPlugin
2024-07-11 11:44:55,967 [INFO] PluginManager:220 - loadIPPluginJar : add ucpd
2024-07-11 11:44:55,969 [INFO] IPUIPlugin:80 - create IPUIPlugin
2024-07-11 11:44:55,969 [INFO] PluginManager:220 - loadIPPluginJar : add usart
2024-07-11 11:44:55,971 [INFO] IPUIPlugin:80 - create IPUIPlugin
2024-07-11 11:44:55,972 [INFO] PluginManager:220 - loadIPPluginJar : add usbx
2024-07-11 11:44:56,084 [INFO] CADModel:165 - CPN selected for project level
2024-07-11 11:44:56,084 [INFO] CADModel:114 - Register for checkConnection events
2024-07-11 11:44:56,084 [FATAL] Updater:308 - Updater called before beeing initialized
2024-07-11 11:44:56,085 [ERROR] CADModel:125 - Updater not yet initialized, retry later 
2024-07-11 11:44:56,208 [INFO] CADModel:165 - CPN selected for project level
2024-07-11 11:44:56,209 [INFO] CADModel:114 - Register for checkConnection events
2024-07-11 11:44:56,209 [FATAL] Updater:308 - Updater called before beeing initialized
2024-07-11 11:44:56,209 [ERROR] CADModel:125 - Updater not yet initialized, retry later 
2024-07-11 11:44:56,211 [FATAL] Updater:308 - Updater called before beeing initialized
2024-07-11 11:44:56,323 [FATAL] Updater:308 - Updater called before beeing initialized
2024-07-11 11:44:56,327 [INFO] DbMcusAds:53 - JSON generation date=Thu May 16 14:52:00 IST 2024 (1715851320852)
2024-07-11 11:44:56,327 [FATAL] Updater:308 - Updater called before beeing initialized
2024-07-11 11:44:56,377 [WARN] DetailPanel:346 - Failed to get advertising image, set to default
2024-07-11 11:44:56,452 [FATAL] Updater:308 - Updater called before beeing initialized
2024-07-11 11:44:56,454 [FATAL] Updater:308 - Updater called before beeing initialized
2024-07-11 11:44:56,454 [FATAL] Updater:308 - Updater called before beeing initialized
2024-07-11 11:44:56,454 [WARN] DetailPanel:346 - Failed to get advertising image, set to default
2024-07-11 11:44:56,454 [FATAL] Updater:308 - Updater called before beeing initialized
2024-07-11 11:44:56,497 [ERROR] Updater:1120 - MainUpdater not yet initialized. External WinMGr cannot be set.
2024-07-11 11:44:56,498 [INFO] Updater:1056 - Updater Version found : 6.11.1
2024-07-11 11:44:56,517 [INFO] ApplicationProperties:184 - Using Application install path: C:\ST\STM32CubeIDE_1.15.1\STM32CubeIDE\plugins\com.st.stm32cube.common.mx_6.11.1.202404110753
2024-07-11 11:44:56,805 [INFO] MainUpdater:2873 - connection check result : 10
2024-07-11 11:44:56,806 [INFO] MainUpdater:290 - Updater Check For Update Now.
2024-07-11 11:44:56,806 [INFO] MicroXplorer:498 - Change Database Version : DB.6.0.111
2024-07-11 11:44:56,821 [INFO] McuFinderGlobals:63 - Set McuFinder mode to 2 (CubeIDE integrated)
2024-07-11 11:44:56,822 [INFO] UserAuth:179 - activating auth plugin
2024-07-11 11:44:56,824 [INFO] UserAuth:415 - Internet connection configuration mode: 1
2024-07-11 11:44:56,867 [INFO] JxBrowserEngine:152 - Initiate JxBrowser Engine with user profile folder
2024-07-11 11:44:56,983 [INFO] CheckServerUpdateThread:120 - End of CheckServer Thread
2024-07-11 11:44:58,619 [WARN] PackLoader:240 - Cannot read IP mode file for STMicroelectronics.FP-SNS-MOTENVWB1.1.4.0
2024-07-11 11:44:58,640 [WARN] PackLoader:240 - Cannot read IP mode file for STMicroelectronics.X-CUBE-SMBUS.2.1.0
2024-07-11 11:44:58,646 [WARN] PackLoader:240 - Cannot read IP mode file for STMicroelectronics.X-CUBE-TOUCHGFX.4.23.2
2024-07-11 11:44:58,690 [WARN] PackLoader:240 - Cannot read IP mode file for STMicroelectronics.X-CUBE-AZRTOS-F7.1.1.0
2024-07-11 11:44:58,707 [WARN] PackLoader:240 - Cannot read IP mode file for STMicroelectronics.FP-SNS-FLIGHT1.5.0.2
2024-07-11 11:44:58,724 [WARN] PackLoader:240 - Cannot read IP mode file for STMicroelectronics.X-CUBE-DISPLAY.3.0.0
2024-07-11 11:44:58,758 [WARN] PackLoader:240 - Cannot read IP mode file for STMicroelectronics.X-CUBE-BLE1.7.0.0
2024-07-11 11:44:58,774 [WARN] PackLoader:240 - Cannot read IP mode file for emotas.I-CUBE-CANOPEN.1.3.0
2024-07-11 11:44:58,809 [WARN] PackLoader:240 - Cannot read IP mode file for STMicroelectronics.X-CUBE-BLEMGR.3.1.0
2024-07-11 11:44:58,831 [WARN] PackLoader:240 - Cannot read IP mode file for STMicroelectronics.FP-SNS-SMARTAG2.1.2.0
2024-07-11 11:44:58,847 [INFO] LogOutputStream:77 - [STDOUT_REDIRECT] 1 : Invalid condition id : UX_CORESTACK_Condition cause : null
2024-07-11 11:44:58,849 [INFO] LogOutputStream:77 - [STDOUT_REDIRECT] 1 : Invalid condition id : UX_CORESTACK_Condition cause : null
2024-07-11 11:44:58,851 [INFO] LogOutputStream:77 - [STDOUT_REDIRECT] 1 : Invalid condition id : UX_CORESTACK_Condition cause : null
2024-07-11 11:44:58,853 [INFO] LogOutputStream:77 - [STDOUT_REDIRECT] 1 : Invalid condition id : UX_CORESTACK_Condition cause : null
2024-07-11 11:44:58,856 [INFO] LogOutputStream:77 - [STDOUT_REDIRECT] 1 : Invalid condition id : UX_CORESTACK_Condition cause : null
2024-07-11 11:44:58,861 [WARN] PackLoader:240 - Cannot read IP mode file for STMicroelectronics.X-CUBE-AZRTOS-WL.2.0.0
2024-07-11 11:44:58,870 [WARN] PackLoader:240 - Cannot read IP mode file for STMicroelectronics.FP-SNS-MOTENV1.5.0.0
2024-07-11 11:44:58,877 [WARN] PackLoader:240 - Cannot read IP mode file for wolfSSL.I-CUBE-wolfMQTT.1.19.0
2024-07-11 11:44:58,892 [WARN] PackLoader:240 - Cannot read IP mode file for WES.I-CUBE-Cesium.1.3.0
2024-07-11 11:44:58,898 [WARN] PackLoader:240 - Cannot read IP mode file for STMicroelectronics.X-CUBE-BLE2.3.3.0
2024-07-11 11:44:58,905 [WARN] PackLoader:240 - Cannot read IP mode file for STMicroelectronics.X-CUBE-TCPP.4.1.0
2024-07-11 11:44:58,925 [WARN] PackLoader:240 - Cannot read IP mode file for STMicroelectronics.X-CUBE-AZRTOS-G0.1.1.0
2024-07-11 11:44:58,951 [WARN] PackLoader:240 - Cannot read IP mode file for STMicroelectronics.X-CUBE-SAFEA1.1.2.2
2024-07-11 11:44:58,960 [WARN] PackLoader:240 - Cannot read IP mode file for STMicroelectronics.X-CUBE-NFC4.3.0.0
2024-07-11 11:44:58,980 [WARN] PackLoader:240 - Cannot read IP mode file for EmbeddedOffice.I-CUBE-FS-RTOS.1.0.1
2024-07-11 11:44:58,981 [ERROR] ConditionMgr:805 - Attr not supported : Dmpu
2024-07-11 11:44:58,982 [ERROR] ConditionMgr:805 - Attr not supported : Dmpu
2024-07-11 11:44:58,982 [ERROR] ConditionMgr:805 - Attr not supported : Dmpu
2024-07-11 11:44:58,982 [ERROR] ConditionMgr:805 - Attr not supported : Dmpu
2024-07-11 11:44:58,982 [ERROR] ConditionMgr:805 - Attr not supported : Dmpu
2024-07-11 11:44:58,982 [ERROR] ConditionMgr:805 - Attr not supported : Dmpu
2024-07-11 11:44:58,982 [ERROR] ConditionMgr:805 - Attr not supported : Dmpu
2024-07-11 11:44:58,982 [ERROR] ConditionMgr:805 - Attr not supported : Dmpu
2024-07-11 11:44:58,982 [ERROR] ConditionMgr:805 - Attr not supported : Dmpu
2024-07-11 11:44:58,982 [ERROR] ConditionMgr:805 - Attr not supported : Dmpu
2024-07-11 11:44:58,982 [ERROR] ConditionMgr:805 - Attr not supported : Dmpu
2024-07-11 11:44:58,983 [ERROR] ConditionMgr:805 - Attr not supported : Dmpu
2024-07-11 11:44:58,983 [ERROR] ConditionMgr:805 - Attr not supported : Dmpu
2024-07-11 11:44:58,983 [ERROR] ConditionMgr:805 - Attr not supported : Dmpu
2024-07-11 11:44:58,983 [ERROR] ConditionMgr:805 - Attr not supported : Dmpu
2024-07-11 11:44:58,983 [ERROR] ConditionMgr:805 - Attr not supported : Dmpu
2024-07-11 11:44:58,983 [ERROR] ConditionMgr:805 - Attr not supported : Dmpu
2024-07-11 11:44:58,983 [ERROR] ConditionMgr:805 - Attr not supported : Dmpu
2024-07-11 11:44:58,983 [ERROR] ConditionMgr:805 - Attr not supported : Dmpu
2024-07-11 11:44:58,983 [ERROR] ConditionMgr:805 - Attr not supported : Dmpu
2024-07-11 11:44:58,983 [ERROR] ConditionMgr:805 - Attr not supported : Dmpu
2024-07-11 11:44:58,983 [ERROR] ConditionMgr:805 - Attr not supported : Dmpu
2024-07-11 11:44:58,983 [ERROR] ConditionMgr:805 - Attr not supported : Dmpu
2024-07-11 11:44:58,983 [ERROR] ConditionMgr:805 - Attr not supported : Dmpu
2024-07-11 11:44:58,983 [ERROR] ConditionMgr:805 - Attr not supported : Dmpu
2024-07-11 11:44:58,983 [ERROR] ConditionMgr:805 - Attr not supported : Dmpu
2024-07-11 11:44:58,983 [ERROR] ConditionMgr:805 - Attr not supported : Dmpu
2024-07-11 11:44:58,984 [ERROR] ConditionMgr:805 - Attr not supported : Dmpu
2024-07-11 11:44:58,984 [ERROR] ConditionMgr:805 - Attr not supported : Dmpu
2024-07-11 11:44:58,984 [ERROR] ConditionMgr:805 - Attr not supported : Dmpu
2024-07-11 11:44:58,984 [ERROR] ConditionMgr:805 - Attr not supported : Dmpu
2024-07-11 11:44:58,984 [ERROR] ConditionMgr:805 - Attr not supported : Dmpu
2024-07-11 11:44:58,984 [ERROR] ConditionMgr:805 - Attr not supported : Dmpu
2024-07-11 11:44:58,984 [ERROR] ConditionMgr:805 - Attr not supported : Dmpu
2024-07-11 11:44:58,984 [ERROR] ConditionMgr:805 - Attr not supported : Dmpu
2024-07-11 11:44:58,984 [ERROR] ConditionMgr:805 - Attr not supported : Dmpu
2024-07-11 11:44:58,985 [ERROR] ConditionMgr:805 - Attr not supported : Dmpu
2024-07-11 11:44:58,985 [ERROR] ConditionMgr:805 - Attr not supported : Dmpu
2024-07-11 11:44:58,985 [ERROR] ConditionMgr:805 - Attr not supported : Dmpu
2024-07-11 11:44:58,985 [ERROR] ConditionMgr:805 - Attr not supported : Dmpu
2024-07-11 11:44:58,985 [ERROR] ConditionMgr:805 - Attr not supported : Dmpu
2024-07-11 11:44:58,985 [ERROR] ConditionMgr:805 - Attr not supported : Dmpu
2024-07-11 11:44:58,985 [ERROR] ConditionMgr:805 - Attr not supported : Dmpu
2024-07-11 11:44:58,985 [ERROR] ConditionMgr:805 - Attr not supported : Dmpu
2024-07-11 11:44:58,985 [ERROR] ConditionMgr:805 - Attr not supported : Dmpu
2024-07-11 11:44:58,985 [ERROR] ConditionMgr:805 - Attr not supported : Dmpu
2024-07-11 11:44:58,985 [ERROR] ConditionMgr:805 - Attr not supported : Dmpu
2024-07-11 11:44:58,986 [ERROR] ConditionMgr:805 - Attr not supported : Dmpu
2024-07-11 11:44:58,986 [ERROR] ConditionMgr:805 - Attr not supported : Dmpu
2024-07-11 11:44:58,986 [ERROR] ConditionMgr:805 - Attr not supported : Dmpu
2024-07-11 11:44:58,986 [ERROR] ConditionMgr:805 - Attr not supported : Dmpu
2024-07-11 11:44:58,986 [ERROR] ConditionMgr:805 - Attr not supported : Dmpu
2024-07-11 11:44:58,986 [ERROR] ConditionMgr:805 - Attr not supported : Dmpu
2024-07-11 11:44:58,986 [ERROR] ConditionMgr:805 - Attr not supported : Dmpu
2024-07-11 11:44:58,986 [ERROR] ConditionMgr:805 - Attr not supported : Dmpu
2024-07-11 11:44:58,986 [ERROR] ConditionMgr:805 - Attr not supported : Dmpu
2024-07-11 11:44:58,986 [ERROR] ConditionMgr:805 - Attr not supported : Dmpu
2024-07-11 11:44:58,986 [ERROR] ConditionMgr:805 - Attr not supported : Dmpu
2024-07-11 11:44:58,987 [ERROR] ConditionMgr:805 - Attr not supported : Dmpu
2024-07-11 11:44:58,987 [ERROR] ConditionMgr:805 - Attr not supported : Dmpu
2024-07-11 11:44:58,987 [ERROR] ConditionMgr:805 - Attr not supported : Dmpu
2024-07-11 11:44:58,988 [ERROR] ConditionMgr:805 - Attr not supported : Dmpu
2024-07-11 11:44:58,988 [ERROR] ConditionMgr:805 - Attr not supported : Dmpu
2024-07-11 11:44:58,988 [ERROR] ConditionMgr:805 - Attr not supported : Dmpu
2024-07-11 11:44:58,995 [WARN] PackLoader:240 - Cannot read IP mode file for wolfSSL.I-CUBE-wolfSSL.5.7.0
2024-07-11 11:44:59,001 [WARN] PackLoader:240 - Cannot read IP mode file for STMicroelectronics.FP-ATR-SIGFOX1.3.2.0
2024-07-11 11:44:59,020 [WARN] PackLoader:240 - Cannot read IP mode file for STMicroelectronics.X-CUBE-EEPRMA1.5.1.0
2024-07-11 11:44:59,031 [WARN] PackLoader:240 - Cannot read IP mode file for ITTIA_DB.I-CUBE-ITTIADB.8.9.0
2024-07-11 11:44:59,083 [WARN] PackLoader:240 - Cannot read IP mode file for SEGGER.I-CUBE-embOS.1.3.1
2024-07-11 11:44:59,127 [WARN] PackLoader:240 - Cannot read IP mode file for STMicroelectronics.X-CUBE-ALGOBUILD.1.4.0
2024-07-11 11:44:59,134 [WARN] PackLoader:240 - Cannot read IP mode file for STMicroelectronics.X-CUBE-GNSS1.6.0.0
2024-07-11 11:44:59,152 [WARN] PackLoader:240 - Cannot read IP mode file for STMicroelectronics.X-CUBE-AZRTOS-F4.1.1.0
2024-07-11 11:44:59,163 [WARN] PackLoader:240 - Cannot read IP mode file for STMicroelectronics.X-CUBE-FREERTOS.1.2.0
2024-07-11 11:44:59,181 [WARN] PackLoader:240 - Cannot read IP mode file for STMicroelectronics.X-CUBE-AZRTOS-L5.2.0.0
2024-07-11 11:44:59,192 [WARN] PackLoader:240 - Cannot read IP mode file for STMicroelectronics.X-CUBE-NFC6.3.1.0
2024-07-11 11:44:59,200 [WARN] PackLoader:240 - Cannot read IP mode file for STMicroelectronics.X-CUBE-DPower.1.2.0
2024-07-11 11:44:59,206 [WARN] PackLoader:240 - Cannot read IP mode file for STMicroelectronics.X-CUBE-AI.9.0.0
2024-07-11 11:44:59,213 [WARN] PackLoader:240 - Cannot read IP mode file for STMicroelectronics.X-CUBE-NFC7.1.0.1
2024-07-11 11:44:59,219 [WARN] PackLoader:240 - Cannot read IP mode file for wolfSSL.I-CUBE-wolfTPM.3.2.0
2024-07-11 11:44:59,236 [WARN] ConditionMgr:438 - getConditionDescription Invalid condition id : LAN8742 Phy interface Condition cause : null
2024-07-11 11:44:59,237 [WARN] PackLoader:240 - Cannot read IP mode file for STMicroelectronics.X-CUBE-AZRTOS-L4.2.0.0
2024-07-11 11:44:59,239 [WARN] ConditionMgr:1039 - genDependencies : Invalid condition id : LAN8742 Phy interface Condition cause : null
2024-07-11 11:44:59,239 [WARN] ConditionMgr:1039 - genDependencies : Invalid condition id : LAN8742 Phy interface Condition cause : null
2024-07-11 11:44:59,239 [WARN] ConditionMgr:1039 - genDependencies : Invalid condition id : LAN8742 Phy interface Condition cause : null
2024-07-11 11:44:59,247 [WARN] PackLoader:240 - Cannot read IP mode file for STMicroelectronics.X-CUBE-SFXS2LP1.4.0.0
2024-07-11 11:44:59,260 [WARN] ConditionMgr:438 - getConditionDescription Invalid condition id : UX DEVICE CLASS RTOS Condition cause : null
2024-07-11 11:44:59,261 [WARN] ConditionMgr:438 - getConditionDescription Invalid condition id : UX DEVICE CLASS RTOS Condition cause : null
2024-07-11 11:44:59,263 [WARN] PackLoader:240 - Cannot read IP mode file for STMicroelectronics.X-CUBE-AZRTOS-WB.2.0.0
2024-07-11 11:44:59,263 [WARN] ConditionMgr:1039 - genDependencies : Invalid condition id : UX DEVICE CLASS RTOS Condition cause : null
2024-07-11 11:44:59,264 [WARN] ConditionMgr:1039 - genDependencies : Invalid condition id : UX DEVICE CLASS RTOS Condition cause : null
2024-07-11 11:44:59,264 [WARN] ConditionMgr:1039 - genDependencies : Invalid condition id : UX DEVICE CLASS RTOS Condition cause : null
2024-07-11 11:44:59,264 [WARN] ConditionMgr:1039 - genDependencies : Invalid condition id : UX DEVICE CLASS RTOS Condition cause : null
2024-07-11 11:44:59,264 [WARN] ConditionMgr:1039 - genDependencies : Invalid condition id : UX DEVICE CLASS RTOS Condition cause : null
2024-07-11 11:44:59,280 [WARN] PackLoader:240 - Cannot read IP mode file for STMicroelectronics.X-CUBE-SUBG2.5.0.0
2024-07-11 11:44:59,289 [WARN] PackLoader:240 - Cannot read IP mode file for Cesanta.I-CUBE-Mongoose.7.13.0
2024-07-11 11:44:59,301 [WARN] PackLoader:240 - Cannot read IP mode file for STMicroelectronics.X-CUBE-AZRTOS-G4.2.0.0
2024-07-11 11:44:59,307 [WARN] PackLoader:240 - Cannot read IP mode file for STMicroelectronics.X-CUBE-ISPU.2.0.0
2024-07-11 11:44:59,312 [WARN] PackLoader:240 - Cannot read IP mode file for STMicroelectronics.X-CUBE-ALS.1.0.2
2024-07-11 11:44:59,343 [WARN] PackLoader:240 - Cannot read IP mode file for STMicroelectronics.X-CUBE-MEMS1.10.0.0
2024-07-11 11:44:59,441 [WARN] PackLoader:240 - Cannot read IP mode file for STMicroelectronics.X-CUBE-TOUCHGFX.4.24.0
2024-07-11 11:44:59,446 [WARN] PackLoader:240 - Cannot read IP mode file for portGmbH.I-Cube-SoM-uGOAL.1.1.0
2024-07-11 11:44:59,461 [WARN] PackLoader:240 - Cannot read IP mode file for STMicroelectronics.X-CUBE-AZRTOS-H7RS.1.0.0
2024-07-11 11:44:59,479 [WARN] PackLoader:240 - Cannot read IP mode file for STMicroelectronics.FP-ATR-ASTRA1.2.0.0
2024-07-11 11:44:59,488 [WARN] PackLoader:240 - Cannot read IP mode file for STMicroelectronics.X-CUBE-TOF1.3.4.1
2024-07-11 11:44:59,512 [WARN] PackLoader:240 - Cannot read IP mode file for STMicroelectronics.X-CUBE-AZRTOS-H7.3.2.0
2024-07-11 11:44:59,524 [WARN] PackLoader:240 - Cannot read IP mode file for Infineon.AIROC-Wi-Fi-Bluetooth-STM32.1.6.0
2024-07-11 11:44:59,528 [INFO] ThirdParty:978 - Integrity check success = true
2024-07-11 11:44:59,528 [INFO] IntegrityCheckThread:100 - exiting critical section [integrity check]
2024-07-11 11:44:59,528 [INFO] IntegrityCheckThread:103 - End integrity checks thread
2024-07-11 11:45:00,063 [INFO] WebApp:161 - Instantiating new browser for Auth
2024-07-11 11:45:00,852 [INFO] WebApp:779 - Register for checkConnection events
2024-07-11 11:45:00,852 [INFO] WebApp:414 - Apply proxy settings
2024-07-11 11:45:00,852 [INFO] WebApp:499 - Chromium requires no authentication
2024-07-11 11:45:00,859 [INFO] WebApp:442 - Direct internet connection detected
2024-07-11 11:45:01,008 [INFO] WebApp:192 - Starting web application
2024-07-11 11:45:01,008 [INFO] WebApp:544 - Web application path used C:\ST\STM32CubeIDE_1.15.1\STM32CubeIDE\plugins\com.st.stm32cube.common.mx_6.11.1.202404110753\db\plugins\mcufinder\reactClient1\index.html
2024-07-11 16:01:55,091 [ERROR] LogOutputStream:75 - [STDERR_REDIRECT] 
2024-07-11 16:50:55,848 [INFO] Activator:176 - 


2024-07-11 16:50:55,851 [INFO] Activator:177 - !SESSION log4j initialized
2024-07-11 16:51:00,049 [INFO] LogOutputStream:77 - [STDOUT_REDIRECT] 
2024-07-11 16:51:01,221 [INFO] ApplicationProperties:184 - Using Application install path: C:\ST\STM32CubeIDE_1.15.1\STM32CubeIDE\plugins\com.st.stm32cube.common.mx_6.11.1.202404110753
2024-07-11 16:51:01,246 [INFO] DbMcusXml:78 - Set database path to: C:\ST\STM32CubeIDE_1.15.1\STM32CubeIDE\plugins\com.st.stm32cube.common.mx_6.11.1.202404110753\\db\/mcu/
2024-07-11 16:51:01,247 [INFO] ApiDb:274 - Set plugin database path to: C:\ST\STM32CubeIDE_1.15.1\STM32CubeIDE\plugins\com.st.stm32cube.common.mx_6.11.1.202404110753\\db\/plugins/boardmanager/
2024-07-11 16:51:01,247 [WARN] ApiDb:259 - Overriding images path with different value:  => C:\ST\STM32CubeIDE_1.15.1\STM32CubeIDE\plugins\com.st.stm32cube.common.mx_6.11.1.202404110753\\db\/plugins/mcufinder/images/
2024-07-11 16:51:01,253 [INFO] ApiDb:250 - Set database path to: C:\Users\bhadula.kishor\.stmcufinder\plugins\mcufinder//mcu/
2024-07-11 16:51:01,254 [INFO] DbMcusAds:125 - Set database path to: C:\Users\bhadula.kishor\.stmcufinder\plugins\mcufinder//mcu/
2024-07-11 16:51:01,257 [INFO] CrossReferenceDbSqlite:203 - Set database path to: C:\Users\bhadula.kishor\.stmcufinder\plugins\mcufinder//mcu/cs/
2024-07-11 16:51:01,369 [INFO] RulesReader:64 - Compatibility file has been processed (297 Rules)
2024-07-11 16:51:01,469 [INFO] DbMcusXml:78 - Set database path to: C:\ST\STM32CubeIDE_1.15.1\STM32CubeIDE\plugins\com.st.stm32cube.common.mx_6.11.1.202404110753\\db\/mcu/
2024-07-11 16:51:01,470 [INFO] ApiDb:274 - Set plugin database path to: C:\ST\STM32CubeIDE_1.15.1\STM32CubeIDE\plugins\com.st.stm32cube.common.mx_6.11.1.202404110753\\db\/plugins/boardmanager/
2024-07-11 16:51:01,470 [INFO] ApiDb:261 - Set plugin images path to: C:\ST\STM32CubeIDE_1.15.1\STM32CubeIDE\plugins\com.st.stm32cube.common.mx_6.11.1.202404110753\\db\/plugins/mcufinder/images/
2024-07-11 16:51:01,470 [WARN] DbFile:41 - Overriding database path with different value: C:\Users\bhadula.kishor\.stmcufinder\plugins\mcufinder/ => C:\Users\bhadula.kishor\.stmcufinder\plugins\mcufinder
2024-07-11 16:51:01,470 [INFO] ApiDb:250 - Set database path to: C:\Users\bhadula.kishor\.stmcufinder\plugins\mcufinder//mcu/
2024-07-11 16:51:01,470 [WARN] DbFile:41 - Overriding database path with different value: C:\Users\bhadula.kishor\.stmcufinder\plugins\mcufinder/ => C:\Users\bhadula.kishor\.stmcufinder\plugins\mcufinder
2024-07-11 16:51:01,470 [INFO] DbMcusAds:125 - Set database path to: C:\Users\bhadula.kishor\.stmcufinder\plugins\mcufinder//mcu/
2024-07-11 16:51:01,470 [WARN] DbFile:41 - Overriding database path with different value: C:\Users\bhadula.kishor\.stmcufinder\plugins\mcufinder/ => C:\Users\bhadula.kishor\.stmcufinder\plugins\mcufinder
2024-07-11 16:51:01,471 [WARN] DbFile:41 - Overriding database path with different value: C:\Users\bhadula.kishor\.stmcufinder\plugins\mcufinder/ => C:\Users\bhadula.kishor\.stmcufinder\plugins\mcufinder
2024-07-11 16:51:01,471 [INFO] CrossReferenceDbSqlite:203 - Set database path to: C:\Users\bhadula.kishor\.stmcufinder\plugins\mcufinder//mcu/cs/
2024-07-11 16:51:01,545 [INFO] MainPanel:264 - HeapMemory: 268435456
2024-07-11 16:51:01,636 [INFO] DbMcusXml:78 - Set database path to: C:\ST\STM32CubeIDE_1.15.1\STM32CubeIDE\plugins\com.st.stm32cube.common.mx_6.11.1.202404110753\\db\/mcu/
2024-07-11 16:51:01,637 [INFO] ApiDb:274 - Set plugin database path to: C:\ST\STM32CubeIDE_1.15.1\STM32CubeIDE\plugins\com.st.stm32cube.common.mx_6.11.1.202404110753\\db\/plugins/boardmanager/
2024-07-11 16:51:01,637 [INFO] ApiDb:261 - Set plugin images path to: C:\ST\STM32CubeIDE_1.15.1\STM32CubeIDE\plugins\com.st.stm32cube.common.mx_6.11.1.202404110753\\db\/plugins/mcufinder/images/
2024-07-11 16:51:01,637 [WARN] DbFile:41 - Overriding database path with different value: C:\Users\bhadula.kishor\.stmcufinder\plugins\mcufinder/ => C:\Users\bhadula.kishor\.stmcufinder\plugins\mcufinder
2024-07-11 16:51:01,637 [INFO] ApiDb:250 - Set database path to: C:\Users\bhadula.kishor\.stmcufinder\plugins\mcufinder//mcu/
2024-07-11 16:51:01,637 [WARN] DbFile:41 - Overriding database path with different value: C:\Users\bhadula.kishor\.stmcufinder\plugins\mcufinder/ => C:\Users\bhadula.kishor\.stmcufinder\plugins\mcufinder
2024-07-11 16:51:01,637 [INFO] DbMcusAds:125 - Set database path to: C:\Users\bhadula.kishor\.stmcufinder\plugins\mcufinder//mcu/
2024-07-11 16:51:01,637 [WARN] DbFile:41 - Overriding database path with different value: C:\Users\bhadula.kishor\.stmcufinder\plugins\mcufinder/ => C:\Users\bhadula.kishor\.stmcufinder\plugins\mcufinder
2024-07-11 16:51:01,637 [WARN] DbFile:41 - Overriding database path with different value: C:\Users\bhadula.kishor\.stmcufinder\plugins\mcufinder/ => C:\Users\bhadula.kishor\.stmcufinder\plugins\mcufinder
2024-07-11 16:51:01,637 [INFO] CrossReferenceDbSqlite:203 - Set database path to: C:\Users\bhadula.kishor\.stmcufinder\plugins\mcufinder//mcu/cs/
2024-07-11 16:51:01,654 [INFO] ApplicationProperties:184 - Using Application install path: C:\ST\STM32CubeIDE_1.15.1\STM32CubeIDE\plugins\com.st.stm32cube.common.mx_6.11.1.202404110753
2024-07-11 16:51:01,656 [INFO] PluginManage:196 - Search for loadable plugins [exclusion list=, ]
2024-07-11 16:51:01,657 [INFO] PluginManage:310 - Check plugin analytics
2024-07-11 16:51:02,018 [INFO] AnalyticsPlugin:253 - Accepted Software Licenses: 
2024-07-11 16:51:02,019 [INFO] AnalyticsPlugin:255 - Accepted CMSIS Pack Licenses: 
2024-07-11 16:51:02,019 [INFO] AnalyticsPlugin:257 - Accepted Firmware Licenses: 
2024-07-11 16:51:02,023 [INFO] PluginManage:359 - Loaded plugin analytics (category:tool,tabindex:-1)
2024-07-11 16:51:02,024 [INFO] PluginManage:310 - Check plugin cadmodel
2024-07-11 16:51:02,029 [INFO] CADModel:105 - Init CAD model plugin
2024-07-11 16:51:02,030 [INFO] PluginManage:359 - Loaded plugin cadmodel (category:power,tabindex:5)
2024-07-11 16:51:02,030 [INFO] PluginManage:310 - Check plugin clock
2024-07-11 16:51:02,038 [INFO] PluginManage:359 - Loaded plugin clock (category:base,tabindex:2)
2024-07-11 16:51:02,038 [INFO] PluginManage:310 - Check plugin ddr
2024-07-11 16:51:02,041 [INFO] PluginManage:359 - Loaded plugin ddr (category:tool,tabindex:6)
2024-07-11 16:51:02,041 [INFO] PluginManage:310 - Check plugin filemanager
2024-07-11 16:51:02,158 [INFO] PluginManage:359 - Loaded plugin filemanager (category:base,tabindex:10)
2024-07-11 16:51:02,158 [INFO] PluginManage:310 - Check plugin ipmanager
2024-07-11 16:51:02,164 [INFO] PluginManage:359 - Loaded plugin ipmanager (category:base,tabindex:5)
2024-07-11 16:51:02,165 [INFO] PluginManage:310 - Check plugin lpbam
2024-07-11 16:51:02,171 [INFO] PluginManage:359 - Loaded plugin lpbam (category:base,tabindex:0)
2024-07-11 16:51:02,171 [INFO] PluginManage:310 - Check plugin memorymap
2024-07-11 16:51:02,179 [INFO] PluginManage:359 - Loaded plugin memorymap (category:base,tabindex:4)
2024-07-11 16:51:02,179 [INFO] PluginManage:310 - Check plugin pinoutandconfiguration
2024-07-11 16:51:02,182 [INFO] PluginManage:359 - Loaded plugin pinoutandconfiguration (category:base,tabindex:1)
2024-07-11 16:51:02,182 [INFO] PluginManage:310 - Check plugin pinoutconfig
2024-07-11 16:51:02,255 [WARN] SupportedApi:132 - Cannot load RTOS API schema: s4s-elt-must-match.1: The content of 'definitions' must match (annotation?, (simpleType | complexType)?, (unique | key | keyref)*)). A problem was found starting at: attribute.
2024-07-11 16:51:02,355 [INFO] PluginManage:359 - Loaded plugin pinoutconfig (category:base,tabindex:0)
2024-07-11 16:51:02,355 [INFO] PluginManage:310 - Check plugin power
2024-07-11 16:51:02,362 [INFO] PluginManage:359 - Loaded plugin power (category:power,tabindex:4)
2024-07-11 16:51:02,362 [INFO] PluginManage:310 - Check plugin projectmanager
2024-07-11 16:51:02,376 [INFO] PluginManage:359 - Loaded plugin projectmanager (category:projectmanager,tabindex:3)
2024-07-11 16:51:02,376 [INFO] PluginManage:310 - Check plugin thirdparty
2024-07-11 16:51:02,482 [WARN] IntegrityCheckThread:84 - waiting for thirdparty lock release [integrity check]
2024-07-11 16:51:02,482 [INFO] IntegrityCheckThread:86 - entering critical section [integrity check]
2024-07-11 16:51:02,483 [INFO] PluginManage:359 - Loaded plugin thirdparty (category:base,tabindex:-1)
2024-07-11 16:51:02,483 [INFO] PluginManage:310 - Check plugin tools
2024-07-11 16:51:02,483 [INFO] ThirdPartyUpdaterWithRetryManager:70 - Updater plugin not ready yet. [1/15]
2024-07-11 16:51:02,487 [INFO] PluginManage:359 - Loaded plugin tools (category:base,tabindex:7)
2024-07-11 16:51:02,487 [INFO] PluginManage:310 - Check plugin tutovideos
2024-07-11 16:51:02,624 [INFO] PluginManage:359 - Loaded plugin tutovideos (category:base,tabindex:-1)
2024-07-11 16:51:02,624 [INFO] PluginManage:310 - Check plugin updater
2024-07-11 16:51:02,633 [INFO] PluginManage:359 - Loaded plugin updater (category:base,tabindex:12)
2024-07-11 16:51:02,633 [INFO] PluginManage:310 - Check plugin userauth
2024-07-11 16:51:02,638 [INFO] UserAuth:114 - Init User Auth plugin
2024-07-11 16:51:02,638 [INFO] PluginManage:359 - Loaded plugin userauth (category:base,tabindex:14)
2024-07-11 16:51:02,638 [INFO] PluginManage:283 - PluginManage : Loaded plugins [17]
2024-07-11 16:51:02,812 [INFO] PinOutPanel:1561 - setPackage(No Configuration,No Configuration)
2024-07-11 16:51:02,877 [INFO] CADModel:165 - CPN selected for project level
2024-07-11 16:51:02,877 [INFO] CADModel:114 - Register for checkConnection events
2024-07-11 16:51:02,888 [INFO] IPUIPlugin:80 - create IPUIPlugin
2024-07-11 16:51:02,889 [INFO] PluginManager:220 - loadIPPluginJar : add adc
2024-07-11 16:51:02,890 [INFO] IPUIPlugin:80 - create IPUIPlugin
2024-07-11 16:51:02,890 [INFO] PluginManager:220 - loadIPPluginJar : add aes
2024-07-11 16:51:02,892 [INFO] IPUIPlugin:80 - create IPUIPlugin
2024-07-11 16:51:02,892 [INFO] PluginManager:220 - loadIPPluginJar : add can
2024-07-11 16:51:02,894 [INFO] IPUIPlugin:80 - create IPUIPlugin
2024-07-11 16:51:02,894 [INFO] PluginManager:220 - loadIPPluginJar : add comp
2024-07-11 16:51:02,896 [INFO] IPUIPlugin:80 - create IPUIPlugin
2024-07-11 16:51:02,896 [INFO] PluginManager:220 - loadIPPluginJar : add cryp
2024-07-11 16:51:02,897 [INFO] IPUIPlugin:80 - create IPUIPlugin
2024-07-11 16:51:02,897 [INFO] PluginManager:220 - loadIPPluginJar : add dfsdm
2024-07-11 16:51:02,902 [INFO] IPUIPlugin:80 - create IPUIPlugin
2024-07-11 16:51:02,902 [INFO] PluginManager:220 - loadIPPluginJar : add dma
2024-07-11 16:51:02,903 [INFO] IPUIPlugin:80 - create IPUIPlugin
2024-07-11 16:51:02,903 [INFO] PluginManager:220 - loadIPPluginJar : add dma3
2024-07-11 16:51:02,905 [INFO] IPUIPlugin:80 - create IPUIPlugin
2024-07-11 16:51:02,905 [INFO] PluginManager:220 - loadIPPluginJar : add extmemmanager
2024-07-11 16:51:02,906 [INFO] IPUIPlugin:80 - create IPUIPlugin
2024-07-11 16:51:02,906 [INFO] PluginManager:220 - loadIPPluginJar : add fatfs
2024-07-11 16:51:02,909 [INFO] IPUIPlugin:80 - create IPUIPlugin
2024-07-11 16:51:02,909 [INFO] PluginManager:220 - loadIPPluginJar : add fmc
2024-07-11 16:51:02,912 [INFO] IPUIPlugin:80 - create IPUIPlugin
2024-07-11 16:51:02,912 [INFO] PluginManager:220 - loadIPPluginJar : add freertos
2024-07-11 16:51:02,913 [INFO] IPUIPlugin:80 - create IPUIPlugin
2024-07-11 16:51:02,913 [INFO] PluginManager:220 - loadIPPluginJar : add genericplugin
2024-07-11 16:51:02,916 [INFO] IPUIPlugin:80 - create IPUIPlugin
2024-07-11 16:51:02,916 [INFO] PluginManager:220 - loadIPPluginJar : add gfxmmu
2024-07-11 16:51:02,919 [INFO] IPUIPlugin:80 - create IPUIPlugin
2024-07-11 16:51:02,919 [INFO] PluginManager:220 - loadIPPluginJar : add gic
2024-07-11 16:51:02,921 [INFO] IPUIPlugin:80 - create IPUIPlugin
2024-07-11 16:51:02,921 [INFO] PluginManager:220 - loadIPPluginJar : add gpio
2024-07-11 16:51:02,923 [INFO] IPUIPlugin:80 - create IPUIPlugin
2024-07-11 16:51:02,923 [INFO] PluginManager:220 - loadIPPluginJar : add gtzc
2024-07-11 16:51:02,925 [INFO] IPUIPlugin:80 - create IPUIPlugin
2024-07-11 16:51:02,925 [INFO] PluginManager:220 - loadIPPluginJar : add hash
2024-07-11 16:51:02,926 [INFO] IPUIPlugin:80 - create IPUIPlugin
2024-07-11 16:51:02,926 [INFO] PluginManager:220 - loadIPPluginJar : add i2c
2024-07-11 16:51:02,928 [INFO] IPUIPlugin:80 - create IPUIPlugin
2024-07-11 16:51:02,928 [INFO] PluginManager:220 - loadIPPluginJar : add i2s
2024-07-11 16:51:02,929 [INFO] IPUIPlugin:80 - create IPUIPlugin
2024-07-11 16:51:02,929 [INFO] PluginManager:220 - loadIPPluginJar : add i3c
2024-07-11 16:51:02,932 [INFO] IPUIPlugin:80 - create IPUIPlugin
2024-07-11 16:51:02,932 [INFO] PluginManager:220 - loadIPPluginJar : add ipddr
2024-07-11 16:51:02,938 [INFO] IPUIPlugin:80 - create IPUIPlugin
2024-07-11 16:51:02,938 [INFO] PluginManager:220 - loadIPPluginJar : add linkedlist
2024-07-11 16:51:02,940 [INFO] IPUIPlugin:80 - create IPUIPlugin
2024-07-11 16:51:02,941 [INFO] PluginManager:220 - loadIPPluginJar : add lorawan
2024-07-11 16:51:02,942 [INFO] IPUIPlugin:80 - create IPUIPlugin
2024-07-11 16:51:02,942 [INFO] PluginManager:220 - loadIPPluginJar : add ltdc
2024-07-11 16:51:02,947 [INFO] IPUIPlugin:80 - create IPUIPlugin
2024-07-11 16:51:02,947 [INFO] PluginManager:220 - loadIPPluginJar : add mdma
2024-07-11 16:51:02,949 [INFO] IPUIPlugin:80 - create IPUIPlugin
2024-07-11 16:51:02,949 [INFO] PluginManager:220 - loadIPPluginJar : add nvic
2024-07-11 16:51:02,951 [INFO] IPUIPlugin:80 - create IPUIPlugin
2024-07-11 16:51:02,951 [INFO] PluginManager:220 - loadIPPluginJar : add opamp
2024-07-11 16:51:02,953 [INFO] IPUIPlugin:80 - create IPUIPlugin
2024-07-11 16:51:02,953 [INFO] PluginManager:220 - loadIPPluginJar : add openamp
2024-07-11 16:51:02,956 [INFO] IPUIPlugin:80 - create IPUIPlugin
2024-07-11 16:51:02,956 [INFO] PluginManager:220 - loadIPPluginJar : add pdm2pcm
2024-07-11 16:51:02,961 [INFO] IPUIPlugin:80 - create IPUIPlugin
2024-07-11 16:51:02,963 [INFO] PluginManager:220 - loadIPPluginJar : add plateformsettings
2024-07-11 16:51:02,964 [INFO] IPUIPlugin:80 - create IPUIPlugin
2024-07-11 16:51:02,964 [INFO] PluginManager:220 - loadIPPluginJar : add quadspi
2024-07-11 16:51:02,966 [INFO] IPUIPlugin:80 - create IPUIPlugin
2024-07-11 16:51:02,966 [INFO] PluginManager:220 - loadIPPluginJar : add resmgrutility
2024-07-11 16:51:02,968 [INFO] IPUIPlugin:80 - create IPUIPlugin
2024-07-11 16:51:02,968 [INFO] PluginManager:220 - loadIPPluginJar : add sai
2024-07-11 16:51:02,970 [INFO] IPUIPlugin:80 - create IPUIPlugin
2024-07-11 16:51:02,970 [INFO] PluginManager:220 - loadIPPluginJar : add spi
2024-07-11 16:51:02,986 [INFO] IPUIPlugin:80 - create IPUIPlugin
2024-07-11 16:51:02,987 [INFO] PluginManager:220 - loadIPPluginJar : add stm32_wpan
2024-07-11 16:51:02,988 [INFO] IPUIPlugin:80 - create IPUIPlugin
2024-07-11 16:51:02,988 [INFO] PluginManager:220 - loadIPPluginJar : add tim
2024-07-11 16:51:02,990 [INFO] IPUIPlugin:80 - create IPUIPlugin
2024-07-11 16:51:02,991 [INFO] PluginManager:220 - loadIPPluginJar : add touchsensing
2024-07-11 16:51:02,992 [INFO] IPUIPlugin:80 - create IPUIPlugin
2024-07-11 16:51:02,992 [INFO] PluginManager:220 - loadIPPluginJar : add tracer_emb
2024-07-11 16:51:02,993 [INFO] IPUIPlugin:80 - create IPUIPlugin
2024-07-11 16:51:02,993 [INFO] PluginManager:220 - loadIPPluginJar : add ts
2024-07-11 16:51:02,995 [INFO] IPUIPlugin:80 - create IPUIPlugin
2024-07-11 16:51:02,995 [INFO] PluginManager:220 - loadIPPluginJar : add tsc
2024-07-11 16:51:02,996 [INFO] IPUIPlugin:80 - create IPUIPlugin
2024-07-11 16:51:02,997 [INFO] PluginManager:220 - loadIPPluginJar : add ucpd
2024-07-11 16:51:03,008 [INFO] IPUIPlugin:80 - create IPUIPlugin
2024-07-11 16:51:03,009 [INFO] PluginManager:220 - loadIPPluginJar : add usart
2024-07-11 16:51:03,011 [INFO] IPUIPlugin:80 - create IPUIPlugin
2024-07-11 16:51:03,011 [INFO] PluginManager:220 - loadIPPluginJar : add usbx
2024-07-11 16:51:03,134 [INFO] CADModel:165 - CPN selected for project level
2024-07-11 16:51:03,134 [INFO] CADModel:114 - Register for checkConnection events
2024-07-11 16:51:03,134 [FATAL] Updater:308 - Updater called before beeing initialized
2024-07-11 16:51:03,135 [ERROR] CADModel:125 - Updater not yet initialized, retry later 
2024-07-11 16:51:03,243 [INFO] CADModel:165 - CPN selected for project level
2024-07-11 16:51:03,243 [INFO] CADModel:114 - Register for checkConnection events
2024-07-11 16:51:03,243 [FATAL] Updater:308 - Updater called before beeing initialized
2024-07-11 16:51:03,244 [ERROR] CADModel:125 - Updater not yet initialized, retry later 
2024-07-11 16:51:03,247 [FATAL] Updater:308 - Updater called before beeing initialized
2024-07-11 16:51:03,342 [FATAL] Updater:308 - Updater called before beeing initialized
2024-07-11 16:51:03,346 [INFO] DbMcusAds:53 - JSON generation date=Thu May 16 14:52:00 IST 2024 (1715851320852)
2024-07-11 16:51:03,346 [FATAL] Updater:308 - Updater called before beeing initialized
2024-07-11 16:51:03,382 [WARN] DetailPanel:346 - Failed to get advertising image, set to default
2024-07-11 16:51:03,444 [FATAL] Updater:308 - Updater called before beeing initialized
2024-07-11 16:51:03,445 [FATAL] Updater:308 - Updater called before beeing initialized
2024-07-11 16:51:03,445 [FATAL] Updater:308 - Updater called before beeing initialized
2024-07-11 16:51:03,445 [WARN] DetailPanel:346 - Failed to get advertising image, set to default
2024-07-11 16:51:03,446 [FATAL] Updater:308 - Updater called before beeing initialized
2024-07-11 16:51:03,487 [ERROR] Updater:1120 - MainUpdater not yet initialized. External WinMGr cannot be set.
2024-07-11 16:51:03,489 [INFO] Updater:1056 - Updater Version found : 6.11.1
2024-07-11 16:51:03,504 [INFO] ApplicationProperties:184 - Using Application install path: C:\ST\STM32CubeIDE_1.15.1\STM32CubeIDE\plugins\com.st.stm32cube.common.mx_6.11.1.202404110753
2024-07-11 16:51:03,804 [INFO] MainUpdater:2873 - connection check result : 10
2024-07-11 16:51:03,804 [INFO] MainUpdater:290 - Updater Check For Update Now.
2024-07-11 16:51:03,805 [INFO] MicroXplorer:498 - Change Database Version : DB.6.0.111
2024-07-11 16:51:03,828 [INFO] McuFinderGlobals:63 - Set McuFinder mode to 2 (CubeIDE integrated)
2024-07-11 16:51:03,828 [INFO] UserAuth:179 - activating auth plugin
2024-07-11 16:51:03,830 [INFO] UserAuth:415 - Internet connection configuration mode: 1
2024-07-11 16:51:03,873 [INFO] JxBrowserEngine:152 - Initiate JxBrowser Engine with user profile folder
2024-07-11 16:51:03,987 [INFO] CheckServerUpdateThread:120 - End of CheckServer Thread
2024-07-11 16:51:05,743 [WARN] PackLoader:240 - Cannot read IP mode file for STMicroelectronics.FP-SNS-MOTENVWB1.1.4.0
2024-07-11 16:51:05,766 [WARN] PackLoader:240 - Cannot read IP mode file for STMicroelectronics.X-CUBE-SMBUS.2.1.0
2024-07-11 16:51:05,777 [WARN] PackLoader:240 - Cannot read IP mode file for STMicroelectronics.X-CUBE-TOUCHGFX.4.23.2
2024-07-11 16:51:05,816 [WARN] PackLoader:240 - Cannot read IP mode file for STMicroelectronics.X-CUBE-AZRTOS-F7.1.1.0
2024-07-11 16:51:05,829 [WARN] PackLoader:240 - Cannot read IP mode file for STMicroelectronics.FP-SNS-FLIGHT1.5.0.2
2024-07-11 16:51:05,840 [WARN] PackLoader:240 - Cannot read IP mode file for STMicroelectronics.X-CUBE-DISPLAY.3.0.0
2024-07-11 16:51:05,864 [WARN] PackLoader:240 - Cannot read IP mode file for STMicroelectronics.X-CUBE-BLE1.7.0.0
2024-07-11 16:51:05,872 [WARN] PackLoader:240 - Cannot read IP mode file for emotas.I-CUBE-CANOPEN.1.3.0
2024-07-11 16:51:05,895 [WARN] PackLoader:240 - Cannot read IP mode file for STMicroelectronics.X-CUBE-BLEMGR.3.1.0
2024-07-11 16:51:05,909 [WARN] PackLoader:240 - Cannot read IP mode file for STMicroelectronics.FP-SNS-SMARTAG2.1.2.0
2024-07-11 16:51:05,960 [INFO] LogOutputStream:77 - [STDOUT_REDIRECT] 1 : Invalid condition id : UX_CORESTACK_Condition cause : null
2024-07-11 16:51:05,962 [INFO] LogOutputStream:77 - [STDOUT_REDIRECT] 1 : Invalid condition id : UX_CORESTACK_Condition cause : null
2024-07-11 16:51:05,966 [INFO] LogOutputStream:77 - [STDOUT_REDIRECT] 1 : Invalid condition id : UX_CORESTACK_Condition cause : null
2024-07-11 16:51:05,969 [INFO] LogOutputStream:77 - [STDOUT_REDIRECT] 1 : Invalid condition id : UX_CORESTACK_Condition cause : null
2024-07-11 16:51:05,984 [INFO] LogOutputStream:77 - [STDOUT_REDIRECT] 1 : Invalid condition id : UX_CORESTACK_Condition cause : null
2024-07-11 16:51:05,992 [WARN] PackLoader:240 - Cannot read IP mode file for STMicroelectronics.X-CUBE-AZRTOS-WL.2.0.0
2024-07-11 16:51:06,005 [WARN] PackLoader:240 - Cannot read IP mode file for STMicroelectronics.FP-SNS-MOTENV1.5.0.0
2024-07-11 16:51:06,015 [WARN] PackLoader:240 - Cannot read IP mode file for wolfSSL.I-CUBE-wolfMQTT.1.19.0
2024-07-11 16:51:06,031 [WARN] PackLoader:240 - Cannot read IP mode file for WES.I-CUBE-Cesium.1.3.0
2024-07-11 16:51:06,041 [WARN] PackLoader:240 - Cannot read IP mode file for STMicroelectronics.X-CUBE-BLE2.3.3.0
2024-07-11 16:51:06,048 [WARN] PackLoader:240 - Cannot read IP mode file for STMicroelectronics.X-CUBE-TCPP.4.1.0
2024-07-11 16:51:06,076 [WARN] PackLoader:240 - Cannot read IP mode file for STMicroelectronics.X-CUBE-AZRTOS-G0.1.1.0
2024-07-11 16:51:06,097 [WARN] PackLoader:240 - Cannot read IP mode file for STMicroelectronics.X-CUBE-SAFEA1.1.2.2
2024-07-11 16:51:06,108 [WARN] PackLoader:240 - Cannot read IP mode file for STMicroelectronics.X-CUBE-NFC4.3.0.0
2024-07-11 16:51:06,121 [WARN] PackLoader:240 - Cannot read IP mode file for EmbeddedOffice.I-CUBE-FS-RTOS.1.0.1
2024-07-11 16:51:06,121 [ERROR] ConditionMgr:805 - Attr not supported : Dmpu
2024-07-11 16:51:06,122 [ERROR] ConditionMgr:805 - Attr not supported : Dmpu
2024-07-11 16:51:06,123 [ERROR] ConditionMgr:805 - Attr not supported : Dmpu
2024-07-11 16:51:06,123 [ERROR] ConditionMgr:805 - Attr not supported : Dmpu
2024-07-11 16:51:06,123 [ERROR] ConditionMgr:805 - Attr not supported : Dmpu
2024-07-11 16:51:06,123 [ERROR] ConditionMgr:805 - Attr not supported : Dmpu
2024-07-11 16:51:06,123 [ERROR] ConditionMgr:805 - Attr not supported : Dmpu
2024-07-11 16:51:06,123 [ERROR] ConditionMgr:805 - Attr not supported : Dmpu
2024-07-11 16:51:06,123 [ERROR] ConditionMgr:805 - Attr not supported : Dmpu
2024-07-11 16:51:06,123 [ERROR] ConditionMgr:805 - Attr not supported : Dmpu
2024-07-11 16:51:06,123 [ERROR] ConditionMgr:805 - Attr not supported : Dmpu
2024-07-11 16:51:06,124 [ERROR] ConditionMgr:805 - Attr not supported : Dmpu
2024-07-11 16:51:06,124 [ERROR] ConditionMgr:805 - Attr not supported : Dmpu
2024-07-11 16:51:06,124 [ERROR] ConditionMgr:805 - Attr not supported : Dmpu
2024-07-11 16:51:06,124 [ERROR] ConditionMgr:805 - Attr not supported : Dmpu
2024-07-11 16:51:06,124 [ERROR] ConditionMgr:805 - Attr not supported : Dmpu
2024-07-11 16:51:06,124 [ERROR] ConditionMgr:805 - Attr not supported : Dmpu
2024-07-11 16:51:06,124 [ERROR] ConditionMgr:805 - Attr not supported : Dmpu
2024-07-11 16:51:06,124 [ERROR] ConditionMgr:805 - Attr not supported : Dmpu
2024-07-11 16:51:06,124 [ERROR] ConditionMgr:805 - Attr not supported : Dmpu
2024-07-11 16:51:06,124 [ERROR] ConditionMgr:805 - Attr not supported : Dmpu
2024-07-11 16:51:06,125 [ERROR] ConditionMgr:805 - Attr not supported : Dmpu
2024-07-11 16:51:06,125 [ERROR] ConditionMgr:805 - Attr not supported : Dmpu
2024-07-11 16:51:06,125 [ERROR] ConditionMgr:805 - Attr not supported : Dmpu
2024-07-11 16:51:06,125 [ERROR] ConditionMgr:805 - Attr not supported : Dmpu
2024-07-11 16:51:06,125 [ERROR] ConditionMgr:805 - Attr not supported : Dmpu
2024-07-11 16:51:06,125 [ERROR] ConditionMgr:805 - Attr not supported : Dmpu
2024-07-11 16:51:06,125 [ERROR] ConditionMgr:805 - Attr not supported : Dmpu
2024-07-11 16:51:06,125 [ERROR] ConditionMgr:805 - Attr not supported : Dmpu
2024-07-11 16:51:06,125 [ERROR] ConditionMgr:805 - Attr not supported : Dmpu
2024-07-11 16:51:06,125 [ERROR] ConditionMgr:805 - Attr not supported : Dmpu
2024-07-11 16:51:06,125 [ERROR] ConditionMgr:805 - Attr not supported : Dmpu
2024-07-11 16:51:06,126 [ERROR] ConditionMgr:805 - Attr not supported : Dmpu
2024-07-11 16:51:06,126 [ERROR] ConditionMgr:805 - Attr not supported : Dmpu
2024-07-11 16:51:06,126 [ERROR] ConditionMgr:805 - Attr not supported : Dmpu
2024-07-11 16:51:06,126 [ERROR] ConditionMgr:805 - Attr not supported : Dmpu
2024-07-11 16:51:06,126 [ERROR] ConditionMgr:805 - Attr not supported : Dmpu
2024-07-11 16:51:06,126 [ERROR] ConditionMgr:805 - Attr not supported : Dmpu
2024-07-11 16:51:06,126 [ERROR] ConditionMgr:805 - Attr not supported : Dmpu
2024-07-11 16:51:06,126 [ERROR] ConditionMgr:805 - Attr not supported : Dmpu
2024-07-11 16:51:06,126 [ERROR] ConditionMgr:805 - Attr not supported : Dmpu
2024-07-11 16:51:06,126 [ERROR] ConditionMgr:805 - Attr not supported : Dmpu
2024-07-11 16:51:06,126 [ERROR] ConditionMgr:805 - Attr not supported : Dmpu
2024-07-11 16:51:06,126 [ERROR] ConditionMgr:805 - Attr not supported : Dmpu
2024-07-11 16:51:06,126 [ERROR] ConditionMgr:805 - Attr not supported : Dmpu
2024-07-11 16:51:06,126 [ERROR] ConditionMgr:805 - Attr not supported : Dmpu
2024-07-11 16:51:06,127 [ERROR] ConditionMgr:805 - Attr not supported : Dmpu
2024-07-11 16:51:06,127 [ERROR] ConditionMgr:805 - Attr not supported : Dmpu
2024-07-11 16:51:06,127 [ERROR] ConditionMgr:805 - Attr not supported : Dmpu
2024-07-11 16:51:06,127 [ERROR] ConditionMgr:805 - Attr not supported : Dmpu
2024-07-11 16:51:06,127 [ERROR] ConditionMgr:805 - Attr not supported : Dmpu
2024-07-11 16:51:06,127 [ERROR] ConditionMgr:805 - Attr not supported : Dmpu
2024-07-11 16:51:06,127 [ERROR] ConditionMgr:805 - Attr not supported : Dmpu
2024-07-11 16:51:06,127 [ERROR] ConditionMgr:805 - Attr not supported : Dmpu
2024-07-11 16:51:06,127 [ERROR] ConditionMgr:805 - Attr not supported : Dmpu
2024-07-11 16:51:06,127 [ERROR] ConditionMgr:805 - Attr not supported : Dmpu
2024-07-11 16:51:06,127 [ERROR] ConditionMgr:805 - Attr not supported : Dmpu
2024-07-11 16:51:06,127 [ERROR] ConditionMgr:805 - Attr not supported : Dmpu
2024-07-11 16:51:06,127 [ERROR] ConditionMgr:805 - Attr not supported : Dmpu
2024-07-11 16:51:06,127 [ERROR] ConditionMgr:805 - Attr not supported : Dmpu
2024-07-11 16:51:06,127 [ERROR] ConditionMgr:805 - Attr not supported : Dmpu
2024-07-11 16:51:06,127 [ERROR] ConditionMgr:805 - Attr not supported : Dmpu
2024-07-11 16:51:06,127 [ERROR] ConditionMgr:805 - Attr not supported : Dmpu
2024-07-11 16:51:06,127 [ERROR] ConditionMgr:805 - Attr not supported : Dmpu
2024-07-11 16:51:06,133 [WARN] PackLoader:240 - Cannot read IP mode file for wolfSSL.I-CUBE-wolfSSL.5.7.0
2024-07-11 16:51:06,138 [WARN] PackLoader:240 - Cannot read IP mode file for STMicroelectronics.FP-ATR-SIGFOX1.3.2.0
2024-07-11 16:51:06,143 [WARN] PackLoader:240 - Cannot read IP mode file for STMicroelectronics.X-CUBE-EEPRMA1.5.1.0
2024-07-11 16:51:06,219 [WARN] PackLoader:240 - Cannot read IP mode file for ITTIA_DB.I-CUBE-ITTIADB.8.9.0
2024-07-11 16:51:06,249 [WARN] PackLoader:240 - Cannot read IP mode file for SEGGER.I-CUBE-embOS.1.3.1
2024-07-11 16:51:06,289 [WARN] PackLoader:240 - Cannot read IP mode file for STMicroelectronics.X-CUBE-ALGOBUILD.1.4.0
2024-07-11 16:51:06,295 [WARN] PackLoader:240 - Cannot read IP mode file for STMicroelectronics.X-CUBE-GNSS1.6.0.0
2024-07-11 16:51:06,309 [WARN] PackLoader:240 - Cannot read IP mode file for STMicroelectronics.X-CUBE-AZRTOS-F4.1.1.0
2024-07-11 16:51:06,316 [WARN] PackLoader:240 - Cannot read IP mode file for STMicroelectronics.X-CUBE-FREERTOS.1.2.0
2024-07-11 16:51:06,330 [WARN] PackLoader:240 - Cannot read IP mode file for STMicroelectronics.X-CUBE-AZRTOS-L5.2.0.0
2024-07-11 16:51:06,343 [WARN] PackLoader:240 - Cannot read IP mode file for STMicroelectronics.X-CUBE-NFC6.3.1.0
2024-07-11 16:51:06,350 [WARN] PackLoader:240 - Cannot read IP mode file for STMicroelectronics.X-CUBE-DPower.1.2.0
2024-07-11 16:51:06,356 [WARN] PackLoader:240 - Cannot read IP mode file for STMicroelectronics.X-CUBE-AI.9.0.0
2024-07-11 16:51:06,361 [WARN] PackLoader:240 - Cannot read IP mode file for STMicroelectronics.X-CUBE-NFC7.1.0.1
2024-07-11 16:51:06,365 [WARN] PackLoader:240 - Cannot read IP mode file for wolfSSL.I-CUBE-wolfTPM.3.2.0
2024-07-11 16:51:06,392 [WARN] ConditionMgr:438 - getConditionDescription Invalid condition id : LAN8742 Phy interface Condition cause : null
2024-07-11 16:51:06,392 [WARN] PackLoader:240 - Cannot read IP mode file for STMicroelectronics.X-CUBE-AZRTOS-L4.2.0.0
2024-07-11 16:51:06,393 [WARN] ConditionMgr:1039 - genDependencies : Invalid condition id : LAN8742 Phy interface Condition cause : null
2024-07-11 16:51:06,394 [WARN] ConditionMgr:1039 - genDependencies : Invalid condition id : LAN8742 Phy interface Condition cause : null
2024-07-11 16:51:06,394 [WARN] ConditionMgr:1039 - genDependencies : Invalid condition id : LAN8742 Phy interface Condition cause : null
2024-07-11 16:51:06,402 [WARN] PackLoader:240 - Cannot read IP mode file for STMicroelectronics.X-CUBE-SFXS2LP1.4.0.0
2024-07-11 16:51:06,413 [WARN] ConditionMgr:438 - getConditionDescription Invalid condition id : UX DEVICE CLASS RTOS Condition cause : null
2024-07-11 16:51:06,413 [WARN] ConditionMgr:438 - getConditionDescription Invalid condition id : UX DEVICE CLASS RTOS Condition cause : null
2024-07-11 16:51:06,415 [WARN] PackLoader:240 - Cannot read IP mode file for STMicroelectronics.X-CUBE-AZRTOS-WB.2.0.0
2024-07-11 16:51:06,415 [WARN] ConditionMgr:1039 - genDependencies : Invalid condition id : UX DEVICE CLASS RTOS Condition cause : null
2024-07-11 16:51:06,416 [WARN] ConditionMgr:1039 - genDependencies : Invalid condition id : UX DEVICE CLASS RTOS Condition cause : null
2024-07-11 16:51:06,416 [WARN] ConditionMgr:1039 - genDependencies : Invalid condition id : UX DEVICE CLASS RTOS Condition cause : null
2024-07-11 16:51:06,416 [WARN] ConditionMgr:1039 - genDependencies : Invalid condition id : UX DEVICE CLASS RTOS Condition cause : null
2024-07-11 16:51:06,416 [WARN] ConditionMgr:1039 - genDependencies : Invalid condition id : UX DEVICE CLASS RTOS Condition cause : null
2024-07-11 16:51:06,425 [WARN] PackLoader:240 - Cannot read IP mode file for STMicroelectronics.X-CUBE-SUBG2.5.0.0
2024-07-11 16:51:06,433 [WARN] PackLoader:240 - Cannot read IP mode file for Cesanta.I-CUBE-Mongoose.7.13.0
2024-07-11 16:51:06,443 [WARN] PackLoader:240 - Cannot read IP mode file for STMicroelectronics.X-CUBE-AZRTOS-G4.2.0.0
2024-07-11 16:51:06,449 [WARN] PackLoader:240 - Cannot read IP mode file for STMicroelectronics.X-CUBE-ISPU.2.0.0
2024-07-11 16:51:06,453 [WARN] PackLoader:240 - Cannot read IP mode file for STMicroelectronics.X-CUBE-ALS.1.0.2
2024-07-11 16:51:06,481 [WARN] PackLoader:240 - Cannot read IP mode file for STMicroelectronics.X-CUBE-MEMS1.10.0.0
2024-07-11 16:51:06,542 [INFO] WebApp:161 - Instantiating new browser for Auth
2024-07-11 16:51:06,569 [WARN] PackLoader:240 - Cannot read IP mode file for STMicroelectronics.X-CUBE-TOUCHGFX.4.24.0
2024-07-11 16:51:06,574 [WARN] PackLoader:240 - Cannot read IP mode file for portGmbH.I-Cube-SoM-uGOAL.1.1.0
2024-07-11 16:51:06,599 [WARN] PackLoader:240 - Cannot read IP mode file for STMicroelectronics.X-CUBE-AZRTOS-H7RS.1.0.0
2024-07-11 16:51:06,611 [WARN] PackLoader:240 - Cannot read IP mode file for STMicroelectronics.FP-ATR-ASTRA1.2.0.0
2024-07-11 16:51:06,622 [WARN] PackLoader:240 - Cannot read IP mode file for STMicroelectronics.X-CUBE-TOF1.3.4.1
2024-07-11 16:51:06,650 [WARN] PackLoader:240 - Cannot read IP mode file for STMicroelectronics.X-CUBE-AZRTOS-H7.3.2.0
2024-07-11 16:51:06,664 [WARN] PackLoader:240 - Cannot read IP mode file for Infineon.AIROC-Wi-Fi-Bluetooth-STM32.1.6.0
2024-07-11 16:51:06,670 [INFO] ThirdParty:978 - Integrity check success = true
2024-07-11 16:51:06,671 [INFO] IntegrityCheckThread:100 - exiting critical section [integrity check]
2024-07-11 16:51:06,671 [INFO] IntegrityCheckThread:103 - End integrity checks thread
2024-07-11 16:51:07,908 [INFO] WebApp:779 - Register for checkConnection events
2024-07-11 16:51:07,908 [INFO] WebApp:414 - Apply proxy settings
2024-07-11 16:51:07,908 [INFO] WebApp:499 - Chromium requires no authentication
2024-07-11 16:51:07,915 [INFO] WebApp:442 - Direct internet connection detected
2024-07-11 16:51:08,041 [INFO] WebApp:192 - Starting web application
2024-07-11 16:51:08,041 [INFO] WebApp:544 - Web application path used C:\ST\STM32CubeIDE_1.15.1\STM32CubeIDE\plugins\com.st.stm32cube.common.mx_6.11.1.202404110753\db\plugins\mcufinder\reactClient1\index.html
2024-07-11 18:13:32,364 [ERROR] LogOutputStream:75 - [STDERR_REDIRECT] 
