2024-06-20 13:08:35,366 [INFO] Activator:176 - 


2024-06-20 13:08:35,366 [INFO] Activator:177 - !SESSION log4j initialized
2024-06-20 13:08:39,879 [INFO] LogOutputStream:77 - [STDOUT_REDIRECT] 
2024-06-20 13:08:40,860 [INFO] ApplicationProperties:184 - Using Application install path: C:\ST\STM32CubeIDE_1.15.1\STM32CubeIDE\plugins\com.st.stm32cube.common.mx_6.11.1.202404110753
2024-06-20 13:08:40,881 [INFO] DbMcusXml:78 - Set database path to: C:\ST\STM32CubeIDE_1.15.1\STM32CubeIDE\plugins\com.st.stm32cube.common.mx_6.11.1.202404110753\\db\/mcu/
2024-06-20 13:08:40,881 [INFO] ApiDb:274 - Set plugin database path to: C:\ST\STM32CubeIDE_1.15.1\STM32CubeIDE\plugins\com.st.stm32cube.common.mx_6.11.1.202404110753\\db\/plugins/boardmanager/
2024-06-20 13:08:40,882 [WARN] ApiDb:259 - Overriding images path with different value:  => C:\ST\STM32CubeIDE_1.15.1\STM32CubeIDE\plugins\com.st.stm32cube.common.mx_6.11.1.202404110753\\db\/plugins/mcufinder/images/
2024-06-20 13:08:40,890 [INFO] ApiDb:250 - Set database path to: C:\Users\bhadula.kishor\.stmcufinder\plugins\mcufinder//mcu/
2024-06-20 13:08:40,891 [INFO] DbMcusAds:125 - Set database path to: C:\Users\bhadula.kishor\.stmcufinder\plugins\mcufinder//mcu/
2024-06-20 13:08:40,892 [INFO] CrossReferenceDbSqlite:203 - Set database path to: C:\Users\bhadula.kishor\.stmcufinder\plugins\mcufinder//mcu/cs/
2024-06-20 13:08:40,985 [INFO] RulesReader:64 - Compatibility file has been processed (297 Rules)
2024-06-20 13:08:41,066 [INFO] DbMcusXml:78 - Set database path to: C:\ST\STM32CubeIDE_1.15.1\STM32CubeIDE\plugins\com.st.stm32cube.common.mx_6.11.1.202404110753\\db\/mcu/
2024-06-20 13:08:41,066 [INFO] ApiDb:274 - Set plugin database path to: C:\ST\STM32CubeIDE_1.15.1\STM32CubeIDE\plugins\com.st.stm32cube.common.mx_6.11.1.202404110753\\db\/plugins/boardmanager/
2024-06-20 13:08:41,066 [INFO] ApiDb:261 - Set plugin images path to: C:\ST\STM32CubeIDE_1.15.1\STM32CubeIDE\plugins\com.st.stm32cube.common.mx_6.11.1.202404110753\\db\/plugins/mcufinder/images/
2024-06-20 13:08:41,067 [WARN] DbFile:41 - Overriding database path with different value: C:\Users\bhadula.kishor\.stmcufinder\plugins\mcufinder/ => C:\Users\bhadula.kishor\.stmcufinder\plugins\mcufinder
2024-06-20 13:08:41,067 [INFO] ApiDb:250 - Set database path to: C:\Users\bhadula.kishor\.stmcufinder\plugins\mcufinder//mcu/
2024-06-20 13:08:41,067 [WARN] DbFile:41 - Overriding database path with different value: C:\Users\bhadula.kishor\.stmcufinder\plugins\mcufinder/ => C:\Users\bhadula.kishor\.stmcufinder\plugins\mcufinder
2024-06-20 13:08:41,067 [INFO] DbMcusAds:125 - Set database path to: C:\Users\bhadula.kishor\.stmcufinder\plugins\mcufinder//mcu/
2024-06-20 13:08:41,067 [WARN] DbFile:41 - Overriding database path with different value: C:\Users\bhadula.kishor\.stmcufinder\plugins\mcufinder/ => C:\Users\bhadula.kishor\.stmcufinder\plugins\mcufinder
2024-06-20 13:08:41,067 [WARN] DbFile:41 - Overriding database path with different value: C:\Users\bhadula.kishor\.stmcufinder\plugins\mcufinder/ => C:\Users\bhadula.kishor\.stmcufinder\plugins\mcufinder
2024-06-20 13:08:41,067 [INFO] CrossReferenceDbSqlite:203 - Set database path to: C:\Users\bhadula.kishor\.stmcufinder\plugins\mcufinder//mcu/cs/
2024-06-20 13:08:41,135 [INFO] MainPanel:264 - HeapMemory: 268435456
2024-06-20 13:08:41,210 [INFO] DbMcusXml:78 - Set database path to: C:\ST\STM32CubeIDE_1.15.1\STM32CubeIDE\plugins\com.st.stm32cube.common.mx_6.11.1.202404110753\\db\/mcu/
2024-06-20 13:08:41,210 [INFO] ApiDb:274 - Set plugin database path to: C:\ST\STM32CubeIDE_1.15.1\STM32CubeIDE\plugins\com.st.stm32cube.common.mx_6.11.1.202404110753\\db\/plugins/boardmanager/
2024-06-20 13:08:41,210 [INFO] ApiDb:261 - Set plugin images path to: C:\ST\STM32CubeIDE_1.15.1\STM32CubeIDE\plugins\com.st.stm32cube.common.mx_6.11.1.202404110753\\db\/plugins/mcufinder/images/
2024-06-20 13:08:41,210 [WARN] DbFile:41 - Overriding database path with different value: C:\Users\bhadula.kishor\.stmcufinder\plugins\mcufinder/ => C:\Users\bhadula.kishor\.stmcufinder\plugins\mcufinder
2024-06-20 13:08:41,210 [INFO] ApiDb:250 - Set database path to: C:\Users\bhadula.kishor\.stmcufinder\plugins\mcufinder//mcu/
2024-06-20 13:08:41,210 [WARN] DbFile:41 - Overriding database path with different value: C:\Users\bhadula.kishor\.stmcufinder\plugins\mcufinder/ => C:\Users\bhadula.kishor\.stmcufinder\plugins\mcufinder
2024-06-20 13:08:41,210 [INFO] DbMcusAds:125 - Set database path to: C:\Users\bhadula.kishor\.stmcufinder\plugins\mcufinder//mcu/
2024-06-20 13:08:41,210 [WARN] DbFile:41 - Overriding database path with different value: C:\Users\bhadula.kishor\.stmcufinder\plugins\mcufinder/ => C:\Users\bhadula.kishor\.stmcufinder\plugins\mcufinder
2024-06-20 13:08:41,210 [WARN] DbFile:41 - Overriding database path with different value: C:\Users\bhadula.kishor\.stmcufinder\plugins\mcufinder/ => C:\Users\bhadula.kishor\.stmcufinder\plugins\mcufinder
2024-06-20 13:08:41,210 [INFO] CrossReferenceDbSqlite:203 - Set database path to: C:\Users\bhadula.kishor\.stmcufinder\plugins\mcufinder//mcu/cs/
2024-06-20 13:08:41,225 [INFO] ApplicationProperties:184 - Using Application install path: C:\ST\STM32CubeIDE_1.15.1\STM32CubeIDE\plugins\com.st.stm32cube.common.mx_6.11.1.202404110753
2024-06-20 13:08:41,226 [INFO] PluginManage:196 - Search for loadable plugins [exclusion list=, ]
2024-06-20 13:08:41,227 [INFO] PluginManage:310 - Check plugin analytics
2024-06-20 13:08:41,404 [INFO] AnalyticsPlugin:253 - Accepted Software Licenses: 
2024-06-20 13:08:41,404 [INFO] AnalyticsPlugin:255 - Accepted CMSIS Pack Licenses: 
2024-06-20 13:08:41,405 [INFO] AnalyticsPlugin:257 - Accepted Firmware Licenses: 
2024-06-20 13:08:41,409 [INFO] PluginManage:359 - Loaded plugin analytics (category:tool,tabindex:-1)
2024-06-20 13:08:41,410 [INFO] PluginManage:310 - Check plugin cadmodel
2024-06-20 13:08:41,417 [INFO] CADModel:105 - Init CAD model plugin
2024-06-20 13:08:41,418 [INFO] PluginManage:359 - Loaded plugin cadmodel (category:power,tabindex:5)
2024-06-20 13:08:41,418 [INFO] PluginManage:310 - Check plugin clock
2024-06-20 13:08:41,434 [INFO] PluginManage:359 - Loaded plugin clock (category:base,tabindex:2)
2024-06-20 13:08:41,435 [INFO] PluginManage:310 - Check plugin ddr
2024-06-20 13:08:41,437 [INFO] PluginManage:359 - Loaded plugin ddr (category:tool,tabindex:6)
2024-06-20 13:08:41,437 [INFO] PluginManage:310 - Check plugin filemanager
2024-06-20 13:08:41,570 [INFO] PluginManage:359 - Loaded plugin filemanager (category:base,tabindex:10)
2024-06-20 13:08:41,570 [INFO] PluginManage:310 - Check plugin ipmanager
2024-06-20 13:08:41,579 [INFO] PluginManage:359 - Loaded plugin ipmanager (category:base,tabindex:5)
2024-06-20 13:08:41,579 [INFO] PluginManage:310 - Check plugin lpbam
2024-06-20 13:08:41,586 [INFO] PluginManage:359 - Loaded plugin lpbam (category:base,tabindex:0)
2024-06-20 13:08:41,586 [INFO] PluginManage:310 - Check plugin memorymap
2024-06-20 13:08:41,596 [INFO] PluginManage:359 - Loaded plugin memorymap (category:base,tabindex:4)
2024-06-20 13:08:41,597 [INFO] PluginManage:310 - Check plugin pinoutandconfiguration
2024-06-20 13:08:41,602 [INFO] PluginManage:359 - Loaded plugin pinoutandconfiguration (category:base,tabindex:1)
2024-06-20 13:08:41,602 [INFO] PluginManage:310 - Check plugin pinoutconfig
2024-06-20 13:08:41,670 [WARN] SupportedApi:132 - Cannot load RTOS API schema: s4s-elt-must-match.1: The content of 'definitions' must match (annotation?, (simpleType | complexType)?, (unique | key | keyref)*)). A problem was found starting at: attribute.
2024-06-20 13:08:41,774 [INFO] PluginManage:359 - Loaded plugin pinoutconfig (category:base,tabindex:0)
2024-06-20 13:08:41,774 [INFO] PluginManage:310 - Check plugin power
2024-06-20 13:08:41,783 [INFO] PluginManage:359 - Loaded plugin power (category:power,tabindex:4)
2024-06-20 13:08:41,783 [INFO] PluginManage:310 - Check plugin projectmanager
2024-06-20 13:08:41,795 [INFO] PluginManage:359 - Loaded plugin projectmanager (category:projectmanager,tabindex:3)
2024-06-20 13:08:41,795 [INFO] PluginManage:310 - Check plugin thirdparty
2024-06-20 13:08:41,903 [WARN] IntegrityCheckThread:84 - waiting for thirdparty lock release [integrity check]
2024-06-20 13:08:41,904 [INFO] IntegrityCheckThread:86 - entering critical section [integrity check]
2024-06-20 13:08:41,904 [INFO] PluginManage:359 - Loaded plugin thirdparty (category:base,tabindex:-1)
2024-06-20 13:08:41,904 [INFO] PluginManage:310 - Check plugin tools
2024-06-20 13:08:41,904 [INFO] ThirdPartyUpdaterWithRetryManager:70 - Updater plugin not ready yet. [1/15]
2024-06-20 13:08:41,908 [INFO] PluginManage:359 - Loaded plugin tools (category:base,tabindex:7)
2024-06-20 13:08:41,908 [INFO] PluginManage:310 - Check plugin tutovideos
2024-06-20 13:08:42,053 [INFO] PluginManage:359 - Loaded plugin tutovideos (category:base,tabindex:-1)
2024-06-20 13:08:42,053 [INFO] PluginManage:310 - Check plugin updater
2024-06-20 13:08:42,064 [INFO] PluginManage:359 - Loaded plugin updater (category:base,tabindex:12)
2024-06-20 13:08:42,064 [INFO] PluginManage:310 - Check plugin userauth
2024-06-20 13:08:42,069 [INFO] UserAuth:114 - Init User Auth plugin
2024-06-20 13:08:42,069 [INFO] PluginManage:359 - Loaded plugin userauth (category:base,tabindex:14)
2024-06-20 13:08:42,070 [INFO] PluginManage:283 - PluginManage : Loaded plugins [17]
2024-06-20 13:08:42,273 [INFO] PinOutPanel:1561 - setPackage(No Configuration,No Configuration)
2024-06-20 13:08:42,341 [INFO] CADModel:165 - CPN selected for project level
2024-06-20 13:08:42,341 [INFO] CADModel:114 - Register for checkConnection events
2024-06-20 13:08:42,356 [INFO] IPUIPlugin:80 - create IPUIPlugin
2024-06-20 13:08:42,356 [INFO] PluginManager:220 - loadIPPluginJar : add adc
2024-06-20 13:08:42,358 [INFO] IPUIPlugin:80 - create IPUIPlugin
2024-06-20 13:08:42,358 [INFO] PluginManager:220 - loadIPPluginJar : add aes
2024-06-20 13:08:42,361 [INFO] IPUIPlugin:80 - create IPUIPlugin
2024-06-20 13:08:42,361 [INFO] PluginManager:220 - loadIPPluginJar : add can
2024-06-20 13:08:42,362 [INFO] IPUIPlugin:80 - create IPUIPlugin
2024-06-20 13:08:42,362 [INFO] PluginManager:220 - loadIPPluginJar : add comp
2024-06-20 13:08:42,364 [INFO] IPUIPlugin:80 - create IPUIPlugin
2024-06-20 13:08:42,364 [INFO] PluginManager:220 - loadIPPluginJar : add cryp
2024-06-20 13:08:42,367 [INFO] IPUIPlugin:80 - create IPUIPlugin
2024-06-20 13:08:42,367 [INFO] PluginManager:220 - loadIPPluginJar : add dfsdm
2024-06-20 13:08:42,372 [INFO] IPUIPlugin:80 - create IPUIPlugin
2024-06-20 13:08:42,372 [INFO] PluginManager:220 - loadIPPluginJar : add dma
2024-06-20 13:08:42,374 [INFO] IPUIPlugin:80 - create IPUIPlugin
2024-06-20 13:08:42,374 [INFO] PluginManager:220 - loadIPPluginJar : add dma3
2024-06-20 13:08:42,376 [INFO] IPUIPlugin:80 - create IPUIPlugin
2024-06-20 13:08:42,376 [INFO] PluginManager:220 - loadIPPluginJar : add extmemmanager
2024-06-20 13:08:42,377 [INFO] IPUIPlugin:80 - create IPUIPlugin
2024-06-20 13:08:42,377 [INFO] PluginManager:220 - loadIPPluginJar : add fatfs
2024-06-20 13:08:42,381 [INFO] IPUIPlugin:80 - create IPUIPlugin
2024-06-20 13:08:42,381 [INFO] PluginManager:220 - loadIPPluginJar : add fmc
2024-06-20 13:08:42,385 [INFO] IPUIPlugin:80 - create IPUIPlugin
2024-06-20 13:08:42,385 [INFO] PluginManager:220 - loadIPPluginJar : add freertos
2024-06-20 13:08:42,387 [INFO] IPUIPlugin:80 - create IPUIPlugin
2024-06-20 13:08:42,387 [INFO] PluginManager:220 - loadIPPluginJar : add genericplugin
2024-06-20 13:08:42,390 [INFO] IPUIPlugin:80 - create IPUIPlugin
2024-06-20 13:08:42,390 [INFO] PluginManager:220 - loadIPPluginJar : add gfxmmu
2024-06-20 13:08:42,395 [INFO] IPUIPlugin:80 - create IPUIPlugin
2024-06-20 13:08:42,395 [INFO] PluginManager:220 - loadIPPluginJar : add gic
2024-06-20 13:08:42,399 [INFO] IPUIPlugin:80 - create IPUIPlugin
2024-06-20 13:08:42,399 [INFO] PluginManager:220 - loadIPPluginJar : add gpio
2024-06-20 13:08:42,402 [INFO] IPUIPlugin:80 - create IPUIPlugin
2024-06-20 13:08:42,402 [INFO] PluginManager:220 - loadIPPluginJar : add gtzc
2024-06-20 13:08:42,404 [INFO] IPUIPlugin:80 - create IPUIPlugin
2024-06-20 13:08:42,404 [INFO] PluginManager:220 - loadIPPluginJar : add hash
2024-06-20 13:08:42,406 [INFO] IPUIPlugin:80 - create IPUIPlugin
2024-06-20 13:08:42,406 [INFO] PluginManager:220 - loadIPPluginJar : add i2c
2024-06-20 13:08:42,408 [INFO] IPUIPlugin:80 - create IPUIPlugin
2024-06-20 13:08:42,408 [INFO] PluginManager:220 - loadIPPluginJar : add i2s
2024-06-20 13:08:42,410 [INFO] IPUIPlugin:80 - create IPUIPlugin
2024-06-20 13:08:42,410 [INFO] PluginManager:220 - loadIPPluginJar : add i3c
2024-06-20 13:08:42,412 [INFO] IPUIPlugin:80 - create IPUIPlugin
2024-06-20 13:08:42,413 [INFO] PluginManager:220 - loadIPPluginJar : add ipddr
2024-06-20 13:08:42,418 [INFO] IPUIPlugin:80 - create IPUIPlugin
2024-06-20 13:08:42,419 [INFO] PluginManager:220 - loadIPPluginJar : add linkedlist
2024-06-20 13:08:42,422 [INFO] IPUIPlugin:80 - create IPUIPlugin
2024-06-20 13:08:42,422 [INFO] PluginManager:220 - loadIPPluginJar : add lorawan
2024-06-20 13:08:42,422 [INFO] IPUIPlugin:80 - create IPUIPlugin
2024-06-20 13:08:42,422 [INFO] PluginManager:220 - loadIPPluginJar : add ltdc
2024-06-20 13:08:42,428 [INFO] IPUIPlugin:80 - create IPUIPlugin
2024-06-20 13:08:42,428 [INFO] PluginManager:220 - loadIPPluginJar : add mdma
2024-06-20 13:08:42,431 [INFO] IPUIPlugin:80 - create IPUIPlugin
2024-06-20 13:08:42,431 [INFO] PluginManager:220 - loadIPPluginJar : add nvic
2024-06-20 13:08:42,434 [INFO] IPUIPlugin:80 - create IPUIPlugin
2024-06-20 13:08:42,434 [INFO] PluginManager:220 - loadIPPluginJar : add opamp
2024-06-20 13:08:42,436 [INFO] IPUIPlugin:80 - create IPUIPlugin
2024-06-20 13:08:42,436 [INFO] PluginManager:220 - loadIPPluginJar : add openamp
2024-06-20 13:08:42,438 [INFO] IPUIPlugin:80 - create IPUIPlugin
2024-06-20 13:08:42,439 [INFO] PluginManager:220 - loadIPPluginJar : add pdm2pcm
2024-06-20 13:08:42,442 [INFO] IPUIPlugin:80 - create IPUIPlugin
2024-06-20 13:08:42,445 [INFO] PluginManager:220 - loadIPPluginJar : add plateformsettings
2024-06-20 13:08:42,446 [INFO] IPUIPlugin:80 - create IPUIPlugin
2024-06-20 13:08:42,446 [INFO] PluginManager:220 - loadIPPluginJar : add quadspi
2024-06-20 13:08:42,449 [INFO] IPUIPlugin:80 - create IPUIPlugin
2024-06-20 13:08:42,449 [INFO] PluginManager:220 - loadIPPluginJar : add resmgrutility
2024-06-20 13:08:42,452 [INFO] IPUIPlugin:80 - create IPUIPlugin
2024-06-20 13:08:42,452 [INFO] PluginManager:220 - loadIPPluginJar : add sai
2024-06-20 13:08:42,453 [INFO] IPUIPlugin:80 - create IPUIPlugin
2024-06-20 13:08:42,453 [INFO] PluginManager:220 - loadIPPluginJar : add spi
2024-06-20 13:08:42,458 [INFO] IPUIPlugin:80 - create IPUIPlugin
2024-06-20 13:08:42,458 [INFO] PluginManager:220 - loadIPPluginJar : add stm32_wpan
2024-06-20 13:08:42,459 [INFO] IPUIPlugin:80 - create IPUIPlugin
2024-06-20 13:08:42,459 [INFO] PluginManager:220 - loadIPPluginJar : add tim
2024-06-20 13:08:42,460 [INFO] IPUIPlugin:80 - create IPUIPlugin
2024-06-20 13:08:42,461 [INFO] PluginManager:220 - loadIPPluginJar : add touchsensing
2024-06-20 13:08:42,462 [INFO] IPUIPlugin:80 - create IPUIPlugin
2024-06-20 13:08:42,462 [INFO] PluginManager:220 - loadIPPluginJar : add tracer_emb
2024-06-20 13:08:42,464 [INFO] IPUIPlugin:80 - create IPUIPlugin
2024-06-20 13:08:42,464 [INFO] PluginManager:220 - loadIPPluginJar : add ts
2024-06-20 13:08:42,465 [INFO] IPUIPlugin:80 - create IPUIPlugin
2024-06-20 13:08:42,466 [INFO] PluginManager:220 - loadIPPluginJar : add tsc
2024-06-20 13:08:42,467 [INFO] IPUIPlugin:80 - create IPUIPlugin
2024-06-20 13:08:42,467 [INFO] PluginManager:220 - loadIPPluginJar : add ucpd
2024-06-20 13:08:42,472 [INFO] IPUIPlugin:80 - create IPUIPlugin
2024-06-20 13:08:42,472 [INFO] PluginManager:220 - loadIPPluginJar : add usart
2024-06-20 13:08:42,474 [INFO] IPUIPlugin:80 - create IPUIPlugin
2024-06-20 13:08:42,474 [INFO] PluginManager:220 - loadIPPluginJar : add usbx
2024-06-20 13:08:42,598 [INFO] CADModel:165 - CPN selected for project level
2024-06-20 13:08:42,598 [INFO] CADModel:114 - Register for checkConnection events
2024-06-20 13:08:42,599 [FATAL] Updater:308 - Updater called before beeing initialized
2024-06-20 13:08:42,599 [ERROR] CADModel:125 - Updater not yet initialized, retry later 
2024-06-20 13:08:42,730 [INFO] CADModel:165 - CPN selected for project level
2024-06-20 13:08:42,730 [INFO] CADModel:114 - Register for checkConnection events
2024-06-20 13:08:42,730 [FATAL] Updater:308 - Updater called before beeing initialized
2024-06-20 13:08:42,730 [ERROR] CADModel:125 - Updater not yet initialized, retry later 
2024-06-20 13:08:42,733 [FATAL] Updater:308 - Updater called before beeing initialized
2024-06-20 13:08:42,839 [FATAL] Updater:308 - Updater called before beeing initialized
2024-06-20 13:08:42,850 [INFO] DbMcusAds:53 - JSON generation date=Thu May 16 14:52:00 IST 2024 (1715851320852)
2024-06-20 13:08:42,850 [FATAL] Updater:308 - Updater called before beeing initialized
2024-06-20 13:08:42,900 [WARN] DetailPanel:346 - Failed to get advertising image, set to default
2024-06-20 13:08:42,969 [FATAL] Updater:308 - Updater called before beeing initialized
2024-06-20 13:08:42,970 [FATAL] Updater:308 - Updater called before beeing initialized
2024-06-20 13:08:42,970 [FATAL] Updater:308 - Updater called before beeing initialized
2024-06-20 13:08:42,970 [WARN] DetailPanel:346 - Failed to get advertising image, set to default
2024-06-20 13:08:42,971 [FATAL] Updater:308 - Updater called before beeing initialized
2024-06-20 13:08:43,013 [ERROR] Updater:1120 - MainUpdater not yet initialized. External WinMGr cannot be set.
2024-06-20 13:08:43,015 [INFO] Updater:1056 - Updater Version found : 6.11.1
2024-06-20 13:08:43,033 [INFO] ApplicationProperties:184 - Using Application install path: C:\ST\STM32CubeIDE_1.15.1\STM32CubeIDE\plugins\com.st.stm32cube.common.mx_6.11.1.202404110753
2024-06-20 13:08:43,349 [INFO] MainUpdater:2873 - connection check result : 10
2024-06-20 13:08:43,350 [INFO] MainUpdater:290 - Updater Check For Update Now.
2024-06-20 13:08:43,350 [INFO] MicroXplorer:498 - Change Database Version : DB.6.0.111
2024-06-20 13:08:43,374 [INFO] McuFinderGlobals:63 - Set McuFinder mode to 2 (CubeIDE integrated)
2024-06-20 13:08:43,375 [INFO] UserAuth:179 - activating auth plugin
2024-06-20 13:08:43,378 [INFO] UserAuth:415 - Internet connection configuration mode: 1
2024-06-20 13:08:43,426 [INFO] JxBrowserEngine:152 - Initiate JxBrowser Engine with user profile folder
2024-06-20 13:08:43,529 [INFO] CheckServerUpdateThread:120 - End of CheckServer Thread
2024-06-20 13:08:45,127 [WARN] PackLoader:240 - Cannot read IP mode file for STMicroelectronics.FP-SNS-MOTENVWB1.1.4.0
2024-06-20 13:08:45,163 [WARN] PackLoader:240 - Cannot read IP mode file for STMicroelectronics.X-CUBE-SMBUS.2.1.0
2024-06-20 13:08:45,173 [WARN] PackLoader:240 - Cannot read IP mode file for STMicroelectronics.X-CUBE-TOUCHGFX.4.23.2
2024-06-20 13:08:45,217 [WARN] PackLoader:240 - Cannot read IP mode file for STMicroelectronics.X-CUBE-AZRTOS-F7.1.1.0
2024-06-20 13:08:45,229 [WARN] PackLoader:240 - Cannot read IP mode file for STMicroelectronics.FP-SNS-FLIGHT1.5.0.2
2024-06-20 13:08:45,242 [WARN] PackLoader:240 - Cannot read IP mode file for STMicroelectronics.X-CUBE-DISPLAY.3.0.0
2024-06-20 13:08:45,264 [WARN] PackLoader:240 - Cannot read IP mode file for STMicroelectronics.X-CUBE-BLE1.7.0.0
2024-06-20 13:08:45,272 [WARN] PackLoader:240 - Cannot read IP mode file for emotas.I-CUBE-CANOPEN.1.3.0
2024-06-20 13:08:45,288 [WARN] PackLoader:240 - Cannot read IP mode file for STMicroelectronics.X-CUBE-BLEMGR.3.1.0
2024-06-20 13:08:45,298 [WARN] PackLoader:240 - Cannot read IP mode file for STMicroelectronics.FP-SNS-SMARTAG2.1.2.0
2024-06-20 13:08:45,318 [INFO] LogOutputStream:77 - [STDOUT_REDIRECT] 1 : Invalid condition id : UX_CORESTACK_Condition cause : null
2024-06-20 13:08:45,319 [INFO] LogOutputStream:77 - [STDOUT_REDIRECT] 1 : Invalid condition id : UX_CORESTACK_Condition cause : null
2024-06-20 13:08:45,321 [INFO] LogOutputStream:77 - [STDOUT_REDIRECT] 1 : Invalid condition id : UX_CORESTACK_Condition cause : null
2024-06-20 13:08:45,323 [INFO] LogOutputStream:77 - [STDOUT_REDIRECT] 1 : Invalid condition id : UX_CORESTACK_Condition cause : null
2024-06-20 13:08:45,325 [INFO] LogOutputStream:77 - [STDOUT_REDIRECT] 1 : Invalid condition id : UX_CORESTACK_Condition cause : null
2024-06-20 13:08:45,328 [WARN] PackLoader:240 - Cannot read IP mode file for STMicroelectronics.X-CUBE-AZRTOS-WL.2.0.0
2024-06-20 13:08:45,337 [WARN] PackLoader:240 - Cannot read IP mode file for STMicroelectronics.FP-SNS-MOTENV1.5.0.0
2024-06-20 13:08:45,343 [WARN] PackLoader:240 - Cannot read IP mode file for wolfSSL.I-CUBE-wolfMQTT.1.19.0
2024-06-20 13:08:45,357 [WARN] PackLoader:240 - Cannot read IP mode file for WES.I-CUBE-Cesium.1.3.0
2024-06-20 13:08:45,364 [WARN] PackLoader:240 - Cannot read IP mode file for STMicroelectronics.X-CUBE-BLE2.3.3.0
2024-06-20 13:08:45,371 [WARN] PackLoader:240 - Cannot read IP mode file for STMicroelectronics.X-CUBE-TCPP.4.1.0
2024-06-20 13:08:45,388 [WARN] PackLoader:240 - Cannot read IP mode file for STMicroelectronics.X-CUBE-AZRTOS-G0.1.1.0
2024-06-20 13:08:45,396 [WARN] PackLoader:240 - Cannot read IP mode file for STMicroelectronics.X-CUBE-SAFEA1.1.2.2
2024-06-20 13:08:45,402 [WARN] PackLoader:240 - Cannot read IP mode file for STMicroelectronics.X-CUBE-NFC4.3.0.0
2024-06-20 13:08:45,407 [WARN] PackLoader:240 - Cannot read IP mode file for wolfSSL.I-CUBE-wolfSSL.5.7.0
2024-06-20 13:08:45,412 [WARN] PackLoader:240 - Cannot read IP mode file for STMicroelectronics.FP-ATR-SIGFOX1.3.2.0
2024-06-20 13:08:45,418 [WARN] PackLoader:240 - Cannot read IP mode file for STMicroelectronics.X-CUBE-EEPRMA1.5.1.0
2024-06-20 13:08:45,425 [WARN] PackLoader:240 - Cannot read IP mode file for ITTIA_DB.I-CUBE-ITTIADB.8.9.0
2024-06-20 13:08:45,470 [WARN] PackLoader:240 - Cannot read IP mode file for SEGGER.I-CUBE-embOS.1.3.1
2024-06-20 13:08:45,511 [WARN] PackLoader:240 - Cannot read IP mode file for STMicroelectronics.X-CUBE-ALGOBUILD.1.4.0
2024-06-20 13:08:45,516 [WARN] PackLoader:240 - Cannot read IP mode file for STMicroelectronics.X-CUBE-GNSS1.6.0.0
2024-06-20 13:08:45,535 [WARN] PackLoader:240 - Cannot read IP mode file for STMicroelectronics.X-CUBE-AZRTOS-F4.1.1.0
2024-06-20 13:08:45,543 [WARN] PackLoader:240 - Cannot read IP mode file for STMicroelectronics.X-CUBE-FREERTOS.1.2.0
2024-06-20 13:08:45,559 [WARN] PackLoader:240 - Cannot read IP mode file for STMicroelectronics.X-CUBE-AZRTOS-L5.2.0.0
2024-06-20 13:08:45,567 [WARN] PackLoader:240 - Cannot read IP mode file for STMicroelectronics.X-CUBE-NFC6.3.1.0
2024-06-20 13:08:45,575 [WARN] PackLoader:240 - Cannot read IP mode file for STMicroelectronics.X-CUBE-AI.9.0.0
2024-06-20 13:08:45,580 [WARN] PackLoader:240 - Cannot read IP mode file for STMicroelectronics.X-CUBE-NFC7.1.0.1
2024-06-20 13:08:45,597 [WARN] ConditionMgr:438 - getConditionDescription Invalid condition id : LAN8742 Phy interface Condition cause : null
2024-06-20 13:08:45,597 [WARN] PackLoader:240 - Cannot read IP mode file for STMicroelectronics.X-CUBE-AZRTOS-L4.2.0.0
2024-06-20 13:08:45,598 [WARN] ConditionMgr:1039 - genDependencies : Invalid condition id : LAN8742 Phy interface Condition cause : null
2024-06-20 13:08:45,599 [WARN] ConditionMgr:1039 - genDependencies : Invalid condition id : LAN8742 Phy interface Condition cause : null
2024-06-20 13:08:45,599 [WARN] ConditionMgr:1039 - genDependencies : Invalid condition id : LAN8742 Phy interface Condition cause : null
2024-06-20 13:08:45,612 [WARN] PackLoader:240 - Cannot read IP mode file for STMicroelectronics.X-CUBE-SFXS2LP1.4.0.0
2024-06-20 13:08:45,627 [WARN] ConditionMgr:438 - getConditionDescription Invalid condition id : UX DEVICE CLASS RTOS Condition cause : null
2024-06-20 13:08:45,628 [WARN] ConditionMgr:438 - getConditionDescription Invalid condition id : UX DEVICE CLASS RTOS Condition cause : null
2024-06-20 13:08:45,630 [WARN] PackLoader:240 - Cannot read IP mode file for STMicroelectronics.X-CUBE-AZRTOS-WB.2.0.0
2024-06-20 13:08:45,631 [WARN] ConditionMgr:1039 - genDependencies : Invalid condition id : UX DEVICE CLASS RTOS Condition cause : null
2024-06-20 13:08:45,631 [WARN] ConditionMgr:1039 - genDependencies : Invalid condition id : UX DEVICE CLASS RTOS Condition cause : null
2024-06-20 13:08:45,632 [WARN] ConditionMgr:1039 - genDependencies : Invalid condition id : UX DEVICE CLASS RTOS Condition cause : null
2024-06-20 13:08:45,633 [WARN] ConditionMgr:1039 - genDependencies : Invalid condition id : UX DEVICE CLASS RTOS Condition cause : null
2024-06-20 13:08:45,633 [WARN] ConditionMgr:1039 - genDependencies : Invalid condition id : UX DEVICE CLASS RTOS Condition cause : null
2024-06-20 13:08:45,645 [WARN] PackLoader:240 - Cannot read IP mode file for STMicroelectronics.X-CUBE-SUBG2.5.0.0
2024-06-20 13:08:45,659 [WARN] PackLoader:240 - Cannot read IP mode file for Cesanta.I-CUBE-Mongoose.7.13.0
2024-06-20 13:08:45,674 [WARN] PackLoader:240 - Cannot read IP mode file for STMicroelectronics.X-CUBE-AZRTOS-G4.2.0.0
2024-06-20 13:08:45,682 [WARN] PackLoader:240 - Cannot read IP mode file for STMicroelectronics.X-CUBE-ISPU.2.0.0
2024-06-20 13:08:45,687 [WARN] PackLoader:240 - Cannot read IP mode file for STMicroelectronics.X-CUBE-ALS.1.0.2
2024-06-20 13:08:45,745 [WARN] PackLoader:240 - Cannot read IP mode file for STMicroelectronics.X-CUBE-MEMS1.10.0.0
2024-06-20 13:08:45,850 [WARN] PackLoader:240 - Cannot read IP mode file for portGmbH.I-Cube-SoM-uGOAL.1.1.0
2024-06-20 13:08:45,868 [WARN] PackLoader:240 - Cannot read IP mode file for STMicroelectronics.X-CUBE-AZRTOS-H7RS.1.0.0
2024-06-20 13:08:45,876 [WARN] PackLoader:240 - Cannot read IP mode file for STMicroelectronics.FP-ATR-ASTRA1.2.0.0
2024-06-20 13:08:45,888 [WARN] PackLoader:240 - Cannot read IP mode file for STMicroelectronics.X-CUBE-TOF1.3.4.1
2024-06-20 13:08:45,919 [WARN] PackLoader:240 - Cannot read IP mode file for STMicroelectronics.X-CUBE-AZRTOS-H7.3.2.0
2024-06-20 13:08:45,935 [WARN] PackLoader:240 - Cannot read IP mode file for Infineon.AIROC-Wi-Fi-Bluetooth-STM32.1.6.0
2024-06-20 13:08:45,940 [INFO] ThirdParty:978 - Integrity check success = true
2024-06-20 13:08:45,941 [INFO] IntegrityCheckThread:100 - exiting critical section [integrity check]
2024-06-20 13:08:45,941 [INFO] IntegrityCheckThread:103 - End integrity checks thread
2024-06-20 13:08:46,246 [INFO] WebApp:161 - Instantiating new browser for Auth
2024-06-20 13:08:47,226 [INFO] WebApp:779 - Register for checkConnection events
2024-06-20 13:08:47,227 [INFO] WebApp:414 - Apply proxy settings
2024-06-20 13:08:47,227 [INFO] WebApp:499 - Chromium requires no authentication
2024-06-20 13:08:47,235 [INFO] WebApp:442 - Direct internet connection detected
2024-06-20 13:08:47,389 [INFO] WebApp:192 - Starting web application
2024-06-20 13:08:47,390 [INFO] WebApp:544 - Web application path used C:\ST\STM32CubeIDE_1.15.1\STM32CubeIDE\plugins\com.st.stm32cube.common.mx_6.11.1.202404110753\db\plugins\mcufinder\reactClient1\index.html
2024-06-20 18:12:29,530 [ERROR] LogOutputStream:75 - [STDERR_REDIRECT] 
