2024-07-10 11:04:05,591 [INFO] Activator:176 - 


2024-07-10 11:04:05,598 [INFO] Activator:177 - !SESSION log4j initialized
2024-07-10 11:04:09,976 [INFO] LogOutputStream:77 - [STDOUT_REDIRECT] 
2024-07-10 11:04:10,797 [INFO] ApplicationProperties:184 - Using Application install path: C:\ST\STM32CubeIDE_1.15.1\STM32CubeIDE\plugins\com.st.stm32cube.common.mx_6.11.1.202404110753
2024-07-10 11:04:10,812 [INFO] DbMcusXml:78 - Set database path to: C:\ST\STM32CubeIDE_1.15.1\STM32CubeIDE\plugins\com.st.stm32cube.common.mx_6.11.1.202404110753\\db\/mcu/
2024-07-10 11:04:10,813 [INFO] ApiDb:274 - Set plugin database path to: C:\ST\STM32CubeIDE_1.15.1\STM32CubeIDE\plugins\com.st.stm32cube.common.mx_6.11.1.202404110753\\db\/plugins/boardmanager/
2024-07-10 11:04:10,813 [WARN] ApiDb:259 - Overriding images path with different value:  => C:\ST\STM32CubeIDE_1.15.1\STM32CubeIDE\plugins\com.st.stm32cube.common.mx_6.11.1.202404110753\\db\/plugins/mcufinder/images/
2024-07-10 11:04:10,818 [INFO] ApiDb:250 - Set database path to: C:\Users\bhadula.kishor\.stmcufinder\plugins\mcufinder//mcu/
2024-07-10 11:04:10,820 [INFO] DbMcusAds:125 - Set database path to: C:\Users\bhadula.kishor\.stmcufinder\plugins\mcufinder//mcu/
2024-07-10 11:04:10,821 [INFO] CrossReferenceDbSqlite:203 - Set database path to: C:\Users\bhadula.kishor\.stmcufinder\plugins\mcufinder//mcu/cs/
2024-07-10 11:04:10,908 [INFO] RulesReader:64 - Compatibility file has been processed (297 Rules)
2024-07-10 11:04:10,987 [INFO] DbMcusXml:78 - Set database path to: C:\ST\STM32CubeIDE_1.15.1\STM32CubeIDE\plugins\com.st.stm32cube.common.mx_6.11.1.202404110753\\db\/mcu/
2024-07-10 11:04:10,987 [INFO] ApiDb:274 - Set plugin database path to: C:\ST\STM32CubeIDE_1.15.1\STM32CubeIDE\plugins\com.st.stm32cube.common.mx_6.11.1.202404110753\\db\/plugins/boardmanager/
2024-07-10 11:04:10,987 [INFO] ApiDb:261 - Set plugin images path to: C:\ST\STM32CubeIDE_1.15.1\STM32CubeIDE\plugins\com.st.stm32cube.common.mx_6.11.1.202404110753\\db\/plugins/mcufinder/images/
2024-07-10 11:04:10,987 [WARN] DbFile:41 - Overriding database path with different value: C:\Users\bhadula.kishor\.stmcufinder\plugins\mcufinder/ => C:\Users\bhadula.kishor\.stmcufinder\plugins\mcufinder
2024-07-10 11:04:10,987 [INFO] ApiDb:250 - Set database path to: C:\Users\bhadula.kishor\.stmcufinder\plugins\mcufinder//mcu/
2024-07-10 11:04:10,987 [WARN] DbFile:41 - Overriding database path with different value: C:\Users\bhadula.kishor\.stmcufinder\plugins\mcufinder/ => C:\Users\bhadula.kishor\.stmcufinder\plugins\mcufinder
2024-07-10 11:04:10,987 [INFO] DbMcusAds:125 - Set database path to: C:\Users\bhadula.kishor\.stmcufinder\plugins\mcufinder//mcu/
2024-07-10 11:04:10,987 [WARN] DbFile:41 - Overriding database path with different value: C:\Users\bhadula.kishor\.stmcufinder\plugins\mcufinder/ => C:\Users\bhadula.kishor\.stmcufinder\plugins\mcufinder
2024-07-10 11:04:10,987 [WARN] DbFile:41 - Overriding database path with different value: C:\Users\bhadula.kishor\.stmcufinder\plugins\mcufinder/ => C:\Users\bhadula.kishor\.stmcufinder\plugins\mcufinder
2024-07-10 11:04:10,988 [INFO] CrossReferenceDbSqlite:203 - Set database path to: C:\Users\bhadula.kishor\.stmcufinder\plugins\mcufinder//mcu/cs/
2024-07-10 11:04:11,060 [INFO] MainPanel:264 - HeapMemory: 268435456
2024-07-10 11:04:11,129 [INFO] DbMcusXml:78 - Set database path to: C:\ST\STM32CubeIDE_1.15.1\STM32CubeIDE\plugins\com.st.stm32cube.common.mx_6.11.1.202404110753\\db\/mcu/
2024-07-10 11:04:11,129 [INFO] ApiDb:274 - Set plugin database path to: C:\ST\STM32CubeIDE_1.15.1\STM32CubeIDE\plugins\com.st.stm32cube.common.mx_6.11.1.202404110753\\db\/plugins/boardmanager/
2024-07-10 11:04:11,129 [INFO] ApiDb:261 - Set plugin images path to: C:\ST\STM32CubeIDE_1.15.1\STM32CubeIDE\plugins\com.st.stm32cube.common.mx_6.11.1.202404110753\\db\/plugins/mcufinder/images/
2024-07-10 11:04:11,130 [WARN] DbFile:41 - Overriding database path with different value: C:\Users\bhadula.kishor\.stmcufinder\plugins\mcufinder/ => C:\Users\bhadula.kishor\.stmcufinder\plugins\mcufinder
2024-07-10 11:04:11,130 [INFO] ApiDb:250 - Set database path to: C:\Users\bhadula.kishor\.stmcufinder\plugins\mcufinder//mcu/
2024-07-10 11:04:11,130 [WARN] DbFile:41 - Overriding database path with different value: C:\Users\bhadula.kishor\.stmcufinder\plugins\mcufinder/ => C:\Users\bhadula.kishor\.stmcufinder\plugins\mcufinder
2024-07-10 11:04:11,130 [INFO] DbMcusAds:125 - Set database path to: C:\Users\bhadula.kishor\.stmcufinder\plugins\mcufinder//mcu/
2024-07-10 11:04:11,130 [WARN] DbFile:41 - Overriding database path with different value: C:\Users\bhadula.kishor\.stmcufinder\plugins\mcufinder/ => C:\Users\bhadula.kishor\.stmcufinder\plugins\mcufinder
2024-07-10 11:04:11,130 [WARN] DbFile:41 - Overriding database path with different value: C:\Users\bhadula.kishor\.stmcufinder\plugins\mcufinder/ => C:\Users\bhadula.kishor\.stmcufinder\plugins\mcufinder
2024-07-10 11:04:11,130 [INFO] CrossReferenceDbSqlite:203 - Set database path to: C:\Users\bhadula.kishor\.stmcufinder\plugins\mcufinder//mcu/cs/
2024-07-10 11:04:11,144 [INFO] ApplicationProperties:184 - Using Application install path: C:\ST\STM32CubeIDE_1.15.1\STM32CubeIDE\plugins\com.st.stm32cube.common.mx_6.11.1.202404110753
2024-07-10 11:04:11,145 [INFO] PluginManage:196 - Search for loadable plugins [exclusion list=, ]
2024-07-10 11:04:11,146 [INFO] PluginManage:310 - Check plugin analytics
2024-07-10 11:04:11,341 [INFO] AnalyticsPlugin:253 - Accepted Software Licenses: 
2024-07-10 11:04:11,341 [INFO] AnalyticsPlugin:255 - Accepted CMSIS Pack Licenses: 
2024-07-10 11:04:11,341 [INFO] AnalyticsPlugin:257 - Accepted Firmware Licenses: 
2024-07-10 11:04:11,345 [INFO] PluginManage:359 - Loaded plugin analytics (category:tool,tabindex:-1)
2024-07-10 11:04:11,347 [INFO] PluginManage:310 - Check plugin cadmodel
2024-07-10 11:04:11,354 [INFO] CADModel:105 - Init CAD model plugin
2024-07-10 11:04:11,354 [INFO] PluginManage:359 - Loaded plugin cadmodel (category:power,tabindex:5)
2024-07-10 11:04:11,355 [INFO] PluginManage:310 - Check plugin clock
2024-07-10 11:04:11,370 [INFO] PluginManage:359 - Loaded plugin clock (category:base,tabindex:2)
2024-07-10 11:04:11,370 [INFO] PluginManage:310 - Check plugin ddr
2024-07-10 11:04:11,373 [INFO] PluginManage:359 - Loaded plugin ddr (category:tool,tabindex:6)
2024-07-10 11:04:11,373 [INFO] PluginManage:310 - Check plugin filemanager
2024-07-10 11:04:11,506 [INFO] PluginManage:359 - Loaded plugin filemanager (category:base,tabindex:10)
2024-07-10 11:04:11,506 [INFO] PluginManage:310 - Check plugin ipmanager
2024-07-10 11:04:11,513 [INFO] PluginManage:359 - Loaded plugin ipmanager (category:base,tabindex:5)
2024-07-10 11:04:11,514 [INFO] PluginManage:310 - Check plugin lpbam
2024-07-10 11:04:11,521 [INFO] PluginManage:359 - Loaded plugin lpbam (category:base,tabindex:0)
2024-07-10 11:04:11,521 [INFO] PluginManage:310 - Check plugin memorymap
2024-07-10 11:04:11,534 [INFO] PluginManage:359 - Loaded plugin memorymap (category:base,tabindex:4)
2024-07-10 11:04:11,534 [INFO] PluginManage:310 - Check plugin pinoutandconfiguration
2024-07-10 11:04:11,540 [INFO] PluginManage:359 - Loaded plugin pinoutandconfiguration (category:base,tabindex:1)
2024-07-10 11:04:11,540 [INFO] PluginManage:310 - Check plugin pinoutconfig
2024-07-10 11:04:11,625 [WARN] SupportedApi:132 - Cannot load RTOS API schema: s4s-elt-must-match.1: The content of 'definitions' must match (annotation?, (simpleType | complexType)?, (unique | key | keyref)*)). A problem was found starting at: attribute.
2024-07-10 11:04:11,737 [INFO] PluginManage:359 - Loaded plugin pinoutconfig (category:base,tabindex:0)
2024-07-10 11:04:11,737 [INFO] PluginManage:310 - Check plugin power
2024-07-10 11:04:11,746 [INFO] PluginManage:359 - Loaded plugin power (category:power,tabindex:4)
2024-07-10 11:04:11,746 [INFO] PluginManage:310 - Check plugin projectmanager
2024-07-10 11:04:11,758 [INFO] PluginManage:359 - Loaded plugin projectmanager (category:projectmanager,tabindex:3)
2024-07-10 11:04:11,758 [INFO] PluginManage:310 - Check plugin thirdparty
2024-07-10 11:04:11,885 [WARN] IntegrityCheckThread:84 - waiting for thirdparty lock release [integrity check]
2024-07-10 11:04:11,886 [INFO] IntegrityCheckThread:86 - entering critical section [integrity check]
2024-07-10 11:04:11,887 [INFO] PluginManage:359 - Loaded plugin thirdparty (category:base,tabindex:-1)
2024-07-10 11:04:11,887 [INFO] PluginManage:310 - Check plugin tools
2024-07-10 11:04:11,887 [INFO] ThirdPartyUpdaterWithRetryManager:70 - Updater plugin not ready yet. [1/15]
2024-07-10 11:04:11,892 [INFO] PluginManage:359 - Loaded plugin tools (category:base,tabindex:7)
2024-07-10 11:04:11,892 [INFO] PluginManage:310 - Check plugin tutovideos
2024-07-10 11:04:12,033 [INFO] PluginManage:359 - Loaded plugin tutovideos (category:base,tabindex:-1)
2024-07-10 11:04:12,033 [INFO] PluginManage:310 - Check plugin updater
2024-07-10 11:04:12,043 [INFO] PluginManage:359 - Loaded plugin updater (category:base,tabindex:12)
2024-07-10 11:04:12,043 [INFO] PluginManage:310 - Check plugin userauth
2024-07-10 11:04:12,055 [INFO] UserAuth:114 - Init User Auth plugin
2024-07-10 11:04:12,055 [INFO] PluginManage:359 - Loaded plugin userauth (category:base,tabindex:14)
2024-07-10 11:04:12,055 [INFO] PluginManage:283 - PluginManage : Loaded plugins [17]
2024-07-10 11:04:12,254 [INFO] PinOutPanel:1561 - setPackage(No Configuration,No Configuration)
2024-07-10 11:04:12,321 [INFO] CADModel:165 - CPN selected for project level
2024-07-10 11:04:12,321 [INFO] CADModel:114 - Register for checkConnection events
2024-07-10 11:04:12,334 [INFO] IPUIPlugin:80 - create IPUIPlugin
2024-07-10 11:04:12,335 [INFO] PluginManager:220 - loadIPPluginJar : add adc
2024-07-10 11:04:12,337 [INFO] IPUIPlugin:80 - create IPUIPlugin
2024-07-10 11:04:12,337 [INFO] PluginManager:220 - loadIPPluginJar : add aes
2024-07-10 11:04:12,339 [INFO] IPUIPlugin:80 - create IPUIPlugin
2024-07-10 11:04:12,339 [INFO] PluginManager:220 - loadIPPluginJar : add can
2024-07-10 11:04:12,340 [INFO] IPUIPlugin:80 - create IPUIPlugin
2024-07-10 11:04:12,341 [INFO] PluginManager:220 - loadIPPluginJar : add comp
2024-07-10 11:04:12,343 [INFO] IPUIPlugin:80 - create IPUIPlugin
2024-07-10 11:04:12,343 [INFO] PluginManager:220 - loadIPPluginJar : add cryp
2024-07-10 11:04:12,344 [INFO] IPUIPlugin:80 - create IPUIPlugin
2024-07-10 11:04:12,345 [INFO] PluginManager:220 - loadIPPluginJar : add dfsdm
2024-07-10 11:04:12,349 [INFO] IPUIPlugin:80 - create IPUIPlugin
2024-07-10 11:04:12,349 [INFO] PluginManager:220 - loadIPPluginJar : add dma
2024-07-10 11:04:12,351 [INFO] IPUIPlugin:80 - create IPUIPlugin
2024-07-10 11:04:12,351 [INFO] PluginManager:220 - loadIPPluginJar : add dma3
2024-07-10 11:04:12,353 [INFO] IPUIPlugin:80 - create IPUIPlugin
2024-07-10 11:04:12,353 [INFO] PluginManager:220 - loadIPPluginJar : add extmemmanager
2024-07-10 11:04:12,354 [INFO] IPUIPlugin:80 - create IPUIPlugin
2024-07-10 11:04:12,354 [INFO] PluginManager:220 - loadIPPluginJar : add fatfs
2024-07-10 11:04:12,357 [INFO] IPUIPlugin:80 - create IPUIPlugin
2024-07-10 11:04:12,357 [INFO] PluginManager:220 - loadIPPluginJar : add fmc
2024-07-10 11:04:12,361 [INFO] IPUIPlugin:80 - create IPUIPlugin
2024-07-10 11:04:12,362 [INFO] PluginManager:220 - loadIPPluginJar : add freertos
2024-07-10 11:04:12,363 [INFO] IPUIPlugin:80 - create IPUIPlugin
2024-07-10 11:04:12,363 [INFO] PluginManager:220 - loadIPPluginJar : add genericplugin
2024-07-10 11:04:12,365 [INFO] IPUIPlugin:80 - create IPUIPlugin
2024-07-10 11:04:12,365 [INFO] PluginManager:220 - loadIPPluginJar : add gfxmmu
2024-07-10 11:04:12,368 [INFO] IPUIPlugin:80 - create IPUIPlugin
2024-07-10 11:04:12,368 [INFO] PluginManager:220 - loadIPPluginJar : add gic
2024-07-10 11:04:12,372 [INFO] IPUIPlugin:80 - create IPUIPlugin
2024-07-10 11:04:12,372 [INFO] PluginManager:220 - loadIPPluginJar : add gpio
2024-07-10 11:04:12,374 [INFO] IPUIPlugin:80 - create IPUIPlugin
2024-07-10 11:04:12,374 [INFO] PluginManager:220 - loadIPPluginJar : add gtzc
2024-07-10 11:04:12,376 [INFO] IPUIPlugin:80 - create IPUIPlugin
2024-07-10 11:04:12,376 [INFO] PluginManager:220 - loadIPPluginJar : add hash
2024-07-10 11:04:12,378 [INFO] IPUIPlugin:80 - create IPUIPlugin
2024-07-10 11:04:12,378 [INFO] PluginManager:220 - loadIPPluginJar : add i2c
2024-07-10 11:04:12,380 [INFO] IPUIPlugin:80 - create IPUIPlugin
2024-07-10 11:04:12,380 [INFO] PluginManager:220 - loadIPPluginJar : add i2s
2024-07-10 11:04:12,382 [INFO] IPUIPlugin:80 - create IPUIPlugin
2024-07-10 11:04:12,382 [INFO] PluginManager:220 - loadIPPluginJar : add i3c
2024-07-10 11:04:12,384 [INFO] IPUIPlugin:80 - create IPUIPlugin
2024-07-10 11:04:12,384 [INFO] PluginManager:220 - loadIPPluginJar : add ipddr
2024-07-10 11:04:12,389 [INFO] IPUIPlugin:80 - create IPUIPlugin
2024-07-10 11:04:12,389 [INFO] PluginManager:220 - loadIPPluginJar : add linkedlist
2024-07-10 11:04:12,391 [INFO] IPUIPlugin:80 - create IPUIPlugin
2024-07-10 11:04:12,391 [INFO] PluginManager:220 - loadIPPluginJar : add lorawan
2024-07-10 11:04:12,392 [INFO] IPUIPlugin:80 - create IPUIPlugin
2024-07-10 11:04:12,393 [INFO] PluginManager:220 - loadIPPluginJar : add ltdc
2024-07-10 11:04:12,397 [INFO] IPUIPlugin:80 - create IPUIPlugin
2024-07-10 11:04:12,397 [INFO] PluginManager:220 - loadIPPluginJar : add mdma
2024-07-10 11:04:12,400 [INFO] IPUIPlugin:80 - create IPUIPlugin
2024-07-10 11:04:12,400 [INFO] PluginManager:220 - loadIPPluginJar : add nvic
2024-07-10 11:04:12,402 [INFO] IPUIPlugin:80 - create IPUIPlugin
2024-07-10 11:04:12,402 [INFO] PluginManager:220 - loadIPPluginJar : add opamp
2024-07-10 11:04:12,405 [INFO] IPUIPlugin:80 - create IPUIPlugin
2024-07-10 11:04:12,405 [INFO] PluginManager:220 - loadIPPluginJar : add openamp
2024-07-10 11:04:12,407 [INFO] IPUIPlugin:80 - create IPUIPlugin
2024-07-10 11:04:12,407 [INFO] PluginManager:220 - loadIPPluginJar : add pdm2pcm
2024-07-10 11:04:12,412 [INFO] IPUIPlugin:80 - create IPUIPlugin
2024-07-10 11:04:12,414 [INFO] PluginManager:220 - loadIPPluginJar : add plateformsettings
2024-07-10 11:04:12,415 [INFO] IPUIPlugin:80 - create IPUIPlugin
2024-07-10 11:04:12,415 [INFO] PluginManager:220 - loadIPPluginJar : add quadspi
2024-07-10 11:04:12,418 [INFO] IPUIPlugin:80 - create IPUIPlugin
2024-07-10 11:04:12,418 [INFO] PluginManager:220 - loadIPPluginJar : add resmgrutility
2024-07-10 11:04:12,421 [INFO] IPUIPlugin:80 - create IPUIPlugin
2024-07-10 11:04:12,421 [INFO] PluginManager:220 - loadIPPluginJar : add sai
2024-07-10 11:04:12,423 [INFO] IPUIPlugin:80 - create IPUIPlugin
2024-07-10 11:04:12,423 [INFO] PluginManager:220 - loadIPPluginJar : add spi
2024-07-10 11:04:12,426 [INFO] IPUIPlugin:80 - create IPUIPlugin
2024-07-10 11:04:12,426 [INFO] PluginManager:220 - loadIPPluginJar : add stm32_wpan
2024-07-10 11:04:12,428 [INFO] IPUIPlugin:80 - create IPUIPlugin
2024-07-10 11:04:12,428 [INFO] PluginManager:220 - loadIPPluginJar : add tim
2024-07-10 11:04:12,431 [INFO] IPUIPlugin:80 - create IPUIPlugin
2024-07-10 11:04:12,431 [INFO] PluginManager:220 - loadIPPluginJar : add touchsensing
2024-07-10 11:04:12,434 [INFO] IPUIPlugin:80 - create IPUIPlugin
2024-07-10 11:04:12,434 [INFO] PluginManager:220 - loadIPPluginJar : add tracer_emb
2024-07-10 11:04:12,435 [INFO] IPUIPlugin:80 - create IPUIPlugin
2024-07-10 11:04:12,436 [INFO] PluginManager:220 - loadIPPluginJar : add ts
2024-07-10 11:04:12,437 [INFO] IPUIPlugin:80 - create IPUIPlugin
2024-07-10 11:04:12,437 [INFO] PluginManager:220 - loadIPPluginJar : add tsc
2024-07-10 11:04:12,439 [INFO] IPUIPlugin:80 - create IPUIPlugin
2024-07-10 11:04:12,439 [INFO] PluginManager:220 - loadIPPluginJar : add ucpd
2024-07-10 11:04:12,442 [INFO] IPUIPlugin:80 - create IPUIPlugin
2024-07-10 11:04:12,442 [INFO] PluginManager:220 - loadIPPluginJar : add usart
2024-07-10 11:04:12,445 [INFO] IPUIPlugin:80 - create IPUIPlugin
2024-07-10 11:04:12,445 [INFO] PluginManager:220 - loadIPPluginJar : add usbx
2024-07-10 11:04:12,566 [INFO] CADModel:165 - CPN selected for project level
2024-07-10 11:04:12,566 [INFO] CADModel:114 - Register for checkConnection events
2024-07-10 11:04:12,566 [FATAL] Updater:308 - Updater called before beeing initialized
2024-07-10 11:04:12,566 [ERROR] CADModel:125 - Updater not yet initialized, retry later 
2024-07-10 11:04:12,695 [INFO] CADModel:165 - CPN selected for project level
2024-07-10 11:04:12,695 [INFO] CADModel:114 - Register for checkConnection events
2024-07-10 11:04:12,695 [FATAL] Updater:308 - Updater called before beeing initialized
2024-07-10 11:04:12,695 [ERROR] CADModel:125 - Updater not yet initialized, retry later 
2024-07-10 11:04:12,699 [FATAL] Updater:308 - Updater called before beeing initialized
2024-07-10 11:04:12,802 [FATAL] Updater:308 - Updater called before beeing initialized
2024-07-10 11:04:12,805 [INFO] DbMcusAds:53 - JSON generation date=Thu May 16 14:52:00 IST 2024 (1715851320852)
2024-07-10 11:04:12,807 [FATAL] Updater:308 - Updater called before beeing initialized
2024-07-10 11:04:12,837 [WARN] DetailPanel:346 - Failed to get advertising image, set to default
2024-07-10 11:04:12,925 [FATAL] Updater:308 - Updater called before beeing initialized
2024-07-10 11:04:12,927 [FATAL] Updater:308 - Updater called before beeing initialized
2024-07-10 11:04:12,927 [FATAL] Updater:308 - Updater called before beeing initialized
2024-07-10 11:04:12,927 [WARN] DetailPanel:346 - Failed to get advertising image, set to default
2024-07-10 11:04:12,928 [FATAL] Updater:308 - Updater called before beeing initialized
2024-07-10 11:04:12,975 [ERROR] Updater:1120 - MainUpdater not yet initialized. External WinMGr cannot be set.
2024-07-10 11:04:12,977 [INFO] Updater:1056 - Updater Version found : 6.11.1
2024-07-10 11:04:12,994 [INFO] ApplicationProperties:184 - Using Application install path: C:\ST\STM32CubeIDE_1.15.1\STM32CubeIDE\plugins\com.st.stm32cube.common.mx_6.11.1.202404110753
2024-07-10 11:04:13,259 [INFO] MainUpdater:2873 - connection check result : 10
2024-07-10 11:04:13,259 [INFO] MainUpdater:290 - Updater Check For Update Now.
2024-07-10 11:04:13,259 [INFO] MicroXplorer:498 - Change Database Version : DB.6.0.111
2024-07-10 11:04:13,267 [INFO] McuFinderGlobals:63 - Set McuFinder mode to 2 (CubeIDE integrated)
2024-07-10 11:04:13,267 [INFO] UserAuth:179 - activating auth plugin
2024-07-10 11:04:13,271 [INFO] UserAuth:415 - Internet connection configuration mode: 1
2024-07-10 11:04:13,301 [INFO] JxBrowserEngine:152 - Initiate JxBrowser Engine with user profile folder
2024-07-10 11:04:13,438 [INFO] CheckServerUpdateThread:120 - End of CheckServer Thread
2024-07-10 11:04:14,376 [INFO] WebApp:161 - Instantiating new browser for Auth
2024-07-10 11:04:14,931 [INFO] WebApp:779 - Register for checkConnection events
2024-07-10 11:04:14,931 [INFO] WebApp:414 - Apply proxy settings
2024-07-10 11:04:14,931 [INFO] WebApp:499 - Chromium requires no authentication
2024-07-10 11:04:14,940 [INFO] WebApp:442 - Direct internet connection detected
2024-07-10 11:04:15,069 [WARN] PackLoader:240 - Cannot read IP mode file for STMicroelectronics.FP-SNS-MOTENVWB1.1.4.0
2024-07-10 11:04:15,082 [WARN] PackLoader:240 - Cannot read IP mode file for STMicroelectronics.X-CUBE-SMBUS.2.1.0
2024-07-10 11:04:15,088 [WARN] PackLoader:240 - Cannot read IP mode file for STMicroelectronics.X-CUBE-TOUCHGFX.4.23.2
2024-07-10 11:04:15,118 [WARN] PackLoader:240 - Cannot read IP mode file for STMicroelectronics.X-CUBE-AZRTOS-F7.1.1.0
2024-07-10 11:04:15,142 [WARN] PackLoader:240 - Cannot read IP mode file for STMicroelectronics.FP-SNS-FLIGHT1.5.0.2
2024-07-10 11:04:15,154 [WARN] PackLoader:240 - Cannot read IP mode file for STMicroelectronics.X-CUBE-DISPLAY.3.0.0
2024-07-10 11:04:15,172 [WARN] PackLoader:240 - Cannot read IP mode file for STMicroelectronics.X-CUBE-BLE1.7.0.0
2024-07-10 11:04:15,180 [WARN] PackLoader:240 - Cannot read IP mode file for emotas.I-CUBE-CANOPEN.1.3.0
2024-07-10 11:04:15,192 [WARN] PackLoader:240 - Cannot read IP mode file for STMicroelectronics.X-CUBE-BLEMGR.3.1.0
2024-07-10 11:04:15,201 [WARN] PackLoader:240 - Cannot read IP mode file for STMicroelectronics.FP-SNS-SMARTAG2.1.2.0
2024-07-10 11:04:15,212 [INFO] LogOutputStream:77 - [STDOUT_REDIRECT] 1 : Invalid condition id : UX_CORESTACK_Condition cause : null
2024-07-10 11:04:15,214 [INFO] LogOutputStream:77 - [STDOUT_REDIRECT] 1 : Invalid condition id : UX_CORESTACK_Condition cause : null
2024-07-10 11:04:15,216 [INFO] LogOutputStream:77 - [STDOUT_REDIRECT] 1 : Invalid condition id : UX_CORESTACK_Condition cause : null
2024-07-10 11:04:15,217 [INFO] LogOutputStream:77 - [STDOUT_REDIRECT] 1 : Invalid condition id : UX_CORESTACK_Condition cause : null
2024-07-10 11:04:15,220 [INFO] LogOutputStream:77 - [STDOUT_REDIRECT] 1 : Invalid condition id : UX_CORESTACK_Condition cause : null
2024-07-10 11:04:15,224 [WARN] PackLoader:240 - Cannot read IP mode file for STMicroelectronics.X-CUBE-AZRTOS-WL.2.0.0
2024-07-10 11:04:15,231 [WARN] PackLoader:240 - Cannot read IP mode file for STMicroelectronics.FP-SNS-MOTENV1.5.0.0
2024-07-10 11:04:15,236 [WARN] PackLoader:240 - Cannot read IP mode file for wolfSSL.I-CUBE-wolfMQTT.1.19.0
2024-07-10 11:04:15,249 [WARN] PackLoader:240 - Cannot read IP mode file for WES.I-CUBE-Cesium.1.3.0
2024-07-10 11:04:15,254 [WARN] PackLoader:240 - Cannot read IP mode file for STMicroelectronics.X-CUBE-BLE2.3.3.0
2024-07-10 11:04:15,261 [WARN] PackLoader:240 - Cannot read IP mode file for STMicroelectronics.X-CUBE-TCPP.4.1.0
2024-07-10 11:04:15,278 [WARN] PackLoader:240 - Cannot read IP mode file for STMicroelectronics.X-CUBE-AZRTOS-G0.1.1.0
2024-07-10 11:04:15,287 [WARN] PackLoader:240 - Cannot read IP mode file for STMicroelectronics.X-CUBE-SAFEA1.1.2.2
2024-07-10 11:04:15,293 [WARN] PackLoader:240 - Cannot read IP mode file for STMicroelectronics.X-CUBE-NFC4.3.0.0
2024-07-10 11:04:15,305 [WARN] PackLoader:240 - Cannot read IP mode file for EmbeddedOffice.I-CUBE-FS-RTOS.1.0.1
2024-07-10 11:04:15,306 [ERROR] ConditionMgr:805 - Attr not supported : Dmpu
2024-07-10 11:04:15,306 [ERROR] ConditionMgr:805 - Attr not supported : Dmpu
2024-07-10 11:04:15,306 [ERROR] ConditionMgr:805 - Attr not supported : Dmpu
2024-07-10 11:04:15,306 [ERROR] ConditionMgr:805 - Attr not supported : Dmpu
2024-07-10 11:04:15,306 [ERROR] ConditionMgr:805 - Attr not supported : Dmpu
2024-07-10 11:04:15,307 [ERROR] ConditionMgr:805 - Attr not supported : Dmpu
2024-07-10 11:04:15,307 [ERROR] ConditionMgr:805 - Attr not supported : Dmpu
2024-07-10 11:04:15,307 [ERROR] ConditionMgr:805 - Attr not supported : Dmpu
2024-07-10 11:04:15,307 [ERROR] ConditionMgr:805 - Attr not supported : Dmpu
2024-07-10 11:04:15,307 [ERROR] ConditionMgr:805 - Attr not supported : Dmpu
2024-07-10 11:04:15,307 [ERROR] ConditionMgr:805 - Attr not supported : Dmpu
2024-07-10 11:04:15,307 [ERROR] ConditionMgr:805 - Attr not supported : Dmpu
2024-07-10 11:04:15,307 [ERROR] ConditionMgr:805 - Attr not supported : Dmpu
2024-07-10 11:04:15,307 [ERROR] ConditionMgr:805 - Attr not supported : Dmpu
2024-07-10 11:04:15,307 [ERROR] ConditionMgr:805 - Attr not supported : Dmpu
2024-07-10 11:04:15,307 [ERROR] ConditionMgr:805 - Attr not supported : Dmpu
2024-07-10 11:04:15,307 [ERROR] ConditionMgr:805 - Attr not supported : Dmpu
2024-07-10 11:04:15,307 [ERROR] ConditionMgr:805 - Attr not supported : Dmpu
2024-07-10 11:04:15,307 [ERROR] ConditionMgr:805 - Attr not supported : Dmpu
2024-07-10 11:04:15,307 [ERROR] ConditionMgr:805 - Attr not supported : Dmpu
2024-07-10 11:04:15,307 [ERROR] ConditionMgr:805 - Attr not supported : Dmpu
2024-07-10 11:04:15,307 [ERROR] ConditionMgr:805 - Attr not supported : Dmpu
2024-07-10 11:04:15,307 [ERROR] ConditionMgr:805 - Attr not supported : Dmpu
2024-07-10 11:04:15,307 [ERROR] ConditionMgr:805 - Attr not supported : Dmpu
2024-07-10 11:04:15,307 [ERROR] ConditionMgr:805 - Attr not supported : Dmpu
2024-07-10 11:04:15,308 [ERROR] ConditionMgr:805 - Attr not supported : Dmpu
2024-07-10 11:04:15,308 [ERROR] ConditionMgr:805 - Attr not supported : Dmpu
2024-07-10 11:04:15,308 [ERROR] ConditionMgr:805 - Attr not supported : Dmpu
2024-07-10 11:04:15,308 [ERROR] ConditionMgr:805 - Attr not supported : Dmpu
2024-07-10 11:04:15,308 [ERROR] ConditionMgr:805 - Attr not supported : Dmpu
2024-07-10 11:04:15,308 [ERROR] ConditionMgr:805 - Attr not supported : Dmpu
2024-07-10 11:04:15,308 [ERROR] ConditionMgr:805 - Attr not supported : Dmpu
2024-07-10 11:04:15,308 [ERROR] ConditionMgr:805 - Attr not supported : Dmpu
2024-07-10 11:04:15,308 [ERROR] ConditionMgr:805 - Attr not supported : Dmpu
2024-07-10 11:04:15,308 [ERROR] ConditionMgr:805 - Attr not supported : Dmpu
2024-07-10 11:04:15,308 [ERROR] ConditionMgr:805 - Attr not supported : Dmpu
2024-07-10 11:04:15,308 [ERROR] ConditionMgr:805 - Attr not supported : Dmpu
2024-07-10 11:04:15,308 [ERROR] ConditionMgr:805 - Attr not supported : Dmpu
2024-07-10 11:04:15,308 [ERROR] ConditionMgr:805 - Attr not supported : Dmpu
2024-07-10 11:04:15,308 [ERROR] ConditionMgr:805 - Attr not supported : Dmpu
2024-07-10 11:04:15,308 [ERROR] ConditionMgr:805 - Attr not supported : Dmpu
2024-07-10 11:04:15,308 [ERROR] ConditionMgr:805 - Attr not supported : Dmpu
2024-07-10 11:04:15,308 [ERROR] ConditionMgr:805 - Attr not supported : Dmpu
2024-07-10 11:04:15,308 [ERROR] ConditionMgr:805 - Attr not supported : Dmpu
2024-07-10 11:04:15,309 [ERROR] ConditionMgr:805 - Attr not supported : Dmpu
2024-07-10 11:04:15,309 [ERROR] ConditionMgr:805 - Attr not supported : Dmpu
2024-07-10 11:04:15,309 [ERROR] ConditionMgr:805 - Attr not supported : Dmpu
2024-07-10 11:04:15,309 [ERROR] ConditionMgr:805 - Attr not supported : Dmpu
2024-07-10 11:04:15,309 [ERROR] ConditionMgr:805 - Attr not supported : Dmpu
2024-07-10 11:04:15,309 [ERROR] ConditionMgr:805 - Attr not supported : Dmpu
2024-07-10 11:04:15,309 [ERROR] ConditionMgr:805 - Attr not supported : Dmpu
2024-07-10 11:04:15,309 [ERROR] ConditionMgr:805 - Attr not supported : Dmpu
2024-07-10 11:04:15,309 [ERROR] ConditionMgr:805 - Attr not supported : Dmpu
2024-07-10 11:04:15,309 [ERROR] ConditionMgr:805 - Attr not supported : Dmpu
2024-07-10 11:04:15,309 [ERROR] ConditionMgr:805 - Attr not supported : Dmpu
2024-07-10 11:04:15,309 [ERROR] ConditionMgr:805 - Attr not supported : Dmpu
2024-07-10 11:04:15,309 [ERROR] ConditionMgr:805 - Attr not supported : Dmpu
2024-07-10 11:04:15,310 [ERROR] ConditionMgr:805 - Attr not supported : Dmpu
2024-07-10 11:04:15,310 [ERROR] ConditionMgr:805 - Attr not supported : Dmpu
2024-07-10 11:04:15,310 [ERROR] ConditionMgr:805 - Attr not supported : Dmpu
2024-07-10 11:04:15,311 [ERROR] ConditionMgr:805 - Attr not supported : Dmpu
2024-07-10 11:04:15,311 [ERROR] ConditionMgr:805 - Attr not supported : Dmpu
2024-07-10 11:04:15,311 [ERROR] ConditionMgr:805 - Attr not supported : Dmpu
2024-07-10 11:04:15,311 [ERROR] ConditionMgr:805 - Attr not supported : Dmpu
2024-07-10 11:04:15,315 [WARN] PackLoader:240 - Cannot read IP mode file for wolfSSL.I-CUBE-wolfSSL.5.7.0
2024-07-10 11:04:15,320 [WARN] PackLoader:240 - Cannot read IP mode file for STMicroelectronics.FP-ATR-SIGFOX1.3.2.0
2024-07-10 11:04:15,326 [WARN] PackLoader:240 - Cannot read IP mode file for STMicroelectronics.X-CUBE-EEPRMA1.5.1.0
2024-07-10 11:04:15,333 [WARN] PackLoader:240 - Cannot read IP mode file for ITTIA_DB.I-CUBE-ITTIADB.8.9.0
2024-07-10 11:04:15,374 [WARN] PackLoader:240 - Cannot read IP mode file for SEGGER.I-CUBE-embOS.1.3.1
2024-07-10 11:04:15,410 [WARN] PackLoader:240 - Cannot read IP mode file for STMicroelectronics.X-CUBE-ALGOBUILD.1.4.0
2024-07-10 11:04:15,417 [WARN] PackLoader:240 - Cannot read IP mode file for STMicroelectronics.X-CUBE-GNSS1.6.0.0
2024-07-10 11:04:15,439 [WARN] PackLoader:240 - Cannot read IP mode file for STMicroelectronics.X-CUBE-AZRTOS-F4.1.1.0
2024-07-10 11:04:15,462 [WARN] PackLoader:240 - Cannot read IP mode file for STMicroelectronics.X-CUBE-FREERTOS.1.2.0
2024-07-10 11:04:15,482 [WARN] PackLoader:240 - Cannot read IP mode file for STMicroelectronics.X-CUBE-AZRTOS-L5.2.0.0
2024-07-10 11:04:15,498 [WARN] PackLoader:240 - Cannot read IP mode file for STMicroelectronics.X-CUBE-NFC6.3.1.0
2024-07-10 11:04:15,506 [WARN] PackLoader:240 - Cannot read IP mode file for STMicroelectronics.X-CUBE-DPower.1.2.0
2024-07-10 11:04:15,511 [WARN] PackLoader:240 - Cannot read IP mode file for STMicroelectronics.X-CUBE-AI.9.0.0
2024-07-10 11:04:15,517 [WARN] PackLoader:240 - Cannot read IP mode file for STMicroelectronics.X-CUBE-NFC7.1.0.1
2024-07-10 11:04:15,523 [WARN] PackLoader:240 - Cannot read IP mode file for wolfSSL.I-CUBE-wolfTPM.3.2.0
2024-07-10 11:04:15,536 [WARN] ConditionMgr:438 - getConditionDescription Invalid condition id : LAN8742 Phy interface Condition cause : null
2024-07-10 11:04:15,537 [WARN] PackLoader:240 - Cannot read IP mode file for STMicroelectronics.X-CUBE-AZRTOS-L4.2.0.0
2024-07-10 11:04:15,538 [WARN] ConditionMgr:1039 - genDependencies : Invalid condition id : LAN8742 Phy interface Condition cause : null
2024-07-10 11:04:15,538 [WARN] ConditionMgr:1039 - genDependencies : Invalid condition id : LAN8742 Phy interface Condition cause : null
2024-07-10 11:04:15,539 [WARN] ConditionMgr:1039 - genDependencies : Invalid condition id : LAN8742 Phy interface Condition cause : null
2024-07-10 11:04:15,546 [WARN] PackLoader:240 - Cannot read IP mode file for STMicroelectronics.X-CUBE-SFXS2LP1.4.0.0
2024-07-10 11:04:15,559 [WARN] ConditionMgr:438 - getConditionDescription Invalid condition id : UX DEVICE CLASS RTOS Condition cause : null
2024-07-10 11:04:15,559 [WARN] ConditionMgr:438 - getConditionDescription Invalid condition id : UX DEVICE CLASS RTOS Condition cause : null
2024-07-10 11:04:15,561 [WARN] PackLoader:240 - Cannot read IP mode file for STMicroelectronics.X-CUBE-AZRTOS-WB.2.0.0
2024-07-10 11:04:15,562 [WARN] ConditionMgr:1039 - genDependencies : Invalid condition id : UX DEVICE CLASS RTOS Condition cause : null
2024-07-10 11:04:15,563 [WARN] ConditionMgr:1039 - genDependencies : Invalid condition id : UX DEVICE CLASS RTOS Condition cause : null
2024-07-10 11:04:15,563 [WARN] ConditionMgr:1039 - genDependencies : Invalid condition id : UX DEVICE CLASS RTOS Condition cause : null
2024-07-10 11:04:15,563 [WARN] ConditionMgr:1039 - genDependencies : Invalid condition id : UX DEVICE CLASS RTOS Condition cause : null
2024-07-10 11:04:15,563 [WARN] ConditionMgr:1039 - genDependencies : Invalid condition id : UX DEVICE CLASS RTOS Condition cause : null
2024-07-10 11:04:15,573 [WARN] PackLoader:240 - Cannot read IP mode file for STMicroelectronics.X-CUBE-SUBG2.5.0.0
2024-07-10 11:04:15,582 [WARN] PackLoader:240 - Cannot read IP mode file for Cesanta.I-CUBE-Mongoose.7.13.0
2024-07-10 11:04:15,594 [WARN] PackLoader:240 - Cannot read IP mode file for STMicroelectronics.X-CUBE-AZRTOS-G4.2.0.0
2024-07-10 11:04:15,600 [WARN] PackLoader:240 - Cannot read IP mode file for STMicroelectronics.X-CUBE-ISPU.2.0.0
2024-07-10 11:04:15,604 [WARN] PackLoader:240 - Cannot read IP mode file for STMicroelectronics.X-CUBE-ALS.1.0.2
2024-07-10 11:04:15,637 [WARN] PackLoader:240 - Cannot read IP mode file for STMicroelectronics.X-CUBE-MEMS1.10.0.0
2024-07-10 11:04:15,638 [INFO] WebApp:192 - Starting web application
2024-07-10 11:04:15,638 [INFO] WebApp:544 - Web application path used C:\ST\STM32CubeIDE_1.15.1\STM32CubeIDE\plugins\com.st.stm32cube.common.mx_6.11.1.202404110753\db\plugins\mcufinder\reactClient1\index.html
2024-07-10 11:04:15,753 [WARN] PackLoader:240 - Cannot read IP mode file for STMicroelectronics.X-CUBE-TOUCHGFX.4.24.0
2024-07-10 11:04:15,757 [WARN] PackLoader:240 - Cannot read IP mode file for portGmbH.I-Cube-SoM-uGOAL.1.1.0
2024-07-10 11:04:15,772 [WARN] PackLoader:240 - Cannot read IP mode file for STMicroelectronics.X-CUBE-AZRTOS-H7RS.1.0.0
2024-07-10 11:04:15,778 [WARN] PackLoader:240 - Cannot read IP mode file for STMicroelectronics.FP-ATR-ASTRA1.2.0.0
2024-07-10 11:04:15,787 [WARN] PackLoader:240 - Cannot read IP mode file for STMicroelectronics.X-CUBE-TOF1.3.4.1
2024-07-10 11:04:15,810 [WARN] PackLoader:240 - Cannot read IP mode file for STMicroelectronics.X-CUBE-AZRTOS-H7.3.2.0
2024-07-10 11:04:15,824 [WARN] PackLoader:240 - Cannot read IP mode file for Infineon.AIROC-Wi-Fi-Bluetooth-STM32.1.6.0
2024-07-10 11:04:15,828 [INFO] ThirdParty:978 - Integrity check success = true
2024-07-10 11:04:15,829 [INFO] IntegrityCheckThread:100 - exiting critical section [integrity check]
2024-07-10 11:04:15,829 [INFO] IntegrityCheckThread:103 - End integrity checks thread
2024-07-10 11:17:17,505 [ERROR] ConfigurationRetriever:142 - IOException on connection: sw-center.st.com
2024-07-10 11:17:17,506 [ERROR] ConfigurationRetriever:142 - IOException on connection: sw-center.st.com
2024-07-10 11:17:17,506 [ERROR] ConfigurationRetriever:142 - IOException on connection: sw-center.st.com
