2024-07-26 10:34:37,196 [INFO] Activator:176 - 


2024-07-26 10:34:37,201 [INFO] Activator:177 - !SESSION log4j initialized
2024-07-26 10:34:41,953 [INFO] LogOutputStream:77 - [STDOUT_REDIRECT] 
2024-07-26 10:34:42,804 [INFO] ApplicationProperties:184 - Using Application install path: C:\ST\STM32CubeIDE_1.15.1\STM32CubeIDE\plugins\com.st.stm32cube.common.mx_6.11.1.202404110753
2024-07-26 10:34:42,857 [INFO] DbMcusXml:78 - Set database path to: C:\ST\STM32CubeIDE_1.15.1\STM32CubeIDE\plugins\com.st.stm32cube.common.mx_6.11.1.202404110753\\db\/mcu/
2024-07-26 10:34:42,858 [INFO] ApiDb:274 - Set plugin database path to: C:\ST\STM32CubeIDE_1.15.1\STM32CubeIDE\plugins\com.st.stm32cube.common.mx_6.11.1.202404110753\\db\/plugins/boardmanager/
2024-07-26 10:34:42,858 [WARN] ApiDb:259 - Overriding images path with different value:  => C:\ST\STM32CubeIDE_1.15.1\STM32CubeIDE\plugins\com.st.stm32cube.common.mx_6.11.1.202404110753\\db\/plugins/mcufinder/images/
2024-07-26 10:34:42,876 [INFO] ApiDb:250 - Set database path to: C:\Users\bhadula.kishor\.stmcufinder\plugins\mcufinder//mcu/
2024-07-26 10:34:42,878 [INFO] DbMcusAds:125 - Set database path to: C:\Users\bhadula.kishor\.stmcufinder\plugins\mcufinder//mcu/
2024-07-26 10:34:42,884 [INFO] CrossReferenceDbSqlite:203 - Set database path to: C:\Users\bhadula.kishor\.stmcufinder\plugins\mcufinder//mcu/cs/
2024-07-26 10:34:43,049 [INFO] RulesReader:64 - Compatibility file has been processed (297 Rules)
2024-07-26 10:34:43,167 [INFO] DbMcusXml:78 - Set database path to: C:\ST\STM32CubeIDE_1.15.1\STM32CubeIDE\plugins\com.st.stm32cube.common.mx_6.11.1.202404110753\\db\/mcu/
2024-07-26 10:34:43,167 [INFO] ApiDb:274 - Set plugin database path to: C:\ST\STM32CubeIDE_1.15.1\STM32CubeIDE\plugins\com.st.stm32cube.common.mx_6.11.1.202404110753\\db\/plugins/boardmanager/
2024-07-26 10:34:43,167 [INFO] ApiDb:261 - Set plugin images path to: C:\ST\STM32CubeIDE_1.15.1\STM32CubeIDE\plugins\com.st.stm32cube.common.mx_6.11.1.202404110753\\db\/plugins/mcufinder/images/
2024-07-26 10:34:43,167 [WARN] DbFile:41 - Overriding database path with different value: C:\Users\bhadula.kishor\.stmcufinder\plugins\mcufinder/ => C:\Users\bhadula.kishor\.stmcufinder\plugins\mcufinder
2024-07-26 10:34:43,168 [INFO] ApiDb:250 - Set database path to: C:\Users\bhadula.kishor\.stmcufinder\plugins\mcufinder//mcu/
2024-07-26 10:34:43,168 [WARN] DbFile:41 - Overriding database path with different value: C:\Users\bhadula.kishor\.stmcufinder\plugins\mcufinder/ => C:\Users\bhadula.kishor\.stmcufinder\plugins\mcufinder
2024-07-26 10:34:43,168 [INFO] DbMcusAds:125 - Set database path to: C:\Users\bhadula.kishor\.stmcufinder\plugins\mcufinder//mcu/
2024-07-26 10:34:43,168 [WARN] DbFile:41 - Overriding database path with different value: C:\Users\bhadula.kishor\.stmcufinder\plugins\mcufinder/ => C:\Users\bhadula.kishor\.stmcufinder\plugins\mcufinder
2024-07-26 10:34:43,168 [WARN] DbFile:41 - Overriding database path with different value: C:\Users\bhadula.kishor\.stmcufinder\plugins\mcufinder/ => C:\Users\bhadula.kishor\.stmcufinder\plugins\mcufinder
2024-07-26 10:34:43,168 [INFO] CrossReferenceDbSqlite:203 - Set database path to: C:\Users\bhadula.kishor\.stmcufinder\plugins\mcufinder//mcu/cs/
2024-07-26 10:34:43,245 [INFO] MainPanel:264 - HeapMemory: 268435456
2024-07-26 10:34:43,316 [INFO] DbMcusXml:78 - Set database path to: C:\ST\STM32CubeIDE_1.15.1\STM32CubeIDE\plugins\com.st.stm32cube.common.mx_6.11.1.202404110753\\db\/mcu/
2024-07-26 10:34:43,317 [INFO] ApiDb:274 - Set plugin database path to: C:\ST\STM32CubeIDE_1.15.1\STM32CubeIDE\plugins\com.st.stm32cube.common.mx_6.11.1.202404110753\\db\/plugins/boardmanager/
2024-07-26 10:34:43,317 [INFO] ApiDb:261 - Set plugin images path to: C:\ST\STM32CubeIDE_1.15.1\STM32CubeIDE\plugins\com.st.stm32cube.common.mx_6.11.1.202404110753\\db\/plugins/mcufinder/images/
2024-07-26 10:34:43,317 [WARN] DbFile:41 - Overriding database path with different value: C:\Users\bhadula.kishor\.stmcufinder\plugins\mcufinder/ => C:\Users\bhadula.kishor\.stmcufinder\plugins\mcufinder
2024-07-26 10:34:43,317 [INFO] ApiDb:250 - Set database path to: C:\Users\bhadula.kishor\.stmcufinder\plugins\mcufinder//mcu/
2024-07-26 10:34:43,317 [WARN] DbFile:41 - Overriding database path with different value: C:\Users\bhadula.kishor\.stmcufinder\plugins\mcufinder/ => C:\Users\bhadula.kishor\.stmcufinder\plugins\mcufinder
2024-07-26 10:34:43,317 [INFO] DbMcusAds:125 - Set database path to: C:\Users\bhadula.kishor\.stmcufinder\plugins\mcufinder//mcu/
2024-07-26 10:34:43,318 [WARN] DbFile:41 - Overriding database path with different value: C:\Users\bhadula.kishor\.stmcufinder\plugins\mcufinder/ => C:\Users\bhadula.kishor\.stmcufinder\plugins\mcufinder
2024-07-26 10:34:43,318 [WARN] DbFile:41 - Overriding database path with different value: C:\Users\bhadula.kishor\.stmcufinder\plugins\mcufinder/ => C:\Users\bhadula.kishor\.stmcufinder\plugins\mcufinder
2024-07-26 10:34:43,318 [INFO] CrossReferenceDbSqlite:203 - Set database path to: C:\Users\bhadula.kishor\.stmcufinder\plugins\mcufinder//mcu/cs/
2024-07-26 10:34:43,332 [INFO] ApplicationProperties:184 - Using Application install path: C:\ST\STM32CubeIDE_1.15.1\STM32CubeIDE\plugins\com.st.stm32cube.common.mx_6.11.1.202404110753
2024-07-26 10:34:43,334 [INFO] PluginManage:196 - Search for loadable plugins [exclusion list=, ]
2024-07-26 10:34:43,335 [INFO] PluginManage:310 - Check plugin analytics
2024-07-26 10:34:43,577 [INFO] AnalyticsPlugin:253 - Accepted Software Licenses: 
2024-07-26 10:34:43,578 [INFO] AnalyticsPlugin:255 - Accepted CMSIS Pack Licenses: 
2024-07-26 10:34:43,578 [INFO] AnalyticsPlugin:257 - Accepted Firmware Licenses: 
2024-07-26 10:34:43,583 [INFO] PluginManage:359 - Loaded plugin analytics (category:tool,tabindex:-1)
2024-07-26 10:34:43,585 [INFO] PluginManage:310 - Check plugin cadmodel
2024-07-26 10:34:43,596 [INFO] CADModel:105 - Init CAD model plugin
2024-07-26 10:34:43,596 [INFO] PluginManage:359 - Loaded plugin cadmodel (category:power,tabindex:5)
2024-07-26 10:34:43,597 [INFO] PluginManage:310 - Check plugin clock
2024-07-26 10:34:43,622 [INFO] PluginManage:359 - Loaded plugin clock (category:base,tabindex:2)
2024-07-26 10:34:43,623 [INFO] PluginManage:310 - Check plugin ddr
2024-07-26 10:34:43,630 [INFO] PluginManage:359 - Loaded plugin ddr (category:tool,tabindex:6)
2024-07-26 10:34:43,631 [INFO] PluginManage:310 - Check plugin filemanager
2024-07-26 10:34:43,802 [INFO] PluginManage:359 - Loaded plugin filemanager (category:base,tabindex:10)
2024-07-26 10:34:43,802 [INFO] PluginManage:310 - Check plugin ipmanager
2024-07-26 10:34:43,809 [INFO] PluginManage:359 - Loaded plugin ipmanager (category:base,tabindex:5)
2024-07-26 10:34:43,809 [INFO] PluginManage:310 - Check plugin lpbam
2024-07-26 10:34:43,816 [INFO] PluginManage:359 - Loaded plugin lpbam (category:base,tabindex:0)
2024-07-26 10:34:43,816 [INFO] PluginManage:310 - Check plugin memorymap
2024-07-26 10:34:43,826 [INFO] PluginManage:359 - Loaded plugin memorymap (category:base,tabindex:4)
2024-07-26 10:34:43,826 [INFO] PluginManage:310 - Check plugin pinoutandconfiguration
2024-07-26 10:34:43,832 [INFO] PluginManage:359 - Loaded plugin pinoutandconfiguration (category:base,tabindex:1)
2024-07-26 10:34:43,832 [INFO] PluginManage:310 - Check plugin pinoutconfig
2024-07-26 10:34:43,901 [WARN] SupportedApi:132 - Cannot load RTOS API schema: s4s-elt-must-match.1: The content of 'definitions' must match (annotation?, (simpleType | complexType)?, (unique | key | keyref)*)). A problem was found starting at: attribute.
2024-07-26 10:34:44,005 [INFO] PluginManage:359 - Loaded plugin pinoutconfig (category:base,tabindex:0)
2024-07-26 10:34:44,005 [INFO] PluginManage:310 - Check plugin power
2024-07-26 10:34:44,013 [INFO] PluginManage:359 - Loaded plugin power (category:power,tabindex:4)
2024-07-26 10:34:44,013 [INFO] PluginManage:310 - Check plugin projectmanager
2024-07-26 10:34:44,030 [INFO] PluginManage:359 - Loaded plugin projectmanager (category:projectmanager,tabindex:3)
2024-07-26 10:34:44,030 [INFO] PluginManage:310 - Check plugin thirdparty
2024-07-26 10:34:44,144 [WARN] IntegrityCheckThread:84 - waiting for thirdparty lock release [integrity check]
2024-07-26 10:34:44,145 [INFO] IntegrityCheckThread:86 - entering critical section [integrity check]
2024-07-26 10:34:44,145 [INFO] PluginManage:359 - Loaded plugin thirdparty (category:base,tabindex:-1)
2024-07-26 10:34:44,145 [INFO] PluginManage:310 - Check plugin tools
2024-07-26 10:34:44,146 [INFO] ThirdPartyUpdaterWithRetryManager:70 - Updater plugin not ready yet. [1/15]
2024-07-26 10:34:44,150 [INFO] PluginManage:359 - Loaded plugin tools (category:base,tabindex:7)
2024-07-26 10:34:44,150 [INFO] PluginManage:310 - Check plugin tutovideos
2024-07-26 10:34:44,291 [INFO] PluginManage:359 - Loaded plugin tutovideos (category:base,tabindex:-1)
2024-07-26 10:34:44,291 [INFO] PluginManage:310 - Check plugin updater
2024-07-26 10:34:44,303 [INFO] PluginManage:359 - Loaded plugin updater (category:base,tabindex:12)
2024-07-26 10:34:44,303 [INFO] PluginManage:310 - Check plugin userauth
2024-07-26 10:34:44,308 [INFO] UserAuth:114 - Init User Auth plugin
2024-07-26 10:34:44,308 [INFO] PluginManage:359 - Loaded plugin userauth (category:base,tabindex:14)
2024-07-26 10:34:44,308 [INFO] PluginManage:283 - PluginManage : Loaded plugins [17]
2024-07-26 10:34:44,569 [INFO] PinOutPanel:1561 - setPackage(No Configuration,No Configuration)
2024-07-26 10:34:44,655 [INFO] CADModel:165 - CPN selected for project level
2024-07-26 10:34:44,655 [INFO] CADModel:114 - Register for checkConnection events
2024-07-26 10:34:44,669 [INFO] IPUIPlugin:80 - create IPUIPlugin
2024-07-26 10:34:44,669 [INFO] PluginManager:220 - loadIPPluginJar : add adc
2024-07-26 10:34:44,671 [INFO] IPUIPlugin:80 - create IPUIPlugin
2024-07-26 10:34:44,671 [INFO] PluginManager:220 - loadIPPluginJar : add aes
2024-07-26 10:34:44,673 [INFO] IPUIPlugin:80 - create IPUIPlugin
2024-07-26 10:34:44,673 [INFO] PluginManager:220 - loadIPPluginJar : add can
2024-07-26 10:34:44,675 [INFO] IPUIPlugin:80 - create IPUIPlugin
2024-07-26 10:34:44,675 [INFO] PluginManager:220 - loadIPPluginJar : add comp
2024-07-26 10:34:44,677 [INFO] IPUIPlugin:80 - create IPUIPlugin
2024-07-26 10:34:44,677 [INFO] PluginManager:220 - loadIPPluginJar : add cryp
2024-07-26 10:34:44,679 [INFO] IPUIPlugin:80 - create IPUIPlugin
2024-07-26 10:34:44,679 [INFO] PluginManager:220 - loadIPPluginJar : add dfsdm
2024-07-26 10:34:44,683 [INFO] IPUIPlugin:80 - create IPUIPlugin
2024-07-26 10:34:44,683 [INFO] PluginManager:220 - loadIPPluginJar : add dma
2024-07-26 10:34:44,686 [INFO] IPUIPlugin:80 - create IPUIPlugin
2024-07-26 10:34:44,686 [INFO] PluginManager:220 - loadIPPluginJar : add dma3
2024-07-26 10:34:44,689 [INFO] IPUIPlugin:80 - create IPUIPlugin
2024-07-26 10:34:44,689 [INFO] PluginManager:220 - loadIPPluginJar : add extmemmanager
2024-07-26 10:34:44,690 [INFO] IPUIPlugin:80 - create IPUIPlugin
2024-07-26 10:34:44,690 [INFO] PluginManager:220 - loadIPPluginJar : add fatfs
2024-07-26 10:34:44,693 [INFO] IPUIPlugin:80 - create IPUIPlugin
2024-07-26 10:34:44,693 [INFO] PluginManager:220 - loadIPPluginJar : add fmc
2024-07-26 10:34:44,697 [INFO] IPUIPlugin:80 - create IPUIPlugin
2024-07-26 10:34:44,698 [INFO] PluginManager:220 - loadIPPluginJar : add freertos
2024-07-26 10:34:44,699 [INFO] IPUIPlugin:80 - create IPUIPlugin
2024-07-26 10:34:44,699 [INFO] PluginManager:220 - loadIPPluginJar : add genericplugin
2024-07-26 10:34:44,702 [INFO] IPUIPlugin:80 - create IPUIPlugin
2024-07-26 10:34:44,702 [INFO] PluginManager:220 - loadIPPluginJar : add gfxmmu
2024-07-26 10:34:44,706 [INFO] IPUIPlugin:80 - create IPUIPlugin
2024-07-26 10:34:44,706 [INFO] PluginManager:220 - loadIPPluginJar : add gic
2024-07-26 10:34:44,710 [INFO] IPUIPlugin:80 - create IPUIPlugin
2024-07-26 10:34:44,710 [INFO] PluginManager:220 - loadIPPluginJar : add gpio
2024-07-26 10:34:44,712 [INFO] IPUIPlugin:80 - create IPUIPlugin
2024-07-26 10:34:44,712 [INFO] PluginManager:220 - loadIPPluginJar : add gtzc
2024-07-26 10:34:44,713 [INFO] IPUIPlugin:80 - create IPUIPlugin
2024-07-26 10:34:44,713 [INFO] PluginManager:220 - loadIPPluginJar : add hash
2024-07-26 10:34:44,715 [INFO] IPUIPlugin:80 - create IPUIPlugin
2024-07-26 10:34:44,715 [INFO] PluginManager:220 - loadIPPluginJar : add i2c
2024-07-26 10:34:44,717 [INFO] IPUIPlugin:80 - create IPUIPlugin
2024-07-26 10:34:44,717 [INFO] PluginManager:220 - loadIPPluginJar : add i2s
2024-07-26 10:34:44,719 [INFO] IPUIPlugin:80 - create IPUIPlugin
2024-07-26 10:34:44,720 [INFO] PluginManager:220 - loadIPPluginJar : add i3c
2024-07-26 10:34:44,722 [INFO] IPUIPlugin:80 - create IPUIPlugin
2024-07-26 10:34:44,722 [INFO] PluginManager:220 - loadIPPluginJar : add ipddr
2024-07-26 10:34:44,727 [INFO] IPUIPlugin:80 - create IPUIPlugin
2024-07-26 10:34:44,727 [INFO] PluginManager:220 - loadIPPluginJar : add linkedlist
2024-07-26 10:34:44,730 [INFO] IPUIPlugin:80 - create IPUIPlugin
2024-07-26 10:34:44,730 [INFO] PluginManager:220 - loadIPPluginJar : add lorawan
2024-07-26 10:34:44,732 [INFO] IPUIPlugin:80 - create IPUIPlugin
2024-07-26 10:34:44,732 [INFO] PluginManager:220 - loadIPPluginJar : add ltdc
2024-07-26 10:34:44,742 [INFO] IPUIPlugin:80 - create IPUIPlugin
2024-07-26 10:34:44,742 [INFO] PluginManager:220 - loadIPPluginJar : add mdma
2024-07-26 10:34:44,746 [INFO] IPUIPlugin:80 - create IPUIPlugin
2024-07-26 10:34:44,746 [INFO] PluginManager:220 - loadIPPluginJar : add nvic
2024-07-26 10:34:44,748 [INFO] IPUIPlugin:80 - create IPUIPlugin
2024-07-26 10:34:44,748 [INFO] PluginManager:220 - loadIPPluginJar : add opamp
2024-07-26 10:34:44,755 [INFO] IPUIPlugin:80 - create IPUIPlugin
2024-07-26 10:34:44,755 [INFO] PluginManager:220 - loadIPPluginJar : add openamp
2024-07-26 10:34:44,758 [INFO] IPUIPlugin:80 - create IPUIPlugin
2024-07-26 10:34:44,758 [INFO] PluginManager:220 - loadIPPluginJar : add pdm2pcm
2024-07-26 10:34:44,763 [INFO] IPUIPlugin:80 - create IPUIPlugin
2024-07-26 10:34:44,765 [INFO] PluginManager:220 - loadIPPluginJar : add plateformsettings
2024-07-26 10:34:44,767 [INFO] IPUIPlugin:80 - create IPUIPlugin
2024-07-26 10:34:44,767 [INFO] PluginManager:220 - loadIPPluginJar : add quadspi
2024-07-26 10:34:44,790 [INFO] IPUIPlugin:80 - create IPUIPlugin
2024-07-26 10:34:44,790 [INFO] PluginManager:220 - loadIPPluginJar : add resmgrutility
2024-07-26 10:34:44,794 [INFO] IPUIPlugin:80 - create IPUIPlugin
2024-07-26 10:34:44,794 [INFO] PluginManager:220 - loadIPPluginJar : add sai
2024-07-26 10:34:44,796 [INFO] IPUIPlugin:80 - create IPUIPlugin
2024-07-26 10:34:44,797 [INFO] PluginManager:220 - loadIPPluginJar : add spi
2024-07-26 10:34:44,802 [INFO] IPUIPlugin:80 - create IPUIPlugin
2024-07-26 10:34:44,802 [INFO] PluginManager:220 - loadIPPluginJar : add stm32_wpan
2024-07-26 10:34:44,804 [INFO] IPUIPlugin:80 - create IPUIPlugin
2024-07-26 10:34:44,804 [INFO] PluginManager:220 - loadIPPluginJar : add tim
2024-07-26 10:34:44,807 [INFO] IPUIPlugin:80 - create IPUIPlugin
2024-07-26 10:34:44,807 [INFO] PluginManager:220 - loadIPPluginJar : add touchsensing
2024-07-26 10:34:44,815 [INFO] IPUIPlugin:80 - create IPUIPlugin
2024-07-26 10:34:44,815 [INFO] PluginManager:220 - loadIPPluginJar : add tracer_emb
2024-07-26 10:34:44,818 [INFO] IPUIPlugin:80 - create IPUIPlugin
2024-07-26 10:34:44,818 [INFO] PluginManager:220 - loadIPPluginJar : add ts
2024-07-26 10:34:44,820 [INFO] IPUIPlugin:80 - create IPUIPlugin
2024-07-26 10:34:44,820 [INFO] PluginManager:220 - loadIPPluginJar : add tsc
2024-07-26 10:34:44,822 [INFO] IPUIPlugin:80 - create IPUIPlugin
2024-07-26 10:34:44,822 [INFO] PluginManager:220 - loadIPPluginJar : add ucpd
2024-07-26 10:34:44,824 [INFO] IPUIPlugin:80 - create IPUIPlugin
2024-07-26 10:34:44,824 [INFO] PluginManager:220 - loadIPPluginJar : add usart
2024-07-26 10:34:44,828 [INFO] IPUIPlugin:80 - create IPUIPlugin
2024-07-26 10:34:44,828 [INFO] PluginManager:220 - loadIPPluginJar : add usbx
2024-07-26 10:34:44,952 [INFO] CADModel:165 - CPN selected for project level
2024-07-26 10:34:44,952 [INFO] CADModel:114 - Register for checkConnection events
2024-07-26 10:34:44,953 [FATAL] Updater:308 - Updater called before beeing initialized
2024-07-26 10:34:44,953 [ERROR] CADModel:125 - Updater not yet initialized, retry later 
2024-07-26 10:34:45,076 [INFO] CADModel:165 - CPN selected for project level
2024-07-26 10:34:45,076 [INFO] CADModel:114 - Register for checkConnection events
2024-07-26 10:34:45,076 [FATAL] Updater:308 - Updater called before beeing initialized
2024-07-26 10:34:45,076 [ERROR] CADModel:125 - Updater not yet initialized, retry later 
2024-07-26 10:34:45,080 [FATAL] Updater:308 - Updater called before beeing initialized
2024-07-26 10:34:45,173 [FATAL] Updater:308 - Updater called before beeing initialized
2024-07-26 10:34:45,177 [INFO] DbMcusAds:53 - JSON generation date=Thu May 16 14:52:00 IST 2024 (1715851320852)
2024-07-26 10:34:45,177 [FATAL] Updater:308 - Updater called before beeing initialized
2024-07-26 10:34:45,218 [WARN] DetailPanel:346 - Failed to get advertising image, set to default
2024-07-26 10:34:45,285 [FATAL] Updater:308 - Updater called before beeing initialized
2024-07-26 10:34:45,287 [FATAL] Updater:308 - Updater called before beeing initialized
2024-07-26 10:34:45,287 [FATAL] Updater:308 - Updater called before beeing initialized
2024-07-26 10:34:45,287 [WARN] DetailPanel:346 - Failed to get advertising image, set to default
2024-07-26 10:34:45,287 [FATAL] Updater:308 - Updater called before beeing initialized
2024-07-26 10:34:45,333 [ERROR] Updater:1120 - MainUpdater not yet initialized. External WinMGr cannot be set.
2024-07-26 10:34:45,335 [INFO] Updater:1056 - Updater Version found : 6.11.1
2024-07-26 10:34:45,352 [INFO] ApplicationProperties:184 - Using Application install path: C:\ST\STM32CubeIDE_1.15.1\STM32CubeIDE\plugins\com.st.stm32cube.common.mx_6.11.1.202404110753
2024-07-26 10:34:45,748 [INFO] MainUpdater:2873 - connection check result : 10
2024-07-26 10:34:45,749 [INFO] MainUpdater:290 - Updater Check For Update Now.
2024-07-26 10:34:45,749 [INFO] MicroXplorer:498 - Change Database Version : DB.6.0.111
2024-07-26 10:34:45,773 [INFO] McuFinderGlobals:63 - Set McuFinder mode to 2 (CubeIDE integrated)
2024-07-26 10:34:45,774 [INFO] UserAuth:179 - activating auth plugin
2024-07-26 10:34:45,776 [INFO] UserAuth:415 - Internet connection configuration mode: 1
2024-07-26 10:34:45,817 [INFO] JxBrowserEngine:152 - Initiate JxBrowser Engine with user profile folder
2024-07-26 10:34:45,919 [INFO] CheckServerUpdateThread:120 - End of CheckServer Thread
2024-07-26 10:34:47,373 [WARN] PackLoader:240 - Cannot read IP mode file for STMicroelectronics.FP-SNS-MOTENVWB1.1.4.0
2024-07-26 10:34:47,390 [WARN] PackLoader:240 - Cannot read IP mode file for STMicroelectronics.X-CUBE-SMBUS.2.1.0
2024-07-26 10:34:47,395 [WARN] PackLoader:240 - Cannot read IP mode file for STMicroelectronics.X-CUBE-TOUCHGFX.4.23.2
2024-07-26 10:34:47,430 [WARN] PackLoader:240 - Cannot read IP mode file for STMicroelectronics.X-CUBE-AZRTOS-F7.1.1.0
2024-07-26 10:34:47,442 [WARN] PackLoader:240 - Cannot read IP mode file for STMicroelectronics.FP-SNS-FLIGHT1.5.0.2
2024-07-26 10:34:47,455 [WARN] PackLoader:240 - Cannot read IP mode file for STMicroelectronics.X-CUBE-DISPLAY.3.0.0
2024-07-26 10:34:47,476 [WARN] PackLoader:240 - Cannot read IP mode file for STMicroelectronics.X-CUBE-BLE1.7.0.0
2024-07-26 10:34:47,483 [WARN] PackLoader:240 - Cannot read IP mode file for emotas.I-CUBE-CANOPEN.1.3.0
2024-07-26 10:34:47,494 [WARN] PackLoader:240 - Cannot read IP mode file for STMicroelectronics.X-CUBE-BLEMGR.3.1.0
2024-07-26 10:34:47,502 [WARN] PackLoader:240 - Cannot read IP mode file for STMicroelectronics.FP-SNS-SMARTAG2.1.2.0
2024-07-26 10:34:47,519 [INFO] LogOutputStream:77 - [STDOUT_REDIRECT] 1 : Invalid condition id : UX_CORESTACK_Condition cause : null
2024-07-26 10:34:47,520 [INFO] LogOutputStream:77 - [STDOUT_REDIRECT] 1 : Invalid condition id : UX_CORESTACK_Condition cause : null
2024-07-26 10:34:47,522 [INFO] LogOutputStream:77 - [STDOUT_REDIRECT] 1 : Invalid condition id : UX_CORESTACK_Condition cause : null
2024-07-26 10:34:47,523 [INFO] LogOutputStream:77 - [STDOUT_REDIRECT] 1 : Invalid condition id : UX_CORESTACK_Condition cause : null
2024-07-26 10:34:47,525 [INFO] LogOutputStream:77 - [STDOUT_REDIRECT] 1 : Invalid condition id : UX_CORESTACK_Condition cause : null
2024-07-26 10:34:47,529 [WARN] PackLoader:240 - Cannot read IP mode file for STMicroelectronics.X-CUBE-AZRTOS-WL.2.0.0
2024-07-26 10:34:47,535 [WARN] PackLoader:240 - Cannot read IP mode file for STMicroelectronics.FP-SNS-MOTENV1.5.0.0
2024-07-26 10:34:47,541 [WARN] PackLoader:240 - Cannot read IP mode file for wolfSSL.I-CUBE-wolfMQTT.1.19.0
2024-07-26 10:34:47,556 [WARN] PackLoader:240 - Cannot read IP mode file for WES.I-CUBE-Cesium.1.3.0
2024-07-26 10:34:47,561 [WARN] PackLoader:240 - Cannot read IP mode file for STMicroelectronics.X-CUBE-BLE2.3.3.0
2024-07-26 10:34:47,567 [WARN] PackLoader:240 - Cannot read IP mode file for STMicroelectronics.X-CUBE-TCPP.4.1.0
2024-07-26 10:34:47,589 [WARN] PackLoader:240 - Cannot read IP mode file for STMicroelectronics.X-CUBE-AZRTOS-G0.1.1.0
2024-07-26 10:34:47,597 [WARN] PackLoader:240 - Cannot read IP mode file for STMicroelectronics.X-CUBE-SAFEA1.1.2.2
2024-07-26 10:34:47,604 [WARN] PackLoader:240 - Cannot read IP mode file for STMicroelectronics.X-CUBE-NFC4.3.0.0
2024-07-26 10:34:47,619 [WARN] PackLoader:240 - Cannot read IP mode file for EmbeddedOffice.I-CUBE-FS-RTOS.1.0.1
2024-07-26 10:34:47,620 [ERROR] ConditionMgr:805 - Attr not supported : Dmpu
2024-07-26 10:34:47,620 [ERROR] ConditionMgr:805 - Attr not supported : Dmpu
2024-07-26 10:34:47,620 [ERROR] ConditionMgr:805 - Attr not supported : Dmpu
2024-07-26 10:34:47,620 [ERROR] ConditionMgr:805 - Attr not supported : Dmpu
2024-07-26 10:34:47,620 [ERROR] ConditionMgr:805 - Attr not supported : Dmpu
2024-07-26 10:34:47,620 [ERROR] ConditionMgr:805 - Attr not supported : Dmpu
2024-07-26 10:34:47,621 [ERROR] ConditionMgr:805 - Attr not supported : Dmpu
2024-07-26 10:34:47,621 [ERROR] ConditionMgr:805 - Attr not supported : Dmpu
2024-07-26 10:34:47,621 [ERROR] ConditionMgr:805 - Attr not supported : Dmpu
2024-07-26 10:34:47,621 [ERROR] ConditionMgr:805 - Attr not supported : Dmpu
2024-07-26 10:34:47,621 [ERROR] ConditionMgr:805 - Attr not supported : Dmpu
2024-07-26 10:34:47,621 [ERROR] ConditionMgr:805 - Attr not supported : Dmpu
2024-07-26 10:34:47,621 [ERROR] ConditionMgr:805 - Attr not supported : Dmpu
2024-07-26 10:34:47,621 [ERROR] ConditionMgr:805 - Attr not supported : Dmpu
2024-07-26 10:34:47,621 [ERROR] ConditionMgr:805 - Attr not supported : Dmpu
2024-07-26 10:34:47,621 [ERROR] ConditionMgr:805 - Attr not supported : Dmpu
2024-07-26 10:34:47,621 [ERROR] ConditionMgr:805 - Attr not supported : Dmpu
2024-07-26 10:34:47,622 [ERROR] ConditionMgr:805 - Attr not supported : Dmpu
2024-07-26 10:34:47,622 [ERROR] ConditionMgr:805 - Attr not supported : Dmpu
2024-07-26 10:34:47,622 [ERROR] ConditionMgr:805 - Attr not supported : Dmpu
2024-07-26 10:34:47,622 [ERROR] ConditionMgr:805 - Attr not supported : Dmpu
2024-07-26 10:34:47,622 [ERROR] ConditionMgr:805 - Attr not supported : Dmpu
2024-07-26 10:34:47,622 [ERROR] ConditionMgr:805 - Attr not supported : Dmpu
2024-07-26 10:34:47,622 [ERROR] ConditionMgr:805 - Attr not supported : Dmpu
2024-07-26 10:34:47,622 [ERROR] ConditionMgr:805 - Attr not supported : Dmpu
2024-07-26 10:34:47,622 [ERROR] ConditionMgr:805 - Attr not supported : Dmpu
2024-07-26 10:34:47,622 [ERROR] ConditionMgr:805 - Attr not supported : Dmpu
2024-07-26 10:34:47,622 [ERROR] ConditionMgr:805 - Attr not supported : Dmpu
2024-07-26 10:34:47,622 [ERROR] ConditionMgr:805 - Attr not supported : Dmpu
2024-07-26 10:34:47,622 [ERROR] ConditionMgr:805 - Attr not supported : Dmpu
2024-07-26 10:34:47,622 [ERROR] ConditionMgr:805 - Attr not supported : Dmpu
2024-07-26 10:34:47,623 [ERROR] ConditionMgr:805 - Attr not supported : Dmpu
2024-07-26 10:34:47,623 [ERROR] ConditionMgr:805 - Attr not supported : Dmpu
2024-07-26 10:34:47,623 [ERROR] ConditionMgr:805 - Attr not supported : Dmpu
2024-07-26 10:34:47,623 [ERROR] ConditionMgr:805 - Attr not supported : Dmpu
2024-07-26 10:34:47,623 [ERROR] ConditionMgr:805 - Attr not supported : Dmpu
2024-07-26 10:34:47,623 [ERROR] ConditionMgr:805 - Attr not supported : Dmpu
2024-07-26 10:34:47,623 [ERROR] ConditionMgr:805 - Attr not supported : Dmpu
2024-07-26 10:34:47,623 [ERROR] ConditionMgr:805 - Attr not supported : Dmpu
2024-07-26 10:34:47,623 [ERROR] ConditionMgr:805 - Attr not supported : Dmpu
2024-07-26 10:34:47,623 [ERROR] ConditionMgr:805 - Attr not supported : Dmpu
2024-07-26 10:34:47,623 [ERROR] ConditionMgr:805 - Attr not supported : Dmpu
2024-07-26 10:34:47,623 [ERROR] ConditionMgr:805 - Attr not supported : Dmpu
2024-07-26 10:34:47,623 [ERROR] ConditionMgr:805 - Attr not supported : Dmpu
2024-07-26 10:34:47,623 [ERROR] ConditionMgr:805 - Attr not supported : Dmpu
2024-07-26 10:34:47,623 [ERROR] ConditionMgr:805 - Attr not supported : Dmpu
2024-07-26 10:34:47,623 [ERROR] ConditionMgr:805 - Attr not supported : Dmpu
2024-07-26 10:34:47,623 [ERROR] ConditionMgr:805 - Attr not supported : Dmpu
2024-07-26 10:34:47,623 [ERROR] ConditionMgr:805 - Attr not supported : Dmpu
2024-07-26 10:34:47,623 [ERROR] ConditionMgr:805 - Attr not supported : Dmpu
2024-07-26 10:34:47,623 [ERROR] ConditionMgr:805 - Attr not supported : Dmpu
2024-07-26 10:34:47,623 [ERROR] ConditionMgr:805 - Attr not supported : Dmpu
2024-07-26 10:34:47,624 [ERROR] ConditionMgr:805 - Attr not supported : Dmpu
2024-07-26 10:34:47,624 [ERROR] ConditionMgr:805 - Attr not supported : Dmpu
2024-07-26 10:34:47,624 [ERROR] ConditionMgr:805 - Attr not supported : Dmpu
2024-07-26 10:34:47,624 [ERROR] ConditionMgr:805 - Attr not supported : Dmpu
2024-07-26 10:34:47,625 [ERROR] ConditionMgr:805 - Attr not supported : Dmpu
2024-07-26 10:34:47,625 [ERROR] ConditionMgr:805 - Attr not supported : Dmpu
2024-07-26 10:34:47,625 [ERROR] ConditionMgr:805 - Attr not supported : Dmpu
2024-07-26 10:34:47,625 [ERROR] ConditionMgr:805 - Attr not supported : Dmpu
2024-07-26 10:34:47,625 [ERROR] ConditionMgr:805 - Attr not supported : Dmpu
2024-07-26 10:34:47,625 [ERROR] ConditionMgr:805 - Attr not supported : Dmpu
2024-07-26 10:34:47,625 [ERROR] ConditionMgr:805 - Attr not supported : Dmpu
2024-07-26 10:34:47,625 [ERROR] ConditionMgr:805 - Attr not supported : Dmpu
2024-07-26 10:34:47,630 [WARN] PackLoader:240 - Cannot read IP mode file for RealThread.X-CUBE-RT-Thread_Nano.4.1.1
2024-07-26 10:34:47,635 [WARN] PackLoader:240 - Cannot read IP mode file for wolfSSL.I-CUBE-wolfSSL.5.7.0
2024-07-26 10:34:47,639 [WARN] PackLoader:240 - Cannot read IP mode file for STMicroelectronics.FP-ATR-SIGFOX1.3.2.0
2024-07-26 10:34:47,646 [WARN] PackLoader:240 - Cannot read IP mode file for STMicroelectronics.X-CUBE-EEPRMA1.5.1.0
2024-07-26 10:34:47,654 [WARN] PackLoader:240 - Cannot read IP mode file for ITTIA_DB.I-CUBE-ITTIADB.8.9.0
2024-07-26 10:34:47,685 [WARN] PackLoader:240 - Cannot read IP mode file for SEGGER.I-CUBE-embOS.1.3.1
2024-07-26 10:34:47,724 [WARN] PackLoader:240 - Cannot read IP mode file for STMicroelectronics.X-CUBE-ALGOBUILD.1.4.0
2024-07-26 10:34:47,734 [WARN] PackLoader:240 - Cannot read IP mode file for STMicroelectronics.X-CUBE-GNSS1.6.0.0
2024-07-26 10:34:47,762 [WARN] PackLoader:240 - Cannot read IP mode file for STMicroelectronics.X-CUBE-AZRTOS-F4.1.1.0
2024-07-26 10:34:47,774 [WARN] PackLoader:240 - Cannot read IP mode file for STMicroelectronics.X-CUBE-FREERTOS.1.2.0
2024-07-26 10:34:47,797 [WARN] PackLoader:240 - Cannot read IP mode file for STMicroelectronics.X-CUBE-AZRTOS-L5.2.0.0
2024-07-26 10:34:47,815 [WARN] PackLoader:240 - Cannot read IP mode file for STMicroelectronics.X-CUBE-NFC6.3.1.0
2024-07-26 10:34:47,834 [WARN] PackLoader:240 - Cannot read IP mode file for STMicroelectronics.X-CUBE-DPower.1.2.0
2024-07-26 10:34:47,858 [WARN] PackLoader:240 - Cannot read IP mode file for STMicroelectronics.X-CUBE-AI.9.0.0
2024-07-26 10:34:47,870 [WARN] PackLoader:240 - Cannot read IP mode file for STMicroelectronics.X-CUBE-NFC7.1.0.1
2024-07-26 10:34:47,880 [WARN] PackLoader:240 - Cannot read IP mode file for wolfSSL.I-CUBE-wolfTPM.3.2.0
2024-07-26 10:34:47,899 [WARN] ConditionMgr:438 - getConditionDescription Invalid condition id : LAN8742 Phy interface Condition cause : null
2024-07-26 10:34:47,900 [WARN] PackLoader:240 - Cannot read IP mode file for STMicroelectronics.X-CUBE-AZRTOS-L4.2.0.0
2024-07-26 10:34:47,902 [WARN] ConditionMgr:1039 - genDependencies : Invalid condition id : LAN8742 Phy interface Condition cause : null
2024-07-26 10:34:47,902 [WARN] ConditionMgr:1039 - genDependencies : Invalid condition id : LAN8742 Phy interface Condition cause : null
2024-07-26 10:34:47,902 [WARN] ConditionMgr:1039 - genDependencies : Invalid condition id : LAN8742 Phy interface Condition cause : null
2024-07-26 10:34:47,911 [WARN] PackLoader:240 - Cannot read IP mode file for STMicroelectronics.X-CUBE-SFXS2LP1.4.0.0
2024-07-26 10:34:47,925 [WARN] ConditionMgr:438 - getConditionDescription Invalid condition id : UX DEVICE CLASS RTOS Condition cause : null
2024-07-26 10:34:47,925 [WARN] ConditionMgr:438 - getConditionDescription Invalid condition id : UX DEVICE CLASS RTOS Condition cause : null
2024-07-26 10:34:47,927 [WARN] PackLoader:240 - Cannot read IP mode file for STMicroelectronics.X-CUBE-AZRTOS-WB.2.0.0
2024-07-26 10:34:47,928 [WARN] ConditionMgr:1039 - genDependencies : Invalid condition id : UX DEVICE CLASS RTOS Condition cause : null
2024-07-26 10:34:47,928 [WARN] ConditionMgr:1039 - genDependencies : Invalid condition id : UX DEVICE CLASS RTOS Condition cause : null
2024-07-26 10:34:47,928 [WARN] ConditionMgr:1039 - genDependencies : Invalid condition id : UX DEVICE CLASS RTOS Condition cause : null
2024-07-26 10:34:47,928 [WARN] ConditionMgr:1039 - genDependencies : Invalid condition id : UX DEVICE CLASS RTOS Condition cause : null
2024-07-26 10:34:47,929 [WARN] ConditionMgr:1039 - genDependencies : Invalid condition id : UX DEVICE CLASS RTOS Condition cause : null
2024-07-26 10:34:47,935 [WARN] PackLoader:240 - Cannot read IP mode file for STMicroelectronics.FP-SNS-STBOX1.2.0.0
2024-07-26 10:34:47,948 [WARN] PackLoader:240 - Cannot read IP mode file for STMicroelectronics.X-CUBE-SUBG2.5.0.0
2024-07-26 10:34:47,959 [WARN] PackLoader:240 - Cannot read IP mode file for Cesanta.I-CUBE-Mongoose.7.13.0
2024-07-26 10:34:47,972 [WARN] PackLoader:240 - Cannot read IP mode file for STMicroelectronics.X-CUBE-AZRTOS-G4.2.0.0
2024-07-26 10:34:47,978 [WARN] PackLoader:240 - Cannot read IP mode file for STMicroelectronics.X-CUBE-ISPU.2.0.0
2024-07-26 10:34:47,986 [WARN] PackLoader:240 - Cannot read IP mode file for STMicroelectronics.X-CUBE-ALS.1.0.2
2024-07-26 10:34:48,023 [WARN] PackLoader:240 - Cannot read IP mode file for STMicroelectronics.X-CUBE-MEMS1.10.0.0
2024-07-26 10:34:48,163 [WARN] PackLoader:240 - Cannot read IP mode file for STMicroelectronics.X-CUBE-TOUCHGFX.4.24.0
2024-07-26 10:34:48,201 [WARN] PackLoader:240 - Cannot read IP mode file for portGmbH.I-Cube-SoM-uGOAL.1.1.0
2024-07-26 10:34:48,229 [WARN] PackLoader:240 - Cannot read IP mode file for STMicroelectronics.X-CUBE-AZRTOS-H7RS.1.0.0
2024-07-26 10:34:48,238 [WARN] PackLoader:240 - Cannot read IP mode file for STMicroelectronics.FP-ATR-ASTRA1.2.0.0
2024-07-26 10:34:48,248 [WARN] PackLoader:240 - Cannot read IP mode file for STMicroelectronics.X-CUBE-TOF1.3.4.1
2024-07-26 10:34:48,275 [WARN] PackLoader:240 - Cannot read IP mode file for STMicroelectronics.X-CUBE-AZRTOS-H7.3.2.0
2024-07-26 10:34:48,288 [WARN] PackLoader:240 - Cannot read IP mode file for Infineon.AIROC-Wi-Fi-Bluetooth-STM32.1.6.0
2024-07-26 10:34:48,298 [WARN] PackLoader:240 - Cannot read IP mode file for wolfSSL.I-CUBE-wolfSSH.1.4.17
2024-07-26 10:34:48,300 [INFO] ThirdParty:978 - Integrity check success = true
2024-07-26 10:34:48,300 [INFO] IntegrityCheckThread:100 - exiting critical section [integrity check]
2024-07-26 10:34:48,300 [INFO] IntegrityCheckThread:103 - End integrity checks thread
2024-07-26 10:34:48,952 [INFO] WebApp:161 - Instantiating new browser for Auth
2024-07-26 10:34:49,586 [INFO] WebApp:779 - Register for checkConnection events
2024-07-26 10:34:49,587 [INFO] WebApp:414 - Apply proxy settings
2024-07-26 10:34:49,587 [INFO] WebApp:499 - Chromium requires no authentication
2024-07-26 10:34:49,593 [INFO] WebApp:442 - Direct internet connection detected
2024-07-26 10:34:49,706 [INFO] WebApp:192 - Starting web application
2024-07-26 10:34:49,706 [INFO] WebApp:544 - Web application path used C:\ST\STM32CubeIDE_1.15.1\STM32CubeIDE\plugins\com.st.stm32cube.common.mx_6.11.1.202404110753\db\plugins\mcufinder\reactClient1\index.html
2024-07-26 10:54:45,978 [ERROR] LogOutputStream:75 - [STDERR_REDIRECT] 
2024-07-26 11:18:13,743 [INFO] Activator:176 - 


2024-07-26 11:18:13,746 [INFO] Activator:177 - !SESSION log4j initialized
2024-07-26 11:18:18,145 [INFO] LogOutputStream:77 - [STDOUT_REDIRECT] 
2024-07-26 11:18:18,978 [INFO] ApplicationProperties:184 - Using Application install path: C:\ST\STM32CubeIDE_1.15.1\STM32CubeIDE\plugins\com.st.stm32cube.common.mx_6.11.1.202404110753
2024-07-26 11:18:18,998 [INFO] DbMcusXml:78 - Set database path to: C:\ST\STM32CubeIDE_1.15.1\STM32CubeIDE\plugins\com.st.stm32cube.common.mx_6.11.1.202404110753\\db\/mcu/
2024-07-26 11:18:18,999 [INFO] ApiDb:274 - Set plugin database path to: C:\ST\STM32CubeIDE_1.15.1\STM32CubeIDE\plugins\com.st.stm32cube.common.mx_6.11.1.202404110753\\db\/plugins/boardmanager/
2024-07-26 11:18:18,999 [WARN] ApiDb:259 - Overriding images path with different value:  => C:\ST\STM32CubeIDE_1.15.1\STM32CubeIDE\plugins\com.st.stm32cube.common.mx_6.11.1.202404110753\\db\/plugins/mcufinder/images/
2024-07-26 11:18:19,006 [INFO] ApiDb:250 - Set database path to: C:\Users\bhadula.kishor\.stmcufinder\plugins\mcufinder//mcu/
2024-07-26 11:18:19,007 [INFO] DbMcusAds:125 - Set database path to: C:\Users\bhadula.kishor\.stmcufinder\plugins\mcufinder//mcu/
2024-07-26 11:18:19,011 [INFO] CrossReferenceDbSqlite:203 - Set database path to: C:\Users\bhadula.kishor\.stmcufinder\plugins\mcufinder//mcu/cs/
2024-07-26 11:18:19,204 [INFO] RulesReader:64 - Compatibility file has been processed (297 Rules)
2024-07-26 11:18:19,325 [INFO] DbMcusXml:78 - Set database path to: C:\ST\STM32CubeIDE_1.15.1\STM32CubeIDE\plugins\com.st.stm32cube.common.mx_6.11.1.202404110753\\db\/mcu/
2024-07-26 11:18:19,325 [INFO] ApiDb:274 - Set plugin database path to: C:\ST\STM32CubeIDE_1.15.1\STM32CubeIDE\plugins\com.st.stm32cube.common.mx_6.11.1.202404110753\\db\/plugins/boardmanager/
2024-07-26 11:18:19,325 [INFO] ApiDb:261 - Set plugin images path to: C:\ST\STM32CubeIDE_1.15.1\STM32CubeIDE\plugins\com.st.stm32cube.common.mx_6.11.1.202404110753\\db\/plugins/mcufinder/images/
2024-07-26 11:18:19,325 [WARN] DbFile:41 - Overriding database path with different value: C:\Users\bhadula.kishor\.stmcufinder\plugins\mcufinder/ => C:\Users\bhadula.kishor\.stmcufinder\plugins\mcufinder
2024-07-26 11:18:19,325 [INFO] ApiDb:250 - Set database path to: C:\Users\bhadula.kishor\.stmcufinder\plugins\mcufinder//mcu/
2024-07-26 11:18:19,326 [WARN] DbFile:41 - Overriding database path with different value: C:\Users\bhadula.kishor\.stmcufinder\plugins\mcufinder/ => C:\Users\bhadula.kishor\.stmcufinder\plugins\mcufinder
2024-07-26 11:18:19,326 [INFO] DbMcusAds:125 - Set database path to: C:\Users\bhadula.kishor\.stmcufinder\plugins\mcufinder//mcu/
2024-07-26 11:18:19,326 [WARN] DbFile:41 - Overriding database path with different value: C:\Users\bhadula.kishor\.stmcufinder\plugins\mcufinder/ => C:\Users\bhadula.kishor\.stmcufinder\plugins\mcufinder
2024-07-26 11:18:19,326 [WARN] DbFile:41 - Overriding database path with different value: C:\Users\bhadula.kishor\.stmcufinder\plugins\mcufinder/ => C:\Users\bhadula.kishor\.stmcufinder\plugins\mcufinder
2024-07-26 11:18:19,326 [INFO] CrossReferenceDbSqlite:203 - Set database path to: C:\Users\bhadula.kishor\.stmcufinder\plugins\mcufinder//mcu/cs/
2024-07-26 11:18:19,395 [INFO] MainPanel:264 - HeapMemory: 268435456
2024-07-26 11:18:19,447 [INFO] DbMcusXml:78 - Set database path to: C:\ST\STM32CubeIDE_1.15.1\STM32CubeIDE\plugins\com.st.stm32cube.common.mx_6.11.1.202404110753\\db\/mcu/
2024-07-26 11:18:19,447 [INFO] ApiDb:274 - Set plugin database path to: C:\ST\STM32CubeIDE_1.15.1\STM32CubeIDE\plugins\com.st.stm32cube.common.mx_6.11.1.202404110753\\db\/plugins/boardmanager/
2024-07-26 11:18:19,447 [INFO] ApiDb:261 - Set plugin images path to: C:\ST\STM32CubeIDE_1.15.1\STM32CubeIDE\plugins\com.st.stm32cube.common.mx_6.11.1.202404110753\\db\/plugins/mcufinder/images/
2024-07-26 11:18:19,448 [WARN] DbFile:41 - Overriding database path with different value: C:\Users\bhadula.kishor\.stmcufinder\plugins\mcufinder/ => C:\Users\bhadula.kishor\.stmcufinder\plugins\mcufinder
2024-07-26 11:18:19,448 [INFO] ApiDb:250 - Set database path to: C:\Users\bhadula.kishor\.stmcufinder\plugins\mcufinder//mcu/
2024-07-26 11:18:19,448 [WARN] DbFile:41 - Overriding database path with different value: C:\Users\bhadula.kishor\.stmcufinder\plugins\mcufinder/ => C:\Users\bhadula.kishor\.stmcufinder\plugins\mcufinder
2024-07-26 11:18:19,448 [INFO] DbMcusAds:125 - Set database path to: C:\Users\bhadula.kishor\.stmcufinder\plugins\mcufinder//mcu/
2024-07-26 11:18:19,448 [WARN] DbFile:41 - Overriding database path with different value: C:\Users\bhadula.kishor\.stmcufinder\plugins\mcufinder/ => C:\Users\bhadula.kishor\.stmcufinder\plugins\mcufinder
2024-07-26 11:18:19,448 [WARN] DbFile:41 - Overriding database path with different value: C:\Users\bhadula.kishor\.stmcufinder\plugins\mcufinder/ => C:\Users\bhadula.kishor\.stmcufinder\plugins\mcufinder
2024-07-26 11:18:19,448 [INFO] CrossReferenceDbSqlite:203 - Set database path to: C:\Users\bhadula.kishor\.stmcufinder\plugins\mcufinder//mcu/cs/
2024-07-26 11:18:19,466 [INFO] ApplicationProperties:184 - Using Application install path: C:\ST\STM32CubeIDE_1.15.1\STM32CubeIDE\plugins\com.st.stm32cube.common.mx_6.11.1.202404110753
2024-07-26 11:18:19,467 [INFO] PluginManage:196 - Search for loadable plugins [exclusion list=, ]
2024-07-26 11:18:19,468 [INFO] PluginManage:310 - Check plugin analytics
2024-07-26 11:18:19,642 [INFO] AnalyticsPlugin:253 - Accepted Software Licenses: 
2024-07-26 11:18:19,642 [INFO] AnalyticsPlugin:255 - Accepted CMSIS Pack Licenses: 
2024-07-26 11:18:19,643 [INFO] AnalyticsPlugin:257 - Accepted Firmware Licenses: 
2024-07-26 11:18:19,650 [INFO] PluginManage:359 - Loaded plugin analytics (category:tool,tabindex:-1)
2024-07-26 11:18:19,650 [INFO] PluginManage:310 - Check plugin cadmodel
2024-07-26 11:18:19,660 [INFO] CADModel:105 - Init CAD model plugin
2024-07-26 11:18:19,660 [INFO] PluginManage:359 - Loaded plugin cadmodel (category:power,tabindex:5)
2024-07-26 11:18:19,661 [INFO] PluginManage:310 - Check plugin clock
2024-07-26 11:18:19,682 [INFO] PluginManage:359 - Loaded plugin clock (category:base,tabindex:2)
2024-07-26 11:18:19,683 [INFO] PluginManage:310 - Check plugin ddr
2024-07-26 11:18:19,689 [INFO] PluginManage:359 - Loaded plugin ddr (category:tool,tabindex:6)
2024-07-26 11:18:19,690 [INFO] PluginManage:310 - Check plugin filemanager
2024-07-26 11:18:19,865 [INFO] PluginManage:359 - Loaded plugin filemanager (category:base,tabindex:10)
2024-07-26 11:18:19,865 [INFO] PluginManage:310 - Check plugin ipmanager
2024-07-26 11:18:19,874 [INFO] PluginManage:359 - Loaded plugin ipmanager (category:base,tabindex:5)
2024-07-26 11:18:19,874 [INFO] PluginManage:310 - Check plugin lpbam
2024-07-26 11:18:19,883 [INFO] PluginManage:359 - Loaded plugin lpbam (category:base,tabindex:0)
2024-07-26 11:18:19,883 [INFO] PluginManage:310 - Check plugin memorymap
2024-07-26 11:18:19,894 [INFO] PluginManage:359 - Loaded plugin memorymap (category:base,tabindex:4)
2024-07-26 11:18:19,895 [INFO] PluginManage:310 - Check plugin pinoutandconfiguration
2024-07-26 11:18:19,902 [INFO] PluginManage:359 - Loaded plugin pinoutandconfiguration (category:base,tabindex:1)
2024-07-26 11:18:19,902 [INFO] PluginManage:310 - Check plugin pinoutconfig
2024-07-26 11:18:19,972 [WARN] SupportedApi:132 - Cannot load RTOS API schema: s4s-elt-must-match.1: The content of 'definitions' must match (annotation?, (simpleType | complexType)?, (unique | key | keyref)*)). A problem was found starting at: attribute.
2024-07-26 11:18:20,068 [INFO] PluginManage:359 - Loaded plugin pinoutconfig (category:base,tabindex:0)
2024-07-26 11:18:20,068 [INFO] PluginManage:310 - Check plugin power
2024-07-26 11:18:20,075 [INFO] PluginManage:359 - Loaded plugin power (category:power,tabindex:4)
2024-07-26 11:18:20,075 [INFO] PluginManage:310 - Check plugin projectmanager
2024-07-26 11:18:20,089 [INFO] PluginManage:359 - Loaded plugin projectmanager (category:projectmanager,tabindex:3)
2024-07-26 11:18:20,090 [INFO] PluginManage:310 - Check plugin thirdparty
2024-07-26 11:18:20,194 [INFO] PluginManage:359 - Loaded plugin thirdparty (category:base,tabindex:-1)
2024-07-26 11:18:20,194 [WARN] IntegrityCheckThread:84 - waiting for thirdparty lock release [integrity check]
2024-07-26 11:18:20,194 [INFO] PluginManage:310 - Check plugin tools
2024-07-26 11:18:20,194 [INFO] IntegrityCheckThread:86 - entering critical section [integrity check]
2024-07-26 11:18:20,195 [INFO] ThirdPartyUpdaterWithRetryManager:70 - Updater plugin not ready yet. [1/15]
2024-07-26 11:18:20,196 [INFO] PluginManage:359 - Loaded plugin tools (category:base,tabindex:7)
2024-07-26 11:18:20,197 [INFO] PluginManage:310 - Check plugin tutovideos
2024-07-26 11:18:20,319 [INFO] PluginManage:359 - Loaded plugin tutovideos (category:base,tabindex:-1)
2024-07-26 11:18:20,320 [INFO] PluginManage:310 - Check plugin updater
2024-07-26 11:18:20,329 [INFO] PluginManage:359 - Loaded plugin updater (category:base,tabindex:12)
2024-07-26 11:18:20,329 [INFO] PluginManage:310 - Check plugin userauth
2024-07-26 11:18:20,333 [INFO] UserAuth:114 - Init User Auth plugin
2024-07-26 11:18:20,333 [INFO] PluginManage:359 - Loaded plugin userauth (category:base,tabindex:14)
2024-07-26 11:18:20,334 [INFO] PluginManage:283 - PluginManage : Loaded plugins [17]
2024-07-26 11:18:20,538 [INFO] PinOutPanel:1561 - setPackage(No Configuration,No Configuration)
2024-07-26 11:18:20,623 [INFO] CADModel:165 - CPN selected for project level
2024-07-26 11:18:20,624 [INFO] CADModel:114 - Register for checkConnection events
2024-07-26 11:18:20,640 [INFO] IPUIPlugin:80 - create IPUIPlugin
2024-07-26 11:18:20,640 [INFO] PluginManager:220 - loadIPPluginJar : add adc
2024-07-26 11:18:20,642 [INFO] IPUIPlugin:80 - create IPUIPlugin
2024-07-26 11:18:20,642 [INFO] PluginManager:220 - loadIPPluginJar : add aes
2024-07-26 11:18:20,644 [INFO] IPUIPlugin:80 - create IPUIPlugin
2024-07-26 11:18:20,644 [INFO] PluginManager:220 - loadIPPluginJar : add can
2024-07-26 11:18:20,645 [INFO] IPUIPlugin:80 - create IPUIPlugin
2024-07-26 11:18:20,646 [INFO] PluginManager:220 - loadIPPluginJar : add comp
2024-07-26 11:18:20,648 [INFO] IPUIPlugin:80 - create IPUIPlugin
2024-07-26 11:18:20,648 [INFO] PluginManager:220 - loadIPPluginJar : add cryp
2024-07-26 11:18:20,649 [INFO] IPUIPlugin:80 - create IPUIPlugin
2024-07-26 11:18:20,649 [INFO] PluginManager:220 - loadIPPluginJar : add dfsdm
2024-07-26 11:18:20,654 [INFO] IPUIPlugin:80 - create IPUIPlugin
2024-07-26 11:18:20,655 [INFO] PluginManager:220 - loadIPPluginJar : add dma
2024-07-26 11:18:20,656 [INFO] IPUIPlugin:80 - create IPUIPlugin
2024-07-26 11:18:20,656 [INFO] PluginManager:220 - loadIPPluginJar : add dma3
2024-07-26 11:18:20,658 [INFO] IPUIPlugin:80 - create IPUIPlugin
2024-07-26 11:18:20,658 [INFO] PluginManager:220 - loadIPPluginJar : add extmemmanager
2024-07-26 11:18:20,660 [INFO] IPUIPlugin:80 - create IPUIPlugin
2024-07-26 11:18:20,660 [INFO] PluginManager:220 - loadIPPluginJar : add fatfs
2024-07-26 11:18:20,663 [INFO] IPUIPlugin:80 - create IPUIPlugin
2024-07-26 11:18:20,663 [INFO] PluginManager:220 - loadIPPluginJar : add fmc
2024-07-26 11:18:20,668 [INFO] IPUIPlugin:80 - create IPUIPlugin
2024-07-26 11:18:20,668 [INFO] PluginManager:220 - loadIPPluginJar : add freertos
2024-07-26 11:18:20,669 [INFO] IPUIPlugin:80 - create IPUIPlugin
2024-07-26 11:18:20,669 [INFO] PluginManager:220 - loadIPPluginJar : add genericplugin
2024-07-26 11:18:20,671 [INFO] IPUIPlugin:80 - create IPUIPlugin
2024-07-26 11:18:20,671 [INFO] PluginManager:220 - loadIPPluginJar : add gfxmmu
2024-07-26 11:18:20,675 [INFO] IPUIPlugin:80 - create IPUIPlugin
2024-07-26 11:18:20,675 [INFO] PluginManager:220 - loadIPPluginJar : add gic
2024-07-26 11:18:20,679 [INFO] IPUIPlugin:80 - create IPUIPlugin
2024-07-26 11:18:20,679 [INFO] PluginManager:220 - loadIPPluginJar : add gpio
2024-07-26 11:18:20,681 [INFO] IPUIPlugin:80 - create IPUIPlugin
2024-07-26 11:18:20,681 [INFO] PluginManager:220 - loadIPPluginJar : add gtzc
2024-07-26 11:18:20,682 [INFO] IPUIPlugin:80 - create IPUIPlugin
2024-07-26 11:18:20,683 [INFO] PluginManager:220 - loadIPPluginJar : add hash
2024-07-26 11:18:20,685 [INFO] IPUIPlugin:80 - create IPUIPlugin
2024-07-26 11:18:20,685 [INFO] PluginManager:220 - loadIPPluginJar : add i2c
2024-07-26 11:18:20,688 [INFO] IPUIPlugin:80 - create IPUIPlugin
2024-07-26 11:18:20,688 [INFO] PluginManager:220 - loadIPPluginJar : add i2s
2024-07-26 11:18:20,691 [INFO] IPUIPlugin:80 - create IPUIPlugin
2024-07-26 11:18:20,691 [INFO] PluginManager:220 - loadIPPluginJar : add i3c
2024-07-26 11:18:20,693 [INFO] IPUIPlugin:80 - create IPUIPlugin
2024-07-26 11:18:20,693 [INFO] PluginManager:220 - loadIPPluginJar : add ipddr
2024-07-26 11:18:20,700 [INFO] IPUIPlugin:80 - create IPUIPlugin
2024-07-26 11:18:20,700 [INFO] PluginManager:220 - loadIPPluginJar : add linkedlist
2024-07-26 11:18:20,703 [INFO] IPUIPlugin:80 - create IPUIPlugin
2024-07-26 11:18:20,703 [INFO] PluginManager:220 - loadIPPluginJar : add lorawan
2024-07-26 11:18:20,704 [INFO] IPUIPlugin:80 - create IPUIPlugin
2024-07-26 11:18:20,704 [INFO] PluginManager:220 - loadIPPluginJar : add ltdc
2024-07-26 11:18:20,709 [INFO] IPUIPlugin:80 - create IPUIPlugin
2024-07-26 11:18:20,709 [INFO] PluginManager:220 - loadIPPluginJar : add mdma
2024-07-26 11:18:20,711 [INFO] IPUIPlugin:80 - create IPUIPlugin
2024-07-26 11:18:20,711 [INFO] PluginManager:220 - loadIPPluginJar : add nvic
2024-07-26 11:18:20,714 [INFO] IPUIPlugin:80 - create IPUIPlugin
2024-07-26 11:18:20,714 [INFO] PluginManager:220 - loadIPPluginJar : add opamp
2024-07-26 11:18:20,716 [INFO] IPUIPlugin:80 - create IPUIPlugin
2024-07-26 11:18:20,716 [INFO] PluginManager:220 - loadIPPluginJar : add openamp
2024-07-26 11:18:20,719 [INFO] IPUIPlugin:80 - create IPUIPlugin
2024-07-26 11:18:20,719 [INFO] PluginManager:220 - loadIPPluginJar : add pdm2pcm
2024-07-26 11:18:20,723 [INFO] IPUIPlugin:80 - create IPUIPlugin
2024-07-26 11:18:20,725 [INFO] PluginManager:220 - loadIPPluginJar : add plateformsettings
2024-07-26 11:18:20,726 [INFO] IPUIPlugin:80 - create IPUIPlugin
2024-07-26 11:18:20,726 [INFO] PluginManager:220 - loadIPPluginJar : add quadspi
2024-07-26 11:18:20,728 [INFO] IPUIPlugin:80 - create IPUIPlugin
2024-07-26 11:18:20,728 [INFO] PluginManager:220 - loadIPPluginJar : add resmgrutility
2024-07-26 11:18:20,730 [INFO] IPUIPlugin:80 - create IPUIPlugin
2024-07-26 11:18:20,730 [INFO] PluginManager:220 - loadIPPluginJar : add sai
2024-07-26 11:18:20,732 [INFO] IPUIPlugin:80 - create IPUIPlugin
2024-07-26 11:18:20,732 [INFO] PluginManager:220 - loadIPPluginJar : add spi
2024-07-26 11:18:20,736 [INFO] IPUIPlugin:80 - create IPUIPlugin
2024-07-26 11:18:20,736 [INFO] PluginManager:220 - loadIPPluginJar : add stm32_wpan
2024-07-26 11:18:20,737 [INFO] IPUIPlugin:80 - create IPUIPlugin
2024-07-26 11:18:20,737 [INFO] PluginManager:220 - loadIPPluginJar : add tim
2024-07-26 11:18:20,739 [INFO] IPUIPlugin:80 - create IPUIPlugin
2024-07-26 11:18:20,739 [INFO] PluginManager:220 - loadIPPluginJar : add touchsensing
2024-07-26 11:18:20,741 [INFO] IPUIPlugin:80 - create IPUIPlugin
2024-07-26 11:18:20,741 [INFO] PluginManager:220 - loadIPPluginJar : add tracer_emb
2024-07-26 11:18:20,742 [INFO] IPUIPlugin:80 - create IPUIPlugin
2024-07-26 11:18:20,742 [INFO] PluginManager:220 - loadIPPluginJar : add ts
2024-07-26 11:18:20,743 [INFO] IPUIPlugin:80 - create IPUIPlugin
2024-07-26 11:18:20,744 [INFO] PluginManager:220 - loadIPPluginJar : add tsc
2024-07-26 11:18:20,745 [INFO] IPUIPlugin:80 - create IPUIPlugin
2024-07-26 11:18:20,745 [INFO] PluginManager:220 - loadIPPluginJar : add ucpd
2024-07-26 11:18:20,747 [INFO] IPUIPlugin:80 - create IPUIPlugin
2024-07-26 11:18:20,747 [INFO] PluginManager:220 - loadIPPluginJar : add usart
2024-07-26 11:18:20,749 [INFO] IPUIPlugin:80 - create IPUIPlugin
2024-07-26 11:18:20,749 [INFO] PluginManager:220 - loadIPPluginJar : add usbx
2024-07-26 11:18:20,874 [INFO] CADModel:165 - CPN selected for project level
2024-07-26 11:18:20,874 [INFO] CADModel:114 - Register for checkConnection events
2024-07-26 11:18:20,874 [FATAL] Updater:308 - Updater called before beeing initialized
2024-07-26 11:18:20,874 [ERROR] CADModel:125 - Updater not yet initialized, retry later 
2024-07-26 11:18:20,989 [INFO] CADModel:165 - CPN selected for project level
2024-07-26 11:18:20,990 [INFO] CADModel:114 - Register for checkConnection events
2024-07-26 11:18:20,990 [FATAL] Updater:308 - Updater called before beeing initialized
2024-07-26 11:18:20,990 [ERROR] CADModel:125 - Updater not yet initialized, retry later 
2024-07-26 11:18:20,992 [FATAL] Updater:308 - Updater called before beeing initialized
2024-07-26 11:18:21,100 [FATAL] Updater:308 - Updater called before beeing initialized
2024-07-26 11:18:21,104 [INFO] DbMcusAds:53 - JSON generation date=Thu May 16 14:52:00 IST 2024 (1715851320852)
2024-07-26 11:18:21,104 [FATAL] Updater:308 - Updater called before beeing initialized
2024-07-26 11:18:21,135 [WARN] DetailPanel:346 - Failed to get advertising image, set to default
2024-07-26 11:18:21,243 [FATAL] Updater:308 - Updater called before beeing initialized
2024-07-26 11:18:21,244 [FATAL] Updater:308 - Updater called before beeing initialized
2024-07-26 11:18:21,245 [FATAL] Updater:308 - Updater called before beeing initialized
2024-07-26 11:18:21,245 [WARN] DetailPanel:346 - Failed to get advertising image, set to default
2024-07-26 11:18:21,245 [FATAL] Updater:308 - Updater called before beeing initialized
2024-07-26 11:18:21,287 [ERROR] Updater:1120 - MainUpdater not yet initialized. External WinMGr cannot be set.
2024-07-26 11:18:21,289 [INFO] Updater:1056 - Updater Version found : 6.11.1
2024-07-26 11:18:21,306 [INFO] ApplicationProperties:184 - Using Application install path: C:\ST\STM32CubeIDE_1.15.1\STM32CubeIDE\plugins\com.st.stm32cube.common.mx_6.11.1.202404110753
2024-07-26 11:18:21,636 [INFO] MainUpdater:2873 - connection check result : 10
2024-07-26 11:18:21,636 [INFO] MainUpdater:290 - Updater Check For Update Now.
2024-07-26 11:18:21,636 [INFO] MicroXplorer:498 - Change Database Version : DB.6.0.111
2024-07-26 11:18:21,657 [INFO] McuFinderGlobals:63 - Set McuFinder mode to 2 (CubeIDE integrated)
2024-07-26 11:18:21,657 [INFO] UserAuth:179 - activating auth plugin
2024-07-26 11:18:21,660 [INFO] UserAuth:415 - Internet connection configuration mode: 1
2024-07-26 11:18:21,698 [INFO] JxBrowserEngine:152 - Initiate JxBrowser Engine with user profile folder
2024-07-26 11:18:21,818 [INFO] CheckServerUpdateThread:120 - End of CheckServer Thread
2024-07-26 11:18:22,288 [INFO] WebApp:161 - Instantiating new browser for Auth
2024-07-26 11:18:22,861 [INFO] WebApp:779 - Register for checkConnection events
2024-07-26 11:18:22,861 [INFO] WebApp:414 - Apply proxy settings
2024-07-26 11:18:22,861 [INFO] WebApp:499 - Chromium requires no authentication
2024-07-26 11:18:22,868 [INFO] WebApp:442 - Direct internet connection detected
2024-07-26 11:18:23,001 [INFO] WebApp:192 - Starting web application
2024-07-26 11:18:23,001 [INFO] WebApp:544 - Web application path used C:\ST\STM32CubeIDE_1.15.1\STM32CubeIDE\plugins\com.st.stm32cube.common.mx_6.11.1.202404110753\db\plugins\mcufinder\reactClient1\index.html
2024-07-26 11:18:23,430 [WARN] PackLoader:240 - Cannot read IP mode file for STMicroelectronics.FP-SNS-MOTENVWB1.1.4.0
2024-07-26 11:18:23,443 [WARN] PackLoader:240 - Cannot read IP mode file for STMicroelectronics.X-CUBE-SMBUS.2.1.0
2024-07-26 11:18:23,450 [WARN] PackLoader:240 - Cannot read IP mode file for STMicroelectronics.X-CUBE-TOUCHGFX.4.23.2
2024-07-26 11:18:23,475 [WARN] PackLoader:240 - Cannot read IP mode file for STMicroelectronics.X-CUBE-AZRTOS-F7.1.1.0
2024-07-26 11:18:23,487 [WARN] PackLoader:240 - Cannot read IP mode file for STMicroelectronics.FP-SNS-FLIGHT1.5.0.2
2024-07-26 11:18:23,497 [WARN] PackLoader:240 - Cannot read IP mode file for STMicroelectronics.X-CUBE-DISPLAY.3.0.0
2024-07-26 11:18:23,516 [WARN] PackLoader:240 - Cannot read IP mode file for STMicroelectronics.X-CUBE-BLE1.7.0.0
2024-07-26 11:18:23,522 [WARN] PackLoader:240 - Cannot read IP mode file for emotas.I-CUBE-CANOPEN.1.3.0
2024-07-26 11:18:23,531 [WARN] PackLoader:240 - Cannot read IP mode file for STMicroelectronics.X-CUBE-BLEMGR.3.1.0
2024-07-26 11:18:23,537 [WARN] PackLoader:240 - Cannot read IP mode file for STMicroelectronics.FP-SNS-SMARTAG2.1.2.0
2024-07-26 11:18:23,547 [INFO] LogOutputStream:77 - [STDOUT_REDIRECT] 1 : Invalid condition id : UX_CORESTACK_Condition cause : null
2024-07-26 11:18:23,548 [INFO] LogOutputStream:77 - [STDOUT_REDIRECT] 1 : Invalid condition id : UX_CORESTACK_Condition cause : null
2024-07-26 11:18:23,550 [INFO] LogOutputStream:77 - [STDOUT_REDIRECT] 1 : Invalid condition id : UX_CORESTACK_Condition cause : null
2024-07-26 11:18:23,552 [INFO] LogOutputStream:77 - [STDOUT_REDIRECT] 1 : Invalid condition id : UX_CORESTACK_Condition cause : null
2024-07-26 11:18:23,555 [INFO] LogOutputStream:77 - [STDOUT_REDIRECT] 1 : Invalid condition id : UX_CORESTACK_Condition cause : null
2024-07-26 11:18:23,558 [WARN] PackLoader:240 - Cannot read IP mode file for STMicroelectronics.X-CUBE-AZRTOS-WL.2.0.0
2024-07-26 11:18:23,565 [WARN] PackLoader:240 - Cannot read IP mode file for STMicroelectronics.FP-SNS-MOTENV1.5.0.0
2024-07-26 11:18:23,570 [WARN] PackLoader:240 - Cannot read IP mode file for wolfSSL.I-CUBE-wolfMQTT.1.19.0
2024-07-26 11:18:23,583 [WARN] PackLoader:240 - Cannot read IP mode file for WES.I-CUBE-Cesium.1.3.0
2024-07-26 11:18:23,587 [WARN] PackLoader:240 - Cannot read IP mode file for STMicroelectronics.X-CUBE-BLE2.3.3.0
2024-07-26 11:18:23,592 [WARN] PackLoader:240 - Cannot read IP mode file for STMicroelectronics.X-CUBE-TCPP.4.1.0
2024-07-26 11:18:23,605 [WARN] PackLoader:240 - Cannot read IP mode file for STMicroelectronics.X-CUBE-AZRTOS-G0.1.1.0
2024-07-26 11:18:23,614 [WARN] PackLoader:240 - Cannot read IP mode file for STMicroelectronics.X-CUBE-SAFEA1.1.2.2
2024-07-26 11:18:23,622 [WARN] PackLoader:240 - Cannot read IP mode file for STMicroelectronics.X-CUBE-NFC4.3.0.0
2024-07-26 11:18:23,633 [WARN] PackLoader:240 - Cannot read IP mode file for EmbeddedOffice.I-CUBE-FS-RTOS.1.0.1
2024-07-26 11:18:23,633 [ERROR] ConditionMgr:805 - Attr not supported : Dmpu
2024-07-26 11:18:23,633 [ERROR] ConditionMgr:805 - Attr not supported : Dmpu
2024-07-26 11:18:23,633 [ERROR] ConditionMgr:805 - Attr not supported : Dmpu
2024-07-26 11:18:23,634 [ERROR] ConditionMgr:805 - Attr not supported : Dmpu
2024-07-26 11:18:23,634 [ERROR] ConditionMgr:805 - Attr not supported : Dmpu
2024-07-26 11:18:23,634 [ERROR] ConditionMgr:805 - Attr not supported : Dmpu
2024-07-26 11:18:23,634 [ERROR] ConditionMgr:805 - Attr not supported : Dmpu
2024-07-26 11:18:23,634 [ERROR] ConditionMgr:805 - Attr not supported : Dmpu
2024-07-26 11:18:23,634 [ERROR] ConditionMgr:805 - Attr not supported : Dmpu
2024-07-26 11:18:23,634 [ERROR] ConditionMgr:805 - Attr not supported : Dmpu
2024-07-26 11:18:23,634 [ERROR] ConditionMgr:805 - Attr not supported : Dmpu
2024-07-26 11:18:23,634 [ERROR] ConditionMgr:805 - Attr not supported : Dmpu
2024-07-26 11:18:23,634 [ERROR] ConditionMgr:805 - Attr not supported : Dmpu
2024-07-26 11:18:23,634 [ERROR] ConditionMgr:805 - Attr not supported : Dmpu
2024-07-26 11:18:23,634 [ERROR] ConditionMgr:805 - Attr not supported : Dmpu
2024-07-26 11:18:23,634 [ERROR] ConditionMgr:805 - Attr not supported : Dmpu
2024-07-26 11:18:23,634 [ERROR] ConditionMgr:805 - Attr not supported : Dmpu
2024-07-26 11:18:23,634 [ERROR] ConditionMgr:805 - Attr not supported : Dmpu
2024-07-26 11:18:23,634 [ERROR] ConditionMgr:805 - Attr not supported : Dmpu
2024-07-26 11:18:23,634 [ERROR] ConditionMgr:805 - Attr not supported : Dmpu
2024-07-26 11:18:23,634 [ERROR] ConditionMgr:805 - Attr not supported : Dmpu
2024-07-26 11:18:23,634 [ERROR] ConditionMgr:805 - Attr not supported : Dmpu
2024-07-26 11:18:23,634 [ERROR] ConditionMgr:805 - Attr not supported : Dmpu
2024-07-26 11:18:23,634 [ERROR] ConditionMgr:805 - Attr not supported : Dmpu
2024-07-26 11:18:23,634 [ERROR] ConditionMgr:805 - Attr not supported : Dmpu
2024-07-26 11:18:23,634 [ERROR] ConditionMgr:805 - Attr not supported : Dmpu
2024-07-26 11:18:23,635 [ERROR] ConditionMgr:805 - Attr not supported : Dmpu
2024-07-26 11:18:23,635 [ERROR] ConditionMgr:805 - Attr not supported : Dmpu
2024-07-26 11:18:23,635 [ERROR] ConditionMgr:805 - Attr not supported : Dmpu
2024-07-26 11:18:23,635 [ERROR] ConditionMgr:805 - Attr not supported : Dmpu
2024-07-26 11:18:23,635 [ERROR] ConditionMgr:805 - Attr not supported : Dmpu
2024-07-26 11:18:23,635 [ERROR] ConditionMgr:805 - Attr not supported : Dmpu
2024-07-26 11:18:23,635 [ERROR] ConditionMgr:805 - Attr not supported : Dmpu
2024-07-26 11:18:23,635 [ERROR] ConditionMgr:805 - Attr not supported : Dmpu
2024-07-26 11:18:23,635 [ERROR] ConditionMgr:805 - Attr not supported : Dmpu
2024-07-26 11:18:23,635 [ERROR] ConditionMgr:805 - Attr not supported : Dmpu
2024-07-26 11:18:23,635 [ERROR] ConditionMgr:805 - Attr not supported : Dmpu
2024-07-26 11:18:23,635 [ERROR] ConditionMgr:805 - Attr not supported : Dmpu
2024-07-26 11:18:23,635 [ERROR] ConditionMgr:805 - Attr not supported : Dmpu
2024-07-26 11:18:23,635 [ERROR] ConditionMgr:805 - Attr not supported : Dmpu
2024-07-26 11:18:23,635 [ERROR] ConditionMgr:805 - Attr not supported : Dmpu
2024-07-26 11:18:23,635 [ERROR] ConditionMgr:805 - Attr not supported : Dmpu
2024-07-26 11:18:23,635 [ERROR] ConditionMgr:805 - Attr not supported : Dmpu
2024-07-26 11:18:23,635 [ERROR] ConditionMgr:805 - Attr not supported : Dmpu
2024-07-26 11:18:23,635 [ERROR] ConditionMgr:805 - Attr not supported : Dmpu
2024-07-26 11:18:23,635 [ERROR] ConditionMgr:805 - Attr not supported : Dmpu
2024-07-26 11:18:23,636 [ERROR] ConditionMgr:805 - Attr not supported : Dmpu
2024-07-26 11:18:23,636 [ERROR] ConditionMgr:805 - Attr not supported : Dmpu
2024-07-26 11:18:23,636 [ERROR] ConditionMgr:805 - Attr not supported : Dmpu
2024-07-26 11:18:23,636 [ERROR] ConditionMgr:805 - Attr not supported : Dmpu
2024-07-26 11:18:23,636 [ERROR] ConditionMgr:805 - Attr not supported : Dmpu
2024-07-26 11:18:23,636 [ERROR] ConditionMgr:805 - Attr not supported : Dmpu
2024-07-26 11:18:23,636 [ERROR] ConditionMgr:805 - Attr not supported : Dmpu
2024-07-26 11:18:23,636 [ERROR] ConditionMgr:805 - Attr not supported : Dmpu
2024-07-26 11:18:23,636 [ERROR] ConditionMgr:805 - Attr not supported : Dmpu
2024-07-26 11:18:23,636 [ERROR] ConditionMgr:805 - Attr not supported : Dmpu
2024-07-26 11:18:23,636 [ERROR] ConditionMgr:805 - Attr not supported : Dmpu
2024-07-26 11:18:23,637 [ERROR] ConditionMgr:805 - Attr not supported : Dmpu
2024-07-26 11:18:23,637 [ERROR] ConditionMgr:805 - Attr not supported : Dmpu
2024-07-26 11:18:23,637 [ERROR] ConditionMgr:805 - Attr not supported : Dmpu
2024-07-26 11:18:23,637 [ERROR] ConditionMgr:805 - Attr not supported : Dmpu
2024-07-26 11:18:23,637 [ERROR] ConditionMgr:805 - Attr not supported : Dmpu
2024-07-26 11:18:23,637 [ERROR] ConditionMgr:805 - Attr not supported : Dmpu
2024-07-26 11:18:23,637 [ERROR] ConditionMgr:805 - Attr not supported : Dmpu
2024-07-26 11:18:23,641 [WARN] PackLoader:240 - Cannot read IP mode file for RealThread.X-CUBE-RT-Thread_Nano.4.1.1
2024-07-26 11:18:23,645 [WARN] PackLoader:240 - Cannot read IP mode file for wolfSSL.I-CUBE-wolfSSL.5.7.0
2024-07-26 11:18:23,648 [WARN] PackLoader:240 - Cannot read IP mode file for STMicroelectronics.FP-ATR-SIGFOX1.3.2.0
2024-07-26 11:18:23,653 [WARN] PackLoader:240 - Cannot read IP mode file for STMicroelectronics.X-CUBE-EEPRMA1.5.1.0
2024-07-26 11:18:23,659 [WARN] PackLoader:240 - Cannot read IP mode file for ITTIA_DB.I-CUBE-ITTIADB.8.9.0
2024-07-26 11:18:23,687 [WARN] PackLoader:240 - Cannot read IP mode file for SEGGER.I-CUBE-embOS.1.3.1
2024-07-26 11:18:23,729 [WARN] PackLoader:240 - Cannot read IP mode file for STMicroelectronics.X-CUBE-ALGOBUILD.1.4.0
2024-07-26 11:18:23,734 [WARN] PackLoader:240 - Cannot read IP mode file for STMicroelectronics.X-CUBE-GNSS1.6.0.0
2024-07-26 11:18:23,747 [WARN] PackLoader:240 - Cannot read IP mode file for STMicroelectronics.X-CUBE-AZRTOS-F4.1.1.0
2024-07-26 11:18:23,753 [WARN] PackLoader:240 - Cannot read IP mode file for STMicroelectronics.X-CUBE-FREERTOS.1.2.0
2024-07-26 11:18:23,765 [WARN] PackLoader:240 - Cannot read IP mode file for STMicroelectronics.X-CUBE-AZRTOS-L5.2.0.0
2024-07-26 11:18:23,773 [WARN] PackLoader:240 - Cannot read IP mode file for STMicroelectronics.X-CUBE-NFC6.3.1.0
2024-07-26 11:18:23,779 [WARN] PackLoader:240 - Cannot read IP mode file for STMicroelectronics.X-CUBE-DPower.1.2.0
2024-07-26 11:18:23,783 [WARN] PackLoader:240 - Cannot read IP mode file for STMicroelectronics.X-CUBE-AI.9.0.0
2024-07-26 11:18:23,787 [WARN] PackLoader:240 - Cannot read IP mode file for STMicroelectronics.X-CUBE-NFC7.1.0.1
2024-07-26 11:18:23,792 [WARN] PackLoader:240 - Cannot read IP mode file for wolfSSL.I-CUBE-wolfTPM.3.2.0
2024-07-26 11:18:23,807 [WARN] ConditionMgr:438 - getConditionDescription Invalid condition id : LAN8742 Phy interface Condition cause : null
2024-07-26 11:18:23,809 [WARN] PackLoader:240 - Cannot read IP mode file for STMicroelectronics.X-CUBE-AZRTOS-L4.2.0.0
2024-07-26 11:18:23,812 [WARN] ConditionMgr:1039 - genDependencies : Invalid condition id : LAN8742 Phy interface Condition cause : null
2024-07-26 11:18:23,813 [WARN] ConditionMgr:1039 - genDependencies : Invalid condition id : LAN8742 Phy interface Condition cause : null
2024-07-26 11:18:23,813 [WARN] ConditionMgr:1039 - genDependencies : Invalid condition id : LAN8742 Phy interface Condition cause : null
2024-07-26 11:18:23,819 [WARN] PackLoader:240 - Cannot read IP mode file for STMicroelectronics.X-CUBE-SFXS2LP1.4.0.0
2024-07-26 11:18:23,831 [WARN] ConditionMgr:438 - getConditionDescription Invalid condition id : UX DEVICE CLASS RTOS Condition cause : null
2024-07-26 11:18:23,832 [WARN] ConditionMgr:438 - getConditionDescription Invalid condition id : UX DEVICE CLASS RTOS Condition cause : null
2024-07-26 11:18:23,834 [WARN] PackLoader:240 - Cannot read IP mode file for STMicroelectronics.X-CUBE-AZRTOS-WB.2.0.0
2024-07-26 11:18:23,834 [WARN] ConditionMgr:1039 - genDependencies : Invalid condition id : UX DEVICE CLASS RTOS Condition cause : null
2024-07-26 11:18:23,834 [WARN] ConditionMgr:1039 - genDependencies : Invalid condition id : UX DEVICE CLASS RTOS Condition cause : null
2024-07-26 11:18:23,835 [WARN] ConditionMgr:1039 - genDependencies : Invalid condition id : UX DEVICE CLASS RTOS Condition cause : null
2024-07-26 11:18:23,835 [WARN] ConditionMgr:1039 - genDependencies : Invalid condition id : UX DEVICE CLASS RTOS Condition cause : null
2024-07-26 11:18:23,835 [WARN] ConditionMgr:1039 - genDependencies : Invalid condition id : UX DEVICE CLASS RTOS Condition cause : null
2024-07-26 11:18:23,845 [WARN] PackLoader:240 - Cannot read IP mode file for STMicroelectronics.FP-SNS-STBOX1.2.0.0
2024-07-26 11:18:23,855 [WARN] PackLoader:240 - Cannot read IP mode file for STMicroelectronics.X-CUBE-SUBG2.5.0.0
2024-07-26 11:18:23,862 [WARN] PackLoader:240 - Cannot read IP mode file for Cesanta.I-CUBE-Mongoose.7.13.0
2024-07-26 11:18:23,873 [WARN] PackLoader:240 - Cannot read IP mode file for STMicroelectronics.X-CUBE-AZRTOS-G4.2.0.0
2024-07-26 11:18:23,878 [WARN] PackLoader:240 - Cannot read IP mode file for STMicroelectronics.X-CUBE-ISPU.2.0.0
2024-07-26 11:18:23,882 [WARN] PackLoader:240 - Cannot read IP mode file for STMicroelectronics.X-CUBE-ALS.1.0.2
2024-07-26 11:18:24,056 [WARN] PackLoader:240 - Cannot read IP mode file for STMicroelectronics.X-CUBE-MEMS1.10.0.0
2024-07-26 11:18:24,217 [WARN] PackLoader:240 - Cannot read IP mode file for STMicroelectronics.X-CUBE-TOUCHGFX.4.24.0
2024-07-26 11:18:24,227 [WARN] PackLoader:240 - Cannot read IP mode file for portGmbH.I-Cube-SoM-uGOAL.1.1.0
2024-07-26 11:18:24,277 [WARN] PackLoader:240 - Cannot read IP mode file for STMicroelectronics.X-CUBE-AZRTOS-H7RS.1.0.0
2024-07-26 11:18:24,295 [WARN] PackLoader:240 - Cannot read IP mode file for STMicroelectronics.FP-ATR-ASTRA1.2.0.0
2024-07-26 11:18:24,313 [WARN] PackLoader:240 - Cannot read IP mode file for STMicroelectronics.X-CUBE-TOF1.3.4.1
2024-07-26 11:18:24,374 [WARN] PackLoader:240 - Cannot read IP mode file for STMicroelectronics.X-CUBE-AZRTOS-H7.3.2.0
2024-07-26 11:18:24,400 [WARN] PackLoader:240 - Cannot read IP mode file for Infineon.AIROC-Wi-Fi-Bluetooth-STM32.1.6.0
2024-07-26 11:18:24,420 [WARN] PackLoader:240 - Cannot read IP mode file for wolfSSL.I-CUBE-wolfSSH.1.4.17
2024-07-26 11:18:24,422 [INFO] ThirdParty:978 - Integrity check success = true
2024-07-26 11:18:24,422 [INFO] IntegrityCheckThread:100 - exiting critical section [integrity check]
2024-07-26 11:18:24,423 [INFO] IntegrityCheckThread:103 - End integrity checks thread
2024-07-26 14:53:01,155 [ERROR] LogOutputStream:75 - [STDERR_REDIRECT] 
2024-07-26 17:19:53,045 [INFO] Activator:176 - 


2024-07-26 17:19:53,047 [INFO] Activator:177 - !SESSION log4j initialized
2024-07-26 17:19:57,720 [INFO] LogOutputStream:77 - [STDOUT_REDIRECT] 
2024-07-26 17:19:58,767 [INFO] ApplicationProperties:184 - Using Application install path: C:\ST\STM32CubeIDE_1.15.1\STM32CubeIDE\plugins\com.st.stm32cube.common.mx_6.11.1.202404110753
2024-07-26 17:19:58,788 [INFO] DbMcusXml:78 - Set database path to: C:\ST\STM32CubeIDE_1.15.1\STM32CubeIDE\plugins\com.st.stm32cube.common.mx_6.11.1.202404110753\\db\/mcu/
2024-07-26 17:19:58,789 [INFO] ApiDb:274 - Set plugin database path to: C:\ST\STM32CubeIDE_1.15.1\STM32CubeIDE\plugins\com.st.stm32cube.common.mx_6.11.1.202404110753\\db\/plugins/boardmanager/
2024-07-26 17:19:58,789 [WARN] ApiDb:259 - Overriding images path with different value:  => C:\ST\STM32CubeIDE_1.15.1\STM32CubeIDE\plugins\com.st.stm32cube.common.mx_6.11.1.202404110753\\db\/plugins/mcufinder/images/
2024-07-26 17:19:58,796 [INFO] ApiDb:250 - Set database path to: C:\Users\bhadula.kishor\.stmcufinder\plugins\mcufinder//mcu/
2024-07-26 17:19:58,798 [INFO] DbMcusAds:125 - Set database path to: C:\Users\bhadula.kishor\.stmcufinder\plugins\mcufinder//mcu/
2024-07-26 17:19:58,802 [INFO] CrossReferenceDbSqlite:203 - Set database path to: C:\Users\bhadula.kishor\.stmcufinder\plugins\mcufinder//mcu/cs/
2024-07-26 17:19:58,960 [INFO] RulesReader:64 - Compatibility file has been processed (297 Rules)
2024-07-26 17:19:59,062 [INFO] DbMcusXml:78 - Set database path to: C:\ST\STM32CubeIDE_1.15.1\STM32CubeIDE\plugins\com.st.stm32cube.common.mx_6.11.1.202404110753\\db\/mcu/
2024-07-26 17:19:59,062 [INFO] ApiDb:274 - Set plugin database path to: C:\ST\STM32CubeIDE_1.15.1\STM32CubeIDE\plugins\com.st.stm32cube.common.mx_6.11.1.202404110753\\db\/plugins/boardmanager/
2024-07-26 17:19:59,062 [INFO] ApiDb:261 - Set plugin images path to: C:\ST\STM32CubeIDE_1.15.1\STM32CubeIDE\plugins\com.st.stm32cube.common.mx_6.11.1.202404110753\\db\/plugins/mcufinder/images/
2024-07-26 17:19:59,062 [WARN] DbFile:41 - Overriding database path with different value: C:\Users\bhadula.kishor\.stmcufinder\plugins\mcufinder/ => C:\Users\bhadula.kishor\.stmcufinder\plugins\mcufinder
2024-07-26 17:19:59,063 [INFO] ApiDb:250 - Set database path to: C:\Users\bhadula.kishor\.stmcufinder\plugins\mcufinder//mcu/
2024-07-26 17:19:59,063 [WARN] DbFile:41 - Overriding database path with different value: C:\Users\bhadula.kishor\.stmcufinder\plugins\mcufinder/ => C:\Users\bhadula.kishor\.stmcufinder\plugins\mcufinder
2024-07-26 17:19:59,063 [INFO] DbMcusAds:125 - Set database path to: C:\Users\bhadula.kishor\.stmcufinder\plugins\mcufinder//mcu/
2024-07-26 17:19:59,063 [WARN] DbFile:41 - Overriding database path with different value: C:\Users\bhadula.kishor\.stmcufinder\plugins\mcufinder/ => C:\Users\bhadula.kishor\.stmcufinder\plugins\mcufinder
2024-07-26 17:19:59,063 [WARN] DbFile:41 - Overriding database path with different value: C:\Users\bhadula.kishor\.stmcufinder\plugins\mcufinder/ => C:\Users\bhadula.kishor\.stmcufinder\plugins\mcufinder
2024-07-26 17:19:59,063 [INFO] CrossReferenceDbSqlite:203 - Set database path to: C:\Users\bhadula.kishor\.stmcufinder\plugins\mcufinder//mcu/cs/
2024-07-26 17:19:59,138 [INFO] MainPanel:264 - HeapMemory: 268435456
2024-07-26 17:19:59,208 [INFO] DbMcusXml:78 - Set database path to: C:\ST\STM32CubeIDE_1.15.1\STM32CubeIDE\plugins\com.st.stm32cube.common.mx_6.11.1.202404110753\\db\/mcu/
2024-07-26 17:19:59,208 [INFO] ApiDb:274 - Set plugin database path to: C:\ST\STM32CubeIDE_1.15.1\STM32CubeIDE\plugins\com.st.stm32cube.common.mx_6.11.1.202404110753\\db\/plugins/boardmanager/
2024-07-26 17:19:59,208 [INFO] ApiDb:261 - Set plugin images path to: C:\ST\STM32CubeIDE_1.15.1\STM32CubeIDE\plugins\com.st.stm32cube.common.mx_6.11.1.202404110753\\db\/plugins/mcufinder/images/
2024-07-26 17:19:59,209 [WARN] DbFile:41 - Overriding database path with different value: C:\Users\bhadula.kishor\.stmcufinder\plugins\mcufinder/ => C:\Users\bhadula.kishor\.stmcufinder\plugins\mcufinder
2024-07-26 17:19:59,209 [INFO] ApiDb:250 - Set database path to: C:\Users\bhadula.kishor\.stmcufinder\plugins\mcufinder//mcu/
2024-07-26 17:19:59,209 [WARN] DbFile:41 - Overriding database path with different value: C:\Users\bhadula.kishor\.stmcufinder\plugins\mcufinder/ => C:\Users\bhadula.kishor\.stmcufinder\plugins\mcufinder
2024-07-26 17:19:59,209 [INFO] DbMcusAds:125 - Set database path to: C:\Users\bhadula.kishor\.stmcufinder\plugins\mcufinder//mcu/
2024-07-26 17:19:59,209 [WARN] DbFile:41 - Overriding database path with different value: C:\Users\bhadula.kishor\.stmcufinder\plugins\mcufinder/ => C:\Users\bhadula.kishor\.stmcufinder\plugins\mcufinder
2024-07-26 17:19:59,209 [WARN] DbFile:41 - Overriding database path with different value: C:\Users\bhadula.kishor\.stmcufinder\plugins\mcufinder/ => C:\Users\bhadula.kishor\.stmcufinder\plugins\mcufinder
2024-07-26 17:19:59,210 [INFO] CrossReferenceDbSqlite:203 - Set database path to: C:\Users\bhadula.kishor\.stmcufinder\plugins\mcufinder//mcu/cs/
2024-07-26 17:19:59,225 [INFO] ApplicationProperties:184 - Using Application install path: C:\ST\STM32CubeIDE_1.15.1\STM32CubeIDE\plugins\com.st.stm32cube.common.mx_6.11.1.202404110753
2024-07-26 17:19:59,227 [INFO] PluginManage:196 - Search for loadable plugins [exclusion list=, ]
2024-07-26 17:19:59,227 [INFO] PluginManage:310 - Check plugin analytics
2024-07-26 17:19:59,462 [INFO] AnalyticsPlugin:253 - Accepted Software Licenses: 
2024-07-26 17:19:59,462 [INFO] AnalyticsPlugin:255 - Accepted CMSIS Pack Licenses: 
2024-07-26 17:19:59,462 [INFO] AnalyticsPlugin:257 - Accepted Firmware Licenses: 
2024-07-26 17:19:59,468 [INFO] PluginManage:359 - Loaded plugin analytics (category:tool,tabindex:-1)
2024-07-26 17:19:59,469 [INFO] PluginManage:310 - Check plugin cadmodel
2024-07-26 17:19:59,477 [INFO] CADModel:105 - Init CAD model plugin
2024-07-26 17:19:59,478 [INFO] PluginManage:359 - Loaded plugin cadmodel (category:power,tabindex:5)
2024-07-26 17:19:59,478 [INFO] PluginManage:310 - Check plugin clock
2024-07-26 17:19:59,500 [INFO] PluginManage:359 - Loaded plugin clock (category:base,tabindex:2)
2024-07-26 17:19:59,501 [INFO] PluginManage:310 - Check plugin ddr
2024-07-26 17:19:59,507 [INFO] PluginManage:359 - Loaded plugin ddr (category:tool,tabindex:6)
2024-07-26 17:19:59,508 [INFO] PluginManage:310 - Check plugin filemanager
2024-07-26 17:19:59,682 [INFO] PluginManage:359 - Loaded plugin filemanager (category:base,tabindex:10)
2024-07-26 17:19:59,682 [INFO] PluginManage:310 - Check plugin ipmanager
2024-07-26 17:19:59,689 [INFO] PluginManage:359 - Loaded plugin ipmanager (category:base,tabindex:5)
2024-07-26 17:19:59,689 [INFO] PluginManage:310 - Check plugin lpbam
2024-07-26 17:19:59,696 [INFO] PluginManage:359 - Loaded plugin lpbam (category:base,tabindex:0)
2024-07-26 17:19:59,696 [INFO] PluginManage:310 - Check plugin memorymap
2024-07-26 17:19:59,707 [INFO] PluginManage:359 - Loaded plugin memorymap (category:base,tabindex:4)
2024-07-26 17:19:59,707 [INFO] PluginManage:310 - Check plugin pinoutandconfiguration
2024-07-26 17:19:59,712 [INFO] PluginManage:359 - Loaded plugin pinoutandconfiguration (category:base,tabindex:1)
2024-07-26 17:19:59,712 [INFO] PluginManage:310 - Check plugin pinoutconfig
2024-07-26 17:19:59,776 [WARN] SupportedApi:132 - Cannot load RTOS API schema: s4s-elt-must-match.1: The content of 'definitions' must match (annotation?, (simpleType | complexType)?, (unique | key | keyref)*)). A problem was found starting at: attribute.
2024-07-26 17:19:59,881 [INFO] PluginManage:359 - Loaded plugin pinoutconfig (category:base,tabindex:0)
2024-07-26 17:19:59,881 [INFO] PluginManage:310 - Check plugin power
2024-07-26 17:19:59,889 [INFO] PluginManage:359 - Loaded plugin power (category:power,tabindex:4)
2024-07-26 17:19:59,889 [INFO] PluginManage:310 - Check plugin projectmanager
2024-07-26 17:19:59,904 [INFO] PluginManage:359 - Loaded plugin projectmanager (category:projectmanager,tabindex:3)
2024-07-26 17:19:59,904 [INFO] PluginManage:310 - Check plugin thirdparty
2024-07-26 17:20:00,016 [INFO] PluginManage:359 - Loaded plugin thirdparty (category:base,tabindex:-1)
2024-07-26 17:20:00,016 [INFO] PluginManage:310 - Check plugin tools
2024-07-26 17:20:00,016 [WARN] IntegrityCheckThread:84 - waiting for thirdparty lock release [integrity check]
2024-07-26 17:20:00,017 [INFO] IntegrityCheckThread:86 - entering critical section [integrity check]
2024-07-26 17:20:00,017 [INFO] ThirdPartyUpdaterWithRetryManager:70 - Updater plugin not ready yet. [1/15]
2024-07-26 17:20:00,018 [INFO] PluginManage:359 - Loaded plugin tools (category:base,tabindex:7)
2024-07-26 17:20:00,019 [INFO] PluginManage:310 - Check plugin tutovideos
2024-07-26 17:20:00,213 [INFO] PluginManage:359 - Loaded plugin tutovideos (category:base,tabindex:-1)
2024-07-26 17:20:00,213 [INFO] PluginManage:310 - Check plugin updater
2024-07-26 17:20:00,223 [INFO] PluginManage:359 - Loaded plugin updater (category:base,tabindex:12)
2024-07-26 17:20:00,223 [INFO] PluginManage:310 - Check plugin userauth
2024-07-26 17:20:00,229 [INFO] UserAuth:114 - Init User Auth plugin
2024-07-26 17:20:00,229 [INFO] PluginManage:359 - Loaded plugin userauth (category:base,tabindex:14)
2024-07-26 17:20:00,230 [INFO] PluginManage:283 - PluginManage : Loaded plugins [17]
2024-07-26 17:20:00,454 [INFO] PinOutPanel:1561 - setPackage(No Configuration,No Configuration)
2024-07-26 17:20:00,523 [INFO] CADModel:165 - CPN selected for project level
2024-07-26 17:20:00,523 [INFO] CADModel:114 - Register for checkConnection events
2024-07-26 17:20:00,535 [INFO] IPUIPlugin:80 - create IPUIPlugin
2024-07-26 17:20:00,535 [INFO] PluginManager:220 - loadIPPluginJar : add adc
2024-07-26 17:20:00,537 [INFO] IPUIPlugin:80 - create IPUIPlugin
2024-07-26 17:20:00,537 [INFO] PluginManager:220 - loadIPPluginJar : add aes
2024-07-26 17:20:00,540 [INFO] IPUIPlugin:80 - create IPUIPlugin
2024-07-26 17:20:00,540 [INFO] PluginManager:220 - loadIPPluginJar : add can
2024-07-26 17:20:00,541 [INFO] IPUIPlugin:80 - create IPUIPlugin
2024-07-26 17:20:00,542 [INFO] PluginManager:220 - loadIPPluginJar : add comp
2024-07-26 17:20:00,543 [INFO] IPUIPlugin:80 - create IPUIPlugin
2024-07-26 17:20:00,543 [INFO] PluginManager:220 - loadIPPluginJar : add cryp
2024-07-26 17:20:00,545 [INFO] IPUIPlugin:80 - create IPUIPlugin
2024-07-26 17:20:00,545 [INFO] PluginManager:220 - loadIPPluginJar : add dfsdm
2024-07-26 17:20:00,549 [INFO] IPUIPlugin:80 - create IPUIPlugin
2024-07-26 17:20:00,549 [INFO] PluginManager:220 - loadIPPluginJar : add dma
2024-07-26 17:20:00,551 [INFO] IPUIPlugin:80 - create IPUIPlugin
2024-07-26 17:20:00,551 [INFO] PluginManager:220 - loadIPPluginJar : add dma3
2024-07-26 17:20:00,552 [INFO] IPUIPlugin:80 - create IPUIPlugin
2024-07-26 17:20:00,552 [INFO] PluginManager:220 - loadIPPluginJar : add extmemmanager
2024-07-26 17:20:00,553 [INFO] IPUIPlugin:80 - create IPUIPlugin
2024-07-26 17:20:00,553 [INFO] PluginManager:220 - loadIPPluginJar : add fatfs
2024-07-26 17:20:00,556 [INFO] IPUIPlugin:80 - create IPUIPlugin
2024-07-26 17:20:00,556 [INFO] PluginManager:220 - loadIPPluginJar : add fmc
2024-07-26 17:20:00,561 [INFO] IPUIPlugin:80 - create IPUIPlugin
2024-07-26 17:20:00,562 [INFO] PluginManager:220 - loadIPPluginJar : add freertos
2024-07-26 17:20:00,563 [INFO] IPUIPlugin:80 - create IPUIPlugin
2024-07-26 17:20:00,563 [INFO] PluginManager:220 - loadIPPluginJar : add genericplugin
2024-07-26 17:20:00,565 [INFO] IPUIPlugin:80 - create IPUIPlugin
2024-07-26 17:20:00,565 [INFO] PluginManager:220 - loadIPPluginJar : add gfxmmu
2024-07-26 17:20:00,568 [INFO] IPUIPlugin:80 - create IPUIPlugin
2024-07-26 17:20:00,568 [INFO] PluginManager:220 - loadIPPluginJar : add gic
2024-07-26 17:20:00,570 [INFO] IPUIPlugin:80 - create IPUIPlugin
2024-07-26 17:20:00,570 [INFO] PluginManager:220 - loadIPPluginJar : add gpio
2024-07-26 17:20:00,572 [INFO] IPUIPlugin:80 - create IPUIPlugin
2024-07-26 17:20:00,572 [INFO] PluginManager:220 - loadIPPluginJar : add gtzc
2024-07-26 17:20:00,574 [INFO] IPUIPlugin:80 - create IPUIPlugin
2024-07-26 17:20:00,574 [INFO] PluginManager:220 - loadIPPluginJar : add hash
2024-07-26 17:20:00,575 [INFO] IPUIPlugin:80 - create IPUIPlugin
2024-07-26 17:20:00,576 [INFO] PluginManager:220 - loadIPPluginJar : add i2c
2024-07-26 17:20:00,577 [INFO] IPUIPlugin:80 - create IPUIPlugin
2024-07-26 17:20:00,577 [INFO] PluginManager:220 - loadIPPluginJar : add i2s
2024-07-26 17:20:00,579 [INFO] IPUIPlugin:80 - create IPUIPlugin
2024-07-26 17:20:00,579 [INFO] PluginManager:220 - loadIPPluginJar : add i3c
2024-07-26 17:20:00,581 [INFO] IPUIPlugin:80 - create IPUIPlugin
2024-07-26 17:20:00,581 [INFO] PluginManager:220 - loadIPPluginJar : add ipddr
2024-07-26 17:20:00,587 [INFO] IPUIPlugin:80 - create IPUIPlugin
2024-07-26 17:20:00,587 [INFO] PluginManager:220 - loadIPPluginJar : add linkedlist
2024-07-26 17:20:00,589 [INFO] IPUIPlugin:80 - create IPUIPlugin
2024-07-26 17:20:00,589 [INFO] PluginManager:220 - loadIPPluginJar : add lorawan
2024-07-26 17:20:00,590 [INFO] IPUIPlugin:80 - create IPUIPlugin
2024-07-26 17:20:00,591 [INFO] PluginManager:220 - loadIPPluginJar : add ltdc
2024-07-26 17:20:00,595 [INFO] IPUIPlugin:80 - create IPUIPlugin
2024-07-26 17:20:00,595 [INFO] PluginManager:220 - loadIPPluginJar : add mdma
2024-07-26 17:20:00,597 [INFO] IPUIPlugin:80 - create IPUIPlugin
2024-07-26 17:20:00,597 [INFO] PluginManager:220 - loadIPPluginJar : add nvic
2024-07-26 17:20:00,599 [INFO] IPUIPlugin:80 - create IPUIPlugin
2024-07-26 17:20:00,599 [INFO] PluginManager:220 - loadIPPluginJar : add opamp
2024-07-26 17:20:00,601 [INFO] IPUIPlugin:80 - create IPUIPlugin
2024-07-26 17:20:00,601 [INFO] PluginManager:220 - loadIPPluginJar : add openamp
2024-07-26 17:20:00,603 [INFO] IPUIPlugin:80 - create IPUIPlugin
2024-07-26 17:20:00,603 [INFO] PluginManager:220 - loadIPPluginJar : add pdm2pcm
2024-07-26 17:20:00,607 [INFO] IPUIPlugin:80 - create IPUIPlugin
2024-07-26 17:20:00,609 [INFO] PluginManager:220 - loadIPPluginJar : add plateformsettings
2024-07-26 17:20:00,610 [INFO] IPUIPlugin:80 - create IPUIPlugin
2024-07-26 17:20:00,610 [INFO] PluginManager:220 - loadIPPluginJar : add quadspi
2024-07-26 17:20:00,611 [INFO] IPUIPlugin:80 - create IPUIPlugin
2024-07-26 17:20:00,611 [INFO] PluginManager:220 - loadIPPluginJar : add resmgrutility
2024-07-26 17:20:00,613 [INFO] IPUIPlugin:80 - create IPUIPlugin
2024-07-26 17:20:00,613 [INFO] PluginManager:220 - loadIPPluginJar : add sai
2024-07-26 17:20:00,615 [INFO] IPUIPlugin:80 - create IPUIPlugin
2024-07-26 17:20:00,615 [INFO] PluginManager:220 - loadIPPluginJar : add spi
2024-07-26 17:20:00,618 [INFO] IPUIPlugin:80 - create IPUIPlugin
2024-07-26 17:20:00,618 [INFO] PluginManager:220 - loadIPPluginJar : add stm32_wpan
2024-07-26 17:20:00,619 [INFO] IPUIPlugin:80 - create IPUIPlugin
2024-07-26 17:20:00,619 [INFO] PluginManager:220 - loadIPPluginJar : add tim
2024-07-26 17:20:00,621 [INFO] IPUIPlugin:80 - create IPUIPlugin
2024-07-26 17:20:00,621 [INFO] PluginManager:220 - loadIPPluginJar : add touchsensing
2024-07-26 17:20:00,623 [INFO] IPUIPlugin:80 - create IPUIPlugin
2024-07-26 17:20:00,623 [INFO] PluginManager:220 - loadIPPluginJar : add tracer_emb
2024-07-26 17:20:00,625 [INFO] IPUIPlugin:80 - create IPUIPlugin
2024-07-26 17:20:00,625 [INFO] PluginManager:220 - loadIPPluginJar : add ts
2024-07-26 17:20:00,627 [INFO] IPUIPlugin:80 - create IPUIPlugin
2024-07-26 17:20:00,627 [INFO] PluginManager:220 - loadIPPluginJar : add tsc
2024-07-26 17:20:00,628 [INFO] IPUIPlugin:80 - create IPUIPlugin
2024-07-26 17:20:00,629 [INFO] PluginManager:220 - loadIPPluginJar : add ucpd
2024-07-26 17:20:00,631 [INFO] IPUIPlugin:80 - create IPUIPlugin
2024-07-26 17:20:00,631 [INFO] PluginManager:220 - loadIPPluginJar : add usart
2024-07-26 17:20:00,633 [INFO] IPUIPlugin:80 - create IPUIPlugin
2024-07-26 17:20:00,633 [INFO] PluginManager:220 - loadIPPluginJar : add usbx
2024-07-26 17:20:00,756 [INFO] CADModel:165 - CPN selected for project level
2024-07-26 17:20:00,756 [INFO] CADModel:114 - Register for checkConnection events
2024-07-26 17:20:00,757 [FATAL] Updater:308 - Updater called before beeing initialized
2024-07-26 17:20:00,757 [ERROR] CADModel:125 - Updater not yet initialized, retry later 
2024-07-26 17:20:00,919 [INFO] CADModel:165 - CPN selected for project level
2024-07-26 17:20:00,919 [INFO] CADModel:114 - Register for checkConnection events
2024-07-26 17:20:00,919 [FATAL] Updater:308 - Updater called before beeing initialized
2024-07-26 17:20:00,919 [ERROR] CADModel:125 - Updater not yet initialized, retry later 
2024-07-26 17:20:00,922 [FATAL] Updater:308 - Updater called before beeing initialized
2024-07-26 17:20:01,038 [FATAL] Updater:308 - Updater called before beeing initialized
2024-07-26 17:20:01,044 [INFO] DbMcusAds:53 - JSON generation date=Thu May 16 14:52:00 IST 2024 (1715851320852)
2024-07-26 17:20:01,045 [FATAL] Updater:308 - Updater called before beeing initialized
2024-07-26 17:20:01,077 [WARN] DetailPanel:346 - Failed to get advertising image, set to default
2024-07-26 17:20:01,150 [FATAL] Updater:308 - Updater called before beeing initialized
2024-07-26 17:20:01,151 [FATAL] Updater:308 - Updater called before beeing initialized
2024-07-26 17:20:01,151 [FATAL] Updater:308 - Updater called before beeing initialized
2024-07-26 17:20:01,151 [WARN] DetailPanel:346 - Failed to get advertising image, set to default
2024-07-26 17:20:01,152 [FATAL] Updater:308 - Updater called before beeing initialized
2024-07-26 17:20:01,196 [ERROR] Updater:1120 - MainUpdater not yet initialized. External WinMGr cannot be set.
2024-07-26 17:20:01,197 [INFO] Updater:1056 - Updater Version found : 6.11.1
2024-07-26 17:20:01,216 [INFO] ApplicationProperties:184 - Using Application install path: C:\ST\STM32CubeIDE_1.15.1\STM32CubeIDE\plugins\com.st.stm32cube.common.mx_6.11.1.202404110753
2024-07-26 17:20:01,512 [INFO] MainUpdater:2873 - connection check result : 10
2024-07-26 17:20:01,512 [INFO] MainUpdater:290 - Updater Check For Update Now.
2024-07-26 17:20:01,513 [INFO] MicroXplorer:498 - Change Database Version : DB.6.0.111
2024-07-26 17:20:01,539 [INFO] McuFinderGlobals:63 - Set McuFinder mode to 2 (CubeIDE integrated)
2024-07-26 17:20:01,539 [INFO] UserAuth:179 - activating auth plugin
2024-07-26 17:20:01,542 [INFO] UserAuth:415 - Internet connection configuration mode: 1
2024-07-26 17:20:01,581 [INFO] JxBrowserEngine:152 - Initiate JxBrowser Engine with user profile folder
2024-07-26 17:20:01,683 [INFO] CheckServerUpdateThread:120 - End of CheckServer Thread
2024-07-26 17:20:02,335 [INFO] WebApp:161 - Instantiating new browser for Auth
2024-07-26 17:20:02,867 [INFO] WebApp:779 - Register for checkConnection events
2024-07-26 17:20:02,867 [INFO] WebApp:414 - Apply proxy settings
2024-07-26 17:20:02,867 [INFO] WebApp:499 - Chromium requires no authentication
2024-07-26 17:20:02,875 [INFO] WebApp:442 - Direct internet connection detected
2024-07-26 17:20:03,007 [INFO] WebApp:192 - Starting web application
2024-07-26 17:20:03,007 [INFO] WebApp:544 - Web application path used C:\ST\STM32CubeIDE_1.15.1\STM32CubeIDE\plugins\com.st.stm32cube.common.mx_6.11.1.202404110753\db\plugins\mcufinder\reactClient1\index.html
2024-07-26 17:20:03,231 [WARN] PackLoader:240 - Cannot read IP mode file for STMicroelectronics.FP-SNS-MOTENVWB1.1.4.0
2024-07-26 17:20:03,251 [WARN] PackLoader:240 - Cannot read IP mode file for STMicroelectronics.X-CUBE-SMBUS.2.1.0
2024-07-26 17:20:03,257 [WARN] PackLoader:240 - Cannot read IP mode file for STMicroelectronics.X-CUBE-TOUCHGFX.4.23.2
2024-07-26 17:20:03,290 [WARN] PackLoader:240 - Cannot read IP mode file for STMicroelectronics.X-CUBE-AZRTOS-F7.1.1.0
2024-07-26 17:20:03,301 [WARN] PackLoader:240 - Cannot read IP mode file for STMicroelectronics.FP-SNS-FLIGHT1.5.0.2
2024-07-26 17:20:03,311 [WARN] PackLoader:240 - Cannot read IP mode file for STMicroelectronics.X-CUBE-DISPLAY.3.0.0
2024-07-26 17:20:03,333 [WARN] PackLoader:240 - Cannot read IP mode file for STMicroelectronics.X-CUBE-BLE1.7.0.0
2024-07-26 17:20:03,340 [WARN] PackLoader:240 - Cannot read IP mode file for emotas.I-CUBE-CANOPEN.1.3.0
2024-07-26 17:20:03,349 [WARN] PackLoader:240 - Cannot read IP mode file for STMicroelectronics.X-CUBE-BLEMGR.3.1.0
2024-07-26 17:20:03,356 [WARN] PackLoader:240 - Cannot read IP mode file for STMicroelectronics.FP-SNS-SMARTAG2.1.2.0
2024-07-26 17:20:03,366 [INFO] LogOutputStream:77 - [STDOUT_REDIRECT] 1 : Invalid condition id : UX_CORESTACK_Condition cause : null
2024-07-26 17:20:03,368 [INFO] LogOutputStream:77 - [STDOUT_REDIRECT] 1 : Invalid condition id : UX_CORESTACK_Condition cause : null
2024-07-26 17:20:03,369 [INFO] LogOutputStream:77 - [STDOUT_REDIRECT] 1 : Invalid condition id : UX_CORESTACK_Condition cause : null
2024-07-26 17:20:03,371 [INFO] LogOutputStream:77 - [STDOUT_REDIRECT] 1 : Invalid condition id : UX_CORESTACK_Condition cause : null
2024-07-26 17:20:03,374 [INFO] LogOutputStream:77 - [STDOUT_REDIRECT] 1 : Invalid condition id : UX_CORESTACK_Condition cause : null
2024-07-26 17:20:03,376 [WARN] PackLoader:240 - Cannot read IP mode file for STMicroelectronics.X-CUBE-AZRTOS-WL.2.0.0
2024-07-26 17:20:03,382 [WARN] PackLoader:240 - Cannot read IP mode file for STMicroelectronics.FP-SNS-MOTENV1.5.0.0
2024-07-26 17:20:03,389 [WARN] PackLoader:240 - Cannot read IP mode file for wolfSSL.I-CUBE-wolfMQTT.1.19.0
2024-07-26 17:20:03,401 [WARN] PackLoader:240 - Cannot read IP mode file for WES.I-CUBE-Cesium.1.3.0
2024-07-26 17:20:03,406 [WARN] PackLoader:240 - Cannot read IP mode file for STMicroelectronics.X-CUBE-BLE2.3.3.0
2024-07-26 17:20:03,412 [WARN] PackLoader:240 - Cannot read IP mode file for STMicroelectronics.X-CUBE-TCPP.4.1.0
2024-07-26 17:20:03,426 [WARN] PackLoader:240 - Cannot read IP mode file for STMicroelectronics.X-CUBE-AZRTOS-G0.1.1.0
2024-07-26 17:20:03,434 [WARN] PackLoader:240 - Cannot read IP mode file for STMicroelectronics.X-CUBE-SAFEA1.1.2.2
2024-07-26 17:20:03,442 [WARN] PackLoader:240 - Cannot read IP mode file for STMicroelectronics.X-CUBE-NFC4.3.0.0
2024-07-26 17:20:03,452 [WARN] PackLoader:240 - Cannot read IP mode file for EmbeddedOffice.I-CUBE-FS-RTOS.1.0.1
2024-07-26 17:20:03,453 [ERROR] ConditionMgr:805 - Attr not supported : Dmpu
2024-07-26 17:20:03,453 [ERROR] ConditionMgr:805 - Attr not supported : Dmpu
2024-07-26 17:20:03,453 [ERROR] ConditionMgr:805 - Attr not supported : Dmpu
2024-07-26 17:20:03,453 [ERROR] ConditionMgr:805 - Attr not supported : Dmpu
2024-07-26 17:20:03,453 [ERROR] ConditionMgr:805 - Attr not supported : Dmpu
2024-07-26 17:20:03,453 [ERROR] ConditionMgr:805 - Attr not supported : Dmpu
2024-07-26 17:20:03,453 [ERROR] ConditionMgr:805 - Attr not supported : Dmpu
2024-07-26 17:20:03,453 [ERROR] ConditionMgr:805 - Attr not supported : Dmpu
2024-07-26 17:20:03,453 [ERROR] ConditionMgr:805 - Attr not supported : Dmpu
2024-07-26 17:20:03,453 [ERROR] ConditionMgr:805 - Attr not supported : Dmpu
2024-07-26 17:20:03,453 [ERROR] ConditionMgr:805 - Attr not supported : Dmpu
2024-07-26 17:20:03,453 [ERROR] ConditionMgr:805 - Attr not supported : Dmpu
2024-07-26 17:20:03,453 [ERROR] ConditionMgr:805 - Attr not supported : Dmpu
2024-07-26 17:20:03,453 [ERROR] ConditionMgr:805 - Attr not supported : Dmpu
2024-07-26 17:20:03,453 [ERROR] ConditionMgr:805 - Attr not supported : Dmpu
2024-07-26 17:20:03,453 [ERROR] ConditionMgr:805 - Attr not supported : Dmpu
2024-07-26 17:20:03,453 [ERROR] ConditionMgr:805 - Attr not supported : Dmpu
2024-07-26 17:20:03,453 [ERROR] ConditionMgr:805 - Attr not supported : Dmpu
2024-07-26 17:20:03,453 [ERROR] ConditionMgr:805 - Attr not supported : Dmpu
2024-07-26 17:20:03,454 [ERROR] ConditionMgr:805 - Attr not supported : Dmpu
2024-07-26 17:20:03,454 [ERROR] ConditionMgr:805 - Attr not supported : Dmpu
2024-07-26 17:20:03,454 [ERROR] ConditionMgr:805 - Attr not supported : Dmpu
2024-07-26 17:20:03,454 [ERROR] ConditionMgr:805 - Attr not supported : Dmpu
2024-07-26 17:20:03,454 [ERROR] ConditionMgr:805 - Attr not supported : Dmpu
2024-07-26 17:20:03,454 [ERROR] ConditionMgr:805 - Attr not supported : Dmpu
2024-07-26 17:20:03,454 [ERROR] ConditionMgr:805 - Attr not supported : Dmpu
2024-07-26 17:20:03,454 [ERROR] ConditionMgr:805 - Attr not supported : Dmpu
2024-07-26 17:20:03,454 [ERROR] ConditionMgr:805 - Attr not supported : Dmpu
2024-07-26 17:20:03,454 [ERROR] ConditionMgr:805 - Attr not supported : Dmpu
2024-07-26 17:20:03,454 [ERROR] ConditionMgr:805 - Attr not supported : Dmpu
2024-07-26 17:20:03,454 [ERROR] ConditionMgr:805 - Attr not supported : Dmpu
2024-07-26 17:20:03,454 [ERROR] ConditionMgr:805 - Attr not supported : Dmpu
2024-07-26 17:20:03,454 [ERROR] ConditionMgr:805 - Attr not supported : Dmpu
2024-07-26 17:20:03,454 [ERROR] ConditionMgr:805 - Attr not supported : Dmpu
2024-07-26 17:20:03,454 [ERROR] ConditionMgr:805 - Attr not supported : Dmpu
2024-07-26 17:20:03,454 [ERROR] ConditionMgr:805 - Attr not supported : Dmpu
2024-07-26 17:20:03,454 [ERROR] ConditionMgr:805 - Attr not supported : Dmpu
2024-07-26 17:20:03,454 [ERROR] ConditionMgr:805 - Attr not supported : Dmpu
2024-07-26 17:20:03,454 [ERROR] ConditionMgr:805 - Attr not supported : Dmpu
2024-07-26 17:20:03,454 [ERROR] ConditionMgr:805 - Attr not supported : Dmpu
2024-07-26 17:20:03,454 [ERROR] ConditionMgr:805 - Attr not supported : Dmpu
2024-07-26 17:20:03,455 [ERROR] ConditionMgr:805 - Attr not supported : Dmpu
2024-07-26 17:20:03,455 [ERROR] ConditionMgr:805 - Attr not supported : Dmpu
2024-07-26 17:20:03,455 [ERROR] ConditionMgr:805 - Attr not supported : Dmpu
2024-07-26 17:20:03,455 [ERROR] ConditionMgr:805 - Attr not supported : Dmpu
2024-07-26 17:20:03,455 [ERROR] ConditionMgr:805 - Attr not supported : Dmpu
2024-07-26 17:20:03,455 [ERROR] ConditionMgr:805 - Attr not supported : Dmpu
2024-07-26 17:20:03,455 [ERROR] ConditionMgr:805 - Attr not supported : Dmpu
2024-07-26 17:20:03,455 [ERROR] ConditionMgr:805 - Attr not supported : Dmpu
2024-07-26 17:20:03,455 [ERROR] ConditionMgr:805 - Attr not supported : Dmpu
2024-07-26 17:20:03,455 [ERROR] ConditionMgr:805 - Attr not supported : Dmpu
2024-07-26 17:20:03,455 [ERROR] ConditionMgr:805 - Attr not supported : Dmpu
2024-07-26 17:20:03,455 [ERROR] ConditionMgr:805 - Attr not supported : Dmpu
2024-07-26 17:20:03,455 [ERROR] ConditionMgr:805 - Attr not supported : Dmpu
2024-07-26 17:20:03,455 [ERROR] ConditionMgr:805 - Attr not supported : Dmpu
2024-07-26 17:20:03,455 [ERROR] ConditionMgr:805 - Attr not supported : Dmpu
2024-07-26 17:20:03,455 [ERROR] ConditionMgr:805 - Attr not supported : Dmpu
2024-07-26 17:20:03,455 [ERROR] ConditionMgr:805 - Attr not supported : Dmpu
2024-07-26 17:20:03,455 [ERROR] ConditionMgr:805 - Attr not supported : Dmpu
2024-07-26 17:20:03,455 [ERROR] ConditionMgr:805 - Attr not supported : Dmpu
2024-07-26 17:20:03,455 [ERROR] ConditionMgr:805 - Attr not supported : Dmpu
2024-07-26 17:20:03,455 [ERROR] ConditionMgr:805 - Attr not supported : Dmpu
2024-07-26 17:20:03,455 [ERROR] ConditionMgr:805 - Attr not supported : Dmpu
2024-07-26 17:20:03,456 [ERROR] ConditionMgr:805 - Attr not supported : Dmpu
2024-07-26 17:20:03,461 [WARN] PackLoader:240 - Cannot read IP mode file for RealThread.X-CUBE-RT-Thread_Nano.4.1.1
2024-07-26 17:20:03,465 [WARN] PackLoader:240 - Cannot read IP mode file for wolfSSL.I-CUBE-wolfSSL.5.7.0
2024-07-26 17:20:03,470 [WARN] PackLoader:240 - Cannot read IP mode file for STMicroelectronics.FP-ATR-SIGFOX1.3.2.0
2024-07-26 17:20:03,475 [WARN] PackLoader:240 - Cannot read IP mode file for STMicroelectronics.X-CUBE-EEPRMA1.5.1.0
2024-07-26 17:20:03,483 [WARN] PackLoader:240 - Cannot read IP mode file for ITTIA_DB.I-CUBE-ITTIADB.8.9.0
2024-07-26 17:20:03,509 [WARN] PackLoader:240 - Cannot read IP mode file for SEGGER.I-CUBE-embOS.1.3.1
2024-07-26 17:20:03,559 [WARN] PackLoader:240 - Cannot read IP mode file for STMicroelectronics.X-CUBE-ALGOBUILD.1.4.0
2024-07-26 17:20:03,566 [WARN] PackLoader:240 - Cannot read IP mode file for STMicroelectronics.X-CUBE-GNSS1.6.0.0
2024-07-26 17:20:03,581 [WARN] PackLoader:240 - Cannot read IP mode file for STMicroelectronics.X-CUBE-AZRTOS-F4.1.1.0
2024-07-26 17:20:03,588 [WARN] PackLoader:240 - Cannot read IP mode file for STMicroelectronics.X-CUBE-FREERTOS.1.2.0
2024-07-26 17:20:03,602 [WARN] PackLoader:240 - Cannot read IP mode file for STMicroelectronics.X-CUBE-AZRTOS-L5.2.0.0
2024-07-26 17:20:03,613 [WARN] PackLoader:240 - Cannot read IP mode file for STMicroelectronics.X-CUBE-NFC6.3.1.0
2024-07-26 17:20:03,620 [WARN] PackLoader:240 - Cannot read IP mode file for STMicroelectronics.X-CUBE-DPower.1.2.0
2024-07-26 17:20:03,627 [WARN] PackLoader:240 - Cannot read IP mode file for STMicroelectronics.X-CUBE-AI.9.0.0
2024-07-26 17:20:03,632 [WARN] PackLoader:240 - Cannot read IP mode file for STMicroelectronics.X-CUBE-NFC7.1.0.1
2024-07-26 17:20:03,638 [WARN] PackLoader:240 - Cannot read IP mode file for wolfSSL.I-CUBE-wolfTPM.3.2.0
2024-07-26 17:20:03,656 [WARN] ConditionMgr:438 - getConditionDescription Invalid condition id : LAN8742 Phy interface Condition cause : null
2024-07-26 17:20:03,658 [WARN] PackLoader:240 - Cannot read IP mode file for STMicroelectronics.X-CUBE-AZRTOS-L4.2.0.0
2024-07-26 17:20:03,660 [WARN] ConditionMgr:1039 - genDependencies : Invalid condition id : LAN8742 Phy interface Condition cause : null
2024-07-26 17:20:03,661 [WARN] ConditionMgr:1039 - genDependencies : Invalid condition id : LAN8742 Phy interface Condition cause : null
2024-07-26 17:20:03,661 [WARN] ConditionMgr:1039 - genDependencies : Invalid condition id : LAN8742 Phy interface Condition cause : null
2024-07-26 17:20:03,669 [WARN] PackLoader:240 - Cannot read IP mode file for STMicroelectronics.X-CUBE-SFXS2LP1.4.0.0
2024-07-26 17:20:03,680 [WARN] ConditionMgr:438 - getConditionDescription Invalid condition id : UX DEVICE CLASS RTOS Condition cause : null
2024-07-26 17:20:03,681 [WARN] ConditionMgr:438 - getConditionDescription Invalid condition id : UX DEVICE CLASS RTOS Condition cause : null
2024-07-26 17:20:03,682 [WARN] PackLoader:240 - Cannot read IP mode file for STMicroelectronics.X-CUBE-AZRTOS-WB.2.0.0
2024-07-26 17:20:03,682 [WARN] ConditionMgr:1039 - genDependencies : Invalid condition id : UX DEVICE CLASS RTOS Condition cause : null
2024-07-26 17:20:03,683 [WARN] ConditionMgr:1039 - genDependencies : Invalid condition id : UX DEVICE CLASS RTOS Condition cause : null
2024-07-26 17:20:03,683 [WARN] ConditionMgr:1039 - genDependencies : Invalid condition id : UX DEVICE CLASS RTOS Condition cause : null
2024-07-26 17:20:03,683 [WARN] ConditionMgr:1039 - genDependencies : Invalid condition id : UX DEVICE CLASS RTOS Condition cause : null
2024-07-26 17:20:03,683 [WARN] ConditionMgr:1039 - genDependencies : Invalid condition id : UX DEVICE CLASS RTOS Condition cause : null
2024-07-26 17:20:03,690 [WARN] PackLoader:240 - Cannot read IP mode file for STMicroelectronics.FP-SNS-STBOX1.2.0.0
2024-07-26 17:20:03,700 [WARN] PackLoader:240 - Cannot read IP mode file for STMicroelectronics.X-CUBE-SUBG2.5.0.0
2024-07-26 17:20:03,708 [WARN] PackLoader:240 - Cannot read IP mode file for Cesanta.I-CUBE-Mongoose.7.13.0
2024-07-26 17:20:03,718 [WARN] PackLoader:240 - Cannot read IP mode file for STMicroelectronics.X-CUBE-AZRTOS-G4.2.0.0
2024-07-26 17:20:03,724 [WARN] PackLoader:240 - Cannot read IP mode file for STMicroelectronics.X-CUBE-ISPU.2.0.0
2024-07-26 17:20:03,729 [WARN] PackLoader:240 - Cannot read IP mode file for STMicroelectronics.X-CUBE-ALS.1.0.2
2024-07-26 17:20:03,809 [WARN] PackLoader:240 - Cannot read IP mode file for STMicroelectronics.X-CUBE-MEMS1.10.0.0
2024-07-26 17:20:03,926 [WARN] PackLoader:240 - Cannot read IP mode file for STMicroelectronics.X-CUBE-TOUCHGFX.4.24.0
2024-07-26 17:20:03,932 [WARN] PackLoader:240 - Cannot read IP mode file for portGmbH.I-Cube-SoM-uGOAL.1.1.0
2024-07-26 17:20:03,946 [WARN] PackLoader:240 - Cannot read IP mode file for STMicroelectronics.X-CUBE-AZRTOS-H7RS.1.0.0
2024-07-26 17:20:03,952 [WARN] PackLoader:240 - Cannot read IP mode file for STMicroelectronics.FP-ATR-ASTRA1.2.0.0
2024-07-26 17:20:03,961 [WARN] PackLoader:240 - Cannot read IP mode file for STMicroelectronics.X-CUBE-TOF1.3.4.1
2024-07-26 17:20:03,991 [WARN] PackLoader:240 - Cannot read IP mode file for STMicroelectronics.X-CUBE-AZRTOS-H7.3.2.0
2024-07-26 17:20:04,002 [WARN] PackLoader:240 - Cannot read IP mode file for Infineon.AIROC-Wi-Fi-Bluetooth-STM32.1.6.0
2024-07-26 17:20:04,009 [WARN] PackLoader:240 - Cannot read IP mode file for wolfSSL.I-CUBE-wolfSSH.1.4.17
2024-07-26 17:20:04,010 [INFO] ThirdParty:978 - Integrity check success = true
2024-07-26 17:20:04,010 [INFO] IntegrityCheckThread:100 - exiting critical section [integrity check]
2024-07-26 17:20:04,010 [INFO] IntegrityCheckThread:103 - End integrity checks thread
2024-07-26 19:11:32,112 [ERROR] LogOutputStream:75 - [STDERR_REDIRECT] 
