2024-07-04 11:39:57,024 [INFO] Activator:176 - 


2024-07-04 11:39:57,032 [INFO] Activator:177 - !SESSION log4j initialized
2024-07-04 11:40:02,046 [INFO] LogOutputStream:77 - [STDOUT_REDIRECT] 
2024-07-04 11:40:02,850 [INFO] ApplicationProperties:184 - Using Application install path: C:\ST\STM32CubeIDE_1.15.1\STM32CubeIDE\plugins\com.st.stm32cube.common.mx_6.11.1.202404110753
2024-07-04 11:40:02,873 [INFO] DbMcusXml:78 - Set database path to: C:\ST\STM32CubeIDE_1.15.1\STM32CubeIDE\plugins\com.st.stm32cube.common.mx_6.11.1.202404110753\\db\/mcu/
2024-07-04 11:40:02,873 [INFO] ApiDb:274 - Set plugin database path to: C:\ST\STM32CubeIDE_1.15.1\STM32CubeIDE\plugins\com.st.stm32cube.common.mx_6.11.1.202404110753\\db\/plugins/boardmanager/
2024-07-04 11:40:02,873 [WARN] ApiDb:259 - Overriding images path with different value:  => C:\ST\STM32CubeIDE_1.15.1\STM32CubeIDE\plugins\com.st.stm32cube.common.mx_6.11.1.202404110753\\db\/plugins/mcufinder/images/
2024-07-04 11:40:02,883 [INFO] ApiDb:250 - Set database path to: C:\Users\bhadula.kishor\.stmcufinder\plugins\mcufinder//mcu/
2024-07-04 11:40:02,884 [INFO] DbMcusAds:125 - Set database path to: C:\Users\bhadula.kishor\.stmcufinder\plugins\mcufinder//mcu/
2024-07-04 11:40:02,887 [INFO] CrossReferenceDbSqlite:203 - Set database path to: C:\Users\bhadula.kishor\.stmcufinder\plugins\mcufinder//mcu/cs/
2024-07-04 11:40:03,034 [INFO] RulesReader:64 - Compatibility file has been processed (297 Rules)
2024-07-04 11:40:03,142 [INFO] DbMcusXml:78 - Set database path to: C:\ST\STM32CubeIDE_1.15.1\STM32CubeIDE\plugins\com.st.stm32cube.common.mx_6.11.1.202404110753\\db\/mcu/
2024-07-04 11:40:03,142 [INFO] ApiDb:274 - Set plugin database path to: C:\ST\STM32CubeIDE_1.15.1\STM32CubeIDE\plugins\com.st.stm32cube.common.mx_6.11.1.202404110753\\db\/plugins/boardmanager/
2024-07-04 11:40:03,143 [INFO] ApiDb:261 - Set plugin images path to: C:\ST\STM32CubeIDE_1.15.1\STM32CubeIDE\plugins\com.st.stm32cube.common.mx_6.11.1.202404110753\\db\/plugins/mcufinder/images/
2024-07-04 11:40:03,143 [WARN] DbFile:41 - Overriding database path with different value: C:\Users\bhadula.kishor\.stmcufinder\plugins\mcufinder/ => C:\Users\bhadula.kishor\.stmcufinder\plugins\mcufinder
2024-07-04 11:40:03,143 [INFO] ApiDb:250 - Set database path to: C:\Users\bhadula.kishor\.stmcufinder\plugins\mcufinder//mcu/
2024-07-04 11:40:03,143 [WARN] DbFile:41 - Overriding database path with different value: C:\Users\bhadula.kishor\.stmcufinder\plugins\mcufinder/ => C:\Users\bhadula.kishor\.stmcufinder\plugins\mcufinder
2024-07-04 11:40:03,143 [INFO] DbMcusAds:125 - Set database path to: C:\Users\bhadula.kishor\.stmcufinder\plugins\mcufinder//mcu/
2024-07-04 11:40:03,143 [WARN] DbFile:41 - Overriding database path with different value: C:\Users\bhadula.kishor\.stmcufinder\plugins\mcufinder/ => C:\Users\bhadula.kishor\.stmcufinder\plugins\mcufinder
2024-07-04 11:40:03,143 [WARN] DbFile:41 - Overriding database path with different value: C:\Users\bhadula.kishor\.stmcufinder\plugins\mcufinder/ => C:\Users\bhadula.kishor\.stmcufinder\plugins\mcufinder
2024-07-04 11:40:03,143 [INFO] CrossReferenceDbSqlite:203 - Set database path to: C:\Users\bhadula.kishor\.stmcufinder\plugins\mcufinder//mcu/cs/
2024-07-04 11:40:03,215 [INFO] MainPanel:264 - HeapMemory: 268435456
2024-07-04 11:40:03,288 [INFO] DbMcusXml:78 - Set database path to: C:\ST\STM32CubeIDE_1.15.1\STM32CubeIDE\plugins\com.st.stm32cube.common.mx_6.11.1.202404110753\\db\/mcu/
2024-07-04 11:40:03,288 [INFO] ApiDb:274 - Set plugin database path to: C:\ST\STM32CubeIDE_1.15.1\STM32CubeIDE\plugins\com.st.stm32cube.common.mx_6.11.1.202404110753\\db\/plugins/boardmanager/
2024-07-04 11:40:03,288 [INFO] ApiDb:261 - Set plugin images path to: C:\ST\STM32CubeIDE_1.15.1\STM32CubeIDE\plugins\com.st.stm32cube.common.mx_6.11.1.202404110753\\db\/plugins/mcufinder/images/
2024-07-04 11:40:03,288 [WARN] DbFile:41 - Overriding database path with different value: C:\Users\bhadula.kishor\.stmcufinder\plugins\mcufinder/ => C:\Users\bhadula.kishor\.stmcufinder\plugins\mcufinder
2024-07-04 11:40:03,289 [INFO] ApiDb:250 - Set database path to: C:\Users\bhadula.kishor\.stmcufinder\plugins\mcufinder//mcu/
2024-07-04 11:40:03,289 [WARN] DbFile:41 - Overriding database path with different value: C:\Users\bhadula.kishor\.stmcufinder\plugins\mcufinder/ => C:\Users\bhadula.kishor\.stmcufinder\plugins\mcufinder
2024-07-04 11:40:03,289 [INFO] DbMcusAds:125 - Set database path to: C:\Users\bhadula.kishor\.stmcufinder\plugins\mcufinder//mcu/
2024-07-04 11:40:03,289 [WARN] DbFile:41 - Overriding database path with different value: C:\Users\bhadula.kishor\.stmcufinder\plugins\mcufinder/ => C:\Users\bhadula.kishor\.stmcufinder\plugins\mcufinder
2024-07-04 11:40:03,289 [WARN] DbFile:41 - Overriding database path with different value: C:\Users\bhadula.kishor\.stmcufinder\plugins\mcufinder/ => C:\Users\bhadula.kishor\.stmcufinder\plugins\mcufinder
2024-07-04 11:40:03,289 [INFO] CrossReferenceDbSqlite:203 - Set database path to: C:\Users\bhadula.kishor\.stmcufinder\plugins\mcufinder//mcu/cs/
2024-07-04 11:40:03,304 [INFO] ApplicationProperties:184 - Using Application install path: C:\ST\STM32CubeIDE_1.15.1\STM32CubeIDE\plugins\com.st.stm32cube.common.mx_6.11.1.202404110753
2024-07-04 11:40:03,305 [INFO] PluginManage:196 - Search for loadable plugins [exclusion list=, ]
2024-07-04 11:40:03,307 [INFO] PluginManage:310 - Check plugin analytics
2024-07-04 11:40:03,500 [INFO] AnalyticsPlugin:253 - Accepted Software Licenses: 
2024-07-04 11:40:03,500 [INFO] AnalyticsPlugin:255 - Accepted CMSIS Pack Licenses: 
2024-07-04 11:40:03,500 [INFO] AnalyticsPlugin:257 - Accepted Firmware Licenses: 
2024-07-04 11:40:03,503 [INFO] PluginManage:359 - Loaded plugin analytics (category:tool,tabindex:-1)
2024-07-04 11:40:03,504 [INFO] PluginManage:310 - Check plugin cadmodel
2024-07-04 11:40:03,515 [INFO] CADModel:105 - Init CAD model plugin
2024-07-04 11:40:03,515 [INFO] PluginManage:359 - Loaded plugin cadmodel (category:power,tabindex:5)
2024-07-04 11:40:03,515 [INFO] PluginManage:310 - Check plugin clock
2024-07-04 11:40:03,534 [INFO] PluginManage:359 - Loaded plugin clock (category:base,tabindex:2)
2024-07-04 11:40:03,535 [INFO] PluginManage:310 - Check plugin ddr
2024-07-04 11:40:03,537 [INFO] PluginManage:359 - Loaded plugin ddr (category:tool,tabindex:6)
2024-07-04 11:40:03,537 [INFO] PluginManage:310 - Check plugin filemanager
2024-07-04 11:40:03,677 [INFO] PluginManage:359 - Loaded plugin filemanager (category:base,tabindex:10)
2024-07-04 11:40:03,677 [INFO] PluginManage:310 - Check plugin ipmanager
2024-07-04 11:40:03,683 [INFO] PluginManage:359 - Loaded plugin ipmanager (category:base,tabindex:5)
2024-07-04 11:40:03,685 [INFO] PluginManage:310 - Check plugin lpbam
2024-07-04 11:40:03,691 [INFO] PluginManage:359 - Loaded plugin lpbam (category:base,tabindex:0)
2024-07-04 11:40:03,691 [INFO] PluginManage:310 - Check plugin memorymap
2024-07-04 11:40:03,701 [INFO] PluginManage:359 - Loaded plugin memorymap (category:base,tabindex:4)
2024-07-04 11:40:03,701 [INFO] PluginManage:310 - Check plugin pinoutandconfiguration
2024-07-04 11:40:03,707 [INFO] PluginManage:359 - Loaded plugin pinoutandconfiguration (category:base,tabindex:1)
2024-07-04 11:40:03,707 [INFO] PluginManage:310 - Check plugin pinoutconfig
2024-07-04 11:40:03,776 [WARN] SupportedApi:132 - Cannot load RTOS API schema: s4s-elt-must-match.1: The content of 'definitions' must match (annotation?, (simpleType | complexType)?, (unique | key | keyref)*)). A problem was found starting at: attribute.
2024-07-04 11:40:03,881 [INFO] PluginManage:359 - Loaded plugin pinoutconfig (category:base,tabindex:0)
2024-07-04 11:40:03,882 [INFO] PluginManage:310 - Check plugin power
2024-07-04 11:40:03,890 [INFO] PluginManage:359 - Loaded plugin power (category:power,tabindex:4)
2024-07-04 11:40:03,891 [INFO] PluginManage:310 - Check plugin projectmanager
2024-07-04 11:40:03,905 [INFO] PluginManage:359 - Loaded plugin projectmanager (category:projectmanager,tabindex:3)
2024-07-04 11:40:03,905 [INFO] PluginManage:310 - Check plugin thirdparty
2024-07-04 11:40:04,031 [WARN] IntegrityCheckThread:84 - waiting for thirdparty lock release [integrity check]
2024-07-04 11:40:04,032 [INFO] PluginManage:359 - Loaded plugin thirdparty (category:base,tabindex:-1)
2024-07-04 11:40:04,032 [INFO] PluginManage:310 - Check plugin tools
2024-07-04 11:40:04,032 [INFO] IntegrityCheckThread:86 - entering critical section [integrity check]
2024-07-04 11:40:04,033 [INFO] ThirdPartyUpdaterWithRetryManager:70 - Updater plugin not ready yet. [1/15]
2024-07-04 11:40:04,035 [INFO] PluginManage:359 - Loaded plugin tools (category:base,tabindex:7)
2024-07-04 11:40:04,036 [INFO] PluginManage:310 - Check plugin tutovideos
2024-07-04 11:40:04,182 [INFO] PluginManage:359 - Loaded plugin tutovideos (category:base,tabindex:-1)
2024-07-04 11:40:04,182 [INFO] PluginManage:310 - Check plugin updater
2024-07-04 11:40:04,192 [INFO] PluginManage:359 - Loaded plugin updater (category:base,tabindex:12)
2024-07-04 11:40:04,192 [INFO] PluginManage:310 - Check plugin userauth
2024-07-04 11:40:04,197 [INFO] UserAuth:114 - Init User Auth plugin
2024-07-04 11:40:04,197 [INFO] PluginManage:359 - Loaded plugin userauth (category:base,tabindex:14)
2024-07-04 11:40:04,197 [INFO] PluginManage:283 - PluginManage : Loaded plugins [17]
2024-07-04 11:40:04,378 [INFO] PinOutPanel:1561 - setPackage(No Configuration,No Configuration)
2024-07-04 11:40:04,465 [INFO] CADModel:165 - CPN selected for project level
2024-07-04 11:40:04,465 [INFO] CADModel:114 - Register for checkConnection events
2024-07-04 11:40:04,490 [INFO] IPUIPlugin:80 - create IPUIPlugin
2024-07-04 11:40:04,490 [INFO] PluginManager:220 - loadIPPluginJar : add adc
2024-07-04 11:40:04,494 [INFO] IPUIPlugin:80 - create IPUIPlugin
2024-07-04 11:40:04,494 [INFO] PluginManager:220 - loadIPPluginJar : add aes
2024-07-04 11:40:04,498 [INFO] IPUIPlugin:80 - create IPUIPlugin
2024-07-04 11:40:04,498 [INFO] PluginManager:220 - loadIPPluginJar : add can
2024-07-04 11:40:04,500 [INFO] IPUIPlugin:80 - create IPUIPlugin
2024-07-04 11:40:04,500 [INFO] PluginManager:220 - loadIPPluginJar : add comp
2024-07-04 11:40:04,503 [INFO] IPUIPlugin:80 - create IPUIPlugin
2024-07-04 11:40:04,503 [INFO] PluginManager:220 - loadIPPluginJar : add cryp
2024-07-04 11:40:04,506 [INFO] IPUIPlugin:80 - create IPUIPlugin
2024-07-04 11:40:04,506 [INFO] PluginManager:220 - loadIPPluginJar : add dfsdm
2024-07-04 11:40:04,513 [INFO] IPUIPlugin:80 - create IPUIPlugin
2024-07-04 11:40:04,513 [INFO] PluginManager:220 - loadIPPluginJar : add dma
2024-07-04 11:40:04,516 [INFO] IPUIPlugin:80 - create IPUIPlugin
2024-07-04 11:40:04,516 [INFO] PluginManager:220 - loadIPPluginJar : add dma3
2024-07-04 11:40:04,518 [INFO] IPUIPlugin:80 - create IPUIPlugin
2024-07-04 11:40:04,518 [INFO] PluginManager:220 - loadIPPluginJar : add extmemmanager
2024-07-04 11:40:04,520 [INFO] IPUIPlugin:80 - create IPUIPlugin
2024-07-04 11:40:04,520 [INFO] PluginManager:220 - loadIPPluginJar : add fatfs
2024-07-04 11:40:04,523 [INFO] IPUIPlugin:80 - create IPUIPlugin
2024-07-04 11:40:04,523 [INFO] PluginManager:220 - loadIPPluginJar : add fmc
2024-07-04 11:40:04,529 [INFO] IPUIPlugin:80 - create IPUIPlugin
2024-07-04 11:40:04,529 [INFO] PluginManager:220 - loadIPPluginJar : add freertos
2024-07-04 11:40:04,531 [INFO] IPUIPlugin:80 - create IPUIPlugin
2024-07-04 11:40:04,531 [INFO] PluginManager:220 - loadIPPluginJar : add genericplugin
2024-07-04 11:40:04,534 [INFO] IPUIPlugin:80 - create IPUIPlugin
2024-07-04 11:40:04,534 [INFO] PluginManager:220 - loadIPPluginJar : add gfxmmu
2024-07-04 11:40:04,538 [INFO] IPUIPlugin:80 - create IPUIPlugin
2024-07-04 11:40:04,538 [INFO] PluginManager:220 - loadIPPluginJar : add gic
2024-07-04 11:40:04,542 [INFO] IPUIPlugin:80 - create IPUIPlugin
2024-07-04 11:40:04,542 [INFO] PluginManager:220 - loadIPPluginJar : add gpio
2024-07-04 11:40:04,544 [INFO] IPUIPlugin:80 - create IPUIPlugin
2024-07-04 11:40:04,544 [INFO] PluginManager:220 - loadIPPluginJar : add gtzc
2024-07-04 11:40:04,546 [INFO] IPUIPlugin:80 - create IPUIPlugin
2024-07-04 11:40:04,546 [INFO] PluginManager:220 - loadIPPluginJar : add hash
2024-07-04 11:40:04,548 [INFO] IPUIPlugin:80 - create IPUIPlugin
2024-07-04 11:40:04,548 [INFO] PluginManager:220 - loadIPPluginJar : add i2c
2024-07-04 11:40:04,550 [INFO] IPUIPlugin:80 - create IPUIPlugin
2024-07-04 11:40:04,550 [INFO] PluginManager:220 - loadIPPluginJar : add i2s
2024-07-04 11:40:04,553 [INFO] IPUIPlugin:80 - create IPUIPlugin
2024-07-04 11:40:04,553 [INFO] PluginManager:220 - loadIPPluginJar : add i3c
2024-07-04 11:40:04,555 [INFO] IPUIPlugin:80 - create IPUIPlugin
2024-07-04 11:40:04,555 [INFO] PluginManager:220 - loadIPPluginJar : add ipddr
2024-07-04 11:40:04,561 [INFO] IPUIPlugin:80 - create IPUIPlugin
2024-07-04 11:40:04,561 [INFO] PluginManager:220 - loadIPPluginJar : add linkedlist
2024-07-04 11:40:04,563 [INFO] IPUIPlugin:80 - create IPUIPlugin
2024-07-04 11:40:04,564 [INFO] PluginManager:220 - loadIPPluginJar : add lorawan
2024-07-04 11:40:04,565 [INFO] IPUIPlugin:80 - create IPUIPlugin
2024-07-04 11:40:04,566 [INFO] PluginManager:220 - loadIPPluginJar : add ltdc
2024-07-04 11:40:04,573 [INFO] IPUIPlugin:80 - create IPUIPlugin
2024-07-04 11:40:04,573 [INFO] PluginManager:220 - loadIPPluginJar : add mdma
2024-07-04 11:40:04,576 [INFO] IPUIPlugin:80 - create IPUIPlugin
2024-07-04 11:40:04,576 [INFO] PluginManager:220 - loadIPPluginJar : add nvic
2024-07-04 11:40:04,579 [INFO] IPUIPlugin:80 - create IPUIPlugin
2024-07-04 11:40:04,579 [INFO] PluginManager:220 - loadIPPluginJar : add opamp
2024-07-04 11:40:04,583 [INFO] IPUIPlugin:80 - create IPUIPlugin
2024-07-04 11:40:04,583 [INFO] PluginManager:220 - loadIPPluginJar : add openamp
2024-07-04 11:40:04,586 [INFO] IPUIPlugin:80 - create IPUIPlugin
2024-07-04 11:40:04,586 [INFO] PluginManager:220 - loadIPPluginJar : add pdm2pcm
2024-07-04 11:40:04,591 [INFO] IPUIPlugin:80 - create IPUIPlugin
2024-07-04 11:40:04,592 [INFO] PluginManager:220 - loadIPPluginJar : add plateformsettings
2024-07-04 11:40:04,594 [INFO] IPUIPlugin:80 - create IPUIPlugin
2024-07-04 11:40:04,594 [INFO] PluginManager:220 - loadIPPluginJar : add quadspi
2024-07-04 11:40:04,605 [INFO] IPUIPlugin:80 - create IPUIPlugin
2024-07-04 11:40:04,605 [INFO] PluginManager:220 - loadIPPluginJar : add resmgrutility
2024-07-04 11:40:04,608 [INFO] IPUIPlugin:80 - create IPUIPlugin
2024-07-04 11:40:04,608 [INFO] PluginManager:220 - loadIPPluginJar : add sai
2024-07-04 11:40:04,610 [INFO] IPUIPlugin:80 - create IPUIPlugin
2024-07-04 11:40:04,610 [INFO] PluginManager:220 - loadIPPluginJar : add spi
2024-07-04 11:40:04,615 [INFO] IPUIPlugin:80 - create IPUIPlugin
2024-07-04 11:40:04,615 [INFO] PluginManager:220 - loadIPPluginJar : add stm32_wpan
2024-07-04 11:40:04,617 [INFO] IPUIPlugin:80 - create IPUIPlugin
2024-07-04 11:40:04,617 [INFO] PluginManager:220 - loadIPPluginJar : add tim
2024-07-04 11:40:04,620 [INFO] IPUIPlugin:80 - create IPUIPlugin
2024-07-04 11:40:04,620 [INFO] PluginManager:220 - loadIPPluginJar : add touchsensing
2024-07-04 11:40:04,622 [INFO] IPUIPlugin:80 - create IPUIPlugin
2024-07-04 11:40:04,622 [INFO] PluginManager:220 - loadIPPluginJar : add tracer_emb
2024-07-04 11:40:04,623 [INFO] IPUIPlugin:80 - create IPUIPlugin
2024-07-04 11:40:04,623 [INFO] PluginManager:220 - loadIPPluginJar : add ts
2024-07-04 11:40:04,625 [INFO] IPUIPlugin:80 - create IPUIPlugin
2024-07-04 11:40:04,625 [INFO] PluginManager:220 - loadIPPluginJar : add tsc
2024-07-04 11:40:04,626 [INFO] IPUIPlugin:80 - create IPUIPlugin
2024-07-04 11:40:04,626 [INFO] PluginManager:220 - loadIPPluginJar : add ucpd
2024-07-04 11:40:04,629 [INFO] IPUIPlugin:80 - create IPUIPlugin
2024-07-04 11:40:04,629 [INFO] PluginManager:220 - loadIPPluginJar : add usart
2024-07-04 11:40:04,631 [INFO] IPUIPlugin:80 - create IPUIPlugin
2024-07-04 11:40:04,631 [INFO] PluginManager:220 - loadIPPluginJar : add usbx
2024-07-04 11:40:04,748 [INFO] CADModel:165 - CPN selected for project level
2024-07-04 11:40:04,748 [INFO] CADModel:114 - Register for checkConnection events
2024-07-04 11:40:04,749 [FATAL] Updater:308 - Updater called before beeing initialized
2024-07-04 11:40:04,749 [ERROR] CADModel:125 - Updater not yet initialized, retry later 
2024-07-04 11:40:04,869 [INFO] CADModel:165 - CPN selected for project level
2024-07-04 11:40:04,869 [INFO] CADModel:114 - Register for checkConnection events
2024-07-04 11:40:04,869 [FATAL] Updater:308 - Updater called before beeing initialized
2024-07-04 11:40:04,869 [ERROR] CADModel:125 - Updater not yet initialized, retry later 
2024-07-04 11:40:04,872 [FATAL] Updater:308 - Updater called before beeing initialized
2024-07-04 11:40:04,984 [FATAL] Updater:308 - Updater called before beeing initialized
2024-07-04 11:40:04,989 [INFO] DbMcusAds:53 - JSON generation date=Thu May 16 14:52:00 IST 2024 (1715851320852)
2024-07-04 11:40:04,989 [FATAL] Updater:308 - Updater called before beeing initialized
2024-07-04 11:40:05,025 [WARN] DetailPanel:346 - Failed to get advertising image, set to default
2024-07-04 11:40:05,123 [FATAL] Updater:308 - Updater called before beeing initialized
2024-07-04 11:40:05,125 [FATAL] Updater:308 - Updater called before beeing initialized
2024-07-04 11:40:05,125 [FATAL] Updater:308 - Updater called before beeing initialized
2024-07-04 11:40:05,125 [WARN] DetailPanel:346 - Failed to get advertising image, set to default
2024-07-04 11:40:05,126 [FATAL] Updater:308 - Updater called before beeing initialized
2024-07-04 11:40:05,166 [ERROR] Updater:1120 - MainUpdater not yet initialized. External WinMGr cannot be set.
2024-07-04 11:40:05,168 [INFO] Updater:1056 - Updater Version found : 6.11.1
2024-07-04 11:40:05,186 [INFO] ApplicationProperties:184 - Using Application install path: C:\ST\STM32CubeIDE_1.15.1\STM32CubeIDE\plugins\com.st.stm32cube.common.mx_6.11.1.202404110753
2024-07-04 11:40:05,716 [INFO] MainUpdater:2873 - connection check result : 10
2024-07-04 11:40:05,717 [INFO] MainUpdater:290 - Updater Check For Update Now.
2024-07-04 11:40:05,717 [INFO] MicroXplorer:498 - Change Database Version : DB.6.0.111
2024-07-04 11:40:05,723 [INFO] McuFinderGlobals:63 - Set McuFinder mode to 2 (CubeIDE integrated)
2024-07-04 11:40:05,724 [INFO] UserAuth:179 - activating auth plugin
2024-07-04 11:40:05,727 [INFO] UserAuth:415 - Internet connection configuration mode: 1
2024-07-04 11:40:05,774 [INFO] JxBrowserEngine:152 - Initiate JxBrowser Engine with user profile folder
2024-07-04 11:40:05,895 [INFO] CheckServerUpdateThread:120 - End of CheckServer Thread
2024-07-04 11:40:06,768 [INFO] WebApp:161 - Instantiating new browser for Auth
2024-07-04 11:40:07,208 [WARN] PackLoader:240 - Cannot read IP mode file for STMicroelectronics.FP-SNS-MOTENVWB1.1.4.0
2024-07-04 11:40:07,222 [WARN] PackLoader:240 - Cannot read IP mode file for STMicroelectronics.X-CUBE-SMBUS.2.1.0
2024-07-04 11:40:07,233 [WARN] PackLoader:240 - Cannot read IP mode file for STMicroelectronics.X-CUBE-TOUCHGFX.4.23.2
2024-07-04 11:40:07,274 [WARN] PackLoader:240 - Cannot read IP mode file for STMicroelectronics.X-CUBE-AZRTOS-F7.1.1.0
2024-07-04 11:40:07,289 [WARN] PackLoader:240 - Cannot read IP mode file for STMicroelectronics.FP-SNS-FLIGHT1.5.0.2
2024-07-04 11:40:07,301 [WARN] PackLoader:240 - Cannot read IP mode file for STMicroelectronics.X-CUBE-DISPLAY.3.0.0
2024-07-04 11:40:07,325 [WARN] PackLoader:240 - Cannot read IP mode file for STMicroelectronics.X-CUBE-BLE1.7.0.0
2024-07-04 11:40:07,373 [WARN] PackLoader:240 - Cannot read IP mode file for emotas.I-CUBE-CANOPEN.1.3.0
2024-07-04 11:40:07,384 [WARN] PackLoader:240 - Cannot read IP mode file for STMicroelectronics.X-CUBE-BLEMGR.3.1.0
2024-07-04 11:40:07,392 [WARN] PackLoader:240 - Cannot read IP mode file for STMicroelectronics.FP-SNS-SMARTAG2.1.2.0
2024-07-04 11:40:07,402 [INFO] LogOutputStream:77 - [STDOUT_REDIRECT] 1 : Invalid condition id : UX_CORESTACK_Condition cause : null
2024-07-04 11:40:07,403 [INFO] LogOutputStream:77 - [STDOUT_REDIRECT] 1 : Invalid condition id : UX_CORESTACK_Condition cause : null
2024-07-04 11:40:07,405 [INFO] LogOutputStream:77 - [STDOUT_REDIRECT] 1 : Invalid condition id : UX_CORESTACK_Condition cause : null
2024-07-04 11:40:07,407 [INFO] LogOutputStream:77 - [STDOUT_REDIRECT] 1 : Invalid condition id : UX_CORESTACK_Condition cause : null
2024-07-04 11:40:07,408 [INFO] LogOutputStream:77 - [STDOUT_REDIRECT] 1 : Invalid condition id : UX_CORESTACK_Condition cause : null
2024-07-04 11:40:07,412 [WARN] PackLoader:240 - Cannot read IP mode file for STMicroelectronics.X-CUBE-AZRTOS-WL.2.0.0
2024-07-04 11:40:07,418 [WARN] PackLoader:240 - Cannot read IP mode file for STMicroelectronics.FP-SNS-MOTENV1.5.0.0
2024-07-04 11:40:07,424 [WARN] PackLoader:240 - Cannot read IP mode file for wolfSSL.I-CUBE-wolfMQTT.1.19.0
2024-07-04 11:40:07,446 [WARN] PackLoader:240 - Cannot read IP mode file for WES.I-CUBE-Cesium.1.3.0
2024-07-04 11:40:07,452 [WARN] PackLoader:240 - Cannot read IP mode file for STMicroelectronics.X-CUBE-BLE2.3.3.0
2024-07-04 11:40:07,458 [WARN] PackLoader:240 - Cannot read IP mode file for STMicroelectronics.X-CUBE-TCPP.4.1.0
2024-07-04 11:40:07,474 [WARN] PackLoader:240 - Cannot read IP mode file for STMicroelectronics.X-CUBE-AZRTOS-G0.1.1.0
2024-07-04 11:40:07,484 [WARN] PackLoader:240 - Cannot read IP mode file for STMicroelectronics.X-CUBE-SAFEA1.1.2.2
2024-07-04 11:40:07,490 [WARN] PackLoader:240 - Cannot read IP mode file for STMicroelectronics.X-CUBE-NFC4.3.0.0
2024-07-04 11:40:07,497 [WARN] PackLoader:240 - Cannot read IP mode file for wolfSSL.I-CUBE-wolfSSL.5.7.0
2024-07-04 11:40:07,502 [WARN] PackLoader:240 - Cannot read IP mode file for STMicroelectronics.FP-ATR-SIGFOX1.3.2.0
2024-07-04 11:40:07,508 [WARN] PackLoader:240 - Cannot read IP mode file for STMicroelectronics.X-CUBE-EEPRMA1.5.1.0
2024-07-04 11:40:07,516 [WARN] PackLoader:240 - Cannot read IP mode file for ITTIA_DB.I-CUBE-ITTIADB.8.9.0
2024-07-04 11:40:07,552 [WARN] PackLoader:240 - Cannot read IP mode file for SEGGER.I-CUBE-embOS.1.3.1
2024-07-04 11:40:07,590 [WARN] PackLoader:240 - Cannot read IP mode file for STMicroelectronics.X-CUBE-ALGOBUILD.1.4.0
2024-07-04 11:40:07,596 [WARN] PackLoader:240 - Cannot read IP mode file for STMicroelectronics.X-CUBE-GNSS1.6.0.0
2024-07-04 11:40:07,611 [WARN] PackLoader:240 - Cannot read IP mode file for STMicroelectronics.X-CUBE-AZRTOS-F4.1.1.0
2024-07-04 11:40:07,618 [WARN] PackLoader:240 - Cannot read IP mode file for STMicroelectronics.X-CUBE-FREERTOS.1.2.0
2024-07-04 11:40:07,632 [WARN] PackLoader:240 - Cannot read IP mode file for STMicroelectronics.X-CUBE-AZRTOS-L5.2.0.0
2024-07-04 11:40:07,641 [WARN] PackLoader:240 - Cannot read IP mode file for STMicroelectronics.X-CUBE-NFC6.3.1.0
2024-07-04 11:40:07,647 [WARN] PackLoader:240 - Cannot read IP mode file for STMicroelectronics.X-CUBE-AI.9.0.0
2024-07-04 11:40:07,653 [WARN] PackLoader:240 - Cannot read IP mode file for STMicroelectronics.X-CUBE-NFC7.1.0.1
2024-07-04 11:40:07,668 [WARN] ConditionMgr:438 - getConditionDescription Invalid condition id : LAN8742 Phy interface Condition cause : null
2024-07-04 11:40:07,670 [WARN] PackLoader:240 - Cannot read IP mode file for STMicroelectronics.X-CUBE-AZRTOS-L4.2.0.0
2024-07-04 11:40:07,671 [WARN] ConditionMgr:1039 - genDependencies : Invalid condition id : LAN8742 Phy interface Condition cause : null
2024-07-04 11:40:07,671 [WARN] ConditionMgr:1039 - genDependencies : Invalid condition id : LAN8742 Phy interface Condition cause : null
2024-07-04 11:40:07,671 [WARN] ConditionMgr:1039 - genDependencies : Invalid condition id : LAN8742 Phy interface Condition cause : null
2024-07-04 11:40:07,679 [WARN] PackLoader:240 - Cannot read IP mode file for STMicroelectronics.X-CUBE-SFXS2LP1.4.0.0
2024-07-04 11:40:07,699 [WARN] ConditionMgr:438 - getConditionDescription Invalid condition id : UX DEVICE CLASS RTOS Condition cause : null
2024-07-04 11:40:07,699 [WARN] ConditionMgr:438 - getConditionDescription Invalid condition id : UX DEVICE CLASS RTOS Condition cause : null
2024-07-04 11:40:07,701 [WARN] PackLoader:240 - Cannot read IP mode file for STMicroelectronics.X-CUBE-AZRTOS-WB.2.0.0
2024-07-04 11:40:07,702 [WARN] ConditionMgr:1039 - genDependencies : Invalid condition id : UX DEVICE CLASS RTOS Condition cause : null
2024-07-04 11:40:07,702 [WARN] ConditionMgr:1039 - genDependencies : Invalid condition id : UX DEVICE CLASS RTOS Condition cause : null
2024-07-04 11:40:07,703 [WARN] ConditionMgr:1039 - genDependencies : Invalid condition id : UX DEVICE CLASS RTOS Condition cause : null
2024-07-04 11:40:07,703 [WARN] ConditionMgr:1039 - genDependencies : Invalid condition id : UX DEVICE CLASS RTOS Condition cause : null
2024-07-04 11:40:07,703 [WARN] ConditionMgr:1039 - genDependencies : Invalid condition id : UX DEVICE CLASS RTOS Condition cause : null
2024-07-04 11:40:07,714 [WARN] PackLoader:240 - Cannot read IP mode file for STMicroelectronics.X-CUBE-SUBG2.5.0.0
2024-07-04 11:40:07,723 [WARN] PackLoader:240 - Cannot read IP mode file for Cesanta.I-CUBE-Mongoose.7.13.0
2024-07-04 11:40:07,734 [WARN] PackLoader:240 - Cannot read IP mode file for STMicroelectronics.X-CUBE-AZRTOS-G4.2.0.0
2024-07-04 11:40:07,740 [WARN] PackLoader:240 - Cannot read IP mode file for STMicroelectronics.X-CUBE-ISPU.2.0.0
2024-07-04 11:40:07,746 [WARN] PackLoader:240 - Cannot read IP mode file for STMicroelectronics.X-CUBE-ALS.1.0.2
2024-07-04 11:40:07,780 [WARN] PackLoader:240 - Cannot read IP mode file for STMicroelectronics.X-CUBE-MEMS1.10.0.0
2024-07-04 11:40:07,876 [WARN] PackLoader:240 - Cannot read IP mode file for STMicroelectronics.X-CUBE-TOUCHGFX.4.24.0
2024-07-04 11:40:07,881 [WARN] PackLoader:240 - Cannot read IP mode file for portGmbH.I-Cube-SoM-uGOAL.1.1.0
2024-07-04 11:40:07,899 [WARN] PackLoader:240 - Cannot read IP mode file for STMicroelectronics.X-CUBE-AZRTOS-H7RS.1.0.0
2024-07-04 11:40:07,905 [WARN] PackLoader:240 - Cannot read IP mode file for STMicroelectronics.FP-ATR-ASTRA1.2.0.0
2024-07-04 11:40:07,914 [WARN] PackLoader:240 - Cannot read IP mode file for STMicroelectronics.X-CUBE-TOF1.3.4.1
2024-07-04 11:40:07,935 [WARN] PackLoader:240 - Cannot read IP mode file for STMicroelectronics.X-CUBE-AZRTOS-H7.3.2.0
2024-07-04 11:40:07,947 [WARN] PackLoader:240 - Cannot read IP mode file for Infineon.AIROC-Wi-Fi-Bluetooth-STM32.1.6.0
2024-07-04 11:40:07,952 [INFO] ThirdParty:978 - Integrity check success = true
2024-07-04 11:40:07,952 [INFO] IntegrityCheckThread:100 - exiting critical section [integrity check]
2024-07-04 11:40:07,952 [INFO] IntegrityCheckThread:103 - End integrity checks thread
2024-07-04 11:40:08,307 [INFO] WebApp:779 - Register for checkConnection events
2024-07-04 11:40:08,307 [INFO] WebApp:414 - Apply proxy settings
2024-07-04 11:40:08,308 [INFO] WebApp:499 - Chromium requires no authentication
2024-07-04 11:40:08,360 [INFO] WebApp:442 - Direct internet connection detected
2024-07-04 11:40:08,801 [INFO] WebApp:192 - Starting web application
2024-07-04 11:40:08,801 [INFO] WebApp:544 - Web application path used C:\ST\STM32CubeIDE_1.15.1\STM32CubeIDE\plugins\com.st.stm32cube.common.mx_6.11.1.202404110753\db\plugins\mcufinder\reactClient1\index.html
2024-07-04 12:42:38,119 [ERROR] LogOutputStream:75 - [STDERR_REDIRECT] 
