2024-07-24 14:19:24,659 [INFO] Activator:176 - 


2024-07-24 14:19:24,664 [INFO] Activator:177 - !SESSION log4j initialized
2024-07-24 14:19:29,855 [INFO] LogOutputStream:77 - [STDOUT_REDIRECT] 
2024-07-24 14:19:35,893 [INFO] ApplicationProperties:184 - Using Application install path: C:\ST\STM32CubeIDE_1.15.1\STM32CubeIDE\plugins\com.st.stm32cube.common.mx_6.11.1.202404110753
2024-07-24 14:19:35,915 [INFO] DbMcusXml:78 - Set database path to: C:\ST\STM32CubeIDE_1.15.1\STM32CubeIDE\plugins\com.st.stm32cube.common.mx_6.11.1.202404110753\\db\/mcu/
2024-07-24 14:19:35,915 [INFO] ApiDb:274 - Set plugin database path to: C:\ST\STM32CubeIDE_1.15.1\STM32CubeIDE\plugins\com.st.stm32cube.common.mx_6.11.1.202404110753\\db\/plugins/boardmanager/
2024-07-24 14:19:35,916 [WARN] ApiDb:259 - Overriding images path with different value:  => C:\ST\STM32CubeIDE_1.15.1\STM32CubeIDE\plugins\com.st.stm32cube.common.mx_6.11.1.202404110753\\db\/plugins/mcufinder/images/
2024-07-24 14:19:35,925 [INFO] ApiDb:250 - Set database path to: C:\Users\bhadula.kishor\.stmcufinder\plugins\mcufinder//mcu/
2024-07-24 14:19:35,927 [INFO] DbMcusAds:125 - Set database path to: C:\Users\bhadula.kishor\.stmcufinder\plugins\mcufinder//mcu/
2024-07-24 14:19:35,929 [INFO] CrossReferenceDbSqlite:203 - Set database path to: C:\Users\bhadula.kishor\.stmcufinder\plugins\mcufinder//mcu/cs/
2024-07-24 14:19:36,103 [INFO] RulesReader:64 - Compatibility file has been processed (297 Rules)
2024-07-24 14:19:36,247 [INFO] DbMcusXml:78 - Set database path to: C:\ST\STM32CubeIDE_1.15.1\STM32CubeIDE\plugins\com.st.stm32cube.common.mx_6.11.1.202404110753\\db\/mcu/
2024-07-24 14:19:36,247 [INFO] ApiDb:274 - Set plugin database path to: C:\ST\STM32CubeIDE_1.15.1\STM32CubeIDE\plugins\com.st.stm32cube.common.mx_6.11.1.202404110753\\db\/plugins/boardmanager/
2024-07-24 14:19:36,247 [INFO] ApiDb:261 - Set plugin images path to: C:\ST\STM32CubeIDE_1.15.1\STM32CubeIDE\plugins\com.st.stm32cube.common.mx_6.11.1.202404110753\\db\/plugins/mcufinder/images/
2024-07-24 14:19:36,247 [WARN] DbFile:41 - Overriding database path with different value: C:\Users\bhadula.kishor\.stmcufinder\plugins\mcufinder/ => C:\Users\bhadula.kishor\.stmcufinder\plugins\mcufinder
2024-07-24 14:19:36,247 [INFO] ApiDb:250 - Set database path to: C:\Users\bhadula.kishor\.stmcufinder\plugins\mcufinder//mcu/
2024-07-24 14:19:36,247 [WARN] DbFile:41 - Overriding database path with different value: C:\Users\bhadula.kishor\.stmcufinder\plugins\mcufinder/ => C:\Users\bhadula.kishor\.stmcufinder\plugins\mcufinder
2024-07-24 14:19:36,247 [INFO] DbMcusAds:125 - Set database path to: C:\Users\bhadula.kishor\.stmcufinder\plugins\mcufinder//mcu/
2024-07-24 14:19:36,247 [WARN] DbFile:41 - Overriding database path with different value: C:\Users\bhadula.kishor\.stmcufinder\plugins\mcufinder/ => C:\Users\bhadula.kishor\.stmcufinder\plugins\mcufinder
2024-07-24 14:19:36,248 [WARN] DbFile:41 - Overriding database path with different value: C:\Users\bhadula.kishor\.stmcufinder\plugins\mcufinder/ => C:\Users\bhadula.kishor\.stmcufinder\plugins\mcufinder
2024-07-24 14:19:36,248 [INFO] CrossReferenceDbSqlite:203 - Set database path to: C:\Users\bhadula.kishor\.stmcufinder\plugins\mcufinder//mcu/cs/
2024-07-24 14:19:36,324 [INFO] MainPanel:264 - HeapMemory: 268435456
2024-07-24 14:19:36,395 [INFO] DbMcusXml:78 - Set database path to: C:\ST\STM32CubeIDE_1.15.1\STM32CubeIDE\plugins\com.st.stm32cube.common.mx_6.11.1.202404110753\\db\/mcu/
2024-07-24 14:19:36,395 [INFO] ApiDb:274 - Set plugin database path to: C:\ST\STM32CubeIDE_1.15.1\STM32CubeIDE\plugins\com.st.stm32cube.common.mx_6.11.1.202404110753\\db\/plugins/boardmanager/
2024-07-24 14:19:36,395 [INFO] ApiDb:261 - Set plugin images path to: C:\ST\STM32CubeIDE_1.15.1\STM32CubeIDE\plugins\com.st.stm32cube.common.mx_6.11.1.202404110753\\db\/plugins/mcufinder/images/
2024-07-24 14:19:36,395 [WARN] DbFile:41 - Overriding database path with different value: C:\Users\bhadula.kishor\.stmcufinder\plugins\mcufinder/ => C:\Users\bhadula.kishor\.stmcufinder\plugins\mcufinder
2024-07-24 14:19:36,395 [INFO] ApiDb:250 - Set database path to: C:\Users\bhadula.kishor\.stmcufinder\plugins\mcufinder//mcu/
2024-07-24 14:19:36,396 [WARN] DbFile:41 - Overriding database path with different value: C:\Users\bhadula.kishor\.stmcufinder\plugins\mcufinder/ => C:\Users\bhadula.kishor\.stmcufinder\plugins\mcufinder
2024-07-24 14:19:36,396 [INFO] DbMcusAds:125 - Set database path to: C:\Users\bhadula.kishor\.stmcufinder\plugins\mcufinder//mcu/
2024-07-24 14:19:36,396 [WARN] DbFile:41 - Overriding database path with different value: C:\Users\bhadula.kishor\.stmcufinder\plugins\mcufinder/ => C:\Users\bhadula.kishor\.stmcufinder\plugins\mcufinder
2024-07-24 14:19:36,396 [WARN] DbFile:41 - Overriding database path with different value: C:\Users\bhadula.kishor\.stmcufinder\plugins\mcufinder/ => C:\Users\bhadula.kishor\.stmcufinder\plugins\mcufinder
2024-07-24 14:19:36,396 [INFO] CrossReferenceDbSqlite:203 - Set database path to: C:\Users\bhadula.kishor\.stmcufinder\plugins\mcufinder//mcu/cs/
2024-07-24 14:19:36,411 [INFO] ApplicationProperties:184 - Using Application install path: C:\ST\STM32CubeIDE_1.15.1\STM32CubeIDE\plugins\com.st.stm32cube.common.mx_6.11.1.202404110753
2024-07-24 14:19:36,412 [INFO] PluginManage:196 - Search for loadable plugins [exclusion list=, ]
2024-07-24 14:19:36,413 [INFO] PluginManage:310 - Check plugin analytics
2024-07-24 14:19:41,704 [INFO] AnalyticsPlugin:253 - Accepted Software Licenses: 
2024-07-24 14:19:41,704 [INFO] AnalyticsPlugin:255 - Accepted CMSIS Pack Licenses: 
2024-07-24 14:19:41,704 [INFO] AnalyticsPlugin:257 - Accepted Firmware Licenses: 
2024-07-24 14:19:41,706 [INFO] PluginManage:359 - Loaded plugin analytics (category:tool,tabindex:-1)
2024-07-24 14:19:41,707 [INFO] PluginManage:310 - Check plugin cadmodel
2024-07-24 14:19:41,711 [INFO] CADModel:105 - Init CAD model plugin
2024-07-24 14:19:41,711 [INFO] PluginManage:359 - Loaded plugin cadmodel (category:power,tabindex:5)
2024-07-24 14:19:41,711 [INFO] PluginManage:310 - Check plugin clock
2024-07-24 14:19:41,720 [INFO] PluginManage:359 - Loaded plugin clock (category:base,tabindex:2)
2024-07-24 14:19:41,720 [INFO] PluginManage:310 - Check plugin ddr
2024-07-24 14:19:41,721 [INFO] PluginManage:359 - Loaded plugin ddr (category:tool,tabindex:6)
2024-07-24 14:19:41,721 [INFO] PluginManage:310 - Check plugin filemanager
2024-07-24 14:19:41,827 [INFO] PluginManage:359 - Loaded plugin filemanager (category:base,tabindex:10)
2024-07-24 14:19:41,827 [INFO] PluginManage:310 - Check plugin ipmanager
2024-07-24 14:19:41,834 [INFO] PluginManage:359 - Loaded plugin ipmanager (category:base,tabindex:5)
2024-07-24 14:19:41,835 [INFO] PluginManage:310 - Check plugin lpbam
2024-07-24 14:19:41,841 [INFO] PluginManage:359 - Loaded plugin lpbam (category:base,tabindex:0)
2024-07-24 14:19:41,841 [INFO] PluginManage:310 - Check plugin memorymap
2024-07-24 14:19:41,850 [INFO] PluginManage:359 - Loaded plugin memorymap (category:base,tabindex:4)
2024-07-24 14:19:41,850 [INFO] PluginManage:310 - Check plugin pinoutandconfiguration
2024-07-24 14:19:41,857 [INFO] PluginManage:359 - Loaded plugin pinoutandconfiguration (category:base,tabindex:1)
2024-07-24 14:19:41,857 [INFO] PluginManage:310 - Check plugin pinoutconfig
2024-07-24 14:19:41,920 [WARN] SupportedApi:132 - Cannot load RTOS API schema: s4s-elt-must-match.1: The content of 'definitions' must match (annotation?, (simpleType | complexType)?, (unique | key | keyref)*)). A problem was found starting at: attribute.
2024-07-24 14:19:42,022 [INFO] PluginManage:359 - Loaded plugin pinoutconfig (category:base,tabindex:0)
2024-07-24 14:19:42,022 [INFO] PluginManage:310 - Check plugin power
2024-07-24 14:19:42,031 [INFO] PluginManage:359 - Loaded plugin power (category:power,tabindex:4)
2024-07-24 14:19:42,031 [INFO] PluginManage:310 - Check plugin projectmanager
2024-07-24 14:19:42,045 [INFO] PluginManage:359 - Loaded plugin projectmanager (category:projectmanager,tabindex:3)
2024-07-24 14:19:42,045 [INFO] PluginManage:310 - Check plugin thirdparty
2024-07-24 14:19:42,167 [INFO] PluginManage:359 - Loaded plugin thirdparty (category:base,tabindex:-1)
2024-07-24 14:19:42,167 [WARN] IntegrityCheckThread:84 - waiting for thirdparty lock release [integrity check]
2024-07-24 14:19:42,167 [INFO] PluginManage:310 - Check plugin tools
2024-07-24 14:19:42,167 [INFO] IntegrityCheckThread:86 - entering critical section [integrity check]
2024-07-24 14:19:42,168 [INFO] ThirdPartyUpdaterWithRetryManager:70 - Updater plugin not ready yet. [1/15]
2024-07-24 14:19:42,170 [INFO] PluginManage:359 - Loaded plugin tools (category:base,tabindex:7)
2024-07-24 14:19:42,170 [INFO] PluginManage:310 - Check plugin tutovideos
2024-07-24 14:19:42,308 [INFO] PluginManage:359 - Loaded plugin tutovideos (category:base,tabindex:-1)
2024-07-24 14:19:42,309 [INFO] PluginManage:310 - Check plugin updater
2024-07-24 14:19:42,317 [INFO] PluginManage:359 - Loaded plugin updater (category:base,tabindex:12)
2024-07-24 14:19:42,317 [INFO] PluginManage:310 - Check plugin userauth
2024-07-24 14:19:42,320 [INFO] UserAuth:114 - Init User Auth plugin
2024-07-24 14:19:42,320 [INFO] PluginManage:359 - Loaded plugin userauth (category:base,tabindex:14)
2024-07-24 14:19:42,321 [INFO] PluginManage:283 - PluginManage : Loaded plugins [17]
2024-07-24 14:19:42,511 [INFO] PinOutPanel:1561 - setPackage(No Configuration,No Configuration)
2024-07-24 14:19:42,598 [INFO] CADModel:165 - CPN selected for project level
2024-07-24 14:19:42,598 [INFO] CADModel:114 - Register for checkConnection events
2024-07-24 14:19:42,616 [INFO] IPUIPlugin:80 - create IPUIPlugin
2024-07-24 14:19:42,616 [INFO] PluginManager:220 - loadIPPluginJar : add adc
2024-07-24 14:19:42,619 [INFO] IPUIPlugin:80 - create IPUIPlugin
2024-07-24 14:19:42,619 [INFO] PluginManager:220 - loadIPPluginJar : add aes
2024-07-24 14:19:42,621 [INFO] IPUIPlugin:80 - create IPUIPlugin
2024-07-24 14:19:42,622 [INFO] PluginManager:220 - loadIPPluginJar : add can
2024-07-24 14:19:42,623 [INFO] IPUIPlugin:80 - create IPUIPlugin
2024-07-24 14:19:42,623 [INFO] PluginManager:220 - loadIPPluginJar : add comp
2024-07-24 14:19:42,625 [INFO] IPUIPlugin:80 - create IPUIPlugin
2024-07-24 14:19:42,625 [INFO] PluginManager:220 - loadIPPluginJar : add cryp
2024-07-24 14:19:42,627 [INFO] IPUIPlugin:80 - create IPUIPlugin
2024-07-24 14:19:42,627 [INFO] PluginManager:220 - loadIPPluginJar : add dfsdm
2024-07-24 14:19:42,632 [INFO] IPUIPlugin:80 - create IPUIPlugin
2024-07-24 14:19:42,633 [INFO] PluginManager:220 - loadIPPluginJar : add dma
2024-07-24 14:19:42,635 [INFO] IPUIPlugin:80 - create IPUIPlugin
2024-07-24 14:19:42,636 [INFO] PluginManager:220 - loadIPPluginJar : add dma3
2024-07-24 14:19:42,638 [INFO] IPUIPlugin:80 - create IPUIPlugin
2024-07-24 14:19:42,638 [INFO] PluginManager:220 - loadIPPluginJar : add extmemmanager
2024-07-24 14:19:42,639 [INFO] IPUIPlugin:80 - create IPUIPlugin
2024-07-24 14:19:42,639 [INFO] PluginManager:220 - loadIPPluginJar : add fatfs
2024-07-24 14:19:42,643 [INFO] IPUIPlugin:80 - create IPUIPlugin
2024-07-24 14:19:42,644 [INFO] PluginManager:220 - loadIPPluginJar : add fmc
2024-07-24 14:19:42,648 [INFO] IPUIPlugin:80 - create IPUIPlugin
2024-07-24 14:19:42,649 [INFO] PluginManager:220 - loadIPPluginJar : add freertos
2024-07-24 14:19:42,651 [INFO] IPUIPlugin:80 - create IPUIPlugin
2024-07-24 14:19:42,651 [INFO] PluginManager:220 - loadIPPluginJar : add genericplugin
2024-07-24 14:19:42,656 [INFO] IPUIPlugin:80 - create IPUIPlugin
2024-07-24 14:19:42,656 [INFO] PluginManager:220 - loadIPPluginJar : add gfxmmu
2024-07-24 14:19:42,659 [INFO] IPUIPlugin:80 - create IPUIPlugin
2024-07-24 14:19:42,659 [INFO] PluginManager:220 - loadIPPluginJar : add gic
2024-07-24 14:19:42,664 [INFO] IPUIPlugin:80 - create IPUIPlugin
2024-07-24 14:19:42,664 [INFO] PluginManager:220 - loadIPPluginJar : add gpio
2024-07-24 14:19:42,670 [INFO] IPUIPlugin:80 - create IPUIPlugin
2024-07-24 14:19:42,670 [INFO] PluginManager:220 - loadIPPluginJar : add gtzc
2024-07-24 14:19:42,672 [INFO] IPUIPlugin:80 - create IPUIPlugin
2024-07-24 14:19:42,672 [INFO] PluginManager:220 - loadIPPluginJar : add hash
2024-07-24 14:19:42,676 [INFO] IPUIPlugin:80 - create IPUIPlugin
2024-07-24 14:19:42,676 [INFO] PluginManager:220 - loadIPPluginJar : add i2c
2024-07-24 14:19:42,681 [INFO] IPUIPlugin:80 - create IPUIPlugin
2024-07-24 14:19:42,681 [INFO] PluginManager:220 - loadIPPluginJar : add i2s
2024-07-24 14:19:42,684 [INFO] IPUIPlugin:80 - create IPUIPlugin
2024-07-24 14:19:42,684 [INFO] PluginManager:220 - loadIPPluginJar : add i3c
2024-07-24 14:19:42,690 [INFO] IPUIPlugin:80 - create IPUIPlugin
2024-07-24 14:19:42,691 [INFO] PluginManager:220 - loadIPPluginJar : add ipddr
2024-07-24 14:19:42,699 [INFO] IPUIPlugin:80 - create IPUIPlugin
2024-07-24 14:19:42,699 [INFO] PluginManager:220 - loadIPPluginJar : add linkedlist
2024-07-24 14:19:42,702 [INFO] IPUIPlugin:80 - create IPUIPlugin
2024-07-24 14:19:42,702 [INFO] PluginManager:220 - loadIPPluginJar : add lorawan
2024-07-24 14:19:42,704 [INFO] IPUIPlugin:80 - create IPUIPlugin
2024-07-24 14:19:42,704 [INFO] PluginManager:220 - loadIPPluginJar : add ltdc
2024-07-24 14:19:42,710 [INFO] IPUIPlugin:80 - create IPUIPlugin
2024-07-24 14:19:42,710 [INFO] PluginManager:220 - loadIPPluginJar : add mdma
2024-07-24 14:19:42,715 [INFO] IPUIPlugin:80 - create IPUIPlugin
2024-07-24 14:19:42,715 [INFO] PluginManager:220 - loadIPPluginJar : add nvic
2024-07-24 14:19:42,718 [INFO] IPUIPlugin:80 - create IPUIPlugin
2024-07-24 14:19:42,718 [INFO] PluginManager:220 - loadIPPluginJar : add opamp
2024-07-24 14:19:42,721 [INFO] IPUIPlugin:80 - create IPUIPlugin
2024-07-24 14:19:42,721 [INFO] PluginManager:220 - loadIPPluginJar : add openamp
2024-07-24 14:19:42,725 [INFO] IPUIPlugin:80 - create IPUIPlugin
2024-07-24 14:19:42,725 [INFO] PluginManager:220 - loadIPPluginJar : add pdm2pcm
2024-07-24 14:19:42,731 [INFO] IPUIPlugin:80 - create IPUIPlugin
2024-07-24 14:19:42,733 [INFO] PluginManager:220 - loadIPPluginJar : add plateformsettings
2024-07-24 14:19:42,735 [INFO] IPUIPlugin:80 - create IPUIPlugin
2024-07-24 14:19:42,735 [INFO] PluginManager:220 - loadIPPluginJar : add quadspi
2024-07-24 14:19:42,740 [INFO] IPUIPlugin:80 - create IPUIPlugin
2024-07-24 14:19:42,740 [INFO] PluginManager:220 - loadIPPluginJar : add resmgrutility
2024-07-24 14:19:42,743 [INFO] IPUIPlugin:80 - create IPUIPlugin
2024-07-24 14:19:42,743 [INFO] PluginManager:220 - loadIPPluginJar : add sai
2024-07-24 14:19:42,745 [INFO] IPUIPlugin:80 - create IPUIPlugin
2024-07-24 14:19:42,745 [INFO] PluginManager:220 - loadIPPluginJar : add spi
2024-07-24 14:19:42,750 [INFO] IPUIPlugin:80 - create IPUIPlugin
2024-07-24 14:19:42,750 [INFO] PluginManager:220 - loadIPPluginJar : add stm32_wpan
2024-07-24 14:19:42,752 [INFO] IPUIPlugin:80 - create IPUIPlugin
2024-07-24 14:19:42,752 [INFO] PluginManager:220 - loadIPPluginJar : add tim
2024-07-24 14:19:42,755 [INFO] IPUIPlugin:80 - create IPUIPlugin
2024-07-24 14:19:42,755 [INFO] PluginManager:220 - loadIPPluginJar : add touchsensing
2024-07-24 14:19:42,757 [INFO] IPUIPlugin:80 - create IPUIPlugin
2024-07-24 14:19:42,757 [INFO] PluginManager:220 - loadIPPluginJar : add tracer_emb
2024-07-24 14:19:42,759 [INFO] IPUIPlugin:80 - create IPUIPlugin
2024-07-24 14:19:42,759 [INFO] PluginManager:220 - loadIPPluginJar : add ts
2024-07-24 14:19:42,761 [INFO] IPUIPlugin:80 - create IPUIPlugin
2024-07-24 14:19:42,761 [INFO] PluginManager:220 - loadIPPluginJar : add tsc
2024-07-24 14:19:42,763 [INFO] IPUIPlugin:80 - create IPUIPlugin
2024-07-24 14:19:42,763 [INFO] PluginManager:220 - loadIPPluginJar : add ucpd
2024-07-24 14:19:42,765 [INFO] IPUIPlugin:80 - create IPUIPlugin
2024-07-24 14:19:42,765 [INFO] PluginManager:220 - loadIPPluginJar : add usart
2024-07-24 14:19:42,768 [INFO] IPUIPlugin:80 - create IPUIPlugin
2024-07-24 14:19:42,768 [INFO] PluginManager:220 - loadIPPluginJar : add usbx
2024-07-24 14:19:42,893 [INFO] CADModel:165 - CPN selected for project level
2024-07-24 14:19:42,893 [INFO] CADModel:114 - Register for checkConnection events
2024-07-24 14:19:42,893 [FATAL] Updater:308 - Updater called before beeing initialized
2024-07-24 14:19:42,893 [ERROR] CADModel:125 - Updater not yet initialized, retry later 
2024-07-24 14:19:42,999 [INFO] CADModel:165 - CPN selected for project level
2024-07-24 14:19:42,999 [INFO] CADModel:114 - Register for checkConnection events
2024-07-24 14:19:43,000 [FATAL] Updater:308 - Updater called before beeing initialized
2024-07-24 14:19:43,000 [ERROR] CADModel:125 - Updater not yet initialized, retry later 
2024-07-24 14:19:43,002 [FATAL] Updater:308 - Updater called before beeing initialized
2024-07-24 14:19:43,108 [FATAL] Updater:308 - Updater called before beeing initialized
2024-07-24 14:19:43,121 [INFO] DbMcusAds:53 - JSON generation date=Thu May 16 14:52:00 IST 2024 (1715851320852)
2024-07-24 14:19:43,121 [FATAL] Updater:308 - Updater called before beeing initialized
2024-07-24 14:19:43,164 [WARN] DetailPanel:346 - Failed to get advertising image, set to default
2024-07-24 14:19:43,228 [FATAL] Updater:308 - Updater called before beeing initialized
2024-07-24 14:19:43,229 [FATAL] Updater:308 - Updater called before beeing initialized
2024-07-24 14:19:43,229 [FATAL] Updater:308 - Updater called before beeing initialized
2024-07-24 14:19:43,229 [WARN] DetailPanel:346 - Failed to get advertising image, set to default
2024-07-24 14:19:43,230 [FATAL] Updater:308 - Updater called before beeing initialized
2024-07-24 14:19:43,273 [ERROR] Updater:1120 - MainUpdater not yet initialized. External WinMGr cannot be set.
2024-07-24 14:19:43,274 [INFO] Updater:1056 - Updater Version found : 6.11.1
2024-07-24 14:19:43,290 [INFO] ApplicationProperties:184 - Using Application install path: C:\ST\STM32CubeIDE_1.15.1\STM32CubeIDE\plugins\com.st.stm32cube.common.mx_6.11.1.202404110753
2024-07-24 14:19:44,245 [INFO] MainUpdater:2873 - connection check result : 10
2024-07-24 14:19:44,245 [INFO] MainUpdater:3567 - Updater definition file requires update
2024-07-24 14:19:44,246 [INFO] MainUpdater:290 - Updater Check For Update Now.
2024-07-24 14:19:44,247 [INFO] MicroXplorer:498 - Change Database Version : DB.6.0.111
2024-07-24 14:19:44,252 [INFO] McuFinderGlobals:63 - Set McuFinder mode to 2 (CubeIDE integrated)
2024-07-24 14:19:44,253 [INFO] UserAuth:179 - activating auth plugin
2024-07-24 14:19:44,254 [INFO] UserAuth:415 - Internet connection configuration mode: 1
2024-07-24 14:19:44,267 [INFO] JxBrowserEngine:152 - Initiate JxBrowser Engine with user profile folder
2024-07-24 14:19:44,980 [INFO] ServerAccessManage:473 - Download File updaters.zip
2024-07-24 14:19:45,168 [WARN] MainUpdater:1194 - Updater busy. Cannot search thirdparties
2024-07-24 14:19:45,168 [INFO] ThirdPartyUpdaterWithRetryManager:96 - Updater plugin is busy. [1/15]
2024-07-24 14:19:45,577 [INFO] FileExtend:240 - Unzip File : updaters.zip
2024-07-24 14:19:45,578 [INFO] FileExtend:255 - Standard Zip Deflate
2024-07-24 14:19:46,174 [INFO] WebApp:161 - Instantiating new browser for Auth
2024-07-24 14:19:46,456 [INFO] ServerAccessManage:473 - Download File PacksControlFlags.xml
2024-07-24 14:19:46,712 [INFO] ServerAccessManage:473 - Download File cubemx.pidx
2024-07-24 14:19:46,842 [INFO] WebApp:779 - Register for checkConnection events
2024-07-24 14:19:46,842 [INFO] WebApp:414 - Apply proxy settings
2024-07-24 14:19:46,842 [INFO] WebApp:499 - Chromium requires no authentication
2024-07-24 14:19:46,912 [INFO] WebApp:442 - Direct internet connection detected
2024-07-24 14:19:47,071 [INFO] WebApp:192 - Starting web application
2024-07-24 14:19:47,071 [INFO] WebApp:544 - Web application path used C:\ST\STM32CubeIDE_1.15.1\STM32CubeIDE\plugins\com.st.stm32cube.common.mx_6.11.1.202404110753\db\plugins\mcufinder\reactClient1\index.html
2024-07-24 14:19:47,455 [INFO] ServerAccessManage:473 - Download File STMicroelectronics.FP-SNS-STBOX1.pdsc
2024-07-24 14:19:48,169 [WARN] MainUpdater:1194 - Updater busy. Cannot search thirdparties
2024-07-24 14:19:48,169 [INFO] ThirdPartyUpdaterWithRetryManager:96 - Updater plugin is busy. [2/15]
2024-07-24 14:19:49,960 [INFO] ServerAccessManage:473 - Download File wolfSSL.I-CUBE-wolfSSH.pdsc
2024-07-24 14:19:51,172 [WARN] MainUpdater:1194 - Updater busy. Cannot search thirdparties
2024-07-24 14:19:51,172 [INFO] ThirdPartyUpdaterWithRetryManager:96 - Updater plugin is busy. [3/15]
2024-07-24 14:19:54,175 [WARN] MainUpdater:1194 - Updater busy. Cannot search thirdparties
2024-07-24 14:19:54,175 [INFO] ThirdPartyUpdaterWithRetryManager:96 - Updater plugin is busy. [4/15]
2024-07-24 14:19:54,247 [INFO] ServerAccessManage:473 - Download File RealThread.X-CUBE-RT-Thread_Nano.pdsc
2024-07-24 14:19:54,792 [WARN] PackLoader:240 - Cannot read IP mode file for STMicroelectronics.FP-SNS-STBOX1.2.0.0
2024-07-24 14:19:54,806 [WARN] PackLoader:240 - Cannot read IP mode file for wolfSSL.I-CUBE-wolfSSH.1.4.17
2024-07-24 14:19:54,825 [WARN] PackLoader:240 - Cannot read IP mode file for RealThread.X-CUBE-RT-Thread_Nano.4.1.1
2024-07-24 14:19:54,826 [INFO] PopulateThirdPartyThread:66 - Ending populate Thread
2024-07-24 14:19:54,828 [INFO] ThirdParty:1030 - CMSIS Pack Vendor :STMicroelectronics FP-SNS-STBOX1 2.0.0
2024-07-24 14:19:54,828 [INFO] ThirdParty:1030 - CMSIS Pack Vendor :RealThread X-CUBE-RT-Thread_Nano 4.1.1
2024-07-24 14:19:54,828 [INFO] ThirdParty:1030 - CMSIS Pack Vendor :wolfSSL I-CUBE-wolfSSH 1.4.17
2024-07-24 14:19:54,828 [INFO] LoadServerUpdatesThread:375 - End of LoadServerUpdate Thread
2024-07-24 14:19:54,842 [INFO] CheckServerUpdateThread:120 - End of CheckServer Thread
2024-07-24 14:19:57,311 [WARN] PackLoader:240 - Cannot read IP mode file for STMicroelectronics.FP-SNS-MOTENVWB1.1.4.0
2024-07-24 14:19:57,319 [WARN] PackLoader:240 - Cannot read IP mode file for STMicroelectronics.X-CUBE-SMBUS.2.1.0
2024-07-24 14:19:57,324 [WARN] PackLoader:240 - Cannot read IP mode file for STMicroelectronics.X-CUBE-TOUCHGFX.4.23.2
2024-07-24 14:19:57,338 [WARN] PackLoader:240 - Cannot read IP mode file for STMicroelectronics.X-CUBE-AZRTOS-F7.1.1.0
2024-07-24 14:19:57,344 [WARN] PackLoader:240 - Cannot read IP mode file for STMicroelectronics.FP-SNS-FLIGHT1.5.0.2
2024-07-24 14:19:57,350 [WARN] PackLoader:240 - Cannot read IP mode file for STMicroelectronics.X-CUBE-DISPLAY.3.0.0
2024-07-24 14:19:57,360 [WARN] PackLoader:240 - Cannot read IP mode file for STMicroelectronics.X-CUBE-BLE1.7.0.0
2024-07-24 14:19:57,365 [WARN] PackLoader:240 - Cannot read IP mode file for emotas.I-CUBE-CANOPEN.1.3.0
2024-07-24 14:19:57,374 [WARN] PackLoader:240 - Cannot read IP mode file for STMicroelectronics.X-CUBE-BLEMGR.3.1.0
2024-07-24 14:19:57,381 [WARN] PackLoader:240 - Cannot read IP mode file for STMicroelectronics.FP-SNS-SMARTAG2.1.2.0
2024-07-24 14:19:57,390 [INFO] LogOutputStream:77 - [STDOUT_REDIRECT] 1 : Invalid condition id : UX_CORESTACK_Condition cause : null
2024-07-24 14:19:57,391 [INFO] LogOutputStream:77 - [STDOUT_REDIRECT] 1 : Invalid condition id : UX_CORESTACK_Condition cause : null
2024-07-24 14:19:57,391 [INFO] LogOutputStream:77 - [STDOUT_REDIRECT] 1 : Invalid condition id : UX_CORESTACK_Condition cause : null
2024-07-24 14:19:57,393 [INFO] LogOutputStream:77 - [STDOUT_REDIRECT] 1 : Invalid condition id : UX_CORESTACK_Condition cause : null
2024-07-24 14:19:57,394 [INFO] LogOutputStream:77 - [STDOUT_REDIRECT] 1 : Invalid condition id : UX_CORESTACK_Condition cause : null
2024-07-24 14:19:57,397 [WARN] PackLoader:240 - Cannot read IP mode file for STMicroelectronics.X-CUBE-AZRTOS-WL.2.0.0
2024-07-24 14:19:57,402 [WARN] PackLoader:240 - Cannot read IP mode file for STMicroelectronics.FP-SNS-MOTENV1.5.0.0
2024-07-24 14:19:57,407 [WARN] PackLoader:240 - Cannot read IP mode file for wolfSSL.I-CUBE-wolfMQTT.1.19.0
2024-07-24 14:19:57,414 [WARN] PackLoader:240 - Cannot read IP mode file for WES.I-CUBE-Cesium.1.3.0
2024-07-24 14:19:57,418 [WARN] PackLoader:240 - Cannot read IP mode file for STMicroelectronics.X-CUBE-BLE2.3.3.0
2024-07-24 14:19:57,424 [WARN] PackLoader:240 - Cannot read IP mode file for STMicroelectronics.X-CUBE-TCPP.4.1.0
2024-07-24 14:19:57,440 [WARN] PackLoader:240 - Cannot read IP mode file for STMicroelectronics.X-CUBE-AZRTOS-G0.1.1.0
2024-07-24 14:19:57,448 [WARN] PackLoader:240 - Cannot read IP mode file for STMicroelectronics.X-CUBE-SAFEA1.1.2.2
2024-07-24 14:19:57,453 [WARN] PackLoader:240 - Cannot read IP mode file for STMicroelectronics.X-CUBE-NFC4.3.0.0
2024-07-24 14:19:57,463 [WARN] PackLoader:240 - Cannot read IP mode file for EmbeddedOffice.I-CUBE-FS-RTOS.1.0.1
2024-07-24 14:19:57,463 [ERROR] ConditionMgr:805 - Attr not supported : Dmpu
2024-07-24 14:19:57,463 [ERROR] ConditionMgr:805 - Attr not supported : Dmpu
2024-07-24 14:19:57,463 [ERROR] ConditionMgr:805 - Attr not supported : Dmpu
2024-07-24 14:19:57,463 [ERROR] ConditionMgr:805 - Attr not supported : Dmpu
2024-07-24 14:19:57,464 [ERROR] ConditionMgr:805 - Attr not supported : Dmpu
2024-07-24 14:19:57,464 [ERROR] ConditionMgr:805 - Attr not supported : Dmpu
2024-07-24 14:19:57,464 [ERROR] ConditionMgr:805 - Attr not supported : Dmpu
2024-07-24 14:19:57,464 [ERROR] ConditionMgr:805 - Attr not supported : Dmpu
2024-07-24 14:19:57,464 [ERROR] ConditionMgr:805 - Attr not supported : Dmpu
2024-07-24 14:19:57,464 [ERROR] ConditionMgr:805 - Attr not supported : Dmpu
2024-07-24 14:19:57,464 [ERROR] ConditionMgr:805 - Attr not supported : Dmpu
2024-07-24 14:19:57,464 [ERROR] ConditionMgr:805 - Attr not supported : Dmpu
2024-07-24 14:19:57,464 [ERROR] ConditionMgr:805 - Attr not supported : Dmpu
2024-07-24 14:19:57,464 [ERROR] ConditionMgr:805 - Attr not supported : Dmpu
2024-07-24 14:19:57,464 [ERROR] ConditionMgr:805 - Attr not supported : Dmpu
2024-07-24 14:19:57,464 [ERROR] ConditionMgr:805 - Attr not supported : Dmpu
2024-07-24 14:19:57,464 [ERROR] ConditionMgr:805 - Attr not supported : Dmpu
2024-07-24 14:19:57,464 [ERROR] ConditionMgr:805 - Attr not supported : Dmpu
2024-07-24 14:19:57,464 [ERROR] ConditionMgr:805 - Attr not supported : Dmpu
2024-07-24 14:19:57,464 [ERROR] ConditionMgr:805 - Attr not supported : Dmpu
2024-07-24 14:19:57,464 [ERROR] ConditionMgr:805 - Attr not supported : Dmpu
2024-07-24 14:19:57,464 [ERROR] ConditionMgr:805 - Attr not supported : Dmpu
2024-07-24 14:19:57,464 [ERROR] ConditionMgr:805 - Attr not supported : Dmpu
2024-07-24 14:19:57,464 [ERROR] ConditionMgr:805 - Attr not supported : Dmpu
2024-07-24 14:19:57,464 [ERROR] ConditionMgr:805 - Attr not supported : Dmpu
2024-07-24 14:19:57,465 [ERROR] ConditionMgr:805 - Attr not supported : Dmpu
2024-07-24 14:19:57,465 [ERROR] ConditionMgr:805 - Attr not supported : Dmpu
2024-07-24 14:19:57,465 [ERROR] ConditionMgr:805 - Attr not supported : Dmpu
2024-07-24 14:19:57,465 [ERROR] ConditionMgr:805 - Attr not supported : Dmpu
2024-07-24 14:19:57,465 [ERROR] ConditionMgr:805 - Attr not supported : Dmpu
2024-07-24 14:19:57,465 [ERROR] ConditionMgr:805 - Attr not supported : Dmpu
2024-07-24 14:19:57,465 [ERROR] ConditionMgr:805 - Attr not supported : Dmpu
2024-07-24 14:19:57,465 [ERROR] ConditionMgr:805 - Attr not supported : Dmpu
2024-07-24 14:19:57,465 [ERROR] ConditionMgr:805 - Attr not supported : Dmpu
2024-07-24 14:19:57,465 [ERROR] ConditionMgr:805 - Attr not supported : Dmpu
2024-07-24 14:19:57,465 [ERROR] ConditionMgr:805 - Attr not supported : Dmpu
2024-07-24 14:19:57,465 [ERROR] ConditionMgr:805 - Attr not supported : Dmpu
2024-07-24 14:19:57,465 [ERROR] ConditionMgr:805 - Attr not supported : Dmpu
2024-07-24 14:19:57,465 [ERROR] ConditionMgr:805 - Attr not supported : Dmpu
2024-07-24 14:19:57,465 [ERROR] ConditionMgr:805 - Attr not supported : Dmpu
2024-07-24 14:19:57,465 [ERROR] ConditionMgr:805 - Attr not supported : Dmpu
2024-07-24 14:19:57,465 [ERROR] ConditionMgr:805 - Attr not supported : Dmpu
2024-07-24 14:19:57,465 [ERROR] ConditionMgr:805 - Attr not supported : Dmpu
2024-07-24 14:19:57,465 [ERROR] ConditionMgr:805 - Attr not supported : Dmpu
2024-07-24 14:19:57,465 [ERROR] ConditionMgr:805 - Attr not supported : Dmpu
2024-07-24 14:19:57,465 [ERROR] ConditionMgr:805 - Attr not supported : Dmpu
2024-07-24 14:19:57,465 [ERROR] ConditionMgr:805 - Attr not supported : Dmpu
2024-07-24 14:19:57,465 [ERROR] ConditionMgr:805 - Attr not supported : Dmpu
2024-07-24 14:19:57,465 [ERROR] ConditionMgr:805 - Attr not supported : Dmpu
2024-07-24 14:19:57,466 [ERROR] ConditionMgr:805 - Attr not supported : Dmpu
2024-07-24 14:19:57,466 [ERROR] ConditionMgr:805 - Attr not supported : Dmpu
2024-07-24 14:19:57,466 [ERROR] ConditionMgr:805 - Attr not supported : Dmpu
2024-07-24 14:19:57,466 [ERROR] ConditionMgr:805 - Attr not supported : Dmpu
2024-07-24 14:19:57,466 [ERROR] ConditionMgr:805 - Attr not supported : Dmpu
2024-07-24 14:19:57,466 [ERROR] ConditionMgr:805 - Attr not supported : Dmpu
2024-07-24 14:19:57,466 [ERROR] ConditionMgr:805 - Attr not supported : Dmpu
2024-07-24 14:19:57,466 [ERROR] ConditionMgr:805 - Attr not supported : Dmpu
2024-07-24 14:19:57,466 [ERROR] ConditionMgr:805 - Attr not supported : Dmpu
2024-07-24 14:19:57,466 [ERROR] ConditionMgr:805 - Attr not supported : Dmpu
2024-07-24 14:19:57,466 [ERROR] ConditionMgr:805 - Attr not supported : Dmpu
2024-07-24 14:19:57,466 [ERROR] ConditionMgr:805 - Attr not supported : Dmpu
2024-07-24 14:19:57,466 [ERROR] ConditionMgr:805 - Attr not supported : Dmpu
2024-07-24 14:19:57,466 [ERROR] ConditionMgr:805 - Attr not supported : Dmpu
2024-07-24 14:19:57,466 [ERROR] ConditionMgr:805 - Attr not supported : Dmpu
2024-07-24 14:19:57,471 [WARN] PackLoader:240 - Cannot read IP mode file for RealThread.X-CUBE-RT-Thread_Nano.4.1.1
2024-07-24 14:19:57,476 [WARN] PackLoader:240 - Cannot read IP mode file for wolfSSL.I-CUBE-wolfSSL.5.7.0
2024-07-24 14:19:57,480 [WARN] PackLoader:240 - Cannot read IP mode file for STMicroelectronics.FP-ATR-SIGFOX1.3.2.0
2024-07-24 14:19:57,486 [WARN] PackLoader:240 - Cannot read IP mode file for STMicroelectronics.X-CUBE-EEPRMA1.5.1.0
2024-07-24 14:19:57,493 [WARN] PackLoader:240 - Cannot read IP mode file for ITTIA_DB.I-CUBE-ITTIADB.8.9.0
2024-07-24 14:19:57,522 [WARN] PackLoader:240 - Cannot read IP mode file for SEGGER.I-CUBE-embOS.1.3.1
2024-07-24 14:19:57,564 [WARN] PackLoader:240 - Cannot read IP mode file for STMicroelectronics.X-CUBE-ALGOBUILD.1.4.0
2024-07-24 14:19:57,570 [WARN] PackLoader:240 - Cannot read IP mode file for STMicroelectronics.X-CUBE-GNSS1.6.0.0
2024-07-24 14:19:57,594 [WARN] PackLoader:240 - Cannot read IP mode file for STMicroelectronics.X-CUBE-AZRTOS-F4.1.1.0
2024-07-24 14:19:57,601 [WARN] PackLoader:240 - Cannot read IP mode file for STMicroelectronics.X-CUBE-FREERTOS.1.2.0
2024-07-24 14:19:57,613 [WARN] PackLoader:240 - Cannot read IP mode file for STMicroelectronics.X-CUBE-AZRTOS-L5.2.0.0
2024-07-24 14:19:57,624 [WARN] PackLoader:240 - Cannot read IP mode file for STMicroelectronics.X-CUBE-NFC6.3.1.0
2024-07-24 14:19:57,631 [WARN] PackLoader:240 - Cannot read IP mode file for STMicroelectronics.X-CUBE-DPower.1.2.0
2024-07-24 14:19:57,636 [WARN] PackLoader:240 - Cannot read IP mode file for STMicroelectronics.X-CUBE-AI.9.0.0
2024-07-24 14:19:57,642 [WARN] PackLoader:240 - Cannot read IP mode file for STMicroelectronics.X-CUBE-NFC7.1.0.1
2024-07-24 14:19:57,648 [WARN] PackLoader:240 - Cannot read IP mode file for wolfSSL.I-CUBE-wolfTPM.3.2.0
2024-07-24 14:19:57,663 [WARN] ConditionMgr:438 - getConditionDescription Invalid condition id : LAN8742 Phy interface Condition cause : null
2024-07-24 14:19:57,664 [WARN] PackLoader:240 - Cannot read IP mode file for STMicroelectronics.X-CUBE-AZRTOS-L4.2.0.0
2024-07-24 14:19:57,666 [WARN] ConditionMgr:1039 - genDependencies : Invalid condition id : LAN8742 Phy interface Condition cause : null
2024-07-24 14:19:57,666 [WARN] ConditionMgr:1039 - genDependencies : Invalid condition id : LAN8742 Phy interface Condition cause : null
2024-07-24 14:19:57,666 [WARN] ConditionMgr:1039 - genDependencies : Invalid condition id : LAN8742 Phy interface Condition cause : null
2024-07-24 14:19:57,673 [WARN] PackLoader:240 - Cannot read IP mode file for STMicroelectronics.X-CUBE-SFXS2LP1.4.0.0
2024-07-24 14:19:57,685 [WARN] ConditionMgr:438 - getConditionDescription Invalid condition id : UX DEVICE CLASS RTOS Condition cause : null
2024-07-24 14:19:57,686 [WARN] ConditionMgr:438 - getConditionDescription Invalid condition id : UX DEVICE CLASS RTOS Condition cause : null
2024-07-24 14:19:57,687 [WARN] PackLoader:240 - Cannot read IP mode file for STMicroelectronics.X-CUBE-AZRTOS-WB.2.0.0
2024-07-24 14:19:57,689 [WARN] ConditionMgr:1039 - genDependencies : Invalid condition id : UX DEVICE CLASS RTOS Condition cause : null
2024-07-24 14:19:57,689 [WARN] ConditionMgr:1039 - genDependencies : Invalid condition id : UX DEVICE CLASS RTOS Condition cause : null
2024-07-24 14:19:57,689 [WARN] ConditionMgr:1039 - genDependencies : Invalid condition id : UX DEVICE CLASS RTOS Condition cause : null
2024-07-24 14:19:57,689 [WARN] ConditionMgr:1039 - genDependencies : Invalid condition id : UX DEVICE CLASS RTOS Condition cause : null
2024-07-24 14:19:57,689 [WARN] ConditionMgr:1039 - genDependencies : Invalid condition id : UX DEVICE CLASS RTOS Condition cause : null
2024-07-24 14:19:57,695 [WARN] PackLoader:240 - Cannot read IP mode file for STMicroelectronics.FP-SNS-STBOX1.2.0.0
2024-07-24 14:19:57,705 [WARN] PackLoader:240 - Cannot read IP mode file for STMicroelectronics.X-CUBE-SUBG2.5.0.0
2024-07-24 14:19:57,714 [WARN] PackLoader:240 - Cannot read IP mode file for Cesanta.I-CUBE-Mongoose.7.13.0
2024-07-24 14:19:57,725 [WARN] PackLoader:240 - Cannot read IP mode file for STMicroelectronics.X-CUBE-AZRTOS-G4.2.0.0
2024-07-24 14:19:57,731 [WARN] PackLoader:240 - Cannot read IP mode file for STMicroelectronics.X-CUBE-ISPU.2.0.0
2024-07-24 14:19:57,735 [WARN] PackLoader:240 - Cannot read IP mode file for STMicroelectronics.X-CUBE-ALS.1.0.2
2024-07-24 14:19:57,764 [WARN] PackLoader:240 - Cannot read IP mode file for STMicroelectronics.X-CUBE-MEMS1.10.0.0
2024-07-24 14:19:57,838 [WARN] PackLoader:240 - Cannot read IP mode file for STMicroelectronics.X-CUBE-TOUCHGFX.4.24.0
2024-07-24 14:19:57,843 [WARN] PackLoader:240 - Cannot read IP mode file for portGmbH.I-Cube-SoM-uGOAL.1.1.0
2024-07-24 14:19:57,862 [WARN] PackLoader:240 - Cannot read IP mode file for STMicroelectronics.X-CUBE-AZRTOS-H7RS.1.0.0
2024-07-24 14:19:57,868 [WARN] PackLoader:240 - Cannot read IP mode file for STMicroelectronics.FP-ATR-ASTRA1.2.0.0
2024-07-24 14:19:57,877 [WARN] PackLoader:240 - Cannot read IP mode file for STMicroelectronics.X-CUBE-TOF1.3.4.1
2024-07-24 14:19:57,898 [WARN] PackLoader:240 - Cannot read IP mode file for STMicroelectronics.X-CUBE-AZRTOS-H7.3.2.0
2024-07-24 14:19:57,910 [WARN] PackLoader:240 - Cannot read IP mode file for Infineon.AIROC-Wi-Fi-Bluetooth-STM32.1.6.0
2024-07-24 14:19:57,920 [WARN] PackLoader:240 - Cannot read IP mode file for wolfSSL.I-CUBE-wolfSSH.1.4.17
2024-07-24 14:19:57,921 [INFO] ThirdParty:978 - Integrity check success = true
2024-07-24 14:19:57,921 [INFO] IntegrityCheckThread:100 - exiting critical section [integrity check]
2024-07-24 14:19:57,921 [INFO] IntegrityCheckThread:103 - End integrity checks thread
2024-07-24 17:35:04,886 [ERROR] LogOutputStream:75 - [STDERR_REDIRECT] 
